This is LuaHBTeX, Version 1.13.0 (TeX Live 2021/GNU Guix)  (format=lualatex 2022.5.9)  2 JAN 2023 15:01
 system commands enabled.
**/home/mahmooz/brain//out/20230101212037-practice_algorithm_questions.tex
(/home/mahmooz/brain//out/20230101212037-practice_algorithm_questions.tex
LaTeX2e <2020-10-01> patch level 4
Lua module: luaotfload 2021-01-08 3.17 Lua based OpenType font support
Lua module: lualibs 2020-12-30 2.73 ConTeXt Lua standard libraries.
Lua module: lualibs-extended 2020-12-30 2.73 ConTeXt Lua libraries -- extended c
ollection.
luaotfload | conf : Root cache directory is "/home/mahmooz/.texlive2021/texmf-va
r/luatex-cache/generic/names".
luaotfload | init : Loading fontloader "fontloader-2021-01-07.lua" from kpse-res
olved path "/gnu/store/4ha3namjwxk2ahwd1x4nwd7jv4r1h4ks-texlive-texmf-20210325/s
hare/texmf-dist/tex/luatex/luaotfload/fontloader-2021-01-07.lua".
Lua-only attribute luaotfload@noligature = 1
Lua-only attribute luaotfload@syllabe = 2
luaotfload | init : Context OpenType loader version 0x1.8e76c8b439581p+1
Inserting `luaotfload.node_processor' at position 1 in `pre_linebreak_filter'.
Inserting `luaotfload.node_processor' at position 1 in `hpack_filter'.
Inserting `luaotfload.glyph_stream' at position 1 in `glyph_stream_provider'.
Inserting `luaotfload.define_font' at position 1 in `define_font'.
Lua-only attribute luaotfload_color_attribute = 3
luaotfload | conf : Root cache directory is "/home/mahmooz/.texlive2021/texmf-va
r/luatex-cache/generic/names".
Inserting `luaotfload.harf.strip_prefix' at position 1 in `find_opentype_file'.
Inserting `luaotfload.harf.strip_prefix' at position 1 in `find_truetype_file'.
Inserting `luaotfload.harf.finalize_vlist' at position 1 in `post_linebreak_filt
er'.
Inserting `luaotfload.harf.finalize_hlist' at position 2 in `hpack_filter'.
Inserting `luaotfload.cleanup_files' at position 1 in `wrapup_run'.
Inserting `luaotfload.harf.finalize_unicode' at position 1 in `finish_pdffile'.
Inserting `luaotfload.glyphinfo' at position 1 in `glyph_info'.
Inserting `luaotfload.aux.set_sscale_dimens' at position 1 in `luaotfload.patch_
font'.
Inserting `luaotfload.aux.set_font_index' at position 2 in `luaotfload.patch_fon
t'.
Inserting `luaotfload.aux.patch_cambria_domh' at position 3 in `luaotfload.patch
_font'.
Inserting `luaotfload.aux.fixup_fontdata' at position 1 in `luaotfload.patch_fon
t_unsafe'.
Inserting `luaotfload.aux.set_capheight' at position 4 in `luaotfload.patch_font
'.
Inserting `luaotfload.aux.set_xheight' at position 5 in `luaotfload.patch_font'.
Inserting `luaotfload.rewrite_fontname' at position 6 in `luaotfload.patch_font'
. L3 programming layer <2021-02-18>
(/gnu/store/4ha3namjwxk2ahwd1x4nwd7jv4r1h4ks-texlive-texmf-20210325/share/texmf
-dist/tex/latex/base/article.cls
Document Class: article 2020/04/10 v1.4m Standard LaTeX document class

(/gnu/store/4ha3namjwxk2ahwd1x4nwd7jv4r1h4ks-texlive-texmf-20210325/share/texmf
-dist/tex/latex/base/size12.clo
File: size12.clo 2020/04/10 v1.4m Standard LaTeX file (size option)
luaotfload | db : Font names database loaded from /home/mahmooz/.texlive2021/tex
mf-var/luatex-cache/generic/names/luaotfload-names.luc)
\c@part=\count175
\c@section=\count176
\c@subsection=\count177
\c@subsubsection=\count178
\c@paragraph=\count179
\c@subparagraph=\count180
\c@figure=\count181
\c@table=\count182
\abovecaptionskip=\skip47
\belowcaptionskip=\skip48
\bibindent=\dimen138
)
(/gnu/store/4ha3namjwxk2ahwd1x4nwd7jv4r1h4ks-texlive-texmf-20210325/share/texmf
-dist/tex/latex/base/inputenc.sty
Package: inputenc 2020/08/01 v1.3d Input encoding file
\inpenc@prehook=\toks15
\inpenc@posthook=\toks16


Package inputenc Warning: inputenc package ignored with utf8 based engines.

)
(/gnu/store/4ha3namjwxk2ahwd1x4nwd7jv4r1h4ks-texlive-texmf-20210325/share/texmf
-dist/tex/latex/base/fontenc.sty
Package: fontenc 2020/08/10 v2.0s Standard LaTeX package
LaTeX Font Info:    Trying to load font information for T1+lmr on input line 11
2.

(/gnu/store/4ha3namjwxk2ahwd1x4nwd7jv4r1h4ks-texlive-texmf-20210325/share/texmf
-dist/tex/latex/lm/t1lmr.fd
File: t1lmr.fd 2015/05/01 v1.6.1 Font defs for Latin Modern
))
(/gnu/store/4ha3namjwxk2ahwd1x4nwd7jv4r1h4ks-texlive-texmf-20210325/share/texmf
-dist/tex/latex/graphics/graphicx.sty
Package: graphicx 2020/09/09 v1.2b Enhanced LaTeX Graphics (DPC,SPQR)

(/gnu/store/4ha3namjwxk2ahwd1x4nwd7jv4r1h4ks-texlive-texmf-20210325/share/texmf
-dist/tex/latex/graphics/keyval.sty
Package: keyval 2014/10/28 v1.15 key=value parser (DPC)
\KV@toks@=\toks17
)
(/gnu/store/4ha3namjwxk2ahwd1x4nwd7jv4r1h4ks-texlive-texmf-20210325/share/texmf
-dist/tex/latex/graphics/graphics.sty
Package: graphics 2020/08/30 v1.4c Standard LaTeX Graphics (DPC,SPQR)

(/gnu/store/4ha3namjwxk2ahwd1x4nwd7jv4r1h4ks-texlive-texmf-20210325/share/texmf
-dist/tex/latex/graphics/trig.sty
Package: trig 2016/01/03 v1.10 sin cos tan (DPC)
)
(/gnu/store/4ha3namjwxk2ahwd1x4nwd7jv4r1h4ks-texlive-texmf-20210325/share/texmf
-dist/tex/latex/graphics-cfg/graphics.cfg
File: graphics.cfg 2016/06/04 v1.11 sample graphics configuration
)
Package graphics Info: Driver file: luatex.def on input line 105.

(/gnu/store/4ha3namjwxk2ahwd1x4nwd7jv4r1h4ks-texlive-texmf-20210325/share/texmf
-dist/tex/latex/graphics-def/luatex.def
File: luatex.def 2020/10/05 v1.2a Graphics/color driver for luatex
))
\Gin@req@height=\dimen139
\Gin@req@width=\dimen140
)
(/gnu/store/4ha3namjwxk2ahwd1x4nwd7jv4r1h4ks-texlive-texmf-20210325/share/texmf
-dist/tex/latex/tools/longtable.sty
Package: longtable 2020/01/07 v4.13 Multi-page Table package (DPC)
\LTleft=\skip49
\LTright=\skip50
\LTpre=\skip51
\LTpost=\skip52
\LTchunksize=\count183
\LTcapwidth=\dimen141
\LT@head=\box47
\LT@firsthead=\box48
\LT@foot=\box49
\LT@lastfoot=\box50
\LT@cols=\count184
\LT@rows=\count185
\c@LT@tables=\count186
\c@LT@chunks=\count187
\LT@p@ftn=\toks18
)
(/gnu/store/4ha3namjwxk2ahwd1x4nwd7jv4r1h4ks-texlive-texmf-20210325/share/texmf
-dist/tex/latex/wrapfig/wrapfig.sty
\wrapoverhang=\dimen142
\WF@size=\dimen143
\c@WF@wrappedlines=\count188
\WF@box=\box51
\WF@everypar=\toks19
Package: wrapfig 2003/01/31  v 3.6
)
(/gnu/store/4ha3namjwxk2ahwd1x4nwd7jv4r1h4ks-texlive-texmf-20210325/share/texmf
-dist/tex/latex/graphics/rotating.sty
Package: rotating 2016/08/11 v2.16d rotated objects in LaTeX

(/gnu/store/4ha3namjwxk2ahwd1x4nwd7jv4r1h4ks-texlive-texmf-20210325/share/texmf
-dist/tex/latex/base/ifthen.sty
Package: ifthen 2014/09/29 v1.1c Standard LaTeX ifthen package (DPC)
)
\c@r@tfl@t=\count189
\rotFPtop=\skip53
\rotFPbot=\skip54
\rot@float@box=\box52
\rot@mess@toks=\toks20
)
(/gnu/store/4ha3namjwxk2ahwd1x4nwd7jv4r1h4ks-texlive-texmf-20210325/share/texmf
-dist/tex/generic/ulem/ulem.sty
\UL@box=\box53
\UL@hyphenbox=\box54
\UL@skip=\skip55
\UL@hook=\toks21
\UL@height=\dimen144
\UL@pe=\count190
\UL@pixel=\dimen145
\ULC@box=\box55
Package: ulem 2019/11/18
\ULdepth=\dimen146
)
(/gnu/store/4ha3namjwxk2ahwd1x4nwd7jv4r1h4ks-texlive-texmf-20210325/share/texmf
-dist/tex/latex/amsmath/amsmath.sty
Package: amsmath 2020/09/23 v2.17i AMS math features
\@mathmargin=\skip56

For additional information on amsmath, use the `?' option.

(/gnu/store/4ha3namjwxk2ahwd1x4nwd7jv4r1h4ks-texlive-texmf-20210325/share/texmf
-dist/tex/latex/amsmath/amstext.sty
Package: amstext 2000/06/29 v2.01 AMS text

(/gnu/store/4ha3namjwxk2ahwd1x4nwd7jv4r1h4ks-texlive-texmf-20210325/share/texmf
-dist/tex/latex/amsmath/amsgen.sty
File: amsgen.sty 1999/11/30 v2.0 generic functions
\@emptytoks=\toks22
\ex@=\dimen147
))
(/gnu/store/4ha3namjwxk2ahwd1x4nwd7jv4r1h4ks-texlive-texmf-20210325/share/texmf
-dist/tex/latex/amsmath/amsbsy.sty
Package: amsbsy 1999/11/29 v1.2d Bold Symbols
\pmbraise@=\dimen148
)
(/gnu/store/4ha3namjwxk2ahwd1x4nwd7jv4r1h4ks-texlive-texmf-20210325/share/texmf
-dist/tex/latex/amsmath/amsopn.sty
Package: amsopn 2016/03/08 v2.02 operator names
)
\inf@bad=\count191
LaTeX Info: Redefining \frac on input line 236.
\uproot@=\count192
\leftroot@=\count193
LaTeX Info: Redefining \overline on input line 399.
\classnum@=\count194
\DOTSCASE@=\count195
LaTeX Info: Redefining \ldots on input line 496.
LaTeX Info: Redefining \dots on input line 499.
LaTeX Info: Redefining \cdots on input line 620.
\Mathstrutbox@=\box56
\strutbox@=\box57
\big@size=\dimen149
LaTeX Font Info:    Redeclaring font encoding OML on input line 743.
LaTeX Font Info:    Redeclaring font encoding OMS on input line 744.
\macc@depth=\count196
\c@MaxMatrixCols=\count197
\dotsspace@=\muskip16
\c@parentequation=\count198
\dspbrk@lvl=\count199
\tag@help=\toks23
\row@=\count266
\column@=\count267
\maxfields@=\count268
\andhelp@=\toks24
\eqnshift@=\dimen150
\alignsep@=\dimen151
\tagshift@=\dimen152
\tagwidth@=\dimen153
\totwidth@=\dimen154
\lineht@=\dimen155
\@envbody=\toks25
\multlinegap=\skip57
\multlinetaggap=\skip58
\mathdisplay@stack=\toks26
LaTeX Info: Redefining \[ on input line 2923.
LaTeX Info: Redefining \] on input line 2924.
)
(/gnu/store/4ha3namjwxk2ahwd1x4nwd7jv4r1h4ks-texlive-texmf-20210325/share/texmf
-dist/tex/latex/amsfonts/amssymb.sty
Package: amssymb 2013/01/14 v3.01 AMS font symbols

(/gnu/store/4ha3namjwxk2ahwd1x4nwd7jv4r1h4ks-texlive-texmf-20210325/share/texmf
-dist/tex/latex/amsfonts/amsfonts.sty
Package: amsfonts 2013/01/14 v3.01 Basic AMSFonts support
\symAMSa=\mathgroup4
\symAMSb=\mathgroup5
LaTeX Font Info:    Redeclaring math symbol \hbar on input line 98.
LaTeX Font Info:    Overwriting math alphabet `\mathfrak' in version `bold'
(Font)                  U/euf/m/n --> U/euf/b/n on input line 106.
))
(/gnu/store/4ha3namjwxk2ahwd1x4nwd7jv4r1h4ks-texlive-texmf-20210325/share/texmf
-dist/tex/latex/capt-of/capt-of.sty
Package: capt-of 2009/12/29 v0.2 standard captions outside of floats
)
(/gnu/store/4ha3namjwxk2ahwd1x4nwd7jv4r1h4ks-texlive-texmf-20210325/share/texmf
-dist/tex/latex/hyperref/hyperref.sty
Package: hyperref 2021-02-27 v7.00k Hypertext links for LaTeX

(/gnu/store/4ha3namjwxk2ahwd1x4nwd7jv4r1h4ks-texlive-texmf-20210325/share/texmf
-dist/tex/generic/ltxcmds/ltxcmds.sty
Package: ltxcmds 2020-05-10 v1.25 LaTeX kernel commands for general use (HO)
)
(/gnu/store/4ha3namjwxk2ahwd1x4nwd7jv4r1h4ks-texlive-texmf-20210325/share/texmf
-dist/tex/generic/iftex/iftex.sty
Package: iftex 2020/03/06 v1.0d TeX engine tests
)
(/gnu/store/4ha3namjwxk2ahwd1x4nwd7jv4r1h4ks-texlive-texmf-20210325/share/texmf
-dist/tex/generic/pdftexcmds/pdftexcmds.sty
Package: pdftexcmds 2020-06-27 v0.33 Utility functions of pdfTeX for LuaTeX (HO
)

(/gnu/store/4ha3namjwxk2ahwd1x4nwd7jv4r1h4ks-texlive-texmf-20210325/share/texmf
-dist/tex/generic/infwarerr/infwarerr.sty
Package: infwarerr 2019/12/03 v1.5 Providing info/warning/error messages (HO)
)
Package pdftexcmds Info: \pdf@primitive is available.
Package pdftexcmds Info: \pdf@ifprimitive is available.
Package pdftexcmds Info: \pdfdraftmode found.
\pdftexcmds@toks=\toks27
)
(/gnu/store/4ha3namjwxk2ahwd1x4nwd7jv4r1h4ks-texlive-texmf-20210325/share/texmf
-dist/tex/generic/kvsetkeys/kvsetkeys.sty
Package: kvsetkeys 2019/12/15 v1.18 Key value parser (HO)
)
(/gnu/store/4ha3namjwxk2ahwd1x4nwd7jv4r1h4ks-texlive-texmf-20210325/share/texmf
-dist/tex/generic/kvdefinekeys/kvdefinekeys.sty
Package: kvdefinekeys 2019-12-19 v1.6 Define keys (HO)
)
(/gnu/store/4ha3namjwxk2ahwd1x4nwd7jv4r1h4ks-texlive-texmf-20210325/share/texmf
-dist/tex/generic/pdfescape/pdfescape.sty
Package: pdfescape 2019/12/09 v1.15 Implements pdfTeX's escape features (HO)
)
(/gnu/store/4ha3namjwxk2ahwd1x4nwd7jv4r1h4ks-texlive-texmf-20210325/share/texmf
-dist/tex/latex/hycolor/hycolor.sty
Package: hycolor 2020-01-27 v1.10 Color options for hyperref/bookmark (HO)
)
(/gnu/store/4ha3namjwxk2ahwd1x4nwd7jv4r1h4ks-texlive-texmf-20210325/share/texmf
-dist/tex/latex/letltxmacro/letltxmacro.sty
Package: letltxmacro 2019/12/03 v1.6 Let assignment for LaTeX macros (HO)
)
(/gnu/store/4ha3namjwxk2ahwd1x4nwd7jv4r1h4ks-texlive-texmf-20210325/share/texmf
-dist/tex/latex/auxhook/auxhook.sty
Package: auxhook 2019-12-17 v1.6 Hooks for auxiliary files (HO)
)
(/gnu/store/4ha3namjwxk2ahwd1x4nwd7jv4r1h4ks-texlive-texmf-20210325/share/texmf
-dist/tex/latex/kvoptions/kvoptions.sty
Package: kvoptions 2020-10-07 v3.14 Key value format for package options (HO)
)
\@linkdim=\dimen156
\Hy@linkcounter=\count269
\Hy@pagecounter=\count270

(/gnu/store/4ha3namjwxk2ahwd1x4nwd7jv4r1h4ks-texlive-texmf-20210325/share/texmf
-dist/tex/latex/hyperref/pd1enc.def
File: pd1enc.def 2021-02-27 v7.00k Hyperref: PDFDocEncoding definition (HO)
)
(/gnu/store/4ha3namjwxk2ahwd1x4nwd7jv4r1h4ks-texlive-texmf-20210325/share/texmf
-dist/tex/latex/hyperref/hyperref-langpatches.def
File: hyperref-langpatches.def 2021-02-27 v7.00k Hyperref: patches for babel la
nguages
)
(/gnu/store/4ha3namjwxk2ahwd1x4nwd7jv4r1h4ks-texlive-texmf-20210325/share/texmf
-dist/tex/generic/intcalc/intcalc.sty
Package: intcalc 2019/12/15 v1.3 Expandable calculations with integers (HO)
)
(/gnu/store/4ha3namjwxk2ahwd1x4nwd7jv4r1h4ks-texlive-texmf-20210325/share/texmf
-dist/tex/generic/etexcmds/etexcmds.sty
Package: etexcmds 2019/12/15 v1.7 Avoid name clashes with e-TeX commands (HO)
)
\Hy@SavedSpaceFactor=\count271

(/gnu/store/4ha3namjwxk2ahwd1x4nwd7jv4r1h4ks-texlive-texmf-20210325/share/texmf
-dist/tex/latex/hyperref/puenc.def
File: puenc.def 2021-02-27 v7.00k Hyperref: PDF Unicode definition (HO)
)
Package hyperref Info: Hyper figures OFF on input line 4192.
Package hyperref Info: Link nesting OFF on input line 4197.
Package hyperref Info: Hyper index ON on input line 4200.
Package hyperref Info: Plain pages OFF on input line 4207.
Package hyperref Info: Backreferencing OFF on input line 4212.
Package hyperref Info: Implicit mode ON; LaTeX internals redefined.
Package hyperref Info: Bookmarks ON on input line 4445.
\c@Hy@tempcnt=\count272

(/gnu/store/4ha3namjwxk2ahwd1x4nwd7jv4r1h4ks-texlive-texmf-20210325/share/texmf
-dist/tex/latex/url/url.sty
\Urlmuskip=\muskip17
Package: url 2013/09/16  ver 3.4  Verb mode for urls, etc.
)
LaTeX Info: Redefining \url on input line 4804.
\XeTeXLinkMargin=\dimen157

(/gnu/store/4ha3namjwxk2ahwd1x4nwd7jv4r1h4ks-texlive-texmf-20210325/share/texmf
-dist/tex/generic/bitset/bitset.sty
Package: bitset 2019/12/09 v1.3 Handle bit-vector datatype (HO)

(/gnu/store/4ha3namjwxk2ahwd1x4nwd7jv4r1h4ks-texlive-texmf-20210325/share/texmf
-dist/tex/generic/bigintcalc/bigintcalc.sty
Package: bigintcalc 2019/12/15 v1.5 Expandable calculations on big integers (HO
)
))
\Fld@menulength=\count273
\Field@Width=\dimen158
\Fld@charsize=\dimen159
Package hyperref Info: Hyper figures OFF on input line 6075.
Package hyperref Info: Link nesting OFF on input line 6080.
Package hyperref Info: Hyper index ON on input line 6083.
Package hyperref Info: backreferencing OFF on input line 6090.
Package hyperref Info: Link coloring OFF on input line 6095.
Package hyperref Info: Link coloring with OCG OFF on input line 6100.
Package hyperref Info: PDF/A mode OFF on input line 6105.
LaTeX Info: Redefining \ref on input line 6145.
LaTeX Info: Redefining \pageref on input line 6149.

(/gnu/store/4ha3namjwxk2ahwd1x4nwd7jv4r1h4ks-texlive-texmf-20210325/share/texmf
-dist/tex/latex/base/atbegshi-ltx.sty
Package: atbegshi-ltx 2020/08/17 v1.0a Emulation of the original atbegshi packa
ge
with kernel methods
)
\Hy@abspage=\count274
\c@Item=\count275
\c@Hfootnote=\count276
)
Package hyperref Info: Driver (autodetected): hluatex.

(/gnu/store/4ha3namjwxk2ahwd1x4nwd7jv4r1h4ks-texlive-texmf-20210325/share/texmf
-dist/tex/latex/hyperref/hluatex.def
File: hluatex.def 2021-02-27 v7.00k Hyperref driver for luaTeX

(/gnu/store/4ha3namjwxk2ahwd1x4nwd7jv4r1h4ks-texlive-texmf-20210325/share/texmf
-dist/tex/generic/stringenc/stringenc.sty
Package: stringenc 2019/11/29 v1.12 Convert strings between diff. encodings (HO
)
)
(/gnu/store/4ha3namjwxk2ahwd1x4nwd7jv4r1h4ks-texlive-texmf-20210325/share/texmf
-dist/tex/latex/base/atveryend-ltx.sty
Package: atveryend-ltx 2020/08/19 v1.0a Emulation of the original atvery packag
e
with kernel methods
)
\Fld@listcount=\count277
\c@bookmark@seq@number=\count278

(/gnu/store/4ha3namjwxk2ahwd1x4nwd7jv4r1h4ks-texlive-texmf-20210325/share/texmf
-dist/tex/latex/rerunfilecheck/rerunfilecheck.sty
Package: rerunfilecheck 2019/12/05 v1.9 Rerun checks for auxiliary files (HO)

(/gnu/store/4ha3namjwxk2ahwd1x4nwd7jv4r1h4ks-texlive-texmf-20210325/share/texmf
-dist/tex/generic/uniquecounter/uniquecounter.sty
Package: uniquecounter 2019/12/15 v1.4 Provide unlimited unique counter (HO)
)
Package uniquecounter Info: New unique counter `rerunfilecheck' on input line 2
86.
)
\Hy@SectionHShift=\skip59
)
(/gnu/store/4ha3namjwxk2ahwd1x4nwd7jv4r1h4ks-texlive-texmf-20210325/share/texmf
-dist/tex/latex/geometry/geometry.sty
Package: geometry 2020/01/02 v5.9 Page Geometry

(/gnu/store/4ha3namjwxk2ahwd1x4nwd7jv4r1h4ks-texlive-texmf-20210325/share/texmf
-dist/tex/generic/iftex/ifvtex.sty
Package: ifvtex 2019/10/25 v1.7 ifvtex legacy package. Use iftex instead.
)
\Gm@cnth=\count279
\Gm@cntv=\count280
\c@Gm@tempcnt=\count281
\Gm@bindingoffset=\dimen160
\Gm@wd@mp=\dimen161
\Gm@odd@mp=\dimen162
\Gm@even@mp=\dimen163
\Gm@layoutwidth=\dimen164
\Gm@layoutheight=\dimen165
\Gm@layouthoffset=\dimen166
\Gm@layoutvoffset=\dimen167
\Gm@dimlist=\toks28
)
(/gnu/store/4ha3namjwxk2ahwd1x4nwd7jv4r1h4ks-texlive-texmf-20210325/share/texmf
-dist/tex/latex/tools/indentfirst.sty
Package: indentfirst 1995/11/23 v1.03 Indent first paragraph (DPC)
)
(/gnu/store/4ha3namjwxk2ahwd1x4nwd7jv4r1h4ks-texlive-texmf-20210325/share/texmf
-dist/tex/latex/pgf/utilities/pgffor.sty
(/gnu/store/4ha3namjwxk2ahwd1x4nwd7jv4r1h4ks-texlive-texmf-20210325/share/texmf
-dist/tex/latex/pgf/utilities/pgfrcs.sty
(/gnu/store/4ha3namjwxk2ahwd1x4nwd7jv4r1h4ks-texlive-texmf-20210325/share/texmf
-dist/tex/generic/pgf/utilities/pgfutil-common.tex
\pgfutil@everybye=\toks29
\pgfutil@tempdima=\dimen168
\pgfutil@tempdimb=\dimen169

(/gnu/store/4ha3namjwxk2ahwd1x4nwd7jv4r1h4ks-texlive-texmf-20210325/share/texmf
-dist/tex/generic/pgf/utilities/pgfutil-common-lists.tex))
(/gnu/store/4ha3namjwxk2ahwd1x4nwd7jv4r1h4ks-texlive-texmf-20210325/share/texmf
-dist/tex/generic/pgf/utilities/pgfutil-latex.def
\pgfutil@abb=\box58
)
(/gnu/store/4ha3namjwxk2ahwd1x4nwd7jv4r1h4ks-texlive-texmf-20210325/share/texmf
-dist/tex/generic/pgf/utilities/pgfrcs.code.tex
(/gnu/store/4ha3namjwxk2ahwd1x4nwd7jv4r1h4ks-texlive-texmf-20210325/share/texmf
-dist/tex/generic/pgf/pgf.revision.tex)
Package: pgfrcs 2020/12/27 v3.1.8b (3.1.8b)
))
(/gnu/store/4ha3namjwxk2ahwd1x4nwd7jv4r1h4ks-texlive-texmf-20210325/share/texmf
-dist/tex/latex/pgf/utilities/pgfkeys.sty
(/gnu/store/4ha3namjwxk2ahwd1x4nwd7jv4r1h4ks-texlive-texmf-20210325/share/texmf
-dist/tex/generic/pgf/utilities/pgfkeys.code.tex
\pgfkeys@pathtoks=\toks30
\pgfkeys@temptoks=\toks31

(/gnu/store/4ha3namjwxk2ahwd1x4nwd7jv4r1h4ks-texlive-texmf-20210325/share/texmf
-dist/tex/generic/pgf/utilities/pgfkeysfiltered.code.tex
\pgfkeys@tmptoks=\toks32
)))
(/gnu/store/4ha3namjwxk2ahwd1x4nwd7jv4r1h4ks-texlive-texmf-20210325/share/texmf
-dist/tex/latex/pgf/math/pgfmath.sty
(/gnu/store/4ha3namjwxk2ahwd1x4nwd7jv4r1h4ks-texlive-texmf-20210325/share/texmf
-dist/tex/generic/pgf/math/pgfmath.code.tex
(/gnu/store/4ha3namjwxk2ahwd1x4nwd7jv4r1h4ks-texlive-texmf-20210325/share/texmf
-dist/tex/generic/pgf/math/pgfmathcalc.code.tex
(/gnu/store/4ha3namjwxk2ahwd1x4nwd7jv4r1h4ks-texlive-texmf-20210325/share/texmf
-dist/tex/generic/pgf/math/pgfmathutil.code.tex
\pgf@x=\dimen170
\pgf@xa=\dimen171
\pgf@xb=\dimen172
\pgf@xc=\dimen173
\pgf@y=\dimen174
\pgf@ya=\dimen175
\pgf@yb=\dimen176
\pgf@yc=\dimen177
\c@pgf@counta=\count282
\c@pgf@countb=\count283
\c@pgf@countc=\count284
\c@pgf@countd=\count285
)
(/gnu/store/4ha3namjwxk2ahwd1x4nwd7jv4r1h4ks-texlive-texmf-20210325/share/texmf
-dist/tex/generic/pgf/math/pgfmathparser.code.tex
\pgfmath@dimen=\dimen178
\pgfmath@count=\count286
\pgfmath@box=\box59
\pgfmath@toks=\toks33
\pgfmath@stack@operand=\toks34
\pgfmath@stack@operation=\toks35
)
(/gnu/store/4ha3namjwxk2ahwd1x4nwd7jv4r1h4ks-texlive-texmf-20210325/share/texmf
-dist/tex/generic/pgf/math/pgfmathfunctions.code.tex
(/gnu/store/4ha3namjwxk2ahwd1x4nwd7jv4r1h4ks-texlive-texmf-20210325/share/texmf
-dist/tex/generic/pgf/math/pgfmathfunctions.basic.code.tex)
(/gnu/store/4ha3namjwxk2ahwd1x4nwd7jv4r1h4ks-texlive-texmf-20210325/share/texmf
-dist/tex/generic/pgf/math/pgfmathfunctions.trigonometric.code.tex)
(/gnu/store/4ha3namjwxk2ahwd1x4nwd7jv4r1h4ks-texlive-texmf-20210325/share/texmf
-dist/tex/generic/pgf/math/pgfmathfunctions.random.code.tex)
(/gnu/store/4ha3namjwxk2ahwd1x4nwd7jv4r1h4ks-texlive-texmf-20210325/share/texmf
-dist/tex/generic/pgf/math/pgfmathfunctions.comparison.code.tex)
(/gnu/store/4ha3namjwxk2ahwd1x4nwd7jv4r1h4ks-texlive-texmf-20210325/share/texmf
-dist/tex/generic/pgf/math/pgfmathfunctions.base.code.tex)
(/gnu/store/4ha3namjwxk2ahwd1x4nwd7jv4r1h4ks-texlive-texmf-20210325/share/texmf
-dist/tex/generic/pgf/math/pgfmathfunctions.round.code.tex)
(/gnu/store/4ha3namjwxk2ahwd1x4nwd7jv4r1h4ks-texlive-texmf-20210325/share/texmf
-dist/tex/generic/pgf/math/pgfmathfunctions.misc.code.tex)
(/gnu/store/4ha3namjwxk2ahwd1x4nwd7jv4r1h4ks-texlive-texmf-20210325/share/texmf
-dist/tex/generic/pgf/math/pgfmathfunctions.integerarithmetics.code.tex)))
(/gnu/store/4ha3namjwxk2ahwd1x4nwd7jv4r1h4ks-texlive-texmf-20210325/share/texmf
-dist/tex/generic/pgf/math/pgfmathfloat.code.tex
\c@pgfmathroundto@lastzeros=\count287
)))
(/gnu/store/4ha3namjwxk2ahwd1x4nwd7jv4r1h4ks-texlive-texmf-20210325/share/texmf
-dist/tex/generic/pgf/utilities/pgffor.code.tex
Package: pgffor 2020/12/27 v3.1.8b (3.1.8b)

(/gnu/store/4ha3namjwxk2ahwd1x4nwd7jv4r1h4ks-texlive-texmf-20210325/share/texmf
-dist/tex/generic/pgf/math/pgfmath.code.tex)
\pgffor@iter=\dimen179
\pgffor@skip=\dimen180
\pgffor@stack=\toks36
\pgffor@toks=\toks37
))
(/gnu/store/4ha3namjwxk2ahwd1x4nwd7jv4r1h4ks-texlive-texmf-20210325/share/texmf
-dist/tex/latex/cancel/cancel.sty
Package: cancel 2013/04/12 v2.2 Cancel math terms
)
(/gnu/store/4ha3namjwxk2ahwd1x4nwd7jv4r1h4ks-texlive-texmf-20210325/share/texmf
-dist/tex/latex/amscls/amsthm.sty
Package: amsthm 2020/05/29 v2.20.6
\thm@style=\toks38
\thm@bodyfont=\toks39
\thm@headfont=\toks40
\thm@notefont=\toks41
\thm@headpunct=\toks42
\thm@preskip=\skip60
\thm@postskip=\skip61
\thm@headsep=\skip62
\dth@everypar=\toks43
)
(/gnu/store/4ha3namjwxk2ahwd1x4nwd7jv4r1h4ks-texlive-texmf-20210325/share/texmf
-dist/tex/latex/polynom/polynom.sty
Package: polynom 2017/07/17 0.19 (CH,HA)
\pld@currstage=\count288
)
(/gnu/store/4ha3namjwxk2ahwd1x4nwd7jv4r1h4ks-texlive-texmf-20210325/share/texmf
-dist/tex/latex/pgf/frontendlayer/tikz.sty
(/gnu/store/4ha3namjwxk2ahwd1x4nwd7jv4r1h4ks-texlive-texmf-20210325/share/texmf
-dist/tex/latex/pgf/basiclayer/pgf.sty
Package: pgf 2020/12/27 v3.1.8b (3.1.8b)

(/gnu/store/4ha3namjwxk2ahwd1x4nwd7jv4r1h4ks-texlive-texmf-20210325/share/texmf
-dist/tex/latex/pgf/basiclayer/pgfcore.sty
(/gnu/store/4ha3namjwxk2ahwd1x4nwd7jv4r1h4ks-texlive-texmf-20210325/share/texmf
-dist/tex/latex/pgf/systemlayer/pgfsys.sty
(/gnu/store/4ha3namjwxk2ahwd1x4nwd7jv4r1h4ks-texlive-texmf-20210325/share/texmf
-dist/tex/generic/pgf/systemlayer/pgfsys.code.tex
Package: pgfsys 2020/12/27 v3.1.8b (3.1.8b)

(/gnu/store/4ha3namjwxk2ahwd1x4nwd7jv4r1h4ks-texlive-texmf-20210325/share/texmf
-dist/tex/generic/pgf/utilities/pgfkeys.code.tex)
\pgf@x=\dimen181
\pgf@y=\dimen182
\pgf@xa=\dimen183
\pgf@ya=\dimen184
\pgf@xb=\dimen185
\pgf@yb=\dimen186
\pgf@xc=\dimen187
\pgf@yc=\dimen188
\pgf@xd=\dimen189
\pgf@yd=\dimen190
\w@pgf@writea=\write3
\r@pgf@reada=\read2
\c@pgf@counta=\count289
\c@pgf@countb=\count290
\c@pgf@countc=\count291
\c@pgf@countd=\count292
\t@pgf@toka=\toks44
\t@pgf@tokb=\toks45
\t@pgf@tokc=\toks46
\pgf@sys@id@count=\count293

(/gnu/store/4ha3namjwxk2ahwd1x4nwd7jv4r1h4ks-texlive-texmf-20210325/share/texmf
-dist/tex/generic/pgf/systemlayer/pgf.cfg
File: pgf.cfg 2020/12/27 v3.1.8b (3.1.8b)
)
Driver file for pgf: pgfsys-luatex.def

(/gnu/store/4ha3namjwxk2ahwd1x4nwd7jv4r1h4ks-texlive-texmf-20210325/share/texmf
-dist/tex/generic/pgf/systemlayer/pgfsys-luatex.def
File: pgfsys-luatex.def 2020/12/27 v3.1.8b (3.1.8b)

(/gnu/store/4ha3namjwxk2ahwd1x4nwd7jv4r1h4ks-texlive-texmf-20210325/share/texmf
-dist/tex/generic/pgf/systemlayer/pgfsys-common-pdf.def
File: pgfsys-common-pdf.def 2020/12/27 v3.1.8b (3.1.8b)
)))
(/gnu/store/4ha3namjwxk2ahwd1x4nwd7jv4r1h4ks-texlive-texmf-20210325/share/texmf
-dist/tex/generic/pgf/systemlayer/pgfsyssoftpath.code.tex
File: pgfsyssoftpath.code.tex 2020/12/27 v3.1.8b (3.1.8b)
\pgfsyssoftpath@smallbuffer@items=\count294
\pgfsyssoftpath@bigbuffer@items=\count295
)
(/gnu/store/4ha3namjwxk2ahwd1x4nwd7jv4r1h4ks-texlive-texmf-20210325/share/texmf
-dist/tex/generic/pgf/systemlayer/pgfsysprotocol.code.tex
File: pgfsysprotocol.code.tex 2020/12/27 v3.1.8b (3.1.8b)
))
(/gnu/store/4ha3namjwxk2ahwd1x4nwd7jv4r1h4ks-texlive-texmf-20210325/share/texmf
-dist/tex/latex/xcolor/xcolor.sty
Package: xcolor 2016/05/11 v2.12 LaTeX color extensions (UK)

(/gnu/store/4ha3namjwxk2ahwd1x4nwd7jv4r1h4ks-texlive-texmf-20210325/share/texmf
-dist/tex/latex/graphics-cfg/color.cfg
File: color.cfg 2016/01/02 v1.6 sample color configuration
)
Package xcolor Info: Driver file: luatex.def on input line 225.
Package xcolor Info: Model `cmy' substituted by `cmy0' on input line 1348.
Package xcolor Info: Model `hsb' substituted by `rgb' on input line 1352.
Package xcolor Info: Model `RGB' extended on input line 1364.
Package xcolor Info: Model `HTML' substituted by `rgb' on input line 1366.
Package xcolor Info: Model `Hsb' substituted by `hsb' on input line 1367.
Package xcolor Info: Model `tHsb' substituted by `hsb' on input line 1368.
Package xcolor Info: Model `HSB' substituted by `hsb' on input line 1369.
Package xcolor Info: Model `Gray' substituted by `gray' on input line 1370.
Package xcolor Info: Model `wave' substituted by `hsb' on input line 1371.
)
(/gnu/store/4ha3namjwxk2ahwd1x4nwd7jv4r1h4ks-texlive-texmf-20210325/share/texmf
-dist/tex/generic/pgf/basiclayer/pgfcore.code.tex
Package: pgfcore 2020/12/27 v3.1.8b (3.1.8b)

(/gnu/store/4ha3namjwxk2ahwd1x4nwd7jv4r1h4ks-texlive-texmf-20210325/share/texmf
-dist/tex/generic/pgf/math/pgfmath.code.tex)
(/gnu/store/4ha3namjwxk2ahwd1x4nwd7jv4r1h4ks-texlive-texmf-20210325/share/texmf
-dist/tex/generic/pgf/math/pgfint.code.tex)
(/gnu/store/4ha3namjwxk2ahwd1x4nwd7jv4r1h4ks-texlive-texmf-20210325/share/texmf
-dist/tex/generic/pgf/basiclayer/pgfcorepoints.code.tex
File: pgfcorepoints.code.tex 2020/12/27 v3.1.8b (3.1.8b)
\pgf@picminx=\dimen191
\pgf@picmaxx=\dimen192
\pgf@picminy=\dimen193
\pgf@picmaxy=\dimen194
\pgf@pathminx=\dimen195
\pgf@pathmaxx=\dimen196
\pgf@pathminy=\dimen197
\pgf@pathmaxy=\dimen198
\pgf@xx=\dimen199
\pgf@xy=\dimen256
\pgf@yx=\dimen257
\pgf@yy=\dimen258
\pgf@zx=\dimen259
\pgf@zy=\dimen260
)
(/gnu/store/4ha3namjwxk2ahwd1x4nwd7jv4r1h4ks-texlive-texmf-20210325/share/texmf
-dist/tex/generic/pgf/basiclayer/pgfcorepathconstruct.code.tex
File: pgfcorepathconstruct.code.tex 2020/12/27 v3.1.8b (3.1.8b)
\pgf@path@lastx=\dimen261
\pgf@path@lasty=\dimen262
)
(/gnu/store/4ha3namjwxk2ahwd1x4nwd7jv4r1h4ks-texlive-texmf-20210325/share/texmf
-dist/tex/generic/pgf/basiclayer/pgfcorepathusage.code.tex
File: pgfcorepathusage.code.tex 2020/12/27 v3.1.8b (3.1.8b)
\pgf@shorten@end@additional=\dimen263
\pgf@shorten@start@additional=\dimen264
)
(/gnu/store/4ha3namjwxk2ahwd1x4nwd7jv4r1h4ks-texlive-texmf-20210325/share/texmf
-dist/tex/generic/pgf/basiclayer/pgfcorescopes.code.tex
File: pgfcorescopes.code.tex 2020/12/27 v3.1.8b (3.1.8b)
\pgfpic=\box60
\pgf@hbox=\box61
\pgf@layerbox@main=\box62
\pgf@picture@serial@count=\count296
)
(/gnu/store/4ha3namjwxk2ahwd1x4nwd7jv4r1h4ks-texlive-texmf-20210325/share/texmf
-dist/tex/generic/pgf/basiclayer/pgfcoregraphicstate.code.tex
File: pgfcoregraphicstate.code.tex 2020/12/27 v3.1.8b (3.1.8b)
\pgflinewidth=\dimen265
)
(/gnu/store/4ha3namjwxk2ahwd1x4nwd7jv4r1h4ks-texlive-texmf-20210325/share/texmf
-dist/tex/generic/pgf/basiclayer/pgfcoretransformations.code.tex
File: pgfcoretransformations.code.tex 2020/12/27 v3.1.8b (3.1.8b)
\pgf@pt@x=\dimen266
\pgf@pt@y=\dimen267
\pgf@pt@temp=\dimen268
)
(/gnu/store/4ha3namjwxk2ahwd1x4nwd7jv4r1h4ks-texlive-texmf-20210325/share/texmf
-dist/tex/generic/pgf/basiclayer/pgfcorequick.code.tex
File: pgfcorequick.code.tex 2020/12/27 v3.1.8b (3.1.8b)
)
(/gnu/store/4ha3namjwxk2ahwd1x4nwd7jv4r1h4ks-texlive-texmf-20210325/share/texmf
-dist/tex/generic/pgf/basiclayer/pgfcoreobjects.code.tex
File: pgfcoreobjects.code.tex 2020/12/27 v3.1.8b (3.1.8b)
)
(/gnu/store/4ha3namjwxk2ahwd1x4nwd7jv4r1h4ks-texlive-texmf-20210325/share/texmf
-dist/tex/generic/pgf/basiclayer/pgfcorepathprocessing.code.tex
File: pgfcorepathprocessing.code.tex 2020/12/27 v3.1.8b (3.1.8b)
)
(/gnu/store/4ha3namjwxk2ahwd1x4nwd7jv4r1h4ks-texlive-texmf-20210325/share/texmf
-dist/tex/generic/pgf/basiclayer/pgfcorearrows.code.tex
File: pgfcorearrows.code.tex 2020/12/27 v3.1.8b (3.1.8b)
\pgfarrowsep=\dimen269
)
(/gnu/store/4ha3namjwxk2ahwd1x4nwd7jv4r1h4ks-texlive-texmf-20210325/share/texmf
-dist/tex/generic/pgf/basiclayer/pgfcoreshade.code.tex
File: pgfcoreshade.code.tex 2020/12/27 v3.1.8b (3.1.8b)
\pgf@max=\dimen270
\pgf@sys@shading@range@num=\count297
\pgf@shadingcount=\count298
)
(/gnu/store/4ha3namjwxk2ahwd1x4nwd7jv4r1h4ks-texlive-texmf-20210325/share/texmf
-dist/tex/generic/pgf/basiclayer/pgfcoreimage.code.tex
File: pgfcoreimage.code.tex 2020/12/27 v3.1.8b (3.1.8b)

(/gnu/store/4ha3namjwxk2ahwd1x4nwd7jv4r1h4ks-texlive-texmf-20210325/share/texmf
-dist/tex/generic/pgf/basiclayer/pgfcoreexternal.code.tex
File: pgfcoreexternal.code.tex 2020/12/27 v3.1.8b (3.1.8b)
\pgfexternal@startupbox=\box63
))
(/gnu/store/4ha3namjwxk2ahwd1x4nwd7jv4r1h4ks-texlive-texmf-20210325/share/texmf
-dist/tex/generic/pgf/basiclayer/pgfcorelayers.code.tex
File: pgfcorelayers.code.tex 2020/12/27 v3.1.8b (3.1.8b)
)
(/gnu/store/4ha3namjwxk2ahwd1x4nwd7jv4r1h4ks-texlive-texmf-20210325/share/texmf
-dist/tex/generic/pgf/basiclayer/pgfcoretransparency.code.tex
File: pgfcoretransparency.code.tex 2020/12/27 v3.1.8b (3.1.8b)
)
(/gnu/store/4ha3namjwxk2ahwd1x4nwd7jv4r1h4ks-texlive-texmf-20210325/share/texmf
-dist/tex/generic/pgf/basiclayer/pgfcorepatterns.code.tex
File: pgfcorepatterns.code.tex 2020/12/27 v3.1.8b (3.1.8b)
)
(/gnu/store/4ha3namjwxk2ahwd1x4nwd7jv4r1h4ks-texlive-texmf-20210325/share/texmf
-dist/tex/generic/pgf/basiclayer/pgfcorerdf.code.tex
File: pgfcorerdf.code.tex 2020/12/27 v3.1.8b (3.1.8b)
)))
(/gnu/store/4ha3namjwxk2ahwd1x4nwd7jv4r1h4ks-texlive-texmf-20210325/share/texmf
-dist/tex/generic/pgf/modules/pgfmoduleshapes.code.tex
File: pgfmoduleshapes.code.tex 2020/12/27 v3.1.8b (3.1.8b)
\pgfnodeparttextbox=\box64
)
(/gnu/store/4ha3namjwxk2ahwd1x4nwd7jv4r1h4ks-texlive-texmf-20210325/share/texmf
-dist/tex/generic/pgf/modules/pgfmoduleplot.code.tex
File: pgfmoduleplot.code.tex 2020/12/27 v3.1.8b (3.1.8b)
)
(/gnu/store/4ha3namjwxk2ahwd1x4nwd7jv4r1h4ks-texlive-texmf-20210325/share/texmf
-dist/tex/latex/pgf/compatibility/pgfcomp-version-0-65.sty
Package: pgfcomp-version-0-65 2020/12/27 v3.1.8b (3.1.8b)
\pgf@nodesepstart=\dimen271
\pgf@nodesepend=\dimen272
)
(/gnu/store/4ha3namjwxk2ahwd1x4nwd7jv4r1h4ks-texlive-texmf-20210325/share/texmf
-dist/tex/latex/pgf/compatibility/pgfcomp-version-1-18.sty
Package: pgfcomp-version-1-18 2020/12/27 v3.1.8b (3.1.8b)
))
(/gnu/store/4ha3namjwxk2ahwd1x4nwd7jv4r1h4ks-texlive-texmf-20210325/share/texmf
-dist/tex/generic/pgf/frontendlayer/tikz/tikz.code.tex
Package: tikz 2020/12/27 v3.1.8b (3.1.8b)

(/gnu/store/4ha3namjwxk2ahwd1x4nwd7jv4r1h4ks-texlive-texmf-20210325/share/texmf
-dist/tex/generic/pgf/libraries/pgflibraryplothandlers.code.tex
File: pgflibraryplothandlers.code.tex 2020/12/27 v3.1.8b (3.1.8b)
\pgf@plot@mark@count=\count299
\pgfplotmarksize=\dimen273
)
\tikz@lastx=\dimen274
\tikz@lasty=\dimen275
\tikz@lastxsaved=\dimen276
\tikz@lastysaved=\dimen277
\tikz@lastmovetox=\dimen278
\tikz@lastmovetoy=\dimen279
\tikzleveldistance=\dimen280
\tikzsiblingdistance=\dimen281
\tikz@figbox=\box65
\tikz@figbox@bg=\box66
\tikz@tempbox=\box67
\tikz@tempbox@bg=\box68
\tikztreelevel=\count300
\tikznumberofchildren=\count301
\tikznumberofcurrentchild=\count302
\tikz@fig@count=\count303

(/gnu/store/4ha3namjwxk2ahwd1x4nwd7jv4r1h4ks-texlive-texmf-20210325/share/texmf
-dist/tex/generic/pgf/modules/pgfmodulematrix.code.tex
File: pgfmodulematrix.code.tex 2020/12/27 v3.1.8b (3.1.8b)
\pgfmatrixcurrentrow=\count304
\pgfmatrixcurrentcolumn=\count305
\pgf@matrix@numberofcolumns=\count306
)
\tikz@expandcount=\count307

(/gnu/store/4ha3namjwxk2ahwd1x4nwd7jv4r1h4ks-texlive-texmf-20210325/share/texmf
-dist/tex/generic/pgf/frontendlayer/tikz/libraries/tikzlibrarytopaths.code.tex
File: tikzlibrarytopaths.code.tex 2020/12/27 v3.1.8b (3.1.8b)
)))
(/gnu/store/4ha3namjwxk2ahwd1x4nwd7jv4r1h4ks-texlive-texmf-20210325/share/texmf
-dist/tex/latex/bclogo/bclogo.sty
Package: bclogo 2016/01/10 v3.1

(/gnu/store/4ha3namjwxk2ahwd1x4nwd7jv4r1h4ks-texlive-texmf-20210325/share/texmf
-dist/tex/latex/xkeyval/xkeyval.sty
Package: xkeyval 2020/11/20 v2.8 package option processing (HA)

(/gnu/store/4ha3namjwxk2ahwd1x4nwd7jv4r1h4ks-texlive-texmf-20210325/share/texmf
-dist/tex/generic/xkeyval/xkeyval.tex
(/gnu/store/4ha3namjwxk2ahwd1x4nwd7jv4r1h4ks-texlive-texmf-20210325/share/texmf
-dist/tex/generic/xkeyval/xkvutils.tex
\XKV@toks=\toks47
\XKV@tempa@toks=\toks48
)
\XKV@depth=\count308
File: xkeyval.tex 2014/12/03 v2.7a key=value parser (HA)
))
\bc@invboxh=\skip63
\bc@invboxd=\skip64
\bc@titleLength=\skip65
\logowidth=\skip66

(/gnu/store/4ha3namjwxk2ahwd1x4nwd7jv4r1h4ks-texlive-texmf-20210325/share/texmf
-dist/tex/latex/mdframed/mdframed.sty
Package: mdframed 2013/07/01 1.9b: mdframed

(/gnu/store/4ha3namjwxk2ahwd1x4nwd7jv4r1h4ks-texlive-texmf-20210325/share/texmf
-dist/tex/latex/l3packages/xparse/xparse.sty
(/gnu/store/4ha3namjwxk2ahwd1x4nwd7jv4r1h4ks-texlive-texmf-20210325/share/texmf
-dist/tex/latex/l3kernel/expl3.sty
Package: expl3 2021-02-18 L3 programming layer (loader) 

(/gnu/store/4ha3namjwxk2ahwd1x4nwd7jv4r1h4ks-texlive-texmf-20210325/share/texmf
-dist/tex/latex/l3backend/l3backend-luatex.def
File: l3backend-luatex.def 2021-03-18 L3 backend support: PDF output (LuaTeX)
\l__color_backend_stack_int=\count309
\l__pdf_internal_box=\box69
))
(/gnu/store/4ha3namjwxk2ahwd1x4nwd7jv4r1h4ks-texlive-texmf-20210325/share/texmf
-dist/tex/latex/l3packages/xparse/xparse-2020-10-01.sty
(/gnu/store/4ha3namjwxk2ahwd1x4nwd7jv4r1h4ks-texlive-texmf-20210325/share/texmf
-dist/tex/latex/l3packages/xparse/xparse-generic.tex)))
(/gnu/store/4ha3namjwxk2ahwd1x4nwd7jv4r1h4ks-texlive-texmf-20210325/share/texmf
-dist/tex/latex/etoolbox/etoolbox.sty
Package: etoolbox 2020/10/05 v2.5k e-TeX tools for LaTeX (JAW)
\etb@tempcnta=\count310
)
(/gnu/store/4ha3namjwxk2ahwd1x4nwd7jv4r1h4ks-texlive-texmf-20210325/share/texmf
-dist/tex/latex/zref/zref-abspage.sty
Package: zref-abspage 2020-07-03 v2.32 Module abspage for zref (HO)

(/gnu/store/4ha3namjwxk2ahwd1x4nwd7jv4r1h4ks-texlive-texmf-20210325/share/texmf
-dist/tex/latex/zref/zref-base.sty
Package: zref-base 2020-07-03 v2.32 Module base for zref (HO)
Package zref Info: New property list: main on input line 764.
Package zref Info: New property: default on input line 765.
Package zref Info: New property: page on input line 766.
)
\c@abspage=\count311
Package zref Info: New property: abspage on input line 66.
)
(/gnu/store/4ha3namjwxk2ahwd1x4nwd7jv4r1h4ks-texlive-texmf-20210325/share/texmf
-dist/tex/latex/needspace/needspace.sty
Package: needspace 2010/09/12 v1.3d reserve vertical space
)
\mdf@templength=\skip67
\c@mdf@globalstyle@cnt=\count312
\mdf@skipabove@length=\skip68
\mdf@skipbelow@length=\skip69
\mdf@leftmargin@length=\skip70
\mdf@rightmargin@length=\skip71
\mdf@innerleftmargin@length=\skip72
\mdf@innerrightmargin@length=\skip73
\mdf@innertopmargin@length=\skip74
\mdf@innerbottommargin@length=\skip75
\mdf@splittopskip@length=\skip76
\mdf@splitbottomskip@length=\skip77
\mdf@outermargin@length=\skip78
\mdf@innermargin@length=\skip79
\mdf@linewidth@length=\skip80
\mdf@innerlinewidth@length=\skip81
\mdf@middlelinewidth@length=\skip82
\mdf@outerlinewidth@length=\skip83
\mdf@roundcorner@length=\skip84
\mdf@footenotedistance@length=\skip85
\mdf@userdefinedwidth@length=\skip86
\mdf@needspace@length=\skip87
\mdf@frametitleaboveskip@length=\skip88
\mdf@frametitlebelowskip@length=\skip89
\mdf@frametitlerulewidth@length=\skip90
\mdf@frametitleleftmargin@length=\skip91
\mdf@frametitlerightmargin@length=\skip92
\mdf@shadowsize@length=\skip93
\mdf@extratopheight@length=\skip94
\mdf@subtitleabovelinewidth@length=\skip95
\mdf@subtitlebelowlinewidth@length=\skip96
\mdf@subtitleaboveskip@length=\skip97
\mdf@subtitlebelowskip@length=\skip98
\mdf@subtitleinneraboveskip@length=\skip99
\mdf@subtitleinnerbelowskip@length=\skip100
\mdf@subsubtitleabovelinewidth@length=\skip101
\mdf@subsubtitlebelowlinewidth@length=\skip102
\mdf@subsubtitleaboveskip@length=\skip103
\mdf@subsubtitlebelowskip@length=\skip104
\mdf@subsubtitleinneraboveskip@length=\skip105
\mdf@subsubtitleinnerbelowskip@length=\skip106

(/gnu/store/4ha3namjwxk2ahwd1x4nwd7jv4r1h4ks-texlive-texmf-20210325/share/texmf
-dist/tex/latex/mdframed/md-frame-1.mdf
File: md-frame-1.mdf 2013/07/01\ 1.9b: md-frame-1
)
\mdf@frametitlebox=\box70
\mdf@footnotebox=\box71
\mdf@splitbox@one=\box72
\mdf@splitbox@two=\box73
\mdf@splitbox@save=\box74
\mdfsplitboxwidth=\skip107
\mdfsplitboxtotalwidth=\skip108
\mdfsplitboxheight=\skip109
\mdfsplitboxdepth=\skip110
\mdfsplitboxtotalheight=\skip111
\mdfframetitleboxwidth=\skip112
\mdfframetitleboxtotalwidth=\skip113
\mdfframetitleboxheight=\skip114
\mdfframetitleboxdepth=\skip115
\mdfframetitleboxtotalheight=\skip116
\mdffootnoteboxwidth=\skip117
\mdffootnoteboxtotalwidth=\skip118
\mdffootnoteboxheight=\skip119
\mdffootnoteboxdepth=\skip120
\mdffootnoteboxtotalheight=\skip121
\mdftotallinewidth=\skip122
\mdfboundingboxwidth=\skip123
\mdfboundingboxtotalwidth=\skip124
\mdfboundingboxheight=\skip125
\mdfboundingboxdepth=\skip126
\mdfboundingboxtotalheight=\skip127
\mdf@freevspace@length=\skip128
\mdf@horizontalwidthofbox@length=\skip129
\mdf@verticalmarginwhole@length=\skip130
\mdf@horizontalspaceofbox=\skip131
\mdfsubtitleheight=\skip132
\mdfsubsubtitleheight=\skip133
\c@mdfcountframes=\count313

****** mdframed patching \endmdf@trivlist

****** -- success******

\mdf@envdepth=\count314
\c@mdf@env@i=\count315
\c@mdf@env@ii=\count316
\c@mdf@zref@counter=\count317
Package zref Info: New property: mdf@pagevalue on input line 895.
)
(/gnu/store/4ha3namjwxk2ahwd1x4nwd7jv4r1h4ks-texlive-texmf-20210325/share/texmf
-dist/tex/generic/pgf/frontendlayer/tikz/libraries/tikzlibraryshadows.code.tex
File: tikzlibraryshadows.code.tex 2020/12/27 v3.1.8b (3.1.8b)

(/gnu/store/4ha3namjwxk2ahwd1x4nwd7jv4r1h4ks-texlive-texmf-20210325/share/texmf
-dist/tex/generic/pgf/frontendlayer/tikz/libraries/tikzlibraryfadings.code.tex
File: tikzlibraryfadings.code.tex 2020/12/27 v3.1.8b (3.1.8b)

(/gnu/store/4ha3namjwxk2ahwd1x4nwd7jv4r1h4ks-texlive-texmf-20210325/share/texmf
-dist/tex/generic/pgf/libraries/pgflibraryfadings.code.tex
File: pgflibraryfadings.code.tex 2020/12/27 v3.1.8b (3.1.8b)
)))
(/gnu/store/4ha3namjwxk2ahwd1x4nwd7jv4r1h4ks-texlive-texmf-20210325/share/texmf
-dist/tex/generic/pgf/frontendlayer/tikz/libraries/tikzlibrarydecorations.pathm
orphing.code.tex
(/gnu/store/4ha3namjwxk2ahwd1x4nwd7jv4r1h4ks-texlive-texmf-20210325/share/texmf
-dist/tex/generic/pgf/frontendlayer/tikz/libraries/tikzlibrarydecorations.code.
tex
(/gnu/store/4ha3namjwxk2ahwd1x4nwd7jv4r1h4ks-texlive-texmf-20210325/share/texmf
-dist/tex/generic/pgf/modules/pgfmoduledecorations.code.tex
\pgfdecoratedcompleteddistance=\dimen282
\pgfdecoratedremainingdistance=\dimen283
\pgfdecoratedinputsegmentcompleteddistance=\dimen284
\pgfdecoratedinputsegmentremainingdistance=\dimen285
\pgf@decorate@distancetomove=\dimen286
\pgf@decorate@repeatstate=\count318
\pgfdecorationsegmentamplitude=\dimen287
\pgfdecorationsegmentlength=\dimen288
)
\tikz@lib@dec@box=\box75
)
(/gnu/store/4ha3namjwxk2ahwd1x4nwd7jv4r1h4ks-texlive-texmf-20210325/share/texmf
-dist/tex/generic/pgf/libraries/decorations/pgflibrarydecorations.pathmorphing.
code.tex))
(/gnu/store/4ha3namjwxk2ahwd1x4nwd7jv4r1h4ks-texlive-texmf-20210325/share/texmf
-dist/tex/generic/iftex/ifpdf.sty
Package: ifpdf 2019/10/25 v3.4 ifpdf legacy package. Use iftex instead.
)
\c@bclogocompteur=\count319
\bcval@epBarre=\skip134
\bcval@framesep=\skip135
\bcval@tailleOndu=\skip136
\bcval@borderWidth=\skip137
\bcval@margeG=\skip138
\bcval@margeD=\skip139
\bc@envbox=\box76
)
(/gnu/store/4ha3namjwxk2ahwd1x4nwd7jv4r1h4ks-texlive-texmf-20210325/share/texmf
-dist/tex/latex/listings/listings.sty
\lst@mode=\count320
\lst@gtempboxa=\box77
\lst@token=\toks49
\lst@length=\count321
\lst@currlwidth=\dimen289
\lst@column=\count322
\lst@pos=\count323
\lst@lostspace=\dimen290
\lst@width=\dimen291
\lst@newlines=\count324
\lst@lineno=\count325
\lst@maxwidth=\dimen292

(/gnu/store/4ha3namjwxk2ahwd1x4nwd7jv4r1h4ks-texlive-texmf-20210325/share/texmf
-dist/tex/latex/listings/lstmisc.sty
File: lstmisc.sty 2020/03/24 1.8d (Carsten Heinz)
\c@lstnumber=\count326
\lst@skipnumbers=\count327
\lst@framebox=\box78
)
(/gnu/store/4ha3namjwxk2ahwd1x4nwd7jv4r1h4ks-texlive-texmf-20210325/share/texmf
-dist/tex/latex/listings/listings.cfg
File: listings.cfg 2020/03/24 1.8d listings configuration
))
Package: listings 2020/03/24 1.8d (Carsten Heinz)

(/gnu/store/4ha3namjwxk2ahwd1x4nwd7jv4r1h4ks-texlive-texmf-20210325/share/texmf
-dist/tex/latex/tcolorbox/tcolorbox.sty
Package: tcolorbox 2020/10/09 version 4.42 text color boxes

(/gnu/store/4ha3namjwxk2ahwd1x4nwd7jv4r1h4ks-texlive-texmf-20210325/share/texmf
-dist/tex/latex/tools/verbatim.sty
Package: verbatim 2020-07-07 v1.5u LaTeX2e package for verbatim enhancements
\every@verbatim=\toks50
\verbatim@line=\toks51
\verbatim@in@stream=\read3
)
(/gnu/store/4ha3namjwxk2ahwd1x4nwd7jv4r1h4ks-texlive-texmf-20210325/share/texmf
-dist/tex/latex/environ/environ.sty
Package: environ 2014/05/04 v0.3 A new way to define environments

(/gnu/store/4ha3namjwxk2ahwd1x4nwd7jv4r1h4ks-texlive-texmf-20210325/share/texmf
-dist/tex/latex/trimspaces/trimspaces.sty
Package: trimspaces 2009/09/17 v1.1 Trim spaces around a token list
))
\tcb@titlebox=\box79
\tcb@upperbox=\box80
\tcb@lowerbox=\box81
\tcb@phantombox=\box82
\c@tcbbreakpart=\count328
\c@tcblayer=\count329
\c@tcolorbox@number=\count330
\tcb@temp=\box83
\tcb@temp=\box84
\tcb@temp=\box85
\tcb@temp=\box86
\tcb@out=\write4
\tcb@record@out=\write5

(/gnu/store/4ha3namjwxk2ahwd1x4nwd7jv4r1h4ks-texlive-texmf-20210325/share/texmf
-dist/tex/latex/tcolorbox/tcbraster.code.tex
Library (tcolorbox): 'tcbraster.code.tex' version '4.42'
\c@tcbrastercolumn=\count331
\c@tcbrasterrow=\count332
\c@tcbraster=\count333
)
(/gnu/store/4ha3namjwxk2ahwd1x4nwd7jv4r1h4ks-texlive-texmf-20210325/share/texmf
-dist/tex/latex/tcolorbox/tcbskins.code.tex
Library (tcolorbox): 'tcbskins.code.tex' version '4.42'
\tcb@waterbox=\box87

(/gnu/store/4ha3namjwxk2ahwd1x4nwd7jv4r1h4ks-texlive-texmf-20210325/share/texmf
-dist/tex/latex/tcolorbox/tcbskinsjigsaw.code.tex
Library (tcolorbox): 'tcbskinsjigsaw.code.tex' version '4.42'
))
(/gnu/store/4ha3namjwxk2ahwd1x4nwd7jv4r1h4ks-texlive-texmf-20210325/share/texmf
-dist/tex/latex/tcolorbox/tcbbreakable.code.tex
Library (tcolorbox): 'tcbbreakable.code.tex' version '4.42'

(/gnu/store/4ha3namjwxk2ahwd1x4nwd7jv4r1h4ks-texlive-texmf-20210325/share/texmf
-dist/tex/generic/oberdiek/pdfcol.sty
Package: pdfcol 2019/12/29 v1.6 Handle new color stacks for pdfTeX (HO)
)
Package pdfcol Info: New color stack `tcb@breakable' = 1 on input line 23.
\tcb@testbox=\box88
\tcb@totalupperbox=\box89
\tcb@totallowerbox=\box90

(/gnu/store/4ha3namjwxk2ahwd1x4nwd7jv4r1h4ks-texlive-texmf-20210325/share/texmf
-dist/tex/generic/iftex/ifluatex.sty
Package: ifluatex 2019/10/25 v1.5 ifluatex legacy package. Use iftex instead.
))
(/gnu/store/4ha3namjwxk2ahwd1x4nwd7jv4r1h4ks-texlive-texmf-20210325/share/texmf
-dist/tex/latex/tcolorbox/tcbhooks.code.tex
Library (tcolorbox): 'tcbhooks.code.tex' version '4.42'
)
(/gnu/store/4ha3namjwxk2ahwd1x4nwd7jv4r1h4ks-texlive-texmf-20210325/share/texmf
-dist/tex/latex/tcolorbox/tcbtheorems.code.tex
Library (tcolorbox): 'tcbtheorems.code.tex' version '4.42'
)
(/gnu/store/4ha3namjwxk2ahwd1x4nwd7jv4r1h4ks-texlive-texmf-20210325/share/texmf
-dist/tex/latex/tcolorbox/tcbfitting.code.tex
Library (tcolorbox): 'tcbfitting.code.tex' version '4.42'
\tcbfitdim=\dimen293
\tcb@lowerfitdim=\dimen294
\tcb@upperfitdim=\dimen295
\tcb@cur@hbadness=\count334
)
(/gnu/store/4ha3namjwxk2ahwd1x4nwd7jv4r1h4ks-texlive-texmf-20210325/share/texmf
-dist/tex/latex/tcolorbox/tcbxparse.code.tex
Library (tcolorbox): 'tcbxparse.code.tex' version '4.42'
)
(/gnu/store/4ha3namjwxk2ahwd1x4nwd7jv4r1h4ks-texlive-texmf-20210325/share/texmf
-dist/tex/latex/tcolorbox/tcblistingsutf8.code.tex
Library (tcolorbox): 'tcblistingsutf8.code.tex' version '4.42'

(/gnu/store/4ha3namjwxk2ahwd1x4nwd7jv4r1h4ks-texlive-texmf-20210325/share/texmf
-dist/tex/latex/tcolorbox/tcblistings.code.tex
Library (tcolorbox): 'tcblistings.code.tex' version '4.42'

(/gnu/store/4ha3namjwxk2ahwd1x4nwd7jv4r1h4ks-texlive-texmf-20210325/share/texmf
-dist/tex/latex/tcolorbox/tcblistingscore.code.tex
Library (tcolorbox): 'tcblistingscore.code.tex' version '4.42'

(/gnu/store/4ha3namjwxk2ahwd1x4nwd7jv4r1h4ks-texlive-texmf-20210325/share/texmf
-dist/tex/latex/tcolorbox/tcbprocessing.code.tex
Library (tcolorbox): 'tcbprocessing.code.tex' version '4.42'

(/gnu/store/4ha3namjwxk2ahwd1x4nwd7jv4r1h4ks-texlive-texmf-20210325/share/texmf
-dist/tex/latex/tools/shellesc.sty
Package: shellesc 2019/11/08 v1.0c unified shell escape interface for LaTeX
Package shellesc Info: Unrestricted shell escape enabled on input line 75.
))
\c@tcblisting=\count335
))
Package tcolorbox Info: Library `listingsutf8' is compatible with pdftex only. 
Library `listings` is loaded instead. on input line 29.
)
(/gnu/store/4ha3namjwxk2ahwd1x4nwd7jv4r1h4ks-texlive-texmf-20210325/share/texmf
-dist/tex/latex/tcolorbox/tcbexternal.code.tex
Library (tcolorbox): 'tcbexternal.code.tex' version '4.42'
)
(/gnu/store/4ha3namjwxk2ahwd1x4nwd7jv4r1h4ks-texlive-texmf-20210325/share/texmf
-dist/tex/latex/tcolorbox/tcbmagazine.code.tex
Library (tcolorbox): 'tcbmagazine.code.tex' version '4.42'
)
(/gnu/store/4ha3namjwxk2ahwd1x4nwd7jv4r1h4ks-texlive-texmf-20210325/share/texmf
-dist/tex/latex/tcolorbox/tcbvignette.code.tex
Library (tcolorbox): 'tcbvignette.code.tex' version '4.42'
)
(/gnu/store/4ha3namjwxk2ahwd1x4nwd7jv4r1h4ks-texlive-texmf-20210325/share/texmf
-dist/tex/latex/tcolorbox/tcbposter.code.tex
Library (tcolorbox): 'tcbposter.code.tex' version '4.42'
))
(/gnu/store/4ha3namjwxk2ahwd1x4nwd7jv4r1h4ks-texlive-texmf-20210325/share/texmf
-dist/tex/latex/forest/forest.sty
Package: forest 2017/07/14 v2.1.5 Drawing (linguistic) trees

(/gnu/store/4ha3namjwxk2ahwd1x4nwd7jv4r1h4ks-texlive-texmf-20210325/share/texmf
-dist/tex/generic/pgf/frontendlayer/tikz/libraries/tikzlibraryshapes.code.tex
File: tikzlibraryshapes.code.tex 2020/12/27 v3.1.8b (3.1.8b)

(/gnu/store/4ha3namjwxk2ahwd1x4nwd7jv4r1h4ks-texlive-texmf-20210325/share/texmf
-dist/tex/generic/pgf/frontendlayer/tikz/libraries/tikzlibraryshapes.geometric.
code.tex
File: tikzlibraryshapes.geometric.code.tex 2020/12/27 v3.1.8b (3.1.8b)

(/gnu/store/4ha3namjwxk2ahwd1x4nwd7jv4r1h4ks-texlive-texmf-20210325/share/texmf
-dist/tex/generic/pgf/libraries/shapes/pgflibraryshapes.geometric.code.tex
File: pgflibraryshapes.geometric.code.tex 2020/12/27 v3.1.8b (3.1.8b)
))
(/gnu/store/4ha3namjwxk2ahwd1x4nwd7jv4r1h4ks-texlive-texmf-20210325/share/texmf
-dist/tex/generic/pgf/frontendlayer/tikz/libraries/tikzlibraryshapes.misc.code.
tex
File: tikzlibraryshapes.misc.code.tex 2020/12/27 v3.1.8b (3.1.8b)

(/gnu/store/4ha3namjwxk2ahwd1x4nwd7jv4r1h4ks-texlive-texmf-20210325/share/texmf
-dist/tex/generic/pgf/libraries/shapes/pgflibraryshapes.misc.code.tex
File: pgflibraryshapes.misc.code.tex 2020/12/27 v3.1.8b (3.1.8b)
))
(/gnu/store/4ha3namjwxk2ahwd1x4nwd7jv4r1h4ks-texlive-texmf-20210325/share/texmf
-dist/tex/generic/pgf/frontendlayer/tikz/libraries/tikzlibraryshapes.symbols.co
de.tex
File: tikzlibraryshapes.symbols.code.tex 2020/12/27 v3.1.8b (3.1.8b)

(/gnu/store/4ha3namjwxk2ahwd1x4nwd7jv4r1h4ks-texlive-texmf-20210325/share/texmf
-dist/tex/generic/pgf/libraries/shapes/pgflibraryshapes.symbols.code.tex
File: pgflibraryshapes.symbols.code.tex 2020/12/27 v3.1.8b (3.1.8b)
))
(/gnu/store/4ha3namjwxk2ahwd1x4nwd7jv4r1h4ks-texlive-texmf-20210325/share/texmf
-dist/tex/generic/pgf/frontendlayer/tikz/libraries/tikzlibraryshapes.arrows.cod
e.tex
File: tikzlibraryshapes.arrows.code.tex 2020/12/27 v3.1.8b (3.1.8b)

(/gnu/store/4ha3namjwxk2ahwd1x4nwd7jv4r1h4ks-texlive-texmf-20210325/share/texmf
-dist/tex/generic/pgf/libraries/shapes/pgflibraryshapes.arrows.code.tex
File: pgflibraryshapes.arrows.code.tex 2020/12/27 v3.1.8b (3.1.8b)
))
(/gnu/store/4ha3namjwxk2ahwd1x4nwd7jv4r1h4ks-texlive-texmf-20210325/share/texmf
-dist/tex/generic/pgf/frontendlayer/tikz/libraries/tikzlibraryshapes.callouts.c
ode.tex
(/gnu/store/4ha3namjwxk2ahwd1x4nwd7jv4r1h4ks-texlive-texmf-20210325/share/texmf
-dist/tex/generic/pgf/libraries/shapes/pgflibraryshapes.callouts.code.tex))
(/gnu/store/4ha3namjwxk2ahwd1x4nwd7jv4r1h4ks-texlive-texmf-20210325/share/texmf
-dist/tex/generic/pgf/frontendlayer/tikz/libraries/tikzlibraryshapes.multipart.
code.tex
File: tikzlibraryshapes.multipart.code.tex 2020/12/27 v3.1.8b (3.1.8b)

(/gnu/store/4ha3namjwxk2ahwd1x4nwd7jv4r1h4ks-texlive-texmf-20210325/share/texmf
-dist/tex/generic/pgf/libraries/shapes/pgflibraryshapes.multipart.code.tex
File: pgflibraryshapes.multipart.code.tex 2020/12/27 v3.1.8b (3.1.8b)
\pgfnodepartlowerbox=\box91
\pgfnodeparttwobox=\box92
\pgfnodepartthreebox=\box93
\pgfnodepartfourbox=\box94
\pgfnodeparttwentybox=\box95
\pgfnodepartnineteenbox=\box96
\pgfnodeparteighteenbox=\box97
\pgfnodepartseventeenbox=\box98
\pgfnodepartsixteenbox=\box99
\pgfnodepartfifteenbox=\box100
\pgfnodepartfourteenbox=\box101
\pgfnodepartthirteenbox=\box102
\pgfnodeparttwelvebox=\box103
\pgfnodepartelevenbox=\box104
\pgfnodeparttenbox=\box105
\pgfnodepartninebox=\box106
\pgfnodeparteightbox=\box107
\pgfnodepartsevenbox=\box108
\pgfnodepartsixbox=\box109
\pgfnodepartfivebox=\box110
)))
(/gnu/store/4ha3namjwxk2ahwd1x4nwd7jv4r1h4ks-texlive-texmf-20210325/share/texmf
-dist/tex/generic/pgf/frontendlayer/tikz/libraries/tikzlibraryfit.code.tex
File: tikzlibraryfit.code.tex 2020/12/27 v3.1.8b (3.1.8b)
)
(/gnu/store/4ha3namjwxk2ahwd1x4nwd7jv4r1h4ks-texlive-texmf-20210325/share/texmf
-dist/tex/generic/pgf/frontendlayer/tikz/libraries/tikzlibrarycalc.code.tex
File: tikzlibrarycalc.code.tex 2020/12/27 v3.1.8b (3.1.8b)
)
(/gnu/store/4ha3namjwxk2ahwd1x4nwd7jv4r1h4ks-texlive-texmf-20210325/share/texmf
-dist/tex/generic/pgf/libraries/pgflibraryintersections.code.tex
(/gnu/store/4ha3namjwxk2ahwd1x4nwd7jv4r1h4ks-texlive-texmf-20210325/share/texmf
-dist/tex/generic/pgf/libraries/pgflibraryfpu.code.tex)
\pgf@intersect@solutions=\count336
)
(/gnu/store/4ha3namjwxk2ahwd1x4nwd7jv4r1h4ks-texlive-texmf-20210325/share/texmf
-dist/tex/latex/pgfopts/pgfopts.sty
Package: pgfopts 2014/07/10 v2.1a LaTeX package options with pgfkeys
\pgfopts@list@add@a@toks=\toks52
\pgfopts@list@add@b@toks=\toks53
)
(/gnu/store/4ha3namjwxk2ahwd1x4nwd7jv4r1h4ks-texlive-texmf-20210325/share/texmf
-dist/tex/latex/elocalloc/elocalloc.sty
Package: elocalloc 2016/12/15 v0.03 local allocation for LaTeX 2015+ (DPC)
)
(/gnu/store/4ha3namjwxk2ahwd1x4nwd7jv4r1h4ks-texlive-texmf-20210325/share/texmf
-dist/tex/latex/inlinedef/inlinedef.sty
Package: inlinedef 2008/07/10 v1.0 Inlined expansions within definitions
\ID@toks=\toks54
\ID@count=\count337
)
\ID@usercommands=\toks55
\safeloop@depth=\count338
\safeRKloop@depth=\count339
\forest@temp@dimen=\dimen296
\forest@temp@count=\count340
\forest@n=\count341
\forest@temp@global@count=\count342
\forest@temp@toks=\toks56
\forest@temparray@M=\count343
\forest@temparray@N=\count344
\forest@global@temparray@M=\count345
\forest@global@temparray@N=\count346
\forest@isnum@count=\count347
\forest@isdim@nonintpart=\count348
\forest@isdim@dimen=\dimen297
\forest@sort@m=\count349
\forest@sort@k=\count350
\forest@sort@p=\count351
\bracket@content=\toks57
\bracket@afterthought=\toks58
\forest@node@maxid=\count352
\forest@process@left@M=\count353
\forest@process@left@N=\count354
\forest@process@right@M=\count355
\forest@process@right@N=\count356
\forest@process@saved@M=\count357
\forest@process@saved@N=\count358
\forest@process@result@M=\count359
\forest@process@result@N=\count360
\forest@process@n=\count361
\forest@nodewalk@branch@toks=\toks59
\forest@nodewalk@shortsteps@resolution=\toks60
\forest@do@dynamics=\toks61
\forest@box=\box111
\forest@xg=\dimen298
\forest@yg=\dimen299
\forest@xs=\dimen300
\forest@ys=\dimen301
\forest@pi@toks=\toks62
\forest@segment@toks=\toks63
\forest@PIi@toks=\toks64
\forest@PIii@toks=\toks65
\forest@copy@in=\read4
\forest@copy@out=\write6
\forest@externalize@max@outer@n=\count362
\forest@externalize@inner@n=\count363
)
(/gnu/store/4ha3namjwxk2ahwd1x4nwd7jv4r1h4ks-texlive-texmf-20210325/share/texmf
-dist/tex/latex/adjustbox/adjustbox.sty
Package: adjustbox 2020/08/19 v1.3 Adjusting TeX boxes (trim, clip, ...)

(/gnu/store/4ha3namjwxk2ahwd1x4nwd7jv4r1h4ks-texlive-texmf-20210325/share/texmf
-dist/tex/latex/adjustbox/adjcalc.sty
Package: adjcalc 2012/05/16 v1.1 Provides advanced setlength with multiple back
-ends (calc, etex, pgfmath)
)
(/gnu/store/4ha3namjwxk2ahwd1x4nwd7jv4r1h4ks-texlive-texmf-20210325/share/texmf
-dist/tex/latex/adjustbox/trimclip.sty
Package: trimclip 2020/08/19 v1.2 Trim and clip general TeX material

(/gnu/store/4ha3namjwxk2ahwd1x4nwd7jv4r1h4ks-texlive-texmf-20210325/share/texmf
-dist/tex/latex/collectbox/collectbox.sty
Package: collectbox 2012/05/17 v0.4b Collect macro arguments as boxes
\collectedbox=\box112
)
\tc@llx=\dimen302
\tc@lly=\dimen303
\tc@urx=\dimen304
\tc@ury=\dimen305

(/gnu/store/4ha3namjwxk2ahwd1x4nwd7jv4r1h4ks-texlive-texmf-20210325/share/texmf
-dist/tex/latex/adjustbox/tc-pgf.def
File: tc-pgf.def 2019/01/04 v2.2 trimclip fall-back clipping driver using PGF
)
Package trimclip Info: No clipping driver 'tc-luatex.def' available.
(trimclip)             Using fall-back PGF driver.
)
\adjbox@Width=\dimen306
\adjbox@Height=\dimen307
\adjbox@Depth=\dimen308
\adjbox@Totalheight=\dimen309
\adjbox@pwidth=\dimen310
\adjbox@pheight=\dimen311
\adjbox@pdepth=\dimen312
\adjbox@ptotalheight=\dimen313

(/gnu/store/4ha3namjwxk2ahwd1x4nwd7jv4r1h4ks-texlive-texmf-20210325/share/texmf
-dist/tex/latex/ifoddpage/ifoddpage.sty
Package: ifoddpage 2016/04/23 v1.1 Conditionals for odd/even page detection
\c@checkoddpage=\count364
)
(/gnu/store/4ha3namjwxk2ahwd1x4nwd7jv4r1h4ks-texlive-texmf-20210325/share/texmf
-dist/tex/latex/varwidth/varwidth.sty
Package: varwidth 2009/03/30 ver 0.92;  Variable-width minipages
\@vwid@box=\box113
\sift@deathcycles=\count365
\@vwid@loff=\dimen314
\@vwid@roff=\dimen315
))
(/gnu/store/4ha3namjwxk2ahwd1x4nwd7jv4r1h4ks-texlive-texmf-20210325/share/texmf
-dist/tex/latex/tikz-3dplot/tikz-3dplot.sty
(/gnu/store/4ha3namjwxk2ahwd1x4nwd7jv4r1h4ks-texlive-texmf-20210325/share/texmf
-dist/tex/generic/pgf/frontendlayer/tikz/libraries/tikzlibrary3d.code.tex
File: tikzlibrary3d.code.tex 2020/12/27 v3.1.8b (3.1.8b)
)
(/gnu/store/4ha3namjwxk2ahwd1x4nwd7jv4r1h4ks-texlive-texmf-20210325/share/texmf
-dist/tex/generic/pgf/frontendlayer/tikz/libraries/tikzlibraryarrows.code.tex
File: tikzlibraryarrows.code.tex 2020/12/27 v3.1.8b (3.1.8b)

(/gnu/store/4ha3namjwxk2ahwd1x4nwd7jv4r1h4ks-texlive-texmf-20210325/share/texmf
-dist/tex/generic/pgf/libraries/pgflibraryarrows.code.tex
File: pgflibraryarrows.code.tex 2020/12/27 v3.1.8b (3.1.8b)
\arrowsize=\dimen316
)))
(/gnu/store/4ha3namjwxk2ahwd1x4nwd7jv4r1h4ks-texlive-texmf-20210325/share/texmf
-dist/tex/latex/mathtools/mathtools.sty
Package: mathtools 2021/03/18 v1.25 mathematical typesetting tools

(/gnu/store/4ha3namjwxk2ahwd1x4nwd7jv4r1h4ks-texlive-texmf-20210325/share/texmf
-dist/tex/latex/tools/calc.sty
Package: calc 2017/05/25 v4.3 Infix arithmetic (KKT,FJ)
\calc@Acount=\count366
\calc@Bcount=\count367
\calc@Adimen=\dimen317
\calc@Bdimen=\dimen318
\calc@Askip=\skip140
\calc@Bskip=\skip141
LaTeX Info: Redefining \setlength on input line 80.
LaTeX Info: Redefining \addtolength on input line 81.
\calc@Ccount=\count368
\calc@Cskip=\skip142
)
(/gnu/store/4ha3namjwxk2ahwd1x4nwd7jv4r1h4ks-texlive-texmf-20210325/share/texmf
-dist/tex/latex/mathtools/mhsetup.sty
Package: mhsetup 2021/03/18 v1.4 programming setup (MH)
)
LaTeX Info: Thecontrolsequence`\('isalreadyrobust on input line 130.
LaTeX Info: Thecontrolsequence`\)'isalreadyrobust on input line 130.
LaTeX Info: Thecontrolsequence`\['isalreadyrobust on input line 130.
LaTeX Info: Thecontrolsequence`\]'isalreadyrobust on input line 130.
\g_MT_multlinerow_int=\count369
\l_MT_multwidth_dim=\dimen319
\origjot=\skip143
\l_MT_shortvdotswithinadjustabove_dim=\dimen320
\l_MT_shortvdotswithinadjustbelow_dim=\dimen321
\l_MT_above_intertext_sep=\dimen322
\l_MT_below_intertext_sep=\dimen323
\l_MT_above_shortintertext_sep=\dimen324
\l_MT_below_shortintertext_sep=\dimen325
\xmathstrut@box=\box114
\xmathstrut@dim=\dimen326
)
(/gnu/store/4ha3namjwxk2ahwd1x4nwd7jv4r1h4ks-texlive-texmf-20210325/share/texmf
-dist/tex/latex/pgfplots/pgfplots.sty
(/gnu/store/4ha3namjwxk2ahwd1x4nwd7jv4r1h4ks-texlive-texmf-20210325/share/texmf
-dist/tex/generic/pgfplots/pgfplots.revision.tex)
Package: pgfplots 2020/02/29 v1.17 Data Visualization (1.17)

(/gnu/store/4ha3namjwxk2ahwd1x4nwd7jv4r1h4ks-texlive-texmf-20210325/share/texmf
-dist/tex/generic/pgfplots/pgfplots.code.tex
(/gnu/store/4ha3namjwxk2ahwd1x4nwd7jv4r1h4ks-texlive-texmf-20210325/share/texmf
-dist/tex/generic/pgfplots/pgfplotscore.code.tex
Package pgfplots info on input line 124: Initializing with LUA version Lua 5.3
\pgfplots@luabackend@table=\catcodetable12
\t@pgfplots@toka=\toks66
\t@pgfplots@tokb=\toks67
\t@pgfplots@tokc=\toks68
\pgfplots@tmpa=\dimen327
\c@pgfplots@coordindex=\count370
\c@pgfplots@scanlineindex=\count371

(/gnu/store/4ha3namjwxk2ahwd1x4nwd7jv4r1h4ks-texlive-texmf-20210325/share/texmf
-dist/tex/generic/pgfplots/sys/pgfplotssysgeneric.code.tex))
(/gnu/store/4ha3namjwxk2ahwd1x4nwd7jv4r1h4ks-texlive-texmf-20210325/share/texmf
-dist/tex/generic/pgfplots/libs/pgfplotslibrary.code.tex)
(/gnu/store/4ha3namjwxk2ahwd1x4nwd7jv4r1h4ks-texlive-texmf-20210325/share/texmf
-dist/tex/generic/pgfplots/oldpgfcompatib/pgfplotsoldpgfsupp_loader.code.tex
(/gnu/store/4ha3namjwxk2ahwd1x4nwd7jv4r1h4ks-texlive-texmf-20210325/share/texmf
-dist/tex/generic/pgf/libraries/luamath/pgflibraryluamath.code.tex)
Package pgfplots info on input line 290: luamath library shipped with pgf 3.1.8
b is up-to-date
)
(/gnu/store/4ha3namjwxk2ahwd1x4nwd7jv4r1h4ks-texlive-texmf-20210325/share/texmf
-dist/tex/generic/pgfplots/util/pgfplotsutil.code.tex
Package pgfplots info on input line 82: Found new luatex: initializing lua comm
ands instead of write18 (shell-escape)

(/gnu/store/4ha3namjwxk2ahwd1x4nwd7jv4r1h4ks-texlive-texmf-20210325/share/texmf
-dist/tex/generic/pgfplots/liststructure/pgfplotsliststructure.code.tex)
(/gnu/store/4ha3namjwxk2ahwd1x4nwd7jv4r1h4ks-texlive-texmf-20210325/share/texmf
-dist/tex/generic/pgfplots/liststructure/pgfplotsliststructureext.code.tex)
(/gnu/store/4ha3namjwxk2ahwd1x4nwd7jv4r1h4ks-texlive-texmf-20210325/share/texmf
-dist/tex/generic/pgfplots/liststructure/pgfplotsarray.code.tex
\c@pgfplotsarray@tmp=\count372
)
(/gnu/store/4ha3namjwxk2ahwd1x4nwd7jv4r1h4ks-texlive-texmf-20210325/share/texmf
-dist/tex/generic/pgfplots/liststructure/pgfplotsmatrix.code.tex)
(/gnu/store/4ha3namjwxk2ahwd1x4nwd7jv4r1h4ks-texlive-texmf-20210325/share/texmf
-dist/tex/generic/pgfplots/numtable/pgfplotstableshared.code.tex
\c@pgfplotstable@counta=\count373
\t@pgfplotstable@a=\toks69
)
(/gnu/store/4ha3namjwxk2ahwd1x4nwd7jv4r1h4ks-texlive-texmf-20210325/share/texmf
-dist/tex/generic/pgfplots/liststructure/pgfplotsdeque.code.tex)
(/gnu/store/4ha3namjwxk2ahwd1x4nwd7jv4r1h4ks-texlive-texmf-20210325/share/texmf
-dist/tex/generic/pgfplots/util/pgfplotsbinary.code.tex
(/gnu/store/4ha3namjwxk2ahwd1x4nwd7jv4r1h4ks-texlive-texmf-20210325/share/texmf
-dist/tex/generic/pgfplots/util/pgfplotsbinary.data.code.tex))
(/gnu/store/4ha3namjwxk2ahwd1x4nwd7jv4r1h4ks-texlive-texmf-20210325/share/texmf
-dist/tex/generic/pgfplots/util/pgfplotsutil.verb.code.tex)
(/gnu/store/4ha3namjwxk2ahwd1x4nwd7jv4r1h4ks-texlive-texmf-20210325/share/texmf
-dist/tex/generic/pgfplots/libs/pgflibrarypgfplots.surfshading.code.tex
\c@pgfplotslibrarysurf@no=\count374

(/gnu/store/4ha3namjwxk2ahwd1x4nwd7jv4r1h4ks-texlive-texmf-20210325/share/texmf
-dist/tex/generic/pgfplots/sys/pgflibrarypgfplots.surfshading.pgfsys-luatex.def
)))
(/gnu/store/4ha3namjwxk2ahwd1x4nwd7jv4r1h4ks-texlive-texmf-20210325/share/texmf
-dist/tex/generic/pgfplots/util/pgfplotscolormap.code.tex
(/gnu/store/4ha3namjwxk2ahwd1x4nwd7jv4r1h4ks-texlive-texmf-20210325/share/texmf
-dist/tex/generic/pgfplots/util/pgfplotscolor.code.tex))
(/gnu/store/4ha3namjwxk2ahwd1x4nwd7jv4r1h4ks-texlive-texmf-20210325/share/texmf
-dist/tex/generic/pgfplots/pgfplotsstackedplots.code.tex)
(/gnu/store/4ha3namjwxk2ahwd1x4nwd7jv4r1h4ks-texlive-texmf-20210325/share/texmf
-dist/tex/generic/pgfplots/pgfplotsplothandlers.code.tex
(/gnu/store/4ha3namjwxk2ahwd1x4nwd7jv4r1h4ks-texlive-texmf-20210325/share/texmf
-dist/tex/generic/pgfplots/pgfplotsmeshplothandler.code.tex
(/gnu/store/4ha3namjwxk2ahwd1x4nwd7jv4r1h4ks-texlive-texmf-20210325/share/texmf
-dist/tex/generic/pgfplots/pgfplotsmeshplotimage.code.tex)))
(/gnu/store/4ha3namjwxk2ahwd1x4nwd7jv4r1h4ks-texlive-texmf-20210325/share/texmf
-dist/tex/generic/pgfplots/pgfplots.scaling.code.tex)
(/gnu/store/4ha3namjwxk2ahwd1x4nwd7jv4r1h4ks-texlive-texmf-20210325/share/texmf
-dist/tex/generic/pgfplots/pgfplotscoordprocessing.code.tex)
(/gnu/store/4ha3namjwxk2ahwd1x4nwd7jv4r1h4ks-texlive-texmf-20210325/share/texmf
-dist/tex/generic/pgfplots/pgfplots.errorbars.code.tex)
(/gnu/store/4ha3namjwxk2ahwd1x4nwd7jv4r1h4ks-texlive-texmf-20210325/share/texmf
-dist/tex/generic/pgfplots/pgfplots.markers.code.tex)
(/gnu/store/4ha3namjwxk2ahwd1x4nwd7jv4r1h4ks-texlive-texmf-20210325/share/texmf
-dist/tex/generic/pgfplots/pgfplotsticks.code.tex)
(/gnu/store/4ha3namjwxk2ahwd1x4nwd7jv4r1h4ks-texlive-texmf-20210325/share/texmf
-dist/tex/generic/pgfplots/pgfplots.paths.code.tex)
(/gnu/store/4ha3namjwxk2ahwd1x4nwd7jv4r1h4ks-texlive-texmf-20210325/share/texmf
-dist/tex/generic/pgf/frontendlayer/tikz/libraries/tikzlibrarydecorations.pathr
eplacing.code.tex
(/gnu/store/4ha3namjwxk2ahwd1x4nwd7jv4r1h4ks-texlive-texmf-20210325/share/texmf
-dist/tex/generic/pgf/libraries/decorations/pgflibrarydecorations.pathreplacing
.code.tex))
\pgfplots@numplots=\count375
\pgfplots@xmin@reg=\dimen328
\pgfplots@xmax@reg=\dimen329
\pgfplots@ymin@reg=\dimen330
\pgfplots@ymax@reg=\dimen331
\pgfplots@zmin@reg=\dimen332
\pgfplots@zmax@reg=\dimen333
)
(/gnu/store/4ha3namjwxk2ahwd1x4nwd7jv4r1h4ks-texlive-texmf-20210325/share/texmf
-dist/tex/generic/pgf/frontendlayer/tikz/libraries/tikzlibraryplotmarks.code.te
x
File: tikzlibraryplotmarks.code.tex 2020/12/27 v3.1.8b (3.1.8b)

(/gnu/store/4ha3namjwxk2ahwd1x4nwd7jv4r1h4ks-texlive-texmf-20210325/share/texmf
-dist/tex/generic/pgf/libraries/pgflibraryplotmarks.code.tex
File: pgflibraryplotmarks.code.tex 2020/12/27 v3.1.8b (3.1.8b)
)))
(/gnu/store/4ha3namjwxk2ahwd1x4nwd7jv4r1h4ks-texlive-texmf-20210325/share/texmf
-dist/tex/latex/tikzmark/tikzlibrarytikzmark.code.tex
File: tikzlibrarytikzmark.code.tex 2021/02/16 v1.10 TikZ library for marking po
sitions in a document

(/gnu/store/4ha3namjwxk2ahwd1x4nwd7jv4r1h4ks-texlive-texmf-20210325/share/texmf
-dist/tex/latex/l3packages/l3keys2e/l3keys2e.sty
Package: l3keys2e 2021-03-12 LaTeX2e option processing using LaTeX3 keys
)
\l__sn_x_dim=\dimen334
\l__sn_y_dim=\dimen335
\l__sn_xa_dim=\dimen336
\l__sn_ya_dim=\dimen337
)
(/gnu/store/4ha3namjwxk2ahwd1x4nwd7jv4r1h4ks-texlive-texmf-20210325/share/texmf
-dist/tex/generic/pgf/frontendlayer/tikz/libraries/tikzlibrarymatrix.code.tex
File: tikzlibrarymatrix.code.tex 2020/12/27 v3.1.8b (3.1.8b)
)
(/gnu/store/4ha3namjwxk2ahwd1x4nwd7jv4r1h4ks-texlive-texmf-20210325/share/texmf
-dist/tex/generic/pgf/frontendlayer/tikz/libraries/tikzlibraryautomata.code.tex
File: tikzlibraryautomata.code.tex 2020/12/27 v3.1.8b (3.1.8b)
)
(/gnu/store/4ha3namjwxk2ahwd1x4nwd7jv4r1h4ks-texlive-texmf-20210325/share/texmf
-dist/tex/generic/pgf/frontendlayer/tikz/libraries/tikzlibrarypositioning.code.
tex
File: tikzlibrarypositioning.code.tex 2020/12/27 v3.1.8b (3.1.8b)
)
(/gnu/store/4ha3namjwxk2ahwd1x4nwd7jv4r1h4ks-texlive-texmf-20210325/share/texmf
-dist/tex/latex/oberdiek/centernot.sty
Package: centernot 2016/05/16 v1.4 Centers the not symbol horizontally (HO)
)
(/gnu/store/4ha3namjwxk2ahwd1x4nwd7jv4r1h4ks-texlive-texmf-20210325/share/texmf
-dist/tex/latex/lm/lmodern.sty
Package: lmodern 2015/05/01 v1.6.1 Latin Modern Fonts
LaTeX Font Info:    Overwriting symbol font `operators' in version `normal'
(Font)                  OT1/cmr/m/n --> OT1/lmr/m/n on input line 22.
LaTeX Font Info:    Overwriting symbol font `letters' in version `normal'
(Font)                  OML/cmm/m/it --> OML/lmm/m/it on input line 23.
LaTeX Font Info:    Overwriting symbol font `symbols' in version `normal'
(Font)                  OMS/cmsy/m/n --> OMS/lmsy/m/n on input line 24.
LaTeX Font Info:    Overwriting symbol font `largesymbols' in version `normal'
(Font)                  OMX/cmex/m/n --> OMX/lmex/m/n on input line 25.
LaTeX Font Info:    Overwriting symbol font `operators' in version `bold'
(Font)                  OT1/cmr/bx/n --> OT1/lmr/bx/n on input line 26.
LaTeX Font Info:    Overwriting symbol font `letters' in version `bold'
(Font)                  OML/cmm/b/it --> OML/lmm/b/it on input line 27.
LaTeX Font Info:    Overwriting symbol font `symbols' in version `bold'
(Font)                  OMS/cmsy/b/n --> OMS/lmsy/b/n on input line 28.
LaTeX Font Info:    Overwriting symbol font `largesymbols' in version `bold'
(Font)                  OMX/cmex/m/n --> OMX/lmex/m/n on input line 29.
LaTeX Font Info:    Overwriting math alphabet `\mathbf' in version `normal'
(Font)                  OT1/cmr/bx/n --> OT1/lmr/bx/n on input line 31.
LaTeX Font Info:    Overwriting math alphabet `\mathsf' in version `normal'
(Font)                  OT1/cmss/m/n --> OT1/lmss/m/n on input line 32.
LaTeX Font Info:    Overwriting math alphabet `\mathit' in version `normal'
(Font)                  OT1/cmr/m/it --> OT1/lmr/m/it on input line 33.
LaTeX Font Info:    Overwriting math alphabet `\mathtt' in version `normal'
(Font)                  OT1/cmtt/m/n --> OT1/lmtt/m/n on input line 34.
LaTeX Font Info:    Overwriting math alphabet `\mathbf' in version `bold'
(Font)                  OT1/cmr/bx/n --> OT1/lmr/bx/n on input line 35.
LaTeX Font Info:    Overwriting math alphabet `\mathsf' in version `bold'
(Font)                  OT1/cmss/bx/n --> OT1/lmss/bx/n on input line 36.
LaTeX Font Info:    Overwriting math alphabet `\mathit' in version `bold'
(Font)                  OT1/cmr/bx/it --> OT1/lmr/bx/it on input line 37.
LaTeX Font Info:    Overwriting math alphabet `\mathtt' in version `bold'
(Font)                  OT1/cmtt/m/n --> OT1/lmtt/m/n on input line 38.
)
(/gnu/store/4ha3namjwxk2ahwd1x4nwd7jv4r1h4ks-texlive-texmf-20210325/share/texmf
-dist/tex/latex/physics/physics.sty
Package: physics 
)
(/gnu/store/4ha3namjwxk2ahwd1x4nwd7jv4r1h4ks-texlive-texmf-20210325/share/texmf
-dist/tex/latex/algorithm2e/algorithm2e.sty
Package: algorithm2e 2017/07/18 v5.2 algorithms environments
\c@AlgoLine=\count376
\algocf@hangindent=\skip144

(/gnu/store/4ha3namjwxk2ahwd1x4nwd7jv4r1h4ks-texlive-texmf-20210325/share/texmf
-dist/tex/latex/tools/xspace.sty
Package: xspace 2014/10/28 v1.13 Space after command names (DPC,MH)
)
(/gnu/store/4ha3namjwxk2ahwd1x4nwd7jv4r1h4ks-texlive-texmf-20210325/share/texmf
-dist/tex/latex/relsize/relsize.sty
Package: relsize 2013/03/29 ver 4.1
)
\skiptotal=\skip145
\skiplinenumber=\skip146
\skiprule=\skip147
\skiphlne=\skip148
\skiptext=\skip149
\skiplength=\skip150
\algomargin=\skip151
\skipalgocfslide=\skip152
\algowidth=\dimen338
\inoutsize=\dimen339
\inoutindent=\dimen340
\interspacetitleruled=\dimen341
\interspacealgoruled=\dimen342
\interspacetitleboxruled=\dimen343
\algocf@ruledwidth=\skip153
\algocf@inoutbox=\box115
\algocf@inputbox=\box116
\AlCapSkip=\skip154
\AlCapHSkip=\skip155
\algoskipindent=\skip156
\algocf@nlbox=\box117
\algocf@hangingbox=\box118
\algocf@untilbox=\box119
\algocf@skipuntil=\skip157
\algocf@capbox=\box120
\algocf@lcaptionbox=\skip158
\algoheightruledefault=\skip159
\algoheightrule=\skip160
\algotitleheightruledefault=\skip161
\algotitleheightrule=\skip162
\c@algocfline=\count377
\c@algocfproc=\count378
\c@algocf=\count379
\algocf@algoframe=\box121
\algocf@algobox=\box122
)
(/gnu/store/4ha3namjwxk2ahwd1x4nwd7jv4r1h4ks-texlive-texmf-20210325/share/texmf
-dist/tex/latex/algorithmicx/algpseudocode.sty
Package: algpseudocode 

(/gnu/store/4ha3namjwxk2ahwd1x4nwd7jv4r1h4ks-texlive-texmf-20210325/share/texmf
-dist/tex/latex/algorithmicx/algorithmicx.sty
Package: algorithmicx 2005/04/27 v1.2 Algorithmicx

Document Style algorithmicx 1.2 - a greatly improved `algorithmic' style
\c@ALG@line=\count380
\c@ALG@rem=\count381
\c@ALG@nested=\count382
\ALG@tlm=\skip163
\ALG@thistlm=\skip164
\c@ALG@Lnr=\count383
\c@ALG@blocknr=\count384
\c@ALG@storecount=\count385
\c@ALG@tmpcounter=\count386
\ALG@tmplength=\skip165
)
Document Style - pseudocode environments for use with the `algorithmicx' style
)
(/gnu/store/4ha3namjwxk2ahwd1x4nwd7jv4r1h4ks-texlive-texmf-20210325/share/texmf
-dist/tex/latex/svg/svg.sty
Package: svg 2020/11/26 v2.02k (include SVG pictures)

(/gnu/store/4ha3namjwxk2ahwd1x4nwd7jv4r1h4ks-texlive-texmf-20210325/share/texmf
-dist/tex/latex/koma-script/scrbase.sty
Package: scrbase 2021/03/17 v3.33 KOMA-Script package (KOMA-Script-independent 
basics and keyval usage)

(/gnu/store/4ha3namjwxk2ahwd1x4nwd7jv4r1h4ks-texlive-texmf-20210325/share/texmf
-dist/tex/latex/koma-script/scrlfile.sty
Package: scrlfile 2021/03/17 v3.33 KOMA-Script package (file load hooks)

(/gnu/store/4ha3namjwxk2ahwd1x4nwd7jv4r1h4ks-texlive-texmf-20210325/share/texmf
-dist/tex/latex/koma-script/scrlfile-hook.sty
Package: scrlfile-hook 2021/03/17 v3.33 KOMA-Script package (using LaTeX hooks)


(/gnu/store/4ha3namjwxk2ahwd1x4nwd7jv4r1h4ks-texlive-texmf-20210325/share/texmf
-dist/tex/latex/koma-script/scrlogo.sty
Package: scrlogo 2021/03/17 v3.33 KOMA-Script package (logo)
)))
Skipping: [2021/05/01] Usage of raw option list on input line 252.
Applying: [0000/00/00] compatibility for LaTeX before 2021/05/01 on input line 
337.
)
(/gnu/store/4ha3namjwxk2ahwd1x4nwd7jv4r1h4ks-texlive-texmf-20210325/share/texmf
-dist/tex/latex/ifplatform/ifplatform.sty
Package: ifplatform 2017/10/13 v0.4a Testing for the operating system

(/gnu/store/4ha3namjwxk2ahwd1x4nwd7jv4r1h4ks-texlive-texmf-20210325/share/texmf
-dist/tex/generic/catchfile/catchfile.sty
Package: catchfile 2019/12/09 v1.8 Catch the contents of a file (HO)
)
runsystem(uname -s > "20230101212037-practice_algorithm_questions.w18")...execut
ed

(./20230101212037-practice_algorithm_questions.w18)
runsystem(rm -- "20230101212037-practice_algorithm_questions.w18")...executed
)
\c@svg@param@lastpage=\count387
\svg@box=\box123
\c@svg@param@currpage=\count388
)
(/gnu/store/4ha3namjwxk2ahwd1x4nwd7jv4r1h4ks-texlive-texmf-20210325/share/texmf
-dist/tex/latex/transparent/transparent.sty
Package: transparent 2019/11/29 v1.4 Transparency via pdfTeX's color stack (HO)

)
No file 20230101212037-practice_algorithm_questions.aux.

\openout1 = 20230101212037-practice_algorithm_questions.aux
LaTeX Font Info:    Checking defaults for OML/cmm/m/it on input line 65.
LaTeX Font Info:    ... okay on input line 65.
LaTeX Font Info:    Checking defaults for OMS/cmsy/m/n on input line 65.
LaTeX Font Info:    ... okay on input line 65.
LaTeX Font Info:    Checking defaults for OT1/cmr/m/n on input line 65.
LaTeX Font Info:    ... okay on input line 65.
LaTeX Font Info:    Checking defaults for T1/cmr/m/n on input line 65.
LaTeX Font Info:    ... okay on input line 65.
LaTeX Font Info:    Checking defaults for TS1/cmr/m/n on input line 65.
LaTeX Font Info:    Trying to load font information for TS1+cmr on input line 6
5.

(/gnu/store/4ha3namjwxk2ahwd1x4nwd7jv4r1h4ks-texlive-texmf-20210325/share/texmf
-dist/tex/latex/base/ts1cmr.fd
File: ts1cmr.fd 2019/12/16 v2.5j Standard LaTeX font definitions
)
LaTeX Font Info:    ... okay on input line 65.
LaTeX Font Info:    Checking defaults for TU/lmr/m/n on input line 65.
LaTeX Font Info:    ... okay on input line 65.
LaTeX Font Info:    Checking defaults for OMX/cmex/m/n on input line 65.
LaTeX Font Info:    ... okay on input line 65.
LaTeX Font Info:    Checking defaults for U/cmr/m/n on input line 65.
LaTeX Font Info:    ... okay on input line 65.
LaTeX Font Info:    Checking defaults for PD1/pdf/m/n on input line 65.
LaTeX Font Info:    ... okay on input line 65.
LaTeX Font Info:    Checking defaults for PU/pdf/m/n on input line 65.
LaTeX Font Info:    ... okay on input line 65.

(/gnu/store/4ha3namjwxk2ahwd1x4nwd7jv4r1h4ks-texlive-texmf-20210325/share/texmf
-dist/tex/context/base/mkii/supp-pdf.mkii
[Loading MPS to PDF converter (version 2006.09.02).]
\scratchcounter=\count389
\scratchdimen=\dimen344
\scratchbox=\box124
\nofMPsegments=\count390
\nofMParguments=\count391
\everyMPshowfont=\toks70
\MPscratchCnt=\count392
\MPscratchDim=\dimen345
\MPnumerator=\count393
\makeMPintoPDFobject=\count394
\everyMPtoPDFconversion=\toks71
)
(/gnu/store/4ha3namjwxk2ahwd1x4nwd7jv4r1h4ks-texlive-texmf-20210325/share/texmf
-dist/tex/latex/epstopdf-pkg/epstopdf-base.sty
Package: epstopdf-base 2020-01-24 v2.11 Base part for package epstopdf
Package epstopdf-base Info: Redefining graphics rule for `.eps' on input line 4
85.

(/gnu/store/4ha3namjwxk2ahwd1x4nwd7jv4r1h4ks-texlive-texmf-20210325/share/texmf
-dist/tex/latex/latexconfig/epstopdf-sys.cfg
File: epstopdf-sys.cfg 2010/07/13 v1.3 Configuration of (r)epstopdf for TeX Liv
e
))
Package hyperref Info: Link coloring OFF on input line 65.

(/gnu/store/4ha3namjwxk2ahwd1x4nwd7jv4r1h4ks-texlive-texmf-20210325/share/texmf
-dist/tex/latex/hyperref/nameref.sty
Package: nameref 2021-04-02 v2.47 Cross-referencing by name of section

(/gnu/store/4ha3namjwxk2ahwd1x4nwd7jv4r1h4ks-texlive-texmf-20210325/share/texmf
-dist/tex/latex/refcount/refcount.sty
Package: refcount 2019/12/15 v3.6 Data extraction from label references (HO)
)
(/gnu/store/4ha3namjwxk2ahwd1x4nwd7jv4r1h4ks-texlive-texmf-20210325/share/texmf
-dist/tex/generic/gettitlestring/gettitlestring.sty
Package: gettitlestring 2019/12/15 v1.6 Cleanup title references (HO)
)
\c@section@level=\count395
)
LaTeX Info: Redefining \ref on input line 65.
LaTeX Info: Redefining \pageref on input line 65.
LaTeX Info: Redefining \nameref on input line 65.
\@outlinefile=\write7

\openout7 = 20230101212037-practice_algorithm_questions.out

*geometry* driver: auto-detecting
*geometry* detected driver: luatex
*geometry* verbose mode - [ preamble ] result:
* driver: luatex
* paper: a4paper
* layout: <same size as paper>
* layoutoffset:(h,v)=(0.0pt,0.0pt)
* modes: 
* h-part:(L,W,R)=(14.45377pt, 568.60034pt, 14.45377pt)
* v-part:(T,H,B)=(14.45377pt, 816.13931pt, 14.45377pt)
* \paperwidth=597.50787pt
* \paperheight=845.04684pt
* \textwidth=568.60034pt
* \textheight=816.13931pt
* \oddsidemargin=-57.81622pt
* \evensidemargin=-57.81622pt
* \topmargin=-94.81622pt
* \headheight=12.0pt
* \headsep=25.0pt
* \topskip=12.0pt
* \footskip=30.0pt
* \marginparwidth=35.0pt
* \marginparsep=10.0pt
* \columnsep=10.0pt
* \skip\footins=10.8pt plus 4.0pt minus 2.0pt
* \hoffset=0.0pt
* \voffset=0.0pt
* \mag=1000
* \@twocolumnfalse
* \@twosidefalse
* \@mparswitchfalse
* \@reversemarginfalse
* (1in=72.27pt=25.4mm, 1cm=28.453pt)

\c@lstlisting=\count396

Package pgfplots Warning: running in backwards compatibility mode (unsuitable t
ick labels; missing features). Consider writing \pgfplotsset{compat=1.17} into 
your preamble.
 on input line 65.

("|'inkscape' -V ")
LaTeX Font Info:    Trying to load font information for OT1+lmr on input line 6
8.

(/gnu/store/4ha3namjwxk2ahwd1x4nwd7jv4r1h4ks-texlive-texmf-20210325/share/texmf
-dist/tex/latex/lm/ot1lmr.fd
File: ot1lmr.fd 2015/05/01 v1.6.1 Font defs for Latin Modern
)
LaTeX Font Info:    Trying to load font information for OML+lmm on input line 6
8.

(/gnu/store/4ha3namjwxk2ahwd1x4nwd7jv4r1h4ks-texlive-texmf-20210325/share/texmf
-dist/tex/latex/lm/omllmm.fd
File: omllmm.fd 2015/05/01 v1.6.1 Font defs for Latin Modern
)
LaTeX Font Info:    Trying to load font information for OMS+lmsy on input line 
68.

(/gnu/store/4ha3namjwxk2ahwd1x4nwd7jv4r1h4ks-texlive-texmf-20210325/share/texmf
-dist/tex/latex/lm/omslmsy.fd
File: omslmsy.fd 2015/05/01 v1.6.1 Font defs for Latin Modern
)
LaTeX Font Info:    Trying to load font information for OMX+lmex on input line 
68.

(/gnu/store/4ha3namjwxk2ahwd1x4nwd7jv4r1h4ks-texlive-texmf-20210325/share/texmf
-dist/tex/latex/lm/omxlmex.fd
File: omxlmex.fd 2015/05/01 v1.6.1 Font defs for Latin Modern
)
LaTeX Font Info:    External font `lmex10' loaded for size
(Font)              <14.4> on input line 68.
LaTeX Font Info:    External font `lmex10' loaded for size
(Font)              <10> on input line 68.
LaTeX Font Info:    External font `lmex10' loaded for size
(Font)              <7> on input line 68.
LaTeX Font Info:    Trying to load font information for U+msa on input line 68.


(/gnu/store/4ha3namjwxk2ahwd1x4nwd7jv4r1h4ks-texlive-texmf-20210325/share/texmf
-dist/tex/latex/amsfonts/umsa.fd
File: umsa.fd 2013/01/14 v3.01 AMS symbols A
)
LaTeX Font Info:    Trying to load font information for U+msb on input line 68.


(/gnu/store/4ha3namjwxk2ahwd1x4nwd7jv4r1h4ks-texlive-texmf-20210325/share/texmf
-dist/tex/latex/amsfonts/umsb.fd
File: umsb.fd 2013/01/14 v3.01 AMS symbols B
)
(/gnu/store/4ha3namjwxk2ahwd1x4nwd7jv4r1h4ks-texlive-texmf-20210325/share/texmf
-dist/tex/latex/listings/lstlang1.sty
File: lstlang1.sty 2020/03/24 1.8d listings language file
)
(/gnu/store/4ha3namjwxk2ahwd1x4nwd7jv4r1h4ks-texlive-texmf-20210325/share/texmf
-dist/tex/latex/listings/lstmisc.sty
File: lstmisc.sty 2020/03/24 1.8d (Carsten Heinz)
)
\c@my_example=\count397
\c@definition=\count398
\c@characteristic=\count399
\c@entailment=\count400
\c@lemma=\count401
\c@question=\count402
\c@subquestion=\count403
\c@answer=\count404
\c@step=\count405

Underfull \hbox (badness 10000) in paragraph at lines 142--143

 []

Package svg Info: Calling Inkscape on input line 144.
runsystem(inkscape "/home/mahmooz/brain/out/VRN1HGB.svg" -D --export-latex --exp
ort-filename="VRN1HGB_svg-tex.pdf")...executed
runsystem(mkdir -p "./svg-inkscape/")...executed
runsystem(mv "VRN1HGB_svg-tex.pdf" "./svg-inkscape/VRN1HGB_svg-tex.pdf")...execu
ted
runsystem(mv "VRN1HGB_svg-tex.pdf_tex" "./svg-inkscape/VRN1HGB_svg-tex.pdf_tex")
...executed
Package svg Info: Last page of `./svg-inkscape/VRN1HGB_svg-tex.pdf' is 1 on inp
ut line 144.
(./svg-inkscape/VRN1HGB_svg-tex.pdf_tex
<./svg-inkscape/VRN1HGB_svg-tex.pdf, id=44, page=1, 344.99985pt x 142.17918pt>
File: ./svg-inkscape/VRN1HGB_svg-tex.pdf Graphic file (type pdf)
<use ./svg-inkscape/VRN1HGB_svg-tex.pdf, page 1>
Package luatex.def Info: ./svg-inkscape/VRN1HGB_svg-tex.pdf , page1 used on inp
ut line 56.
(luatex.def)             Requested size: 344.99985pt x 142.18967pt.
)
Package svg Info: Calling Inkscape on input line 148.
runsystem(inkscape "/home/mahmooz/brain/out/6SkRO8V.svg" -D --export-latex --exp
ort-filename="6SkRO8V_svg-tex.pdf")...executed
runsystem(mkdir -p "./svg-inkscape/")...executed
runsystem(mv "6SkRO8V_svg-tex.pdf" "./svg-inkscape/6SkRO8V_svg-tex.pdf")...execu
ted
runsystem(mv "6SkRO8V_svg-tex.pdf_tex" "./svg-inkscape/6SkRO8V_svg-tex.pdf_tex")
...executed
Package svg Info: Last page of `./svg-inkscape/6SkRO8V_svg-tex.pdf' is 1 on inp
ut line 148.

(./svg-inkscape/6SkRO8V_svg-tex.pdf_tex
<./svg-inkscape/6SkRO8V_svg-tex.pdf, id=46, page=1, 344.99985pt x 142.17918pt>
File: ./svg-inkscape/6SkRO8V_svg-tex.pdf Graphic file (type pdf)
<use ./svg-inkscape/6SkRO8V_svg-tex.pdf, page 1>
Package luatex.def Info: ./svg-inkscape/6SkRO8V_svg-tex.pdf , page1 used on inp
ut line 56.
(luatex.def)             Requested size: 344.99985pt x 142.18967pt.
)
LaTeX Font Info:    External font `lmex10' loaded for size
(Font)              <12> on input line 150.
LaTeX Font Info:    External font `lmex10' loaded for size
(Font)              <8> on input line 150.
LaTeX Font Info:    External font `lmex10' loaded for size
(Font)              <6> on input line 150.

Underfull \hbox (badness 10000) in paragraph at lines 150--151

 []

[1

{/gnu/store/4ha3namjwxk2ahwd1x4nwd7jv4r1h4ks-texlive-texmf-20210325/share/texmf-
dist/fonts/map/pdftex/updmap/pdftex.map}<./svg-inkscape/VRN1HGB_svg-tex.pdf><./s
vg-inkscape/6SkRO8V_svg-tex.pdf>]
(/home/mahmooz/brain//out//20230101212037-practice_algorithm_questions.aux)
Package rerunfilecheck Info: File `20230101212037-practice_algorithm_questions.
out' has not changed.
(rerunfilecheck)             Checksum: <no file>.
)

Here is how much of LuaTeX's memory you used:
 54653 strings out of 478531
 125375,2373549 words of node,token memory allocated
 1606 words of node memory still in use:
   30 hlist, 2 vlist, 14 rule, 2 glue, 4 kern, 1 glyph, 79 attribute, 119 glue_s
pec, 79 attribute_list, 2 write, 24 pdf_literal, 24 pdf_colorstack nodes
   avail lists: 2:232,3:76,4:38,5:64,6:15,7:654,8:13,9:136,10:3,11:30
 72595 multiletter control sequences out of 65536+600000
 64 fonts using 5483479 bytes
 97i,7n,99p,1665b,740s stack positions out of 5000i,500n,10000p,200000b,80000s
{/gnu/store/4ha3namjwxk2ahwd1x4nwd7jv4r1h4ks-texlive-texmf-20210325/share/texmf-
dist/fonts/enc/dvips/lm/lm-ec.enc}{/gnu/store/4ha3namjwxk2ahwd1x4nwd7jv4r1h4ks-t
exlive-texmf-20210325/share/texmf-dist/fonts/enc/dvips/lm/lm-mathit.enc}{/gnu/st
ore/4ha3namjwxk2ahwd1x4nwd7jv4r1h4ks-texlive-texmf-20210325/share/texmf-dist/fon
ts/enc/dvips/lm/lm-rm.enc}</gnu/store/4ha3namjwxk2ahwd1x4nwd7jv4r1h4ks-texlive-t
exmf-20210325/share/texmf-dist/fonts/type1/public/lm/lmbx12.pfb></gnu/store/4ha3
namjwxk2ahwd1x4nwd7jv4r1h4ks-texlive-texmf-20210325/share/texmf-dist/fonts/type1
/public/lm/lmcsc10.pfb></gnu/store/4ha3namjwxk2ahwd1x4nwd7jv4r1h4ks-texlive-texm
f-20210325/share/texmf-dist/fonts/type1/public/lm/lmmi12.pfb></gnu/store/4ha3nam
jwxk2ahwd1x4nwd7jv4r1h4ks-texlive-texmf-20210325/share/texmf-dist/fonts/type1/pu
blic/lm/lmr12.pfb></gnu/store/4ha3namjwxk2ahwd1x4nwd7jv4r1h4ks-texlive-texmf-202
10325/share/texmf-dist/fonts/type1/public/lm/lmr17.pfb>
Output written on 20230101212037-practice_algorithm_questions.pdf (1 page, 1470
39 bytes).

PDF statistics: 102 PDF objects out of 1000 (max. 8388607)
 59 compressed objects within 1 object stream
 3 named destinations out of 1000 (max. 131072)
 256 words of extra memory for PDF output out of 10000 (max. 100000000)

