\BOOKMARK [1][-]{section.1}{\376\377\000A\000N\000D}{}% 1
\BOOKMARK [1][-]{section.2}{\376\377\000O\000R}{}% 2
\BOOKMARK [1][-]{section.3}{\376\377\000N\000O\000T}{}% 3
\BOOKMARK [1][-]{section.4}{\376\377\000b\000a\000s\000i\000c\000\040\000p\000r\000o\000p\000e\000r\000t\000i\000e\000s\000\040\000o\000f\000\040\000b\000o\000o\000l\000e\000a\000n\000\040\000a\000l\000g\000e\000b\000r\000a}{}% 4
\BOOKMARK [2][-]{subsection.4.1}{\376\377\000i\000d\000e\000m\000p\000o\000t\000e\000n\000c\000y}{section.4}% 5
\BOOKMARK [2][-]{subsection.4.2}{\376\377\000i\000d\000e\000n\000t\000i\000t\000y}{section.4}% 6
\BOOKMARK [2][-]{subsection.4.3}{\376\377\000a\000n\000n\000u\000l\000m\000e\000n\000t}{section.4}% 7
\BOOKMARK [2][-]{subsection.4.4}{\376\377\000c\000o\000m\000m\000u\000t\000a\000t\000i\000v\000e}{section.4}% 8
\BOOKMARK [2][-]{subsection.4.5}{\376\377\000a\000s\000s\000o\000c\000i\000a\000t\000i\000v\000i\000t\000y}{section.4}% 9
\BOOKMARK [2][-]{subsection.4.6}{\376\377\000c\000o\000m\000p\000l\000e\000m\000e\000n\000t}{section.4}% 10
\BOOKMARK [2][-]{subsection.4.7}{\376\377\000d\000i\000s\000t\000r\000i\000b\000u\000t\000i\000v\000i\000t\000y}{section.4}% 11
\BOOKMARK [2][-]{subsection.4.8}{\376\377\000a\000b\000s\000o\000r\000p\000t\000i\000o\000n\000\040\0001}{section.4}% 12
\BOOKMARK [2][-]{subsection.4.9}{\376\377\000a\000b\000s\000o\000r\000p\000t\000i\000o\000n\000\040\0002}{section.4}% 13
\BOOKMARK [2][-]{subsection.4.10}{\376\377\000c\000o\000n\000s\000e\000n\000s\000u\000s}{section.4}% 14
\BOOKMARK [2][-]{subsection.4.11}{\376\377\000D\000e\000\040\000M\000o\000r\000g\000a\000n}{section.4}% 15
\BOOKMARK [1][-]{section.5}{\376\377\000s\000w\000i\000t\000c\000h\000i\000n\000g\000\040\000e\000x\000p\000r\000e\000s\000s\000i\000o\000n}{}% 16
\BOOKMARK [1][-]{section.6}{\376\377\000s\000w\000i\000t\000c\000h\000i\000n\000g\000\040\000f\000u\000n\000c\000t\000i\000o\000n}{}% 17
\BOOKMARK [2][-]{subsection.6.1}{\376\377\000m\000i\000n\000t\000e\000r\000m}{section.6}% 18
\BOOKMARK [2][-]{subsection.6.2}{\376\377\000m\000a\000x\000t\000e\000r\000m}{section.6}% 19
\BOOKMARK [2][-]{subsection.6.3}{\376\377\000D\000N\000F}{section.6}% 20
\BOOKMARK [2][-]{subsection.6.4}{\376\377\000C\000N\000F}{section.6}% 21
\BOOKMARK [2][-]{subsection.6.5}{\376\377\000f\000i\000n\000d\000i\000n\000g\000\040\000t\000h\000e\000\040\000s\000w\000i\000t\000c\000h\000i\000n\000g\000\040\000e\000x\000p\000r\000e\000s\000s\000i\000o\000n\000s\000\040\000o\000f\000\040\000a\000\040\000s\000w\000i\000t\000c\000h\000i\000n\000g\000\040\000f\000u\000n\000c\000t\000i\000o\000n}{section.6}% 22
\BOOKMARK [2][-]{subsection.6.6}{\376\377\000p\000r\000i\000m\000e\000\040\000i\000m\000p\000l\000i\000c\000a\000n\000t}{section.6}% 23
\BOOKMARK [2][-]{subsection.6.7}{\376\377\000e\000s\000s\000e\000n\000t\000i\000a\000l\000\040\000p\000r\000i\000m\000e\000\040\000i\000m\000p\000l\000i\000c\000a\000n\000t}{section.6}% 24
\BOOKMARK [2][-]{subsection.6.8}{\376\377\000t\000h\000e\000\040\000p\000r\000o\000c\000e\000s\000s\000\040\000o\000f\000\040\000f\000i\000n\000d\000i\000n\000g\000\040\000a\000\040\000m\000i\000n\000i\000m\000a\000l\000\040\000s\000w\000i\000t\000c\000h\000i\000n\000g\000\040\000e\000x\000p\000r\000e\000s\000s\000i\000o\000n\000\040\000o\000f\000\040\000a\000\040\000s\000w\000i\000t\000c\000h\000i\000n\000g\000\040\000f\000u\000n\000c\000t\000i\000o\000n}{section.6}% 25
\BOOKMARK [2][-]{subsection.6.9}{\376\377\000d\000o\000n\000t\000\040\000c\000a\000r\000e}{section.6}% 26
\BOOKMARK [2][-]{subsection.6.10}{\376\377\000m\000a\000p\000\040\000e\000x\000p\000r\000e\000s\000s\000i\000o\000n\000s}{section.6}% 27
\BOOKMARK [1][-]{section.7}{\376\377\000f\000u\000n\000c\000t\000i\000o\000n\000a\000l\000\040\000c\000o\000m\000p\000l\000e\000t\000e\000n\000e\000s\000s}{}% 28
\BOOKMARK [2][-]{subsection.7.1}{\376\377\000l\000i\000s\000t\000\040\000o\000f\000\040\000s\000y\000s\000t\000e\000m\000s\000\040\000k\000n\000o\000w\000n\000\040\000t\000o\000\040\000b\000e\000\040\000f\000u\000n\000c\000t\000i\000o\000n\000a\000l\000l\000y\000\040\000c\000o\000m\000p\000l\000e\000t\000e}{section.7}% 29
\BOOKMARK [2][-]{subsection.7.2}{\376\377\000p\000a\000r\000t\000i\000a\000l\000\040\000f\000u\000n\000c\000t\000i\000o\000n\000a\000l\000\040\000c\000o\000m\000p\000l\000e\000t\000e\000n\000e\000s\000s}{section.7}% 30
\BOOKMARK [1][-]{section.8}{\376\377\000S\000h\000a\000n\000n\000o\000n\000'\000s\000\040\000l\000a\000w}{}% 31
\BOOKMARK [1][-]{section.9}{\376\377\000X\000O\000R}{}% 32
\BOOKMARK [1][-]{section.10}{\376\377\000l\000o\000g\000i\000c\000\040\000g\000a\000t\000e}{}% 33
\BOOKMARK [2][-]{subsection.10.1}{\376\377\000A\000N\000D\000\040\000g\000a\000t\000e}{section.10}% 34
\BOOKMARK [2][-]{subsection.10.2}{\376\377\000O\000R\000\040\000g\000a\000t\000e}{section.10}% 35
\BOOKMARK [2][-]{subsection.10.3}{\376\377\000N\000A\000N\000D\000\040\000g\000a\000t\000e}{section.10}% 36
\BOOKMARK [2][-]{subsection.10.4}{\376\377\000N\000O\000R\000\040\000g\000a\000t\000e}{section.10}% 37
\BOOKMARK [2][-]{subsection.10.5}{\376\377\000X\000O\000R\000\040\000g\000a\000t\000e}{section.10}% 38
\BOOKMARK [2][-]{subsection.10.6}{\376\377\000N\000O\000T\000\040\000g\000a\000t\000e}{section.10}% 39
\BOOKMARK [1][-]{section.11}{\376\377\000l\000o\000g\000i\000c\000\040\000c\000i\000r\000c\000u\000i\000t}{}% 40
\BOOKMARK [2][-]{subsection.11.1}{\376\377\000D\000i\000g\000i\000t\000a\000l\000\040\000a\000b\000s\000t\000r\000a\000c\000t\000i\000o\000n}{section.11}% 41
\BOOKMARK [3][-]{subsubsection.11.1.1}{\376\377\000L\000o\000g\000i\000c\000a\000l\000\040\000l\000e\000v\000e\000l\000s}{subsection.11.1}% 42
