\BOOKMARK [1][-]{section.1}{\376\377\000f\000a\000c\000t\000o\000r\000i\000n\000g\000\040\000f\000o\000r\000m\000u\000l\000a\000s}{}% 1
\BOOKMARK [1][-]{section.2}{\376\377\000t\000r\000i\000g\000o\000n\000o\000m\000e\000t\000r\000i\000c\000\040\000f\000o\000r\000m\000u\000l\000a\000s}{}% 2
\BOOKMARK [1][-]{section.3}{\376\377\000n\000u\000m\000b\000e\000r\000s}{}% 3
\BOOKMARK [2][-]{subsection.3.1}{\376\377\000n\000a\000t\000u\000r\000a\000l}{section.3}% 4
\BOOKMARK [2][-]{subsection.3.2}{\376\377\000i\000n\000t\000e\000g\000e\000r}{section.3}% 5
\BOOKMARK [2][-]{subsection.3.3}{\376\377\000n\000o\000r\000m\000a\000l}{section.3}% 6
\BOOKMARK [2][-]{subsection.3.4}{\376\377\000r\000a\000t\000i\000o\000n\000a\000l}{section.3}% 7
\BOOKMARK [2][-]{subsection.3.5}{\376\377\000r\000e\000a\000l}{section.3}% 8
\BOOKMARK [2][-]{subsection.3.6}{\376\377\000c\000o\000m\000p\000l\000e\000x}{section.3}% 9
\BOOKMARK [1][-]{section.4}{\376\377\000f\000u\000n\000c\000t\000i\000o\000n\000s}{}% 10
\BOOKMARK [2][-]{subsection.4.1}{\376\377\000l\000i\000n\000e\000a\000r}{section.4}% 11
\BOOKMARK [2][-]{subsection.4.2}{\376\377\000r\000a\000t\000i\000o\000n\000a\000l}{section.4}% 12
\BOOKMARK [2][-]{subsection.4.3}{\376\377\000i\000r\000r\000a\000t\000i\000o\000n\000a\000l}{section.4}% 13
\BOOKMARK [2][-]{subsection.4.4}{\376\377\000e\000x\000p\000o\000n\000e\000n\000t\000i\000a\000l}{section.4}% 14
\BOOKMARK [2][-]{subsection.4.5}{\376\377\000l\000o\000g}{section.4}% 15
\BOOKMARK [3][-]{subsubsection.4.5.1}{\376\377\000n\000a\000t\000u\000r\000a\000l\000\040\000l\000o\000g}{subsection.4.5}% 16
\BOOKMARK [2][-]{subsection.4.6}{\376\377\000p\000o\000l\000y\000n\000o\000m\000i\000a\000l}{section.4}% 17
\BOOKMARK [2][-]{subsection.4.7}{\376\377\000t\000r\000i\000g\000o\000n\000o\000m\000e\000t\000r\000i\000c}{section.4}% 18
\BOOKMARK [3][-]{subsubsection.4.7.1}{\376\377\000c\000o\000s\000i\000n\000e}{subsection.4.7}% 19
\BOOKMARK [3][-]{subsubsection.4.7.2}{\376\377\000s\000i\000n\000e}{subsection.4.7}% 20
\BOOKMARK [3][-]{subsubsection.4.7.3}{\376\377\000t\000a\000n\000g\000e\000n\000t}{subsection.4.7}% 21
\BOOKMARK [2][-]{subsection.4.8}{\376\377\000e\000v\000e\000n\000\040\000f\000u\000n\000c\000t\000i\000o\000n}{section.4}% 22
\BOOKMARK [2][-]{subsection.4.9}{\376\377\000o\000d\000d\000\040\000f\000u\000n\000c\000t\000i\000o\000n}{section.4}% 23
\BOOKMARK [1][-]{section.5}{\376\377\000l\000i\000m\000i\000t}{}% 24
\BOOKMARK [2][-]{subsection.5.1}{\376\377\000l\000i\000m\000i\000t\000\040\000t\000a\000b\000l\000e}{section.5}% 25
\BOOKMARK [2][-]{subsection.5.2}{\376\377\000l\000i\000m\000i\000t\000s\000\040\000o\000f\000\040\000r\000a\000t\000i\000o\000n\000a\000l\000\040\000f\000u\000n\000c\000t\000i\000o\000n\000s}{section.5}% 26
\BOOKMARK [2][-]{subsection.5.3}{\376\377\000S\000q\000u\000e\000e\000z\000e\000\040\000t\000h\000e\000o\000r\000e\000m}{section.5}% 27
\BOOKMARK [2][-]{subsection.5.4}{\376\377\000i\000n\000d\000e\000t\000e\000r\000m\000i\000n\000a\000t\000e\000\040\000f\000o\000r\000m}{section.5}% 28
\BOOKMARK [2][-]{subsection.5.5}{\376\377\000c\000h\000a\000i\000n\000\040\000r\000u\000l\000e}{section.5}% 29
\BOOKMARK [2][-]{subsection.5.6}{\376\377\000d\000i\000v\000e\000r\000g\000e\000n\000c\000e}{section.5}% 30
\BOOKMARK [2][-]{subsection.5.7}{\376\377\000c\000o\000n\000v\000e\000r\000g\000e\000n\000c\000e}{section.5}% 31
\BOOKMARK [2][-]{subsection.5.8}{\376\377\000l\000i\000m\000i\000t\000s\000\040\000u\000s\000i\000n\000g\000\040\000e\000u\000l\000e\000r}{section.5}% 32
\BOOKMARK [2][-]{subsection.5.9}{\376\377\000L\000'\000H\000\364\000p\000i\000t\000a\000l\000'\000s\000\040\000r\000u\000l\000e}{section.5}% 33
\BOOKMARK [1][-]{section.6}{\376\377\000d\000e\000r\000i\000v\000a\000t\000i\000v\000e}{}% 34
\BOOKMARK [2][-]{subsection.6.1}{\376\377\000d\000e\000r\000i\000v\000a\000t\000i\000v\000e\000\040\000t\000a\000b\000l\000e}{section.6}% 35
\BOOKMARK [2][-]{subsection.6.2}{\376\377\000c\000h\000a\000i\000n\000\040\000r\000u\000l\000e}{section.6}% 36
\BOOKMARK [1][-]{section.7}{\376\377\000i\000n\000t\000e\000g\000r\000a\