This is pdfTeX, Version 3.141592653-2.6-1.40.22 (TeX Live 2021/nixos.org) (preloaded format=pdflatex 1980.1.1)  11 OCT 2022 09:11
entering extended mode
 restricted \write18 enabled.
 %&-line parsing enabled.
**/tmp/latex-vZcD3E.tex
(/tmp/latex-vZcD3E.tex
LaTeX2e <2021-11-15> patch level 1
L3 programming layer <2022-02-24>
(/nix/store/sh2zwza2hn0wwn7in901hvhaicim9ajn-texlive-combined-full-2021-final/s
hare/texmf/tex/latex/standalone/standalone.cls
Document Class: standalone 2018/03/26 v1.3a Class to compile TeX sub-files stan
dalone

(/nix/store/sh2zwza2hn0wwn7in901hvhaicim9ajn-texlive-combined-full-2021-final/s
hare/texmf/tex/latex/tools/shellesc.sty
Package: shellesc 2019/11/08 v1.0c unified shell escape interface for LaTeX
Package shellesc Info: Restricted shell escape enabled on input line 77.
)
(/nix/store/sh2zwza2hn0wwn7in901hvhaicim9ajn-texlive-combined-full-2021-final/s
hare/texmf/tex/generic/iftex/ifluatex.sty
Package: ifluatex 2019/10/25 v1.5 ifluatex legacy package. Use iftex instead.

(/nix/store/sh2zwza2hn0wwn7in901hvhaicim9ajn-texlive-combined-full-2021-final/s
hare/texmf/tex/generic/iftex/iftex.sty
Package: iftex 2022/02/03 v1.0f TeX engine tests
))
(/nix/store/sh2zwza2hn0wwn7in901hvhaicim9ajn-texlive-combined-full-2021-final/s
hare/texmf/tex/latex/xkeyval/xkeyval.sty
Package: xkeyval 2020/11/20 v2.8 package option processing (HA)

(/nix/store/sh2zwza2hn0wwn7in901hvhaicim9ajn-texlive-combined-full-2021-final/s
hare/texmf/tex/generic/xkeyval/xkeyval.tex
(/nix/store/sh2zwza2hn0wwn7in901hvhaicim9ajn-texlive-combined-full-2021-final/s
hare/texmf/tex/generic/xkeyval/xkvutils.tex
\XKV@toks=\toks16
\XKV@tempa@toks=\toks17

(/nix/store/sh2zwza2hn0wwn7in901hvhaicim9ajn-texlive-combined-full-2021-final/s
hare/texmf/tex/generic/xkeyval/keyval.tex))
\XKV@depth=\count185
File: xkeyval.tex 2014/12/03 v2.7a key=value parser (HA)
))
\sa@internal=\count186
\c@sapage=\count187

(/nix/store/sh2zwza2hn0wwn7in901hvhaicim9ajn-texlive-combined-full-2021-final/s
hare/texmf/tex/latex/standalone/standalone.cfg
File: standalone.cfg 2018/03/26 v1.3a Default configuration file for 'standalon
e' class
)
(/nix/store/sh2zwza2hn0wwn7in901hvhaicim9ajn-texlive-combined-full-2021-final/s
hare/texmf/tex/latex/base/article.cls
Document Class: article 2021/10/04 v1.4n Standard LaTeX document class

(/nix/store/sh2zwza2hn0wwn7in901hvhaicim9ajn-texlive-combined-full-2021-final/s
hare/texmf/tex/latex/base/size10.clo
File: size10.clo 2021/10/04 v1.4n Standard LaTeX file (size option)
)
\c@part=\count188
\c@section=\count189
\c@subsection=\count190
\c@subsubsection=\count191
\c@paragraph=\count192
\c@subparagraph=\count193
\c@figure=\count194
\c@table=\count195
\abovecaptionskip=\skip47
\belowcaptionskip=\skip48
\bibindent=\dimen138
)
(/nix/store/sh2zwza2hn0wwn7in901hvhaicim9ajn-texlive-combined-full-2021-final/s
hare/texmf/tex/latex/preview/preview.sty
Package: preview 2017/04/24 13.1 (AUCTeX/preview-latex)

(/nix/store/sh2zwza2hn0wwn7in901hvhaicim9ajn-texlive-combined-full-2021-final/s
hare/texmf/tex/generic/luatex85/luatex85.sty
Package: luatex85 2016/06/15 v1.4 pdftex aliases for luatex
)
(/nix/store/sh2zwza2hn0wwn7in901hvhaicim9ajn-texlive-combined-full-2021-final/s
hare/texmf/tex/latex/preview/prtightpage.def
\PreviewBorder=\dimen139
)
\pr@snippet=\count196
\pr@box=\box50
\pr@output=\toks18
))
(/nix/store/sh2zwza2hn0wwn7in901hvhaicim9ajn-texlive-combined-full-2021-final/s
hare/texmf/tex/latex/forest/forest.sty
Package: forest 2017/07/14 v2.1.5 Drawing (linguistic) trees

(/nix/store/sh2zwza2hn0wwn7in901hvhaicim9ajn-texlive-combined-full-2021-final/s
hare/texmf/tex/latex/pgf/frontendlayer/tikz.sty
(/nix/store/sh2zwza2hn0wwn7in901hvhaicim9ajn-texlive-combined-full-2021-final/s
hare/texmf/tex/latex/pgf/basiclayer/pgf.sty
(/nix/store/sh2zwza2hn0wwn7in901hvhaicim9ajn-texlive-combined-full-2021-final/s
hare/texmf/tex/latex/pgf/utilities/pgfrcs.sty
(/nix/store/sh2zwza2hn0wwn7in901hvhaicim9ajn-texlive-combined-full-2021-final/s
hare/texmf/tex/generic/pgf/utilities/pgfutil-common.tex
\pgfutil@everybye=\toks19
\pgfutil@tempdima=\dimen140
\pgfutil@tempdimb=\dimen141

(/nix/store/sh2zwza2hn0wwn7in901hvhaicim9ajn-texlive-combined-full-2021-final/s
hare/texmf/tex/generic/pgf/utilities/pgfutil-common-lists.tex))
(/nix/store/sh2zwza2hn0wwn7in901hvhaicim9ajn-texlive-combined-full-2021-final/s
hare/texmf/tex/generic/pgf/utilities/pgfutil-latex.def
\pgfutil@abb=\box51
)
(/nix/store/sh2zwza2hn0wwn7in901hvhaicim9ajn-texlive-combined-full-2021-final/s
hare/texmf/tex/generic/pgf/utilities/pgfrcs.code.tex
(/nix/store/sh2zwza2hn0wwn7in901hvhaicim9ajn-texlive-combined-full-2021-final/s
hare/texmf/tex/generic/pgf/pgf.revision.tex)
Package: pgfrcs 2021/05/15 v3.1.9a (3.1.9a)
))
Package: pgf 2021/05/15 v3.1.9a (3.1.9a)

(/nix/store/sh2zwza2hn0wwn7in901hvhaicim9ajn-texlive-combined-full-2021-final/s
hare/texmf/tex/latex/pgf/basiclayer/pgfcore.sty
(/nix/store/sh2zwza2hn0wwn7in901hvhaicim9ajn-texlive-combined-full-2021-final/s
hare/texmf/tex/latex/graphics/graphicx.sty
Package: graphicx 2021/09/16 v1.2d Enhanced LaTeX Graphics (DPC,SPQR)

(/nix/store/sh2zwza2hn0wwn7in901hvhaicim9ajn-texlive-combined-full-2021-final/s
hare/texmf/tex/latex/graphics/graphics.sty
Package: graphics 2021/03/04 v1.4d Standard LaTeX Graphics (DPC,SPQR)

(/nix/store/sh2zwza2hn0wwn7in901hvhaicim9ajn-texlive-combined-full-2021-final/s
hare/texmf/tex/latex/graphics/trig.sty
Package: trig 2021/08/11 v1.11 sin cos tan (DPC)
)
(/nix/store/sh2zwza2hn0wwn7in901hvhaicim9ajn-texlive-combined-full-2021-final/s
hare/texmf/tex/latex/graphics-cfg/graphics.cfg
File: graphics.cfg 2016/06/04 v1.11 sample graphics configuration
)
Package graphics Info: Driver file: pdftex.def on input line 107.

(/nix/store/sh2zwza2hn0wwn7in901hvhaicim9ajn-texlive-combined-full-2021-final/s
hare/texmf/tex/latex/graphics-def/pdftex.def
File: pdftex.def 2020/10/05 v1.2a Graphics/color driver for pdftex
))
\Gin@req@height=\dimen142
\Gin@req@width=\dimen143
)
(/nix/store/sh2zwza2hn0wwn7in901hvhaicim9ajn-texlive-combined-full-2021-final/s
hare/texmf/tex/latex/pgf/systemlayer/pgfsys.sty
(/nix/store/sh2zwza2hn0wwn7in901hvhaicim9ajn-texlive-combined-full-2021-final/s
hare/texmf/tex/generic/pgf/systemlayer/pgfsys.code.tex
Package: pgfsys 2021/05/15 v3.1.9a (3.1.9a)

(/nix/store/sh2zwza2hn0wwn7in901hvhaicim9ajn-texlive-combined-full-2021-final/s
hare/texmf/tex/generic/pgf/utilities/pgfkeys.code.tex
\pgfkeys@pathtoks=\toks20
\pgfkeys@temptoks=\toks21

(/nix/store/sh2zwza2hn0wwn7in901hvhaicim9ajn-texlive-combined-full-2021-final/s
hare/texmf/tex/generic/pgf/utilities/pgfkeysfiltered.code.tex
\pgfkeys@tmptoks=\toks22
))
\pgf@x=\dimen144
\pgf@y=\dimen145
\pgf@xa=\dimen146
\pgf@ya=\dimen147
\pgf@xb=\dimen148
\pgf@yb=\dimen149
\pgf@xc=\dimen150
\pgf@yc=\dimen151
\pgf@xd=\dimen152
\pgf@yd=\dimen153
\w@pgf@writea=\write3
\r@pgf@reada=\read2
\c@pgf@counta=\count197
\c@pgf@countb=\count198
\c@pgf@countc=\count199
\c@pgf@countd=\count266
\t@pgf@toka=\toks23
\t@pgf@tokb=\toks24
\t@pgf@tokc=\toks25
\pgf@sys@id@count=\count267

(/nix/store/sh2zwza2hn0wwn7in901hvhaicim9ajn-texlive-combined-full-2021-final/s
hare/texmf/tex/generic/pgf/systemlayer/pgf.cfg
File: pgf.cfg 2021/05/15 v3.1.9a (3.1.9a)
)
Driver file for pgf: pgfsys-pdftex.def

(/nix/store/sh2zwza2hn0wwn7in901hvhaicim9ajn-texlive-combined-full-2021-final/s
hare/texmf/tex/generic/pgf/systemlayer/pgfsys-pdftex.def
File: pgfsys-pdftex.def 2021/05/15 v3.1.9a (3.1.9a)

(/nix/store/sh2zwza2hn0wwn7in901hvhaicim9ajn-texlive-combined-full-2021-final/s
hare/texmf/tex/generic/pgf/systemlayer/pgfsys-common-pdf.def
File: pgfsys-common-pdf.def 2021/05/15 v3.1.9a (3.1.9a)
)))
(/nix/store/sh2zwza2hn0wwn7in901hvhaicim9ajn-texlive-combined-full-2021-final/s
hare/texmf/tex/generic/pgf/systemlayer/pgfsyssoftpath.code.tex
File: pgfsyssoftpath.code.tex 2021/05/15 v3.1.9a (3.1.9a)
\pgfsyssoftpath@smallbuffer@items=\count268
\pgfsyssoftpath@bigbuffer@items=\count269
)
(/nix/store/sh2zwza2hn0wwn7in901hvhaicim9ajn-texlive-combined-full-2021-final/s
hare/texmf/tex/generic/pgf/systemlayer/pgfsysprotocol.code.tex
File: pgfsysprotocol.code.tex 2021/05/15 v3.1.9a (3.1.9a)
))
(/nix/store/sh2zwza2hn0wwn7in901hvhaicim9ajn-texlive-combined-full-2021-final/s
hare/texmf/tex/latex/xcolor/xcolor.sty
Package: xcolor 2021/10/31 v2.13 LaTeX color extensions (UK)

(/nix/store/sh2zwza2hn0wwn7in901hvhaicim9ajn-texlive-combined-full-2021-final/s
hare/texmf/tex/latex/graphics-cfg/color.cfg
File: color.cfg 2016/01/02 v1.6 sample color configuration
)
Package xcolor Info: Driver file: pdftex.def on input line 227.
Package xcolor Info: Model `cmy' substituted by `cmy0' on input line 1352.
Package xcolor Info: Model `hsb' substituted by `rgb' on input line 1356.
Package xcolor Info: Model `RGB' extended on input line 1368.
Package xcolor Info: Model `HTML' substituted by `rgb' on input line 1370.
Package xcolor Info: Model `Hsb' substituted by `hsb' on input line 1371.
Package xcolor Info: Model `tHsb' substituted by `hsb' on input line 1372.
Package xcolor Info: Model `HSB' substituted by `hsb' on input line 1373.
Package xcolor Info: Model `Gray' substituted by `gray' on input line 1374.
Package xcolor Info: Model `wave' substituted by `hsb' on input line 1375.
)
(/nix/store/sh2zwza2hn0wwn7in901hvhaicim9ajn-texlive-combined-full-2021-final/s
hare/texmf/tex/generic/pgf/basiclayer/pgfcore.code.tex
Package: pgfcore 2021/05/15 v3.1.9a (3.1.9a)

(/nix/store/sh2zwza2hn0wwn7in901hvhaicim9ajn-texlive-combined-full-2021-final/s
hare/texmf/tex/generic/pgf/math/pgfmath.code.tex
(/nix/store/sh2zwza2hn0wwn7in901hvhaicim9ajn-texlive-combined-full-2021-final/s
hare/texmf/tex/generic/pgf/math/pgfmathcalc.code.tex
(/nix/store/sh2zwza2hn0wwn7in901hvhaicim9ajn-texlive-combined-full-2021-final/s
hare/texmf/tex/generic/pgf/math/pgfmathutil.code.tex)
(/nix/store/sh2zwza2hn0wwn7in901hvhaicim9ajn-texlive-combined-full-2021-final/s
hare/texmf/tex/generic/pgf/math/pgfmathparser.code.tex
\pgfmath@dimen=\dimen154
\pgfmath@count=\count270
\pgfmath@box=\box52
\pgfmath@toks=\toks26
\pgfmath@stack@operand=\toks27
\pgfmath@stack@operation=\toks28
)
(/nix/store/sh2zwza2hn0wwn7in901hvhaicim9ajn-texlive-combined-full-2021-final/s
hare/texmf/tex/generic/pgf/math/pgfmathfunctions.code.tex
(/nix/store/sh2zwza2hn0wwn7in901hvhaicim9ajn-texlive-combined-full-2021-final/s
hare/texmf/tex/generic/pgf/math/pgfmathfunctions.basic.code.tex)
(/nix/store/sh2zwza2hn0wwn7in901hvhaicim9ajn-texlive-combined-full-2021-final/s
hare/texmf/tex/generic/pgf/math/pgfmathfunctions.trigonometric.code.tex)
(/nix/store/sh2zwza2hn0wwn7in901hvhaicim9ajn-texlive-combined-full-2021-final/s
hare/texmf/tex/generic/pgf/math/pgfmathfunctions.random.code.tex)
(/nix/store/sh2zwza2hn0wwn7in901hvhaicim9ajn-texlive-combined-full-2021-final/s
hare/texmf/tex/generic/pgf/math/pgfmathfunctions.comparison.code.tex)
(/nix/store/sh2zwza2hn0wwn7in901hvhaicim9ajn-texlive-combined-full-2021-final/s
hare/texmf/tex/generic/pgf/math/pgfmathfunctions.base.code.tex)
(/nix/store/sh2zwza2hn0wwn7in901hvhaicim9ajn-texlive-combined-full-2021-final/s
hare/texmf/tex/generic/pgf/math/pgfmathfunctions.round.code.tex)
(/nix/store/sh2zwza2hn0wwn7in901hvhaicim9ajn-texlive-combined-full-2021-final/s
hare/texmf/tex/generic/pgf/math/pgfmathfunctions.misc.code.tex)
(/nix/store/sh2zwza2hn0wwn7in901hvhaicim9ajn-texlive-combined-full-2021-final/s
hare/texmf/tex/generic/pgf/math/pgfmathfunctions.integerarithmetics.code.tex)))

(/nix/store/sh2zwza2hn0wwn7in901hvhaicim9ajn-texlive-combined-full-2021-final/s
hare/texmf/tex/generic/pgf/math/pgfmathfloat.code.tex
\c@pgfmathroundto@lastzeros=\count271
))
(/nix/store/sh2zwza2hn0wwn7in901hvhaicim9ajn-texlive-combined-full-2021-final/s
hare/texmf/tex/generic/pgf/math/pgfint.code.tex)
(/nix/store/sh2zwza2hn0wwn7in901hvhaicim9ajn-texlive-combined-full-2021-final/s
hare/texmf/tex/generic/pgf/basiclayer/pgfcorepoints.code.tex
File: pgfcorepoints.code.tex 2021/05/15 v3.1.9a (3.1.9a)
\pgf@picminx=\dimen155
\pgf@picmaxx=\dimen156
\pgf@picminy=\dimen157
\pgf@picmaxy=\dimen158
\pgf@pathminx=\dimen159
\pgf@pathmaxx=\dimen160
\pgf@pathminy=\dimen161
\pgf@pathmaxy=\dimen162
\pgf@xx=\dimen163
\pgf@xy=\dimen164
\pgf@yx=\dimen165
\pgf@yy=\dimen166
\pgf@zx=\dimen167
\pgf@zy=\dimen168
)
(/nix/store/sh2zwza2hn0wwn7in901hvhaicim9ajn-texlive-combined-full-2021-final/s
hare/texmf/tex/generic/pgf/basiclayer/pgfcorepathconstruct.code.tex
File: pgfcorepathconstruct.code.tex 2021/05/15 v3.1.9a (3.1.9a)
\pgf@path@lastx=\dimen169
\pgf@path@lasty=\dimen170
)
(/nix/store/sh2zwza2hn0wwn7in901hvhaicim9ajn-texlive-combined-full-2021-final/s
hare/texmf/tex/generic/pgf/basiclayer/pgfcorepathusage.code.tex
File: pgfcorepathusage.code.tex 2021/05/15 v3.1.9a (3.1.9a)
\pgf@shorten@end@additional=\dimen171
\pgf@shorten@start@additional=\dimen172
)
(/nix/store/sh2zwza2hn0wwn7in901hvhaicim9ajn-texlive-combined-full-2021-final/s
hare/texmf/tex/generic/pgf/basiclayer/pgfcorescopes.code.tex
File: pgfcorescopes.code.tex 2021/05/15 v3.1.9a (3.1.9a)
\pgfpic=\box53
\pgf@hbox=\box54
\pgf@layerbox@main=\box55
\pgf@picture@serial@count=\count272
)
(/nix/store/sh2zwza2hn0wwn7in901hvhaicim9ajn-texlive-combined-full-2021-final/s
hare/texmf/tex/generic/pgf/basiclayer/pgfcoregraphicstate.code.tex
File: pgfcoregraphicstate.code.tex 2021/05/15 v3.1.9a (3.1.9a)
\pgflinewidth=\dimen173
)
(/nix/store/sh2zwza2hn0wwn7in901hvhaicim9ajn-texlive-combined-full-2021-final/s
hare/texmf/tex/generic/pgf/basiclayer/pgfcoretransformations.code.tex
File: pgfcoretransformations.code.tex 2021/05/15 v3.1.9a (3.1.9a)
\pgf@pt@x=\dimen174
\pgf@pt@y=\dimen175
\pgf@pt@temp=\dimen176
)
(/nix/store/sh2zwza2hn0wwn7in901hvhaicim9ajn-texlive-combined-full-2021-final/s
hare/texmf/tex/generic/pgf/basiclayer/pgfcorequick.code.tex
File: pgfcorequick.code.tex 2021/05/15 v3.1.9a (3.1.9a)
)
(/nix/store/sh2zwza2hn0wwn7in901hvhaicim9ajn-texlive-combined-full-2021-final/s
hare/texmf/tex/generic/pgf/basiclayer/pgfcoreobjects.code.tex
File: pgfcoreobjects.code.tex 2021/05/15 v3.1.9a (3.1.9a)
)
(/nix/store/sh2zwza2hn0wwn7in901hvhaicim9ajn-texlive-combined-full-2021-final/s
hare/texmf/tex/generic/pgf/basiclayer/pgfcorepathprocessing.code.tex
File: pgfcorepathprocessing.code.tex 2021/05/15 v3.1.9a (3.1.9a)
)
(/nix/store/sh2zwza2hn0wwn7in901hvhaicim9ajn-texlive-combined-full-2021-final/s
hare/texmf/tex/generic/pgf/basiclayer/pgfcorearrows.code.tex
File: pgfcorearrows.code.tex 2021/05/15 v3.1.9a (3.1.9a)
\pgfarrowsep=\dimen177
)
(/nix/store/sh2zwza2hn0wwn7in901hvhaicim9ajn-texlive-combined-full-2021-final/s
hare/texmf/tex/generic/pgf/basiclayer/pgfcoreshade.code.tex
File: pgfcoreshade.code.tex 2021/05/15 v3.1.9a (3.1.9a)
\pgf@max=\dimen178
\pgf@sys@shading@range@num=\count273
\pgf@shadingcount=\count274
)
(/nix/store/sh2zwza2hn0wwn7in901hvhaicim9ajn-texlive-combined-full-2021-final/s
hare/texmf/tex/generic/pgf/basiclayer/pgfcoreimage.code.tex
File: pgfcoreimage.code.tex 2021/05/15 v3.1.9a (3.1.9a)

(/nix/store/sh2zwza2hn0wwn7in901hvhaicim9ajn-texlive-combined-full-2021-final/s
hare/texmf/tex/generic/pgf/basiclayer/pgfcoreexternal.code.tex
File: pgfcoreexternal.code.tex 2021/05/15 v3.1.9a (3.1.9a)
\pgfexternal@startupbox=\box56
))
(/nix/store/sh2zwza2hn0wwn7in901hvhaicim9ajn-texlive-combined-full-2021-final/s
hare/texmf/tex/generic/pgf/basiclayer/pgfcorelayers.code.tex
File: pgfcorelayers.code.tex 2021/05/15 v3.1.9a (3.1.9a)
)
(/nix/store/sh2zwza2hn0wwn7in901hvhaicim9ajn-texlive-combined-full-2021-final/s
hare/texmf/tex/generic/pgf/basiclayer/pgfcoretransparency.code.tex
File: pgfcoretransparency.code.tex 2021/05/15 v3.1.9a (3.1.9a)
)
(/nix/store/sh2zwza2hn0wwn7in901hvhaicim9ajn-texlive-combined-full-2021-final/s
hare/texmf/tex/generic/pgf/basiclayer/pgfcorepatterns.code.tex
File: pgfcorepatterns.code.tex 2021/05/15 v3.1.9a (3.1.9a)
)
(/nix/store/sh2zwza2hn0wwn7in901hvhaicim9ajn-texlive-combined-full-2021-final/s
hare/texmf/tex/generic/pgf/basiclayer/pgfcorerdf.code.tex
File: pgfcorerdf.code.tex 2021/05/15 v3.1.9a (3.1.9a)
)))
(/nix/store/sh2zwza2hn0wwn7in901hvhaicim9ajn-texlive-combined-full-2021-final/s
hare/texmf/tex/generic/pgf/modules/pgfmoduleshapes.code.tex
File: pgfmoduleshapes.code.tex 2021/05/15 v3.1.9a (3.1.9a)
\pgfnodeparttextbox=\box57
)
(/nix/store/sh2zwza2hn0wwn7in901hvhaicim9ajn-texlive-combined-full-2021-final/s
hare/texmf/tex/generic/pgf/modules/pgfmoduleplot.code.tex
File: pgfmoduleplot.code.tex 2021/05/15 v3.1.9a (3.1.9a)
)
(/nix/store/sh2zwza2hn0wwn7in901hvhaicim9ajn-texlive-combined-full-2021-final/s
hare/texmf/tex/latex/pgf/compatibility/pgfcomp-version-0-65.sty
Package: pgfcomp-version-0-65 2021/05/15 v3.1.9a (3.1.9a)
\pgf@nodesepstart=\dimen179
\pgf@nodesepend=\dimen180
)
(/nix/store/sh2zwza2hn0wwn7in901hvhaicim9ajn-texlive-combined-full-2021-final/s
hare/texmf/tex/latex/pgf/compatibility/pgfcomp-version-1-18.sty
Package: pgfcomp-version-1-18 2021/05/15 v3.1.9a (3.1.9a)
))
(/nix/store/sh2zwza2hn0wwn7in901hvhaicim9ajn-texlive-combined-full-2021-final/s
hare/texmf/tex/latex/pgf/utilities/pgffor.sty
(/nix/store/sh2zwza2hn0wwn7in901hvhaicim9ajn-texlive-combined-full-2021-final/s
hare/texmf/tex/latex/pgf/utilities/pgfkeys.sty
(/nix/store/sh2zwza2hn0wwn7in901hvhaicim9ajn-texlive-combined-full-2021-final/s
hare/texmf/tex/generic/pgf/utilities/pgfkeys.code.tex))
(/nix/store/sh2zwza2hn0wwn7in901hvhaicim9ajn-texlive-combined-full-2021-final/s
hare/texmf/tex/latex/pgf/math/pgfmath.sty
(/nix/store/sh2zwza2hn0wwn7in901hvhaicim9ajn-texlive-combined-full-2021-final/s
hare/texmf/tex/generic/pgf/math/pgfmath.code.tex))
(/nix/store/sh2zwza2hn0wwn7in901hvhaicim9ajn-texlive-combined-full-2021-final/s
hare/texmf/tex/generic/pgf/utilities/pgffor.code.tex
Package: pgffor 2021/05/15 v3.1.9a (3.1.9a)

(/nix/store/sh2zwza2hn0wwn7in901hvhaicim9ajn-texlive-combined-full-2021-final/s
hare/texmf/tex/generic/pgf/math/pgfmath.code.tex)
\pgffor@iter=\dimen181
\pgffor@skip=\dimen182
\pgffor@stack=\toks29
\pgffor@toks=\toks30
))
(/nix/store/sh2zwza2hn0wwn7in901hvhaicim9ajn-texlive-combined-full-2021-final/s
hare/texmf/tex/generic/pgf/frontendlayer/tikz/tikz.code.tex
Package: tikz 2021/05/15 v3.1.9a (3.1.9a)

(/nix/store/sh2zwza2hn0wwn7in901hvhaicim9ajn-texlive-combined-full-2021-final/s
hare/texmf/tex/generic/pgf/libraries/pgflibraryplothandlers.code.tex
File: pgflibraryplothandlers.code.tex 2021/05/15 v3.1.9a (3.1.9a)
\pgf@plot@mark@count=\count275
\pgfplotmarksize=\dimen183
)
\tikz@lastx=\dimen184
\tikz@lasty=\dimen185
\tikz@lastxsaved=\dimen186
\tikz@lastysaved=\dimen187
\tikz@lastmovetox=\dimen188
\tikz@lastmovetoy=\dimen189
\tikzleveldistance=\dimen190
\tikzsiblingdistance=\dimen191
\tikz@figbox=\box58
\tikz@figbox@bg=\box59
\tikz@tempbox=\box60
\tikz@tempbox@bg=\box61
\tikztreelevel=\count276
\tikznumberofchildren=\count277
\tikznumberofcurrentchild=\count278
\tikz@fig@count=\count279

(/nix/store/sh2zwza2hn0wwn7in901hvhaicim9ajn-texlive-combined-full-2021-final/s
hare/texmf/tex/generic/pgf/modules/pgfmodulematrix.code.tex
File: pgfmodulematrix.code.tex 2021/05/15 v3.1.9a (3.1.9a)
\pgfmatrixcurrentrow=\count280
\pgfmatrixcurrentcolumn=\count281
\pgf@matrix@numberofcolumns=\count282
)
\tikz@expandcount=\count283

(/nix/store/sh2zwza2hn0wwn7in901hvhaicim9ajn-texlive-combined-full-2021-final/s
hare/texmf/tex/generic/pgf/frontendlayer/tikz/libraries/tikzlibrarytopaths.code
.tex
File: tikzlibrarytopaths.code.tex 2021/05/15 v3.1.9a (3.1.9a)
)))
(/nix/store/sh2zwza2hn0wwn7in901hvhaicim9ajn-texlive-combined-full-2021-final/s
hare/texmf/tex/generic/pgf/frontendlayer/tikz/libraries/tikzlibraryshapes.code.
tex
File: tikzlibraryshapes.code.tex 2021/05/15 v3.1.9a (3.1.9a)

(/nix/store/sh2zwza2hn0wwn7in901hvhaicim9ajn-texlive-combined-full-2021-final/s
hare/texmf/tex/generic/pgf/frontendlayer/tikz/libraries/tikzlibraryshapes.geome
tric.code.tex
File: tikzlibraryshapes.geometric.code.tex 2021/05/15 v3.1.9a (3.1.9a)

(/nix/store/sh2zwza2hn0wwn7in901hvhaicim9ajn-texlive-combined-full-2021-final/s
hare/texmf/tex/generic/pgf/libraries/shapes/pgflibraryshapes.geometric.code.tex
File: pgflibraryshapes.geometric.code.tex 2021/05/15 v3.1.9a (3.1.9a)
))
(/nix/store/sh2zwza2hn0wwn7in901hvhaicim9ajn-texlive-combined-full-2021-final/s
hare/texmf/tex/generic/pgf/frontendlayer/tikz/libraries/tikzlibraryshapes.misc.
code.tex
File: tikzlibraryshapes.misc.code.tex 2021/05/15 v3.1.9a (3.1.9a)

(/nix/store/sh2zwza2hn0wwn7in901hvhaicim9ajn-texlive-combined-full-2021-final/s
hare/texmf/tex/generic/pgf/libraries/shapes/pgflibraryshapes.misc.code.tex
File: pgflibraryshapes.misc.code.tex 2021/05/15 v3.1.9a (3.1.9a)
))
(/nix/store/sh2zwza2hn0wwn7in901hvhaicim9ajn-texlive-combined-full-2021-final/s
hare/texmf/tex/generic/pgf/frontendlayer/tikz/libraries/tikzlibraryshapes.symbo
ls.code.tex
File: tikzlibraryshapes.symbols.code.tex 2021/05/15 v3.1.9a (3.1.9a)

(/nix/store/sh2zwza2hn0wwn7in901hvhaicim9ajn-texlive-combined-full-2021-final/s
hare/texmf/tex/generic/pgf/libraries/shapes/pgflibraryshapes.symbols.code.tex
File: pgflibraryshapes.symbols.code.tex 2021/05/15 v3.1.9a (3.1.9a)
))
(/nix/store/sh2zwza2hn0wwn7in901hvhaicim9ajn-texlive-combined-full-2021-final/s
hare/texmf/tex/generic/pgf/frontendlayer/tikz/libraries/tikzlibraryshapes.arrow
s.code.tex
File: tikzlibraryshapes.arrows.code.tex 2021/05/15 v3.1.9a (3.1.9a)

(/nix/store/sh2zwza2hn0wwn7in901hvhaicim9ajn-texlive-combined-full-2021-final/s
hare/texmf/tex/generic/pgf/libraries/shapes/pgflibraryshapes.arrows.code.tex
File: pgflibraryshapes.arrows.code.tex 2021/05/15 v3.1.9a (3.1.9a)
))
(/nix/store/sh2zwza2hn0wwn7in901hvhaicim9ajn-texlive-combined-full-2021-final/s
hare/texmf/tex/generic/pgf/frontendlayer/tikz/libraries/tikzlibraryshapes.callo
uts.code.tex
(/nix/store/sh2zwza2hn0wwn7in901hvhaicim9ajn-texlive-combined-full-2021-final/s
hare/texmf/tex/generic/pgf/libraries/shapes/pgflibraryshapes.callouts.code.tex)
)
(/nix/store/sh2zwza2hn0wwn7in901hvhaicim9ajn-texlive-combined-full-2021-final/s
hare/texmf/tex/generic/pgf/frontendlayer/tikz/libraries/tikzlibraryshapes.multi
part.code.tex
File: tikzlibraryshapes.multipart.code.tex 2021/05/15 v3.1.9a (3.1.9a)

(/nix/store/sh2zwza2hn0wwn7in901hvhaicim9ajn-texlive-combined-full-2021-final/s
hare/texmf/tex/generic/pgf/libraries/shapes/pgflibraryshapes.multipart.code.tex
File: pgflibraryshapes.multipart.code.tex 2021/05/15 v3.1.9a (3.1.9a)
\pgfnodepartlowerbox=\box62
\pgfnodeparttwobox=\box63
\pgfnodepartthreebox=\box64
\pgfnodepartfourbox=\box65
\pgfnodeparttwentybox=\box66
\pgfnodepartnineteenbox=\box67
\pgfnodeparteighteenbox=\box68
\pgfnodepartseventeenbox=\box69
\pgfnodepartsixteenbox=\box70
\pgfnodepartfifteenbox=\box71
\pgfnodepartfourteenbox=\box72
\pgfnodepartthirteenbox=\box73
\pgfnodeparttwelvebox=\box74
\pgfnodepartelevenbox=\box75
\pgfnodeparttenbox=\box76
\pgfnodepartninebox=\box77
\pgfnodeparteightbox=\box78
\pgfnodepartsevenbox=\box79
\pgfnodepartsixbox=\box80
\pgfnodepartfivebox=\box81
)))
(/nix/store/sh2zwza2hn0wwn7in901hvhaicim9ajn-texlive-combined-full-2021-final/s
hare/texmf/tex/generic/pgf/frontendlayer/tikz/libraries/tikzlibraryfit.code.tex
File: tikzlibraryfit.code.tex 2021/05/15 v3.1.9a (3.1.9a)
)
(/nix/store/sh2zwza2hn0wwn7in901hvhaicim9ajn-texlive-combined-full-2021-final/s
hare/texmf/tex/generic/pgf/frontendlayer/tikz/libraries/tikzlibrarycalc.code.te
x
File: tikzlibrarycalc.code.tex 2021/05/15 v3.1.9a (3.1.9a)
)
(/nix/store/sh2zwza2hn0wwn7in901hvhaicim9ajn-texlive-combined-full-2021-final/s
hare/texmf/tex/generic/pgf/libraries/pgflibraryintersections.code.tex
(/nix/store/sh2zwza2hn0wwn7in901hvhaicim9ajn-texlive-combined-full-2021-final/s
hare/texmf/tex/generic/pgf/libraries/pgflibraryfpu.code.tex)
\pgf@intersect@solutions=\count284
)
(/nix/store/sh2zwza2hn0wwn7in901hvhaicim9ajn-texlive-combined-full-2021-final/s
hare/texmf/tex/latex/pgfopts/pgfopts.sty
Package: pgfopts 2014/07/10 v2.1a LaTeX package options with pgfkeys
\pgfopts@list@add@a@toks=\toks31
\pgfopts@list@add@b@toks=\toks32
)
(/nix/store/sh2zwza2hn0wwn7in901hvhaicim9ajn-texlive-combined-full-2021-final/s
hare/texmf/tex/latex/etoolbox/etoolbox.sty
Package: etoolbox 2020/10/05 v2.5k e-TeX tools for LaTeX (JAW)
\etb@tempcnta=\count285
)
(/nix/store/sh2zwza2hn0wwn7in901hvhaicim9ajn-texlive-combined-full-2021-final/s
hare/texmf/tex/latex/elocalloc/elocalloc.sty
Package: elocalloc 2016/12/15 v0.03 local allocation for LaTeX 2015+ (DPC)
)
(/nix/store/sh2zwza2hn0wwn7in901hvhaicim9ajn-texlive-combined-full-2021-final/s
hare/texmf/tex/latex/environ/environ.sty
Package: environ 2014/05/04 v0.3 A new way to define environments

(/nix/store/sh2zwza2hn0wwn7in901hvhaicim9ajn-texlive-combined-full-2021-final/s
hare/texmf/tex/latex/trimspaces/trimspaces.sty
Package: trimspaces 2009/09/17 v1.1 Trim spaces around a token list
)
\@envbody=\toks33
)
(/nix/store/sh2zwza2hn0wwn7in901hvhaicim9ajn-texlive-combined-full-2021-final/s
hare/texmf/tex/latex/l3packages/xparse/xparse.sty
(/nix/store/sh2zwza2hn0wwn7in901hvhaicim9ajn-texlive-combined-full-2021-final/s
hare/texmf/tex/latex/l3kernel/expl3.sty
Package: expl3 2022-02-24 L3 programming layer (loader) 

(/nix/store/sh2zwza2hn0wwn7in901hvhaicim9ajn-texlive-combined-full-2021-final/s
hare/texmf/tex/latex/l3backend/l3backend-pdftex.def
File: l3backend-pdftex.def 2022-02-07 L3 backend support: PDF output (pdfTeX)
\l__color_backend_stack_int=\count286
\l__pdf_internal_box=\box82
))
Package: xparse 2022-01-12 L3 Experimental document command parser
)
(/nix/store/sh2zwza2hn0wwn7in901hvhaicim9ajn-texlive-combined-full-2021-final/s
hare/texmf/tex/latex/inlinedef/inlinedef.sty
Package: inlinedef 2008/07/10 v1.0 Inlined expansions within definitions
\ID@toks=\toks34
\ID@count=\count287
)
\ID@usercommands=\toks35
\safeloop@depth=\count288
\safeRKloop@depth=\count289
\forest@temp@dimen=\dimen192
\forest@temp@count=\count290
\forest@n=\count291
\forest@temp@global@count=\count292
\forest@temp@toks=\toks36
\forest@temparray@M=\count293
\forest@temparray@N=\count294
\forest@global@temparray@M=\count295
\forest@global@temparray@N=\count296
\forest@isnum@count=\count297
\forest@isdim@nonintpart=\count298
\forest@isdim@dimen=\dimen193
\forest@sort@m=\count299
\forest@sort@k=\count300
\forest@sort@p=\count301
\bracket@content=\toks37
\bracket@afterthought=\toks38
\forest@node@maxid=\count302
\forest@process@left@M=\count303
\forest@process@left@N=\count304
\forest@process@right@M=\count305
\forest@process@right@N=\count306
\forest@process@saved@M=\count307
\forest@process@saved@N=\count308
\forest@process@result@M=\count309
\forest@process@result@N=\count310
\forest@process@n=\count311
\forest@nodewalk@branch@toks=\toks39
\forest@nodewalk@shortsteps@resolution=\toks40
\forest@do@dynamics=\toks41
\forest@box=\box83
\forest@xg=\dimen194
\forest@yg=\dimen195
\forest@xs=\dimen196
\forest@ys=\dimen197
\forest@pi@toks=\toks42
\forest@segment@toks=\toks43
\forest@PIi@toks=\toks44
\forest@PIii@toks=\toks45
\forest@copy@in=\read3
\forest@copy@out=\write4
\forest@externalize@max@outer@n=\count312
\forest@externalize@inner@n=\count313
)
(/nix/store/sh2zwza2hn0wwn7in901hvhaicim9ajn-texlive-combined-full-2021-final/s
hare/texmf/tex/latex/amsmath/amsmath.sty
Package: amsmath 2021/10/15 v2.17l AMS math features
\@mathmargin=\skip49

For additional information on amsmath, use the `?' option.

(/nix/store/sh2zwza2hn0wwn7in901hvhaicim9ajn-texlive-combined-full-2021-final/s
hare/texmf/tex/latex/amsmath/amstext.sty
Package: amstext 2021/08/26 v2.01 AMS text

(/nix/store/sh2zwza2hn0wwn7in901hvhaicim9ajn-texlive-combined-full-2021-final/s
hare/texmf/tex/latex/amsmath/amsgen.sty
File: amsgen.sty 1999/11/30 v2.0 generic functions
\@emptytoks=\toks46
\ex@=\dimen198
))
(/nix/store/sh2zwza2hn0wwn7in901hvhaicim9ajn-texlive-combined-full-2021-final/s
hare/texmf/tex/latex/amsmath/amsbsy.sty
Package: amsbsy 1999/11/29 v1.2d Bold Symbols
\pmbraise@=\dimen199
)
(/nix/store/sh2zwza2hn0wwn7in901hvhaicim9ajn-texlive-combined-full-2021-final/s
hare/texmf/tex/latex/amsmath/amsopn.sty
Package: amsopn 2021/08/26 v2.02 operator names
)
\inf@bad=\count314
LaTeX Info: Redefining \frac on input line 234.
\uproot@=\count315
\leftroot@=\count316
LaTeX Info: Redefining \overline on input line 399.
\classnum@=\count317
\DOTSCASE@=\count318
LaTeX Info: Redefining \ldots on input line 496.
LaTeX Info: Redefining \dots on input line 499.
LaTeX Info: Redefining \cdots on input line 620.
\Mathstrutbox@=\box84
\strutbox@=\box85
\big@size=\dimen256
LaTeX Font Info:    Redeclaring font encoding OML on input line 743.
LaTeX Font Info:    Redeclaring font encoding OMS on input line 744.
\macc@depth=\count319
\c@MaxMatrixCols=\count320
\dotsspace@=\muskip16
\c@parentequation=\count321
\dspbrk@lvl=\count322
\tag@help=\toks47
\row@=\count323
\column@=\count324
\maxfields@=\count325
\andhelp@=\toks48
\eqnshift@=\dimen257
\alignsep@=\dimen258
\tagshift@=\dimen259
\tagwidth@=\dimen260
\totwidth@=\dimen261
\lineht@=\dimen262
\@envbody=\toks49
\multlinegap=\skip50
\multlinetaggap=\skip51
\mathdisplay@stack=\toks50
LaTeX Info: Redefining \[ on input line 2938.
LaTeX Info: Redefining \] on input line 2939.
)
(/nix/store/sh2zwza2hn0wwn7in901hvhaicim9ajn-texlive-combined-full-2021-final/s
hare/texmf/tex/latex/amsfonts/amssymb.sty
Package: amssymb 2013/01/14 v3.01 AMS font symbols

(/nix/store/sh2zwza2hn0wwn7in901hvhaicim9ajn-texlive-combined-full-2021-final/s
hare/texmf/tex/latex/amsfonts/amsfonts.sty
Package: amsfonts 2013/01/14 v3.01 Basic AMSFonts support
\symAMSa=\mathgroup4
\symAMSb=\mathgroup5
LaTeX Font Info:    Redeclaring math symbol \hbar on input line 98.
LaTeX Font Info:    Overwriting math alphabet `\mathfrak' in version `bold'
(Font)                  U/euf/m/n --> U/euf/b/n on input line 106.
))
(/nix/store/sh2zwza2hn0wwn7in901hvhaicim9ajn-texlive-combined-full-2021-final/s
hare/texmf/tex/latex/tikz-3dplot/tikz-3dplot.sty
(/nix/store/sh2zwza2hn0wwn7in901hvhaicim9ajn-texlive-combined-full-2021-final/s
hare/texmf/tex/latex/base/ifthen.sty
Package: ifthen 2020/11/24 v1.1c Standard LaTeX ifthen package (DPC)
)
(/nix/store/sh2zwza2hn0wwn7in901hvhaicim9ajn-texlive-combined-full-2021-final/s
hare/texmf/tex/generic/pgf/frontendlayer/tikz/libraries/tikzlibrary3d.code.tex
File: tikzlibrary3d.code.tex 2021/05/15 v3.1.9a (3.1.9a)
)
(/nix/store/sh2zwza2hn0wwn7in901hvhaicim9ajn-texlive-combined-full-2021-final/s
hare/texmf/tex/generic/pgf/frontendlayer/tikz/libraries/tikzlibraryarrows.code.
tex
File: tikzlibraryarrows.code.tex 2021/05/15 v3.1.9a (3.1.9a)

(/nix/store/sh2zwza2hn0wwn7in901hvhaicim9ajn-texlive-combined-full-2021-final/s
hare/texmf/tex/generic/pgf/libraries/pgflibraryarrows.code.tex
File: pgflibraryarrows.code.tex 2021/05/15 v3.1.9a (3.1.9a)
\arrowsize=\dimen263
)))
(/nix/store/sh2zwza2hn0wwn7in901hvhaicim9ajn-texlive-combined-full-2021-final/s
hare/texmf/tex/latex/pgfplots/pgfplots.sty
(/nix/store/sh2zwza2hn0wwn7in901hvhaicim9ajn-texlive-combined-full-2021-final/s
hare/texmf/tex/generic/pgfplots/pgfplots.revision.tex)
Package: pgfplots 2021/05/15 v1.18.1 Data Visualization (1.18.1)

(/nix/store/sh2zwza2hn0wwn7in901hvhaicim9ajn-texlive-combined-full-2021-final/s
hare/texmf/tex/generic/pgfplots/pgfplots.code.tex
(/nix/store/sh2zwza2hn0wwn7in901hvhaicim9ajn-texlive-combined-full-2021-final/s
hare/texmf/tex/generic/pgfplots/pgfplotscore.code.tex
\t@pgfplots@toka=\toks51
\t@pgfplots@tokb=\toks52
\t@pgfplots@tokc=\toks53
\pgfplots@tmpa=\dimen264
\c@pgfplots@coordindex=\count326
\c@pgfplots@scanlineindex=\count327

(/nix/store/sh2zwza2hn0wwn7in901hvhaicim9ajn-texlive-combined-full-2021-final/s
hare/texmf/tex/generic/pgfplots/sys/pgfplotssysgeneric.code.tex))
(/nix/store/sh2zwza2hn0wwn7in901hvhaicim9ajn-texlive-combined-full-2021-final/s
hare/texmf/tex/generic/pgfplots/libs/pgfplotslibrary.code.tex)
(/nix/store/sh2zwza2hn0wwn7in901hvhaicim9ajn-texlive-combined-full-2021-final/s
hare/texmf/tex/generic/pgfplots/oldpgfcompatib/pgfplotsoldpgfsupp_loader.code.t
ex)
(/nix/store/sh2zwza2hn0wwn7in901hvhaicim9ajn-texlive-combined-full-2021-final/s
hare/texmf/tex/generic/pgfplots/util/pgfplotsutil.code.tex
(/nix/store/sh2zwza2hn0wwn7in901hvhaicim9ajn-texlive-combined-full-2021-final/s
hare/texmf/tex/generic/pgfplots/liststructure/pgfplotsliststructure.code.tex)
(/nix/store/sh2zwza2hn0wwn7in901hvhaicim9ajn-texlive-combined-full-2021-final/s
hare/texmf/tex/generic/pgfplots/liststructure/pgfplotsliststructureext.code.tex
)
(/nix/store/sh2zwza2hn0wwn7in901hvhaicim9ajn-texlive-combined-full-2021-final/s
hare/texmf/tex/generic/pgfplots/liststructure/pgfplotsarray.code.tex
\c@pgfplotsarray@tmp=\count328
)
(/nix/store/sh2zwza2hn0wwn7in901hvhaicim9ajn-texlive-combined-full-2021-final/s
hare/texmf/tex/generic/pgfplots/liststructure/pgfplotsmatrix.code.tex)
(/nix/store/sh2zwza2hn0wwn7in901hvhaicim9ajn-texlive-combined-full-2021-final/s
hare/texmf/tex/generic/pgfplots/numtable/pgfplotstableshared.code.tex
\c@pgfplotstable@counta=\count329
\t@pgfplotstable@a=\toks54
)
(/nix/store/sh2zwza2hn0wwn7in901hvhaicim9ajn-texlive-combined-full-2021-final/s
hare/texmf/tex/generic/pgfplots/liststructure/pgfplotsdeque.code.tex)
(/nix/store/sh2zwza2hn0wwn7in901hvhaicim9ajn-texlive-combined-full-2021-final/s
hare/texmf/tex/generic/pgfplots/util/pgfplotsbinary.code.tex
(/nix/store/sh2zwza2hn0wwn7in901hvhaicim9ajn-texlive-combined-full-2021-final/s
hare/texmf/tex/generic/pgfplots/util/pgfplotsbinary.data.code.tex))
(/nix/store/sh2zwza2hn0wwn7in901hvhaicim9ajn-texlive-combined-full-2021-final/s
hare/texmf/tex/generic/pgfplots/util/pgfplotsutil.verb.code.tex)
(/nix/store/sh2zwza2hn0wwn7in901hvhaicim9ajn-texlive-combined-full-2021-final/s
hare/texmf/tex/generic/pgfplots/libs/pgflibrarypgfplots.surfshading.code.tex
\c@pgfplotslibrarysurf@no=\count330

(/nix/store/sh2zwza2hn0wwn7in901hvhaicim9ajn-texlive-combined-full-2021-final/s
hare/texmf/tex/generic/pgfplots/sys/pgflibrarypgfplots.surfshading.pgfsys-pdfte
x.def)))
(/nix/store/sh2zwza2hn0wwn7in901hvhaicim9ajn-texlive-combined-full-2021-final/s
hare/texmf/tex/generic/pgfplots/util/pgfplotscolormap.code.tex
(/nix/store/sh2zwza2hn0wwn7in901hvhaicim9ajn-texlive-combined-full-2021-final/s
hare/texmf/tex/generic/pgfplots/util/pgfplotscolor.code.tex))
(/nix/store/sh2zwza2hn0wwn7in901hvhaicim9ajn-texlive-combined-full-2021-final/s
hare/texmf/tex/generic/pgfplots/pgfplotsstackedplots.code.tex)
(/nix/store/sh2zwza2hn0wwn7in901hvhaicim9ajn-texlive-combined-full-2021-final/s
hare/texmf/tex/generic/pgfplots/pgfplotsplothandlers.code.tex
(/nix/store/sh2zwza2hn0wwn7in901hvhaicim9ajn-texlive-combined-full-2021-final/s
hare/texmf/tex/generic/pgfplots/pgfplotsmeshplothandler.code.tex
(/nix/store/sh2zwza2hn0wwn7in901hvhaicim9ajn-texlive-combined-full-2021-final/s
hare/texmf/tex/generic/pgfplots/pgfplotsmeshplotimage.code.tex)))
(/nix/store/sh2zwza2hn0wwn7in901hvhaicim9ajn-texlive-combined-full-2021-final/s
hare/texmf/tex/generic/pgfplots/pgfplots.scaling.code.tex)
(/nix/store/sh2zwza2hn0wwn7in901hvhaicim9ajn-texlive-combined-full-2021-final/s
hare/texmf/tex/generic/pgfplots/pgfplotscoordprocessing.code.tex)
(/nix/store/sh2zwza2hn0wwn7in901hvhaicim9ajn-texlive-combined-full-2021-final/s
hare/texmf/tex/generic/pgfplots/pgfplots.errorbars.code.tex)
(/nix/store/sh2zwza2hn0wwn7in901hvhaicim9ajn-texlive-combined-full-2021-final/s
hare/texmf/tex/generic/pgfplots/pgfplots.markers.code.tex)
(/nix/store/sh2zwza2hn0wwn7in901hvhaicim9ajn-texlive-combined-full-2021-final/s
hare/texmf/tex/generic/pgfplots/pgfplotsticks.code.tex)
(/nix/store/sh2zwza2hn0wwn7in901hvhaicim9ajn-texlive-combined-full-2021-final/s
hare/texmf/tex/generic/pgfplots/pgfplots.paths.code.tex)
(/nix/store/sh2zwza2hn0wwn7in901hvhaicim9ajn-texlive-combined-full-2021-final/s
hare/texmf/tex/generic/pgf/frontendlayer/tikz/libraries/tikzlibrarydecorations.
code.tex
(/nix/store/sh2zwza2hn0wwn7in901hvhaicim9ajn-texlive-combined-full-2021-final/s
hare/texmf/tex/generic/pgf/modules/pgfmoduledecorations.code.tex
\pgfdecoratedcompleteddistance=\dimen265
\pgfdecoratedremainingdistance=\dimen266
\pgfdecoratedinputsegmentcompleteddistance=\dimen267
\pgfdecoratedinputsegmentremainingdistance=\dimen268
\pgf@decorate@distancetomove=\dimen269
\pgf@decorate@repeatstate=\count331
\pgfdecorationsegmentamplitude=\dimen270
\pgfdecorationsegmentlength=\dimen271
)
\tikz@lib@dec@box=\box86
)
(/nix/store/sh2zwza2hn0wwn7in901hvhaicim9ajn-texlive-combined-full-2021-final/s
hare/texmf/tex/generic/pgf/frontendlayer/tikz/libraries/tikzlibrarydecorations.
pathmorphing.code.tex
(/nix/store/sh2zwza2hn0wwn7in901hvhaicim9ajn-texlive-combined-full-2021-final/s
hare/texmf/tex/generic/pgf/libraries/decorations/pgflibrarydecorations.pathmorp
hing.code.tex))
(/nix/store/sh2zwza2hn0wwn7in901hvhaicim9ajn-texlive-combined-full-2021-final/s
hare/texmf/tex/generic/pgf/frontendlayer/tikz/libraries/tikzlibrarydecorations.
pathreplacing.code.tex
(/nix/store/sh2zwza2hn0wwn7in901hvhaicim9ajn-texlive-combined-full-2021-final/s
hare/texmf/tex/generic/pgf/libraries/decorations/pgflibrarydecorations.pathrepl
acing.code.tex))
(/nix/store/sh2zwza2hn0wwn7in901hvhaicim9ajn-texlive-combined-full-2021-final/s
hare/texmf/tex/generic/pgfplots/libs/tikzlibrarypgfplots.contourlua.code.tex)
\pgfplots@numplots=\count332
\pgfplots@xmin@reg=\dimen272
\pgfplots@xmax@reg=\dimen273
\pgfplots@ymin@reg=\dimen274
\pgfplots@ymax@reg=\dimen275
\pgfplots@zmin@reg=\dimen276
\pgfplots@zmax@reg=\dimen277
)
(/nix/store/sh2zwza2hn0wwn7in901hvhaicim9ajn-texlive-combined-full-2021-final/s
hare/texmf/tex/generic/pgf/frontendlayer/tikz/libraries/tikzlibraryplotmarks.co
de.tex
File: tikzlibraryplotmarks.code.tex 2021/05/15 v3.1.9a (3.1.9a)

(/nix/store/sh2zwza2hn0wwn7in901hvhaicim9ajn-texlive-combined-full-2021-final/s
hare/texmf/tex/generic/pgf/libraries/pgflibraryplotmarks.code.tex
File: pgflibraryplotmarks.code.tex 2021/05/15 v3.1.9a (3.1.9a)
)))
(/nix/store/sh2zwza2hn0wwn7in901hvhaicim9ajn-texlive-combined-full-2021-final/s
hare/texmf/tex/latex/algorithmicx/algpseudocode.sty
Package: algpseudocode 

(/nix/store/sh2zwza2hn0wwn7in901hvhaicim9ajn-texlive-combined-full-2021-final/s
hare/texmf/tex/latex/algorithmicx/algorithmicx.sty
Package: algorithmicx 2005/04/27 v1.2 Algorithmicx

Document Style algorithmicx 1.2 - a greatly improved `algorithmic' style
\c@ALG@line=\count333
\c@ALG@rem=\count334
\c@ALG@nested=\count335
\ALG@tlm=\skip52
\ALG@thistlm=\skip53
\c@ALG@Lnr=\count336
\c@ALG@blocknr=\count337
\c@ALG@storecount=\count338
\c@ALG@tmpcounter=\count339
\ALG@tmplength=\skip54
)
Document Style - pseudocode environments for use with the `algorithmicx' style
)
(/nix/store/sh2zwza2hn0wwn7in901hvhaicim9ajn-texlive-combined-full-2021-final/s
hare/texmf/tex/latex/karnaugh-map/karnaugh-map.sty
Package: karnaugh-map 2022/01/15 v2.0 Draw Karnaugh Maps

(/nix/store/sh2zwza2hn0wwn7in901hvhaicim9ajn-texlive-combined-full-2021-final/s
hare/texmf/tex/latex/kvoptions/kvoptions.sty
Package: kvoptions 2020-10-07 v3.14 Key value format for package options (HO)

(/nix/store/sh2zwza2hn0wwn7in901hvhaicim9ajn-texlive-combined-full-2021-final/s
hare/texmf/tex/generic/ltxcmds/ltxcmds.sty
Package: ltxcmds 2020-05-10 v1.25 LaTeX kernel commands for general use (HO)
)
(/nix/store/sh2zwza2hn0wwn7in901hvhaicim9ajn-texlive-combined-full-2021-final/s
hare/texmf/tex/generic/kvsetkeys/kvsetkeys.sty
Package: kvsetkeys 2019/12/15 v1.18 Key value parser (HO)
))
(/nix/store/sh2zwza2hn0wwn7in901hvhaicim9ajn-texlive-combined-full-2021-final/s
hare/texmf/tex/generic/xstring/xstring.sty
(/nix/store/sh2zwza2hn0wwn7in901hvhaicim9ajn-texlive-combined-full-2021-final/s
hare/texmf/tex/generic/xstring/xstring.tex
\integerpart=\count340
\decimalpart=\count341
)
Package: xstring 2021/07/21 v1.84 String manipulations (CT)
)
(/nix/store/sh2zwza2hn0wwn7in901hvhaicim9ajn-texlive-combined-full-2021-final/s
hare/texmf/tex/generic/pgf/frontendlayer/tikz/libraries/tikzlibrarymatrix.code.
tex
File: tikzlibrarymatrix.code.tex 2021/05/15 v3.1.9a (3.1.9a)
)
\@karnaughmap@var@colorindex@=\count342
\@karnaughmap@var@colorindexnext@=\count343
)
(/nix/store/sh2zwza2hn0wwn7in901hvhaicim9ajn-texlive-combined-full-2021-final/s
hare/texmf/tex/latex/circuitikz/circuitikz.sty
Package: circuitikz 2022/02/04{} The CircuiTikz circuit drawing package version
 1.4.6

(/nix/store/sh2zwza2hn0wwn7in901hvhaicim9ajn-texlive-combined-full-2021-final/s
hare/texmf/tex/generic/pgf/libraries/pgflibraryarrows.meta.code.tex
File: pgflibraryarrows.meta.code.tex 2021/05/15 v3.1.9a (3.1.9a)
\pgfarrowinset=\dimen278
\pgfarrowlength=\dimen279
\pgfarrowwidth=\dimen280
\pgfarrowlinewidth=\dimen281
)
(/nix/store/sh2zwza2hn0wwn7in901hvhaicim9ajn-texlive-combined-full-2021-final/s
hare/texmf/tex/generic/pgf/frontendlayer/tikz/libraries/tikzlibrarybending.code
.tex
File: tikzlibrarybending.code.tex 2021/05/15 v3.1.9a (3.1.9a)

(/nix/store/sh2zwza2hn0wwn7in901hvhaicim9ajn-texlive-combined-full-2021-final/s
hare/texmf/tex/generic/pgf/modules/pgfmodulebending.code.tex
File: pgfmodulebending.code.tex 2021/05/15 v3.1.9a (3.1.9a)

(/nix/store/sh2zwza2hn0wwn7in901hvhaicim9ajn-texlive-combined-full-2021-final/s
hare/texmf/tex/generic/pgf/modules/pgfmodulenonlineartransformations.code.tex
File: pgfmodulenonlineartransformations.code.tex 2021/05/15 v3.1.9a (3.1.9a)
\pgftransformnonlinearflatness=\dimen282
)
(/nix/store/sh2zwza2hn0wwn7in901hvhaicim9ajn-texlive-combined-full-2021-final/s
hare/texmf/tex/generic/pgf/libraries/pgflibrarycurvilinear.code.tex
File: pgflibrarycurvilinear.code.tex 2021/05/15 v3.1.9a (3.1.9a)
\pgf@curvilinear@time@a=\dimen283
\pgf@curvilinear@length@a=\dimen284
\pgf@curvilinear@length@b=\dimen285
\pgf@curvilinear@length@c=\dimen286
\pgf@curvilinear@length@d=\dimen287
)
\pgf@arrows@the@rigidity=\dimen288
))
(/nix/store/sh2zwza2hn0wwn7in901hvhaicim9ajn-texlive-combined-full-2021-final/s
hare/texmf/tex/generic/pgf/frontendlayer/tikz/libraries/tikzlibraryfpu.code.tex
)
(/nix/store/sh2zwza2hn0wwn7in901hvhaicim9ajn-texlive-combined-full-2021-final/s
hare/texmf/tex/generic/circuitikz/pgfcirc.defines.tex
\pgf@circ@count@a=\count344
\pgf@circ@count@b=\count345
\pgf@circ@count@c=\count346
\pgf@circ@res@up=\dimen289
\pgf@circ@res@down=\dimen290
\pgf@circ@res@zero=\dimen291
\pgf@circ@res@left=\dimen292
\pgf@circ@res@right=\dimen293
\pgf@circ@res@other=\dimen294
\pgf@circ@res@step=\dimen295
\pgf@circ@res@temp=\dimen296
\pgf@circ@Rlen=\dimen297
\pgf@circ@scaled@Rlen=\dimen298
\pgfstartlinewidth=\dimen299
)
(/nix/store/sh2zwza2hn0wwn7in901hvhaicim9ajn-texlive-combined-full-2021-final/s
hare/texmf/tex/generic/circuitikz/pgfcircutils.tex
\ctikz@scratchbox=\box87
)
(/nix/store/sh2zwza2hn0wwn7in901hvhaicim9ajn-texlive-combined-full-2021-final/s
hare/texmf/tex/generic/circuitikz/pgfcircpath.tex)
(/nix/store/sh2zwza2hn0wwn7in901hvhaicim9ajn-texlive-combined-full-2021-final/s
hare/texmf/tex/generic/circuitikz/pgfcircshapes.tex)
(/nix/store/sh2zwza2hn0wwn7in901hvhaicim9ajn-texlive-combined-full-2021-final/s
hare/texmf/tex/generic/circuitikz/pgfcircmonopoles.tex)
(/nix/store/sh2zwza2hn0wwn7in901hvhaicim9ajn-texlive-combined-full-2021-final/s
hare/texmf/tex/generic/circuitikz/pgfcircbipoles.tex)
(/nix/store/sh2zwza2hn0wwn7in901hvhaicim9ajn-texlive-combined-full-2021-final/s
hare/texmf/tex/generic/circuitikz/pgfcirctripoles.tex
\pgf@circ@res@count=\count347
)
(/nix/store/sh2zwza2hn0wwn7in901hvhaicim9ajn-texlive-combined-full-2021-final/s
hare/texmf/tex/generic/circuitikz/pgfcircquadpoles.tex)
(/nix/store/sh2zwza2hn0wwn7in901hvhaicim9ajn-texlive-combined-full-2021-final/s
hare/texmf/tex/generic/circuitikz/pgfcircmultipoles.tex)
(/nix/store/sh2zwza2hn0wwn7in901hvhaicim9ajn-texlive-combined-full-2021-final/s
hare/texmf/tex/generic/circuitikz/pgfcirclabel.tex)
(/nix/store/sh2zwza2hn0wwn7in901hvhaicim9ajn-texlive-combined-full-2021-final/s
hare/texmf/tex/generic/circuitikz/pgfcircvoltage.tex
\pgfcirc@labelshift=\dimen300
)
(/nix/store/sh2zwza2hn0wwn7in901hvhaicim9ajn-texlive-combined-full-2021-final/s
hare/texmf/tex/generic/circuitikz/pgfcirccurrent.tex)
(/nix/store/sh2zwza2hn0wwn7in901hvhaicim9ajn-texlive-combined-full-2021-final/s
hare/texmf/tex/generic/circuitikz/pgfcircflow.tex))
(/nix/store/sh2zwza2hn0wwn7in901hvhaicim9ajn-texlive-combined-full-2021-final/s
hare/texmf/tex/latex/tikzmark/tikzlibrarytikzmark.code.tex
File: tikzlibrarytikzmark.code.tex 2021/02/16 v1.10 TikZ library for marking po
sitions in a document

(/nix/store/sh2zwza2hn0wwn7in901hvhaicim9ajn-texlive-combined-full-2021-final/s
hare/texmf/tex/latex/l3packages/l3keys2e/l3keys2e.sty
Package: l3keys2e 2022-01-12 LaTeX2e option processing using LaTeX3 keys
)
\l__sn_x_dim=\dimen301
\l__sn_y_dim=\dimen302
\l__sn_xa_dim=\dimen303
\l__sn_ya_dim=\dimen304
)
(/nix/store/sh2zwza2hn0wwn7in901hvhaicim9ajn-texlive-combined-full-2021-final/s
hare/texmf/tex/generic/pgf/frontendlayer/tikz/libraries/tikzlibraryautomata.cod
e.tex
File: tikzlibraryautomata.code.tex 2021/05/15 v3.1.9a (3.1.9a)
)
(/nix/store/sh2zwza2hn0wwn7in901hvhaicim9ajn-texlive-combined-full-2021-final/s
hare/texmf/tex/generic/pgf/frontendlayer/tikz/libraries/tikzlibrarypositioning.
code.tex
File: tikzlibrarypositioning.code.tex 2021/05/15 v3.1.9a (3.1.9a)
)
(/nix/store/sh2zwza2hn0wwn7in901hvhaicim9ajn-texlive-combined-full-2021-final/s
hare/texmf/tex/generic/pgf/frontendlayer/tikz/libraries/tikzlibraryangles.code.
tex
File: tikzlibraryangles.code.tex 2021/05/15 v3.1.9a (3.1.9a)
)
(/nix/store/sh2zwza2hn0wwn7in901hvhaicim9ajn-texlive-combined-full-2021-final/s
hare/texmf/tex/generic/pgf/frontendlayer/tikz/libraries/tikzlibraryquotes.code.
tex
File: tikzlibraryquotes.code.tex 2021/05/15 v3.1.9a (3.1.9a)
)
No file latex-vZcD3E.aux.
\openout1 = `latex-vZcD3E.aux'.

LaTeX Font Info:    Checking defaults for OML/cmm/m/it on input line 10.
LaTeX Font Info:    ... okay on input line 10.
LaTeX Font Info:    Checking defaults for OMS/cmsy/m/n on input line 10.
LaTeX Font Info:    ... okay on input line 10.
LaTeX Font Info:    Checking defaults for OT1/cmr/m/n on input line 10.
LaTeX Font Info:    ... okay on input line 10.
LaTeX Font Info:    Checking defaults for T1/cmr/m/n on input line 10.
LaTeX Font Info:    ... okay on input line 10.
LaTeX Font Info:    Checking defaults for TS1/cmr/m/n on input line 10.
LaTeX Font Info:    ... okay on input line 10.
LaTeX Font Info:    Checking defaults for OMX/cmex/m/n on input line 10.
LaTeX Font Info:    ... okay on input line 10.
LaTeX Font Info:    Checking defaults for U/cmr/m/n on input line 10.
LaTeX Font Info:    ... okay on input line 10.
Preview: Fontsize 10pt
Preview: PDFoutput 1

(/nix/store/sh2zwza2hn0wwn7in901hvhaicim9ajn-texlive-combined-full-2021-final/s
hare/texmf/tex/context/base/mkii/supp-pdf.mkii
[Loading MPS to PDF converter (version 2006.09.02).]
\scratchcounter=\count348
\scratchdimen=\dimen305
\scratchbox=\box88
\nofMPsegments=\count349
\nofMParguments=\count350
\everyMPshowfont=\toks55
\MPscratchCnt=\count351
\MPscratchDim=\dimen306
\MPnumerator=\count352
\makeMPintoPDFobject=\count353
\everyMPtoPDFconversion=\toks56
)
(/nix/store/sh2zwza2hn0wwn7in901hvhaicim9ajn-texlive-combined-full-2021-final/s
hare/texmf/tex/latex/epstopdf-pkg/epstopdf-base.sty
Package: epstopdf-base 2020-01-24 v2.11 Base part for package epstopdf
Package epstopdf-base Info: Redefining graphics rule for `.eps' on input line 4
85.

(/nix/store/sh2zwza2hn0wwn7in901hvhaicim9ajn-texlive-combined-full-2021-final/s
hare/texmf/tex/latex/latexconfig/epstopdf-sys.cfg
File: epstopdf-sys.cfg 2010/07/13 v1.3 Configuration of (r)epstopdf for TeX Liv
e
))

Package pgfplots Warning: running in backwards compatibility mode (unsuitable t
ick labels; missing features). Consider writing \pgfplotsset{compat=1.18} into 
your preamble.
 on input line 10.


(/nix/store/sh2zwza2hn0wwn7in901hvhaicim9ajn-texlive-combined-full-2021-final/s
hare/texmf/tex/generic/pgfplots/libs/tikzlibrarypgfplots.polar.code.tex))
Runaway argument?
{tikzpicture \begin {polaraxis}[ymax=1.4] \node [outer sep=0, inner s\ETC.
! File ended while scanning use of \begin .
<inserted text> 
                \par 
<*> /tmp/latex-vZcD3E.tex
                         
? 
! Emergency stop.
<inserted text> 
                \par 
<*> /tmp/latex-vZcD3E.tex
                         
End of file on the terminal!

 
Here is how much of TeX's memory you used:
 49733 strings out of 478278
 1406106 string characters out of 5819600
 1989382 words of memory out of 5000000
 67367 multiletter control sequences out of 15000+600000
 469259 words of font info for 28 fonts, out of 8000000 for 9000
 1141 hyphenation exceptions out of 8191
 114i,1n,118p,1613b,609s stack positions out of 5000i,500n,10000p,200000b,80000s
!  ==> Fatal error occurred, no output PDF file produced!
