This is pdfTeX, Version 3.141592653-2.6-1.40.22 (TeX Live 2021/nixos.org) (preloaded format=pdflatex 1980.1.1)  13 OCT 2022 13:21
entering extended mode
 restricted \write18 enabled.
 %&-line parsing enabled.
**/tmp/latex-Nxj9fc.tex
(/tmp/latex-Nxj9fc.tex
LaTeX2e <2021-11-15> patch level 1
L3 programming layer <2022-02-24>
(/nix/store/sh2zwza2hn0wwn7in901hvhaicim9ajn-texlive-combined-full-2021-final/s
hare/texmf/tex/latex/standalone/standalone.cls
Document Class: standalone 2018/03/26 v1.3a Class to compile TeX sub-files stan
dalone

(/nix/store/sh2zwza2hn0wwn7in901hvhaicim9ajn-texlive-combined-full-2021-final/s
hare/texmf/tex/latex/tools/shellesc.sty
Package: shellesc 2019/11/08 v1.0c unified shell escape interface for LaTeX
Package shellesc Info: Restricted shell escape enabled on input line 77.
)
(/nix/store/sh2zwza2hn0wwn7in901hvhaicim9ajn-texlive-combined-full-2021-final/s
hare/texmf/tex/generic/iftex/ifluatex.sty
Package: ifluatex 2019/10/25 v1.5 ifluatex legacy package. Use iftex instead.

(/nix/store/sh2zwza2hn0wwn7in901hvhaicim9ajn-texlive-combined-full-2021-final/s
hare/texmf/tex/generic/iftex/iftex.sty
Package: iftex 2022/02/03 v1.0f TeX engine tests
))
(/nix/store/sh2zwza2hn0wwn7in901hvhaicim9ajn-texlive-combined-full-2021-final/s
hare/texmf/tex/latex/xkeyval/xkeyval.sty
Package: xkeyval 2020/11/20 v2.8 package option processing (HA)

(/nix/store/sh2zwza2hn0wwn7in901hvhaicim9ajn-texlive-combined-full-2021-final/s
hare/texmf/tex/generic/xkeyval/xkeyval.tex
(/nix/store/sh2zwza2hn0wwn7in901hvhaicim9ajn-texlive-combined-full-2021-final/s
hare/texmf/tex/generic/xkeyval/xkvutils.tex
\XKV@toks=\toks16
\XKV@tempa@toks=\toks17

(/nix/store/sh2zwza2hn0wwn7in901hvhaicim9ajn-texlive-combined-full-2021-final/s
hare/texmf/tex/generic/xkeyval/keyval.tex))
\XKV@depth=\count185
File: xkeyval.tex 2014/12/03 v2.7a key=value parser (HA)
))
\sa@internal=\count186
\c@sapage=\count187

(/nix/store/sh2zwza2hn0wwn7in901hvhaicim9ajn-texlive-combined-full-2021-final/s
hare/texmf/tex/latex/standalone/standalone.cfg
File: standalone.cfg 2018/03/26 v1.3a Default configuration file for 'standalon
e' class
)
(/nix/store/sh2zwza2hn0wwn7in901hvhaicim9ajn-texlive-combined-full-2021-final/s
hare/texmf/tex/latex/base/article.cls
Document Class: article 2021/10/04 v1.4n Standard LaTeX document class

(/nix/store/sh2zwza2hn0wwn7in901hvhaicim9ajn-texlive-combined-full-2021-final/s
hare/texmf/tex/latex/base/size10.clo
File: size10.clo 2021/10/04 v1.4n Standard LaTeX file (size option)
)
\c@part=\count188
\c@section=\count189
\c@subsection=\count190
\c@subsubsection=\count191
\c@paragraph=\count192
\c@subparagraph=\count193
\c@figure=\count194
\c@table=\count195
\abovecaptionskip=\skip47
\belowcaptionskip=\skip48
\bibindent=\dimen138
)
(/nix/store/sh2zwza2hn0wwn7in901hvhaicim9ajn-texlive-combined-full-2021-final/s
hare/texmf/tex/latex/pgf/frontendlayer/tikz.sty
(/nix/store/sh2zwza2hn0wwn7in901hvhaicim9ajn-texlive-combined-full-2021-final/s
hare/texmf/tex/latex/pgf/basiclayer/pgf.sty
(/nix/store/sh2zwza2hn0wwn7in901hvhaicim9ajn-texlive-combined-full-2021-final/s
hare/texmf/tex/latex/pgf/utilities/pgfrcs.sty
(/nix/store/sh2zwza2hn0wwn7in901hvhaicim9ajn-texlive-combined-full-2021-final/s
hare/texmf/tex/generic/pgf/utilities/pgfutil-common.tex
\pgfutil@everybye=\toks18
\pgfutil@tempdima=\dimen139
\pgfutil@tempdimb=\dimen140

(/nix/store/sh2zwza2hn0wwn7in901hvhaicim9ajn-texlive-combined-full-2021-final/s
hare/texmf/tex/generic/pgf/utilities/pgfutil-common-lists.tex))
(/nix/store/sh2zwza2hn0wwn7in901hvhaicim9ajn-texlive-combined-full-2021-final/s
hare/texmf/tex/generic/pgf/utilities/pgfutil-latex.def
\pgfutil@abb=\box50
)
(/nix/store/sh2zwza2hn0wwn7in901hvhaicim9ajn-texlive-combined-full-2021-final/s
hare/texmf/tex/generic/pgf/utilities/pgfrcs.code.tex
(/nix/store/sh2zwza2hn0wwn7in901hvhaicim9ajn-texlive-combined-full-2021-final/s
hare/texmf/tex/generic/pgf/pgf.revision.tex)
Package: pgfrcs 2021/05/15 v3.1.9a (3.1.9a)
))
Package: pgf 2021/05/15 v3.1.9a (3.1.9a)

(/nix/store/sh2zwza2hn0wwn7in901hvhaicim9ajn-texlive-combined-full-2021-final/s
hare/texmf/tex/latex/pgf/basiclayer/pgfcore.sty
(/nix/store/sh2zwza2hn0wwn7in901hvhaicim9ajn-texlive-combined-full-2021-final/s
hare/texmf/tex/latex/graphics/graphicx.sty
Package: graphicx 2021/09/16 v1.2d Enhanced LaTeX Graphics (DPC,SPQR)

(/nix/store/sh2zwza2hn0wwn7in901hvhaicim9ajn-texlive-combined-full-2021-final/s
hare/texmf/tex/latex/graphics/graphics.sty
Package: graphics 2021/03/04 v1.4d Standard LaTeX Graphics (DPC,SPQR)

(/nix/store/sh2zwza2hn0wwn7in901hvhaicim9ajn-texlive-combined-full-2021-final/s
hare/texmf/tex/latex/graphics/trig.sty
Package: trig 2021/08/11 v1.11 sin cos tan (DPC)
)
(/nix/store/sh2zwza2hn0wwn7in901hvhaicim9ajn-texlive-combined-full-2021-final/s
hare/texmf/tex/latex/graphics-cfg/graphics.cfg
File: graphics.cfg 2016/06/04 v1.11 sample graphics configuration
)
Package graphics Info: Driver file: pdftex.def on input line 107.

(/nix/store/sh2zwza2hn0wwn7in901hvhaicim9ajn-texlive-combined-full-2021-final/s
hare/texmf/tex/latex/graphics-def/pdftex.def
File: pdftex.def 2020/10/05 v1.2a Graphics/color driver for pdftex
))
\Gin@req@height=\dimen141
\Gin@req@width=\dimen142
)
(/nix/store/sh2zwza2hn0wwn7in901hvhaicim9ajn-texlive-combined-full-2021-final/s
hare/texmf/tex/latex/pgf/systemlayer/pgfsys.sty
(/nix/store/sh2zwza2hn0wwn7in901hvhaicim9ajn-texlive-combined-full-2021-final/s
hare/texmf/tex/generic/pgf/systemlayer/pgfsys.code.tex
Package: pgfsys 2021/05/15 v3.1.9a (3.1.9a)

(/nix/store/sh2zwza2hn0wwn7in901hvhaicim9ajn-texlive-combined-full-2021-final/s
hare/texmf/tex/generic/pgf/utilities/pgfkeys.code.tex
\pgfkeys@pathtoks=\toks19
\pgfkeys@temptoks=\toks20

(/nix/store/sh2zwza2hn0wwn7in901hvhaicim9ajn-texlive-combined-full-2021-final/s
hare/texmf/tex/generic/pgf/utilities/pgfkeysfiltered.code.tex
\pgfkeys@tmptoks=\toks21
))
\pgf@x=\dimen143
\pgf@y=\dimen144
\pgf@xa=\dimen145
\pgf@ya=\dimen146
\pgf@xb=\dimen147
\pgf@yb=\dimen148
\pgf@xc=\dimen149
\pgf@yc=\dimen150
\pgf@xd=\dimen151
\pgf@yd=\dimen152
\w@pgf@writea=\write3
\r@pgf@reada=\read2
\c@pgf@counta=\count196
\c@pgf@countb=\count197
\c@pgf@countc=\count198
\c@pgf@countd=\count199
\t@pgf@toka=\toks22
\t@pgf@tokb=\toks23
\t@pgf@tokc=\toks24
\pgf@sys@id@count=\count266

(/nix/store/sh2zwza2hn0wwn7in901hvhaicim9ajn-texlive-combined-full-2021-final/s
hare/texmf/tex/generic/pgf/systemlayer/pgf.cfg
File: pgf.cfg 2021/05/15 v3.1.9a (3.1.9a)
)
Driver file for pgf: pgfsys-pdftex.def

(/nix/store/sh2zwza2hn0wwn7in901hvhaicim9ajn-texlive-combined-full-2021-final/s
hare/texmf/tex/generic/pgf/systemlayer/pgfsys-pdftex.def
File: pgfsys-pdftex.def 2021/05/15 v3.1.9a (3.1.9a)

(/nix/store/sh2zwza2hn0wwn7in901hvhaicim9ajn-texlive-combined-full-2021-final/s
hare/texmf/tex/generic/pgf/systemlayer/pgfsys-common-pdf.def
File: pgfsys-common-pdf.def 2021/05/15 v3.1.9a (3.1.9a)
)))
(/nix/store/sh2zwza2hn0wwn7in901hvhaicim9ajn-texlive-combined-full-2021-final/s
hare/texmf/tex/generic/pgf/systemlayer/pgfsyssoftpath.code.tex
File: pgfsyssoftpath.code.tex 2021/05/15 v3.1.9a (3.1.9a)
\pgfsyssoftpath@smallbuffer@items=\count267
\pgfsyssoftpath@bigbuffer@items=\count268
)
(/nix/store/sh2zwza2hn0wwn7in901hvhaicim9ajn-texlive-combined-full-2021-final/s
hare/texmf/tex/generic/pgf/systemlayer/pgfsysprotocol.code.tex
File: pgfsysprotocol.code.tex 2021/05/15 v3.1.9a (3.1.9a)
))
(/nix/store/sh2zwza2hn0wwn7in901hvhaicim9ajn-texlive-combined-full-2021-final/s
hare/texmf/tex/latex/xcolor/xcolor.sty
Package: xcolor 2021/10/31 v2.13 LaTeX color extensions (UK)

(/nix/store/sh2zwza2hn0wwn7in901hvhaicim9ajn-texlive-combined-full-2021-final/s
hare/texmf/tex/latex/graphics-cfg/color.cfg
File: color.cfg 2016/01/02 v1.6 sample color configuration
)
Package xcolor Info: Driver file: pdftex.def on input line 227.
Package xcolor Info: Model `cmy' substituted by `cmy0' on input line 1352.
Package xcolor Info: Model `hsb' substituted by `rgb' on input line 1356.
Package xcolor Info: Model `RGB' extended on input line 1368.
Package xcolor Info: Model `HTML' substituted by `rgb' on input line 1370.
Package xcolor Info: Model `Hsb' substituted by `hsb' on input line 1371.
Package xcolor Info: Model `tHsb' substituted by `hsb' on input line 1372.
Package xcolor Info: Model `HSB' substituted by `hsb' on input line 1373.
Package xcolor Info: Model `Gray' substituted by `gray' on input line 1374.
Package xcolor Info: Model `wave' substituted by `hsb' on input line 1375.
)
(/nix/store/sh2zwza2hn0wwn7in901hvhaicim9ajn-texlive-combined-full-2021-final/s
hare/texmf/tex/generic/pgf/basiclayer/pgfcore.code.tex
Package: pgfcore 2021/05/15 v3.1.9a (3.1.9a)

(/nix/store/sh2zwza2hn0wwn7in901hvhaicim9ajn-texlive-combined-full-2021-final/s
hare/texmf/tex/generic/pgf/math/pgfmath.code.tex
(/nix/store/sh2zwza2hn0wwn7in901hvhaicim9ajn-texlive-combined-full-2021-final/s
hare/texmf/tex/generic/pgf/math/pgfmathcalc.code.tex
(/nix/store/sh2zwza2hn0wwn7in901hvhaicim9ajn-texlive-combined-full-2021-final/s
hare/texmf/tex/generic/pgf/math/pgfmathutil.code.tex)
(/nix/store/sh2zwza2hn0wwn7in901hvhaicim9ajn-texlive-combined-full-2021-final/s
hare/texmf/tex/generic/pgf/math/pgfmathparser.code.tex
\pgfmath@dimen=\dimen153
\pgfmath@count=\count269
\pgfmath@box=\box51
\pgfmath@toks=\toks25
\pgfmath@stack@operand=\toks26
\pgfmath@stack@operation=\toks27
)
(/nix/store/sh2zwza2hn0wwn7in901hvhaicim9ajn-texlive-combined-full-2021-final/s
hare/texmf/tex/generic/pgf/math/pgfmathfunctions.code.tex
(/nix/store/sh2zwza2hn0wwn7in901hvhaicim9ajn-texlive-combined-full-2021-final/s
hare/texmf/tex/generic/pgf/math/pgfmathfunctions.basic.code.tex)
(/nix/store/sh2zwza2hn0wwn7in901hvhaicim9ajn-texlive-combined-full-2021-final/s
hare/texmf/tex/generic/pgf/math/pgfmathfunctions.trigonometric.code.tex)
(/nix/store/sh2zwza2hn0wwn7in901hvhaicim9ajn-texlive-combined-full-2021-final/s
hare/texmf/tex/generic/pgf/math/pgfmathfunctions.random.code.tex)
(/nix/store/sh2zwza2hn0wwn7in901hvhaicim9ajn-texlive-combined-full-2021-final/s
hare/texmf/tex/generic/pgf/math/pgfmathfunctions.comparison.code.tex)
(/nix/store/sh2zwza2hn0wwn7in901hvhaicim9ajn-texlive-combined-full-2021-final/s
hare/texmf/tex/generic/pgf/math/pgfmathfunctions.base.code.tex)
(/nix/store/sh2zwza2hn0wwn7in901hvhaicim9ajn-texlive-combined-full-2021-final/s
hare/texmf/tex/generic/pgf/math/pgfmathfunctions.round.code.tex)
(/nix/store/sh2zwza2hn0wwn7in901hvhaicim9ajn-texlive-combined-full-2021-final/s
hare/texmf/tex/generic/pgf/math/pgfmathfunctions.misc.code.tex)
(/nix/store/sh2zwza2hn0wwn7in901hvhaicim9ajn-texlive-combined-full-2021-final/s
hare/texmf/tex/generic/pgf/math/pgfmathfunctions.integerarithmetics.code.tex)))

(/nix/store/sh2zwza2hn0wwn7in901hvhaicim9ajn-texlive-combined-full-2021-final/s
hare/texmf/tex/generic/pgf/math/pgfmathfloat.code.tex
\c@pgfmathroundto@lastzeros=\count270
))
(/nix/store/sh2zwza2hn0wwn7in901hvhaicim9ajn-texlive-combined-full-2021-final/s
hare/texmf/tex/generic/pgf/math/pgfint.code.tex)
(/nix/store/sh2zwza2hn0wwn7in901hvhaicim9ajn-texlive-combined-full-2021-final/s
hare/texmf/tex/generic/pgf/basiclayer/pgfcorepoints.code.tex
File: pgfcorepoints.code.tex 2021/05/15 v3.1.9a (3.1.9a)
\pgf@picminx=\dimen154
\pgf@picmaxx=\dimen155
\pgf@picminy=\dimen156
\pgf@picmaxy=\dimen157
\pgf@pathminx=\dimen158
\pgf@pathmaxx=\dimen159
\pgf@pathminy=\dimen160
\pgf@pathmaxy=\dimen161
\pgf@xx=\dimen162
\pgf@xy=\dimen163
\pgf@yx=\dimen164
\pgf@yy=\dimen165
\pgf@zx=\dimen166
\pgf@zy=\dimen167
)
(/nix/store/sh2zwza2hn0wwn7in901hvhaicim9ajn-texlive-combined-full-2021-final/s
hare/texmf/tex/generic/pgf/basiclayer/pgfcorepathconstruct.code.tex
File: pgfcorepathconstruct.code.tex 2021/05/15 v3.1.9a (3.1.9a)
\pgf@path@lastx=\dimen168
\pgf@path@lasty=\dimen169
)
(/nix/store/sh2zwza2hn0wwn7in901hvhaicim9ajn-texlive-combined-full-2021-final/s
hare/texmf/tex/generic/pgf/basiclayer/pgfcorepathusage.code.tex
File: pgfcorepathusage.code.tex 2021/05/15 v3.1.9a (3.1.9a)
\pgf@shorten@end@additional=\dimen170
\pgf@shorten@start@additional=\dimen171
)
(/nix/store/sh2zwza2hn0wwn7in901hvhaicim9ajn-texlive-combined-full-2021-final/s
hare/texmf/tex/generic/pgf/basiclayer/pgfcorescopes.code.tex
File: pgfcorescopes.code.tex 2021/05/15 v3.1.9a (3.1.9a)
\pgfpic=\box52
\pgf@hbox=\box53
\pgf@layerbox@main=\box54
\pgf@picture@serial@count=\count271
)
(/nix/store/sh2zwza2hn0wwn7in901hvhaicim9ajn-texlive-combined-full-2021-final/s
hare/texmf/tex/generic/pgf/basiclayer/pgfcoregraphicstate.code.tex
File: pgfcoregraphicstate.code.tex 2021/05/15 v3.1.9a (3.1.9a)
\pgflinewidth=\dimen172
)
(/nix/store/sh2zwza2hn0wwn7in901hvhaicim9ajn-texlive-combined-full-2021-final/s
hare/texmf/tex/generic/pgf/basiclayer/pgfcoretransformations.code.tex
File: pgfcoretransformations.code.tex 2021/05/15 v3.1.9a (3.1.9a)
\pgf@pt@x=\dimen173
\pgf@pt@y=\dimen174
\pgf@pt@temp=\dimen175
)
(/nix/store/sh2zwza2hn0wwn7in901hvhaicim9ajn-texlive-combined-full-2021-final/s
hare/texmf/tex/generic/pgf/basiclayer/pgfcorequick.code.tex
File: pgfcorequick.code.tex 2021/05/15 v3.1.9a (3.1.9a)
)
(/nix/store/sh2zwza2hn0wwn7in901hvhaicim9ajn-texlive-combined-full-2021-final/s
hare/texmf/tex/generic/pgf/basiclayer/pgfcoreobjects.code.tex
File: pgfcoreobjects.code.tex 2021/05/15 v3.1.9a (3.1.9a)
)
(/nix/store/sh2zwza2hn0wwn7in901hvhaicim9ajn-texlive-combined-full-2021-final/s
hare/texmf/tex/generic/pgf/basiclayer/pgfcorepathprocessing.code.tex
File: pgfcorepathprocessing.code.tex 2021/05/15 v3.1.9a (3.1.9a)
)
(/nix/store/sh2zwza2hn0wwn7in901hvhaicim9ajn-texlive-combined-full-2021-final/s
hare/texmf/tex/generic/pgf/basiclayer/pgfcorearrows.code.tex
File: pgfcorearrows.code.tex 2021/05/15 v3.1.9a (3.1.9a)
\pgfarrowsep=\dimen176
)
(/nix/store/sh2zwza2hn0wwn7in901hvhaicim9ajn-texlive-combined-full-2021-final/s
hare/texmf/tex/generic/pgf/basiclayer/pgfcoreshade.code.tex
File: pgfcoreshade.code.tex 2021/05/15 v3.1.9a (3.1.9a)
\pgf@max=\dimen177
\pgf@sys@shading@range@num=\count272
\pgf@shadingcount=\count273
)
(/nix/store/sh2zwza2hn0wwn7in901hvhaicim9ajn-texlive-combined-full-2021-final/s
hare/texmf/tex/generic/pgf/basiclayer/pgfcoreimage.code.tex
File: pgfcoreimage.code.tex 2021/05/15 v3.1.9a (3.1.9a)

(/nix/store/sh2zwza2hn0wwn7in901hvhaicim9ajn-texlive-combined-full-2021-final/s
hare/texmf/tex/generic/pgf/basiclayer/pgfcoreexternal.code.tex
File: pgfcoreexternal.code.tex 2021/05/15 v3.1.9a (3.1.9a)
\pgfexternal@startupbox=\box55
))
(/nix/store/sh2zwza2hn0wwn7in901hvhaicim9ajn-texlive-combined-full-2021-final/s
hare/texmf/tex/generic/pgf/basiclayer/pgfcorelayers.code.tex
File: pgfcorelayers.code.tex 2021/05/15 v3.1.9a (3.1.9a)
)
(/nix/store/sh2zwza2hn0wwn7in901hvhaicim9ajn-texlive-combined-full-2021-final/s
hare/texmf/tex/generic/pgf/basiclayer/pgfcoretransparency.code.tex
File: pgfcoretransparency.code.tex 2021/05/15 v3.1.9a (3.1.9a)
)
(/nix/store/sh2zwza2hn0wwn7in901hvhaicim9ajn-texlive-combined-full-2021-final/s
hare/texmf/tex/generic/pgf/basiclayer/pgfcorepatterns.code.tex
File: pgfcorepatterns.code.tex 2021/05/15 v3.1.9a (3.1.9a)
)
(/nix/store/sh2zwza2hn0wwn7in901hvhaicim9ajn-texlive-combined-full-2021-final/s
hare/texmf/tex/generic/pgf/basiclayer/pgfcorerdf.code.tex
File: pgfcorerdf.code.tex 2021/05/15 v3.1.9a (3.1.9a)
)))
(/nix/store/sh2zwza2hn0wwn7in901hvhaicim9ajn-texlive-combined-full-2021-final/s
hare/texmf/tex/generic/pgf/modules/pgfmoduleshapes.code.tex
File: pgfmoduleshapes.code.tex 2021/05/15 v3.1.9a (3.1.9a)
\pgfnodeparttextbox=\box56
)
(/nix/store/sh2zwza2hn0wwn7in901hvhaicim9ajn-texlive-combined-full-2021-final/s
hare/texmf/tex/generic/pgf/modules/pgfmoduleplot.code.tex
File: pgfmoduleplot.code.tex 2021/05/15 v3.1.9a (3.1.9a)
)
(/nix/store/sh2zwza2hn0wwn7in901hvhaicim9ajn-texlive-combined-full-2021-final/s
hare/texmf/tex/latex/pgf/compatibility/pgfcomp-version-0-65.sty
Package: pgfcomp-version-0-65 2021/05/15 v3.1.9a (3.1.9a)
\pgf@nodesepstart=\dimen178
\pgf@nodesepend=\dimen179
)
(/nix/store/sh2zwza2hn0wwn7in901hvhaicim9ajn-texlive-combined-full-2021-final/s
hare/texmf/tex/latex/pgf/compatibility/pgfcomp-version-1-18.sty
Package: pgfcomp-version-1-18 2021/05/15 v3.1.9a (3.1.9a)
))
(/nix/store/sh2zwza2hn0wwn7in901hvhaicim9ajn-texlive-combined-full-2021-final/s
hare/texmf/tex/latex/pgf/utilities/pgffor.sty
(/nix/store/sh2zwza2hn0wwn7in901hvhaicim9ajn-texlive-combined-full-2021-final/s
hare/texmf/tex/latex/pgf/utilities/pgfkeys.sty
(/nix/store/sh2zwza2hn0wwn7in901hvhaicim9ajn-texlive-combined-full-2021-final/s
hare/texmf/tex/generic/pgf/utilities/pgfkeys.code.tex))
(/nix/store/sh2zwza2hn0wwn7in901hvhaicim9ajn-texlive-combined-full-2021-final/s
hare/texmf/tex/latex/pgf/math/pgfmath.sty
(/nix/store/sh2zwza2hn0wwn7in901hvhaicim9ajn-texlive-combined-full-2021-final/s
hare/texmf/tex/generic/pgf/math/pgfmath.code.tex))
(/nix/store/sh2zwza2hn0wwn7in901hvhaicim9ajn-texlive-combined-full-2021-final/s
hare/texmf/tex/generic/pgf/utilities/pgffor.code.tex
Package: pgffor 2021/05/15 v3.1.9a (3.1.9a)

(/nix/store/sh2zwza2hn0wwn7in901hvhaicim9ajn-texlive-combined-full-2021-final/s
hare/texmf/tex/generic/pgf/math/pgfmath.code.tex)
\pgffor@iter=\dimen180
\pgffor@skip=\dimen181
\pgffor@stack=\toks28
\pgffor@toks=\toks29
))
(/nix/store/sh2zwza2hn0wwn7in901hvhaicim9ajn-texlive-combined-full-2021-final/s
hare/texmf/tex/generic/pgf/frontendlayer/tikz/tikz.code.tex
Package: tikz 2021/05/15 v3.1.9a (3.1.9a)

(/nix/store/sh2zwza2hn0wwn7in901hvhaicim9ajn-texlive-combined-full-2021-final/s
hare/texmf/tex/generic/pgf/libraries/pgflibraryplothandlers.code.tex
File: pgflibraryplothandlers.code.tex 2021/05/15 v3.1.9a (3.1.9a)
\pgf@plot@mark@count=\count274
\pgfplotmarksize=\dimen182
)
\tikz@lastx=\dimen183
\tikz@lasty=\dimen184
\tikz@lastxsaved=\dimen185
\tikz@lastysaved=\dimen186
\tikz@lastmovetox=\dimen187
\tikz@lastmovetoy=\dimen188
\tikzleveldistance=\dimen189
\tikzsiblingdistance=\dimen190
\tikz@figbox=\box57
\tikz@figbox@bg=\box58
\tikz@tempbox=\box59
\tikz@tempbox@bg=\box60
\tikztreelevel=\count275
\tikznumberofchildren=\count276
\tikznumberofcurrentchild=\count277
\tikz@fig@count=\count278

(/nix/store/sh2zwza2hn0wwn7in901hvhaicim9ajn-texlive-combined-full-2021-final/s
hare/texmf/tex/generic/pgf/modules/pgfmodulematrix.code.tex
File: pgfmodulematrix.code.tex 2021/05/15 v3.1.9a (3.1.9a)
\pgfmatrixcurrentrow=\count279
\pgfmatrixcurrentcolumn=\count280
\pgf@matrix@numberofcolumns=\count281
)
\tikz@expandcount=\count282

(/nix/store/sh2zwza2hn0wwn7in901hvhaicim9ajn-texlive-combined-full-2021-final/s
hare/texmf/tex/generic/pgf/frontendlayer/tikz/libraries/tikzlibrarytopaths.code
.tex
File: tikzlibrarytopaths.code.tex 2021/05/15 v3.1.9a (3.1.9a)
)))
\sa@box=\box61
)
(/nix/store/sh2zwza2hn0wwn7in901hvhaicim9ajn-texlive-combined-full-2021-final/s
hare/texmf/tex/latex/base/inputenc.sty
Package: inputenc 2021/02/14 v1.3d Input encoding file
\inpenc@prehook=\toks30
\inpenc@posthook=\toks31
)
(/nix/store/sh2zwza2hn0wwn7in901hvhaicim9ajn-texlive-combined-full-2021-final/s
hare/texmf/tex/latex/base/fontenc.sty
Package: fontenc 2021/04/29 v2.0v Standard LaTeX package
)
(/nix/store/sh2zwza2hn0wwn7in901hvhaicim9ajn-texlive-combined-full-2021-final/s
hare/texmf/tex/latex/tools/longtable.sty
Package: longtable 2021-09-01 v4.17 Multi-page Table package (DPC)
\LTleft=\skip49
\LTright=\skip50
\LTpre=\skip51
\LTpost=\skip52
\LTchunksize=\count283
\LTcapwidth=\dimen191
\LT@head=\box62
\LT@firsthead=\box63
\LT@foot=\box64
\LT@lastfoot=\box65
\LT@gbox=\box66
\LT@cols=\count284
\LT@rows=\count285
\c@LT@tables=\count286
\c@LT@chunks=\count287
\LT@p@ftn=\toks32
)
(/nix/store/sh2zwza2hn0wwn7in901hvhaicim9ajn-texlive-combined-full-2021-final/s
hare/texmf/tex/latex/wrapfig/wrapfig.sty
\wrapoverhang=\dimen192
\WF@size=\dimen193
\c@WF@wrappedlines=\count288
\WF@box=\box67
\WF@everypar=\toks33
Package: wrapfig 2003/01/31  v 3.6
)
(/nix/store/sh2zwza2hn0wwn7in901hvhaicim9ajn-texlive-combined-full-2021-final/s
hare/texmf/tex/latex/graphics/rotating.sty
Package: rotating 2016/08/11 v2.16d rotated objects in LaTeX

(/nix/store/sh2zwza2hn0wwn7in901hvhaicim9ajn-texlive-combined-full-2021-final/s
hare/texmf/tex/latex/base/ifthen.sty
Package: ifthen 2020/11/24 v1.1c Standard LaTeX ifthen package (DPC)
)
\c@r@tfl@t=\count289
\rotFPtop=\skip53
\rotFPbot=\skip54
\rot@float@box=\box68
\rot@mess@toks=\toks34
)
(/nix/store/sh2zwza2hn0wwn7in901hvhaicim9ajn-texlive-combined-full-2021-final/s
hare/texmf/tex/generic/ulem/ulem.sty
\UL@box=\box69
\UL@hyphenbox=\box70
\UL@skip=\skip55
\UL@hook=\toks35
\UL@height=\dimen194
\UL@pe=\count290
\UL@pixel=\dimen195
\ULC@box=\box71
Package: ulem 2019/11/18
\ULdepth=\dimen196
)
(/nix/store/sh2zwza2hn0wwn7in901hvhaicim9ajn-texlive-combined-full-2021-final/s
hare/texmf/tex/latex/amsmath/amsmath.sty
Package: amsmath 2021/10/15 v2.17l AMS math features
\@mathmargin=\skip56

For additional information on amsmath, use the `?' option.

(/nix/store/sh2zwza2hn0wwn7in901hvhaicim9ajn-texlive-combined-full-2021-final/s
hare/texmf/tex/latex/amsmath/amstext.sty
Package: amstext 2021/08/26 v2.01 AMS text

(/nix/store/sh2zwza2hn0wwn7in901hvhaicim9ajn-texlive-combined-full-2021-final/s
hare/texmf/tex/latex/amsmath/amsgen.sty
File: amsgen.sty 1999/11/30 v2.0 generic functions
\@emptytoks=\toks36
\ex@=\dimen197
))
(/nix/store/sh2zwza2hn0wwn7in901hvhaicim9ajn-texlive-combined-full-2021-final/s
hare/texmf/tex/latex/amsmath/amsbsy.sty
Package: amsbsy 1999/11/29 v1.2d Bold Symbols
\pmbraise@=\dimen198
)
(/nix/store/sh2zwza2hn0wwn7in901hvhaicim9ajn-texlive-combined-full-2021-final/s
hare/texmf/tex/latex/amsmath/amsopn.sty
Package: amsopn 2021/08/26 v2.02 operator names
)
\inf@bad=\count291
LaTeX Info: Redefining \frac on input line 234.
\uproot@=\count292
\leftroot@=\count293
LaTeX Info: Redefining \overline on input line 399.
\classnum@=\count294
\DOTSCASE@=\count295
LaTeX Info: Redefining \ldots on input line 496.
LaTeX Info: Redefining \dots on input line 499.
LaTeX Info: Redefining \cdots on input line 620.
\Mathstrutbox@=\box72
\strutbox@=\box73
\big@size=\dimen199
LaTeX Font Info:    Redeclaring font encoding OML on input line 743.
LaTeX Font Info:    Redeclaring font encoding OMS on input line 744.
\macc@depth=\count296
\c@MaxMatrixCols=\count297
\dotsspace@=\muskip16
\c@parentequation=\count298
\dspbrk@lvl=\count299
\tag@help=\toks37
\row@=\count300
\column@=\count301
\maxfields@=\count302
\andhelp@=\toks38
\eqnshift@=\dimen256
\alignsep@=\dimen257
\tagshift@=\dimen258
\tagwidth@=\dimen259
\totwidth@=\dimen260
\lineht@=\dimen261
\@envbody=\toks39
\multlinegap=\skip57
\multlinetaggap=\skip58
\mathdisplay@stack=\toks40
LaTeX Info: Redefining \[ on input line 2938.
LaTeX Info: Redefining \] on input line 2939.
)
(/nix/store/sh2zwza2hn0wwn7in901hvhaicim9ajn-texlive-combined-full-2021-final/s
hare/texmf/tex/latex/amsfonts/amssymb.sty
Package: amssymb 2013/01/14 v3.01 AMS font symbols

(/nix/store/sh2zwza2hn0wwn7in901hvhaicim9ajn-texlive-combined-full-2021-final/s
hare/texmf/tex/latex/amsfonts/amsfonts.sty
Package: amsfonts 2013/01/14 v3.01 Basic AMSFonts support
\symAMSa=\mathgroup4
\symAMSb=\mathgroup5
LaTeX Font Info:    Redeclaring math symbol \hbar on input line 98.
LaTeX Font Info:    Overwriting math alphabet `\mathfrak' in version `bold'
(Font)                  U/euf/m/n --> U/euf/b/n on input line 106.
))
(/nix/store/sh2zwza2hn0wwn7in901hvhaicim9ajn-texlive-combined-full-2021-final/s
hare/texmf/tex/latex/capt-of/capt-of.sty
Package: capt-of 2009/12/29 v0.2 standard captions outside of floats
)
(/nix/store/sh2zwza2hn0wwn7in901hvhaicim9ajn-texlive-combined-full-2021-final/s
hare/texmf/tex/latex/forest/forest.sty
Package: forest 2017/07/14 v2.1.5 Drawing (linguistic) trees

(/nix/store/sh2zwza2hn0wwn7in901hvhaicim9ajn-texlive-combined-full-2021-final/s
hare/texmf/tex/generic/pgf/frontendlayer/tikz/libraries/tikzlibraryshapes.code.
tex
File: tikzlibraryshapes.code.tex 2021/05/15 v3.1.9a (3.1.9a)

(/nix/store/sh2zwza2hn0wwn7in901hvhaicim9ajn-texlive-combined-full-2021-final/s
hare/texmf/tex/generic/pgf/frontendlayer/tikz/libraries/tikzlibraryshapes.geome
tric.code.tex
File: tikzlibraryshapes.geometric.code.tex 2021/05/15 v3.1.9a (3.1.9a)

(/nix/store/sh2zwza2hn0wwn7in901hvhaicim9ajn-texlive-combined-full-2021-final/s
hare/texmf/tex/generic/pgf/libraries/shapes/pgflibraryshapes.geometric.code.tex
File: pgflibraryshapes.geometric.code.tex 2021/05/15 v3.1.9a (3.1.9a)
))
(/nix/store/sh2zwza2hn0wwn7in901hvhaicim9ajn-texlive-combined-full-2021-final/s
hare/texmf/tex/generic/pgf/frontendlayer/tikz/libraries/tikzlibraryshapes.misc.
code.tex
File: tikzlibraryshapes.misc.code.tex 2021/05/15 v3.1.9a (3.1.9a)

(/nix/store/sh2zwza2hn0wwn7in901hvhaicim9ajn-texlive-combined-full-2021-final/s
hare/texmf/tex/generic/pgf/libraries/shapes/pgflibraryshapes.misc.code.tex
File: pgflibraryshapes.misc.code.tex 2021/05/15 v3.1.9a (3.1.9a)
))
(/nix/store/sh2zwza2hn0wwn7in901hvhaicim9ajn-texlive-combined-full-2021-final/s
hare/texmf/tex/generic/pgf/frontendlayer/tikz/libraries/tikzlibraryshapes.symbo
ls.code.tex
File: tikzlibraryshapes.symbols.code.tex 2021/05/15 v3.1.9a (3.1.9a)

(/nix/store/sh2zwza2hn0wwn7in901hvhaicim9ajn-texlive-combined-full-2021-final/s
hare/texmf/tex/generic/pgf/libraries/shapes/pgflibraryshapes.symbols.code.tex
File: pgflibraryshapes.symbols.code.tex 2021/05/15 v3.1.9a (3.1.9a)
))
(/nix/store/sh2zwza2hn0wwn7in901hvhaicim9ajn-texlive-combined-full-2021-final/s
hare/texmf/tex/generic/pgf/frontendlayer/tikz/libraries/tikzlibraryshapes.arrow
s.code.tex
File: tikzlibraryshapes.arrows.code.tex 2021/05/15 v3.1.9a (3.1.9a)

(/nix/store/sh2zwza2hn0wwn7in901hvhaicim9ajn-texlive-combined-full-2021-final/s
hare/texmf/tex/generic/pgf/libraries/shapes/pgflibraryshapes.arrows.code.tex
File: pgflibraryshapes.arrows.code.tex 2021/05/15 v3.1.9a (3.1.9a)
))
(/nix/store/sh2zwza2hn0wwn7in901hvhaicim9ajn-texlive-combined-full-2021-final/s
hare/texmf/tex/generic/pgf/frontendlayer/tikz/libraries/tikzlibraryshapes.callo
uts.code.tex
(/nix/store/sh2zwza2hn0wwn7in901hvhaicim9ajn-texlive-combined-full-2021-final/s
hare/texmf/tex/generic/pgf/libraries/shapes/pgflibraryshapes.callouts.code.tex)
)
(/nix/store/sh2zwza2hn0wwn7in901hvhaicim9ajn-texlive-combined-full-2021-final/s
hare/texmf/tex/generic/pgf/frontendlayer/tikz/libraries/tikzlibraryshapes.multi
part.code.tex
File: tikzlibraryshapes.multipart.code.tex 2021/05/15 v3.1.9a (3.1.9a)

(/nix/store/sh2zwza2hn0wwn7in901hvhaicim9ajn-texlive-combined-full-2021-final/s
hare/texmf/tex/generic/pgf/libraries/shapes/pgflibraryshapes.multipart.code.tex
File: pgflibraryshapes.multipart.code.tex 2021/05/15 v3.1.9a (3.1.9a)
\pgfnodepartlowerbox=\box74
\pgfnodeparttwobox=\box75
\pgfnodepartthreebox=\box76
\pgfnodepartfourbox=\box77
\pgfnodeparttwentybox=\box78
\pgfnodepartnineteenbox=\box79
\pgfnodeparteighteenbox=\box80
\pgfnodepartseventeenbox=\box81
\pgfnodepartsixteenbox=\box82
\pgfnodepartfifteenbox=\box83
\pgfnodepartfourteenbox=\box84
\pgfnodepartthirteenbox=\box85
\pgfnodeparttwelvebox=\box86
\pgfnodepartelevenbox=\box87
\pgfnodeparttenbox=\box88
\pgfnodepartninebox=\box89
\pgfnodeparteightbox=\box90
\pgfnodepartsevenbox=\box91
\pgfnodepartsixbox=\box92
\pgfnodepartfivebox=\box93
)))
(/nix/store/sh2zwza2hn0wwn7in901hvhaicim9ajn-texlive-combined-full-2021-final/s
hare/texmf/tex/generic/pgf/frontendlayer/tikz/libraries/tikzlibraryfit.code.tex
File: tikzlibraryfit.code.tex 2021/05/15 v3.1.9a (3.1.9a)
)
(/nix/store/sh2zwza2hn0wwn7in901hvhaicim9ajn-texlive-combined-full-2021-final/s
hare/texmf/tex/generic/pgf/frontendlayer/tikz/libraries/tikzlibrarycalc.code.te
x
File: tikzlibrarycalc.code.tex 2021/05/15 v3.1.9a (3.1.9a)
)
(/nix/store/sh2zwza2hn0wwn7in901hvhaicim9ajn-texlive-combined-full-2021-final/s
hare/texmf/tex/generic/pgf/libraries/pgflibraryintersections.code.tex
(/nix/store/sh2zwza2hn0wwn7in901hvhaicim9ajn-texlive-combined-full-2021-final/s
hare/texmf/tex/generic/pgf/libraries/pgflibraryfpu.code.tex)
\pgf@intersect@solutions=\count303
)
(/nix/store/sh2zwza2hn0wwn7in901hvhaicim9ajn-texlive-combined-full-2021-final/s
hare/texmf/tex/latex/pgfopts/pgfopts.sty
Package: pgfopts 2014/07/10 v2.1a LaTeX package options with pgfkeys
\pgfopts@list@add@a@toks=\toks41
\pgfopts@list@add@b@toks=\toks42
)
(/nix/store/sh2zwza2hn0wwn7in901hvhaicim9ajn-texlive-combined-full-2021-final/s
hare/texmf/tex/latex/etoolbox/etoolbox.sty
Package: etoolbox 2020/10/05 v2.5k e-TeX tools for LaTeX (JAW)
\etb@tempcnta=\count304
)
(/nix/store/sh2zwza2hn0wwn7in901hvhaicim9ajn-texlive-combined-full-2021-final/s
hare/texmf/tex/latex/elocalloc/elocalloc.sty
Package: elocalloc 2016/12/15 v0.03 local allocation for LaTeX 2015+ (DPC)
)
(/nix/store/sh2zwza2hn0wwn7in901hvhaicim9ajn-texlive-combined-full-2021-final/s
hare/texmf/tex/latex/environ/environ.sty
Package: environ 2014/05/04 v0.3 A new way to define environments

(/nix/store/sh2zwza2hn0wwn7in901hvhaicim9ajn-texlive-combined-full-2021-final/s
hare/texmf/tex/latex/trimspaces/trimspaces.sty
Package: trimspaces 2009/09/17 v1.1 Trim spaces around a token list
))
(/nix/store/sh2zwza2hn0wwn7in901hvhaicim9ajn-texlive-combined-full-2021-final/s
hare/texmf/tex/latex/l3packages/xparse/xparse.sty
(/nix/store/sh2zwza2hn0wwn7in901hvhaicim9ajn-texlive-combined-full-2021-final/s
hare/texmf/tex/latex/l3kernel/expl3.sty
Package: expl3 2022-02-24 L3 programming layer (loader) 

(/nix/store/sh2zwza2hn0wwn7in901hvhaicim9ajn-texlive-combined-full-2021-final/s
hare/texmf/tex/latex/l3backend/l3backend-pdftex.def
File: l3backend-pdftex.def 2022-02-07 L3 backend support: PDF output (pdfTeX)
\l__color_backend_stack_int=\count305
\l__pdf_internal_box=\box94
))
Package: xparse 2022-01-12 L3 Experimental document command parser
)
(/nix/store/sh2zwza2hn0wwn7in901hvhaicim9ajn-texlive-combined-full-2021-final/s
hare/texmf/tex/latex/inlinedef/inlinedef.sty
Package: inlinedef 2008/07/10 v1.0 Inlined expansions within definitions
\ID@toks=\toks43
\ID@count=\count306
)
\ID@usercommands=\toks44
\safeloop@depth=\count307
\safeRKloop@depth=\count308
\forest@temp@dimen=\dimen262
\forest@temp@count=\count309
\forest@n=\count310
\forest@temp@global@count=\count311
\forest@temp@toks=\toks45
\forest@temparray@M=\count312
\forest@temparray@N=\count313
\forest@global@temparray@M=\count314
\forest@global@temparray@N=\count315
\forest@isnum@count=\count316
\forest@isdim@nonintpart=\count317
\forest@isdim@dimen=\dimen263
\forest@sort@m=\count318
\forest@sort@k=\count319
\forest@sort@p=\count320
\bracket@content=\toks46
\bracket@afterthought=\toks47
\forest@node@maxid=\count321
\forest@process@left@M=\count322
\forest@process@left@N=\count323
\forest@process@right@M=\count324
\forest@process@right@N=\count325
\forest@process@saved@M=\count326
\forest@process@saved@N=\count327
\forest@process@result@M=\count328
\forest@process@result@N=\count329
\forest@process@n=\count330
\forest@nodewalk@branch@toks=\toks48
\forest@nodewalk@shortsteps@resolution=\toks49
\forest@do@dynamics=\toks50
\forest@box=\box95
\forest@xg=\dimen264
\forest@yg=\dimen265
\forest@xs=\dimen266
\forest@ys=\dimen267
\forest@pi@toks=\toks51
\forest@segment@toks=\toks52
\forest@PIi@toks=\toks53
\forest@PIii@toks=\toks54
\forest@copy@in=\read3
\forest@copy@out=\write4
\forest@externalize@max@outer@n=\count331
\forest@externalize@inner@n=\count332
)
(/nix/store/sh2zwza2hn0wwn7in901hvhaicim9ajn-texlive-combined-full-2021-final/s
hare/texmf/tex/latex/tikz-3dplot/tikz-3dplot.sty
(/nix/store/sh2zwza2hn0wwn7in901hvhaicim9ajn-texlive-combined-full-2021-final/s
hare/texmf/tex/generic/pgf/frontendlayer/tikz/libraries/tikzlibrary3d.code.tex
File: tikzlibrary3d.code.tex 2021/05/15 v3.1.9a (3.1.9a)
)
(/nix/store/sh2zwza2hn0wwn7in901hvhaicim9ajn-texlive-combined-full-2021-final/s
hare/texmf/tex/generic/pgf/frontendlayer/tikz/libraries/tikzlibraryarrows.code.
tex
File: tikzlibraryarrows.code.tex 2021/05/15 v3.1.9a (3.1.9a)

(/nix/store/sh2zwza2hn0wwn7in901hvhaicim9ajn-texlive-combined-full-2021-final/s
hare/texmf/tex/generic/pgf/libraries/pgflibraryarrows.code.tex
File: pgflibraryarrows.code.tex 2021/05/15 v3.1.9a (3.1.9a)
\arrowsize=\dimen268
)))
(/nix/store/sh2zwza2hn0wwn7in901hvhaicim9ajn-texlive-combined-full-2021-final/s
hare/texmf/tex/latex/pgfplots/pgfplots.sty
(/nix/store/sh2zwza2hn0wwn7in901hvhaicim9ajn-texlive-combined-full-2021-final/s
hare/texmf/tex/generic/pgfplots/pgfplots.revision.tex)
Package: pgfplots 2021/05/15 v1.18.1 Data Visualization (1.18.1)

(/nix/store/sh2zwza2hn0wwn7in901hvhaicim9ajn-texlive-combined-full-2021-final/s
hare/texmf/tex/generic/pgfplots/pgfplots.code.tex
(/nix/store/sh2zwza2hn0wwn7in901hvhaicim9ajn-texlive-combined-full-2021-final/s
hare/texmf/tex/generic/pgfplots/pgfplotscore.code.tex
\t@pgfplots@toka=\toks55
\t@pgfplots@tokb=\toks56
\t@pgfplots@tokc=\toks57
\pgfplots@tmpa=\dimen269
\c@pgfplots@coordindex=\count333
\c@pgfplots@scanlineindex=\count334

(/nix/store/sh2zwza2hn0wwn7in901hvhaicim9ajn-texlive-combined-full-2021-final/s
hare/texmf/tex/generic/pgfplots/sys/pgfplotssysgeneric.code.tex))
(/nix/store/sh2zwza2hn0wwn7in901hvhaicim9ajn-texlive-combined-full-2021-final/s
hare/texmf/tex/generic/pgfplots/libs/pgfplotslibrary.code.tex)
(/nix/store/sh2zwza2hn0wwn7in901hvhaicim9ajn-texlive-combined-full-2021-final/s
hare/texmf/tex/generic/pgfplots/oldpgfcompatib/pgfplotsoldpgfsupp_loader.code.t
ex)
(/nix/store/sh2zwza2hn0wwn7in901hvhaicim9ajn-texlive-combined-full-2021-final/s
hare/texmf/tex/generic/pgfplots/util/pgfplotsutil.code.tex
(/nix/store/sh2zwza2hn0wwn7in901hvhaicim9ajn-texlive-combined-full-2021-final/s
hare/texmf/tex/generic/pgfplots/liststructure/pgfplotsliststructure.code.tex)
(/nix/store/sh2zwza2hn0wwn7in901hvhaicim9ajn-texlive-combined-full-2021-final/s
hare/texmf/tex/generic/pgfplots/liststructure/pgfplotsliststructureext.code.tex
)
(/nix/store/sh2zwza2hn0wwn7in901hvhaicim9ajn-texlive-combined-full-2021-final/s
hare/texmf/tex/generic/pgfplots/liststructure/pgfplotsarray.code.tex
\c@pgfplotsarray@tmp=\count335
)
(/nix/store/sh2zwza2hn0wwn7in901hvhaicim9ajn-texlive-combined-full-2021-final/s
hare/texmf/tex/generic/pgfplots/liststructure/pgfplotsmatrix.code.tex)
(/nix/store/sh2zwza2hn0wwn7in901hvhaicim9ajn-texlive-combined-full-2021-final/s
hare/texmf/tex/generic/pgfplots/numtable/pgfplotstableshared.code.tex
\c@pgfplotstable@counta=\count336
\t@pgfplotstable@a=\toks58
)
(/nix/store/sh2zwza2hn0wwn7in901hvhaicim9ajn-texlive-combined-full-2021-final/s
hare/texmf/tex/generic/pgfplots/liststructure/pgfplotsdeque.code.tex)
(/nix/store/sh2zwza2hn0wwn7in901hvhaicim9ajn-texlive-combined-full-2021-final/s
hare/texmf/tex/generic/pgfplots/util/pgfplotsbinary.code.tex
(/nix/store/sh2zwza2hn0wwn7in901hvhaicim9ajn-texlive-combined-full-2021-final/s
hare/texmf/tex/generic/pgfplots/util/pgfplotsbinary.data.code.tex))
(/nix/store/sh2zwza2hn0wwn7in901hvhaicim9ajn-texlive-combined-full-2021-final/s
hare/texmf/tex/generic/pgfplots/util/pgfplotsutil.verb.code.tex)
(/nix/store/sh2zwza2hn0wwn7in901hvhaicim9ajn-texlive-combined-full-2021-final/s
hare/texmf/tex/generic/pgfplots/libs/pgflibrarypgfplots.surfshading.code.tex
\c@pgfplotslibrarysurf@no=\count337

(/nix/store/sh2zwza2hn0wwn7in901hvhaicim9ajn-texlive-combined-full-2021-final/s
hare/texmf/tex/generic/pgfplots/sys/pgflibrarypgfplots.surfshading.pgfsys-pdfte
x.def)))
(/nix/store/sh2zwza2hn0wwn7in901hvhaicim9ajn-texlive-combined-full-2021-final/s
hare/texmf/tex/generic/pgfplots/util/pgfplotscolormap.code.tex
(/nix/store/sh2zwza2hn0wwn7in901hvhaicim9ajn-texlive-combined-full-2021-final/s
hare/texmf/tex/generic/pgfplots/util/pgfplotscolor.code.tex))
(/nix/store/sh2zwza2hn0wwn7in901hvhaicim9ajn-texlive-combined-full-2021-final/s
hare/texmf/tex/generic/pgfplots/pgfplotsstackedplots.code.tex)
(/nix/store/sh2zwza2hn0wwn7in901hvhaicim9ajn-texlive-combined-full-2021-final/s
hare/texmf/tex/generic/pgfplots/pgfplotsplothandlers.code.tex
(/nix/store/sh2zwza2hn0wwn7in901hvhaicim9ajn-texlive-combined-full-2021-final/s
hare/texmf/tex/generic/pgfplots/pgfplotsmeshplothandler.code.tex
(/nix/store/sh2zwza2hn0wwn7in901hvhaicim9ajn-texlive-combined-full-2021-final/s
hare/texmf/tex/generic/pgfplots/pgfplotsmeshplotimage.code.tex)))
(/nix/store/sh2zwza2hn0wwn7in901hvhaicim9ajn-texlive-combined-full-2021-final/s
hare/texmf/tex/generic/pgfplots/pgfplots.scaling.code.tex)
(/nix/store/sh2zwza2hn0wwn7in901hvhaicim9ajn-texlive-combined-full-2021-final/s
hare/texmf/tex/generic/pgfplots/pgfplotscoordprocessing.code.tex)
(/nix/store/sh2zwza2hn0wwn7in901hvhaicim9ajn-texlive-combined-full-2021-final/s
hare/texmf/tex/generic/pgfplots/pgfplots.errorbars.code.tex)
(/nix/store/sh2zwza2hn0wwn7in901hvhaicim9ajn-texlive-combined-full-2021-final/s
hare/texmf/tex/generic/pgfplots/pgfplots.markers.code.tex)
(/nix/store/sh2zwza2hn0wwn7in901hvhaicim9ajn-texlive-combined-full-2021-final/s
hare/texmf/tex/generic/pgfplots/pgfplotsticks.code.tex)
(/nix/store/sh2zwza2hn0wwn7in901hvhaicim9ajn-texlive-combined-full-2021-final/s
hare/texmf/tex/generic/pgfplots/pgfplots.paths.code.tex)
(/nix/store/sh2zwza2hn0wwn7in901hvhaicim9ajn-texlive-combined-full-2021-final/s
hare/texmf/tex/generic/pgf/frontendlayer/tikz/libraries/tikzlibrarydecorations.
code.tex
(/nix/store/sh2zwza2hn0wwn7in901hvhaicim9ajn-texlive-combined-full-2021-final/s
hare/texmf/tex/generic/pgf/modules/pgfmoduledecorations.code.tex
\pgfdecoratedcompleteddistance=\dimen270
\pgfdecoratedremainingdistance=\dimen271
\pgfdecoratedinputsegmentcompleteddistance=\dimen272
\pgfdecoratedinputsegmentremainingdistance=\dimen273
\pgf@decorate@distancetomove=\dimen274
\pgf@decorate@repeatstate=\count338
\pgfdecorationsegmentamplitude=\dimen275
\pgfdecorationsegmentlength=\dimen276
)
\tikz@lib@dec@box=\box96
)
(/nix/store/sh2zwza2hn0wwn7in901hvhaicim9ajn-texlive-combined-full-2021-final/s
hare/texmf/tex/generic/pgf/frontendlayer/tikz/libraries/tikzlibrarydecorations.
pathmorphing.code.tex
(/nix/store/sh2zwza2hn0wwn7in901hvhaicim9ajn-texlive-combined-full-2021-final/s
hare/texmf/tex/generic/pgf/libraries/decorations/pgflibrarydecorations.pathmorp
hing.code.tex))
(/nix/store/sh2zwza2hn0wwn7in901hvhaicim9ajn-texlive-combined-full-2021-final/s
hare/texmf/tex/generic/pgf/frontendlayer/tikz/libraries/tikzlibrarydecorations.
pathreplacing.code.tex
(/nix/store/sh2zwza2hn0wwn7in901hvhaicim9ajn-texlive-combined-full-2021-final/s
hare/texmf/tex/generic/pgf/libraries/decorations/pgflibrarydecorations.pathrepl
acing.code.tex))
(/nix/store/sh2zwza2hn0wwn7in901hvhaicim9ajn-texlive-combined-full-2021-final/s
hare/texmf/tex/generic/pgfplots/libs/tikzlibrarypgfplots.contourlua.code.tex)
\pgfplots@numplots=\count339
\pgfplots@xmin@reg=\dimen277
\pgfplots@xmax@reg=\dimen278
\pgfplots@ymin@reg=\dimen279
\pgfplots@ymax@reg=\dimen280
\pgfplots@zmin@reg=\dimen281
\pgfplots@zmax@reg=\dimen282
)
(/nix/store/sh2zwza2hn0wwn7in901hvhaicim9ajn-texlive-combined-full-2021-final/s
hare/texmf/tex/generic/pgf/frontendlayer/tikz/libraries/tikzlibraryplotmarks.co
de.tex
File: tikzlibraryplotmarks.code.tex 2021/05/15 v3.1.9a (3.1.9a)

(/nix/store/sh2zwza2hn0wwn7in901hvhaicim9ajn-texlive-combined-full-2021-final/s
hare/texmf/tex/generic/pgf/libraries/pgflibraryplotmarks.code.tex
File: pgflibraryplotmarks.code.tex 2021/05/15 v3.1.9a (3.1.9a)
)))
(/nix/store/sh2zwza2hn0wwn7in901hvhaicim9ajn-texlive-combined-full-2021-final/s
hare/texmf/tex/latex/algorithmicx/algpseudocode.sty
Package: algpseudocode 

(/nix/store/sh2zwza2hn0wwn7in901hvhaicim9ajn-texlive-combined-full-2021-final/s
hare/texmf/tex/latex/algorithmicx/algorithmicx.sty
Package: algorithmicx 2005/04/27 v1.2 Algorithmicx

Document Style algorithmicx 1.2 - a greatly improved `algorithmic' style
\c@ALG@line=\count340
\c@ALG@rem=\count341
\c@ALG@nested=\count342
\ALG@tlm=\skip59
\ALG@thistlm=\skip60
\c@ALG@Lnr=\count343
\c@ALG@blocknr=\count344
\c@ALG@storecount=\count345
\c@ALG@tmpcounter=\count346
\ALG@tmplength=\skip61
)
Document Style - pseudocode environments for use with the `algorithmicx' style
)
(/nix/store/sh2zwza2hn0wwn7in901hvhaicim9ajn-texlive-combined-full-2021-final/s
hare/texmf/tex/latex/karnaugh-map/karnaugh-map.sty
Package: karnaugh-map 2022/01/15 v2.0 Draw Karnaugh Maps

(/nix/store/sh2zwza2hn0wwn7in901hvhaicim9ajn-texlive-combined-full-2021-final/s
hare/texmf/tex/latex/kvoptions/kvoptions.sty
Package: kvoptions 2020-10-07 v3.14 Key value format for package options (HO)

(/nix/store/sh2zwza2hn0wwn7in901hvhaicim9ajn-texlive-combined-full-2021-final/s
hare/texmf/tex/generic/ltxcmds/ltxcmds.sty
Package: ltxcmds 2020-05-10 v1.25 LaTeX kernel commands for general use (HO)
)
(/nix/store/sh2zwza2hn0wwn7in901hvhaicim9ajn-texlive-combined-full-2021-final/s
hare/texmf/tex/generic/kvsetkeys/kvsetkeys.sty
Package: kvsetkeys 2019/12/15 v1.18 Key value parser (HO)
))
(/nix/store/sh2zwza2hn0wwn7in901hvhaicim9ajn-texlive-combined-full-2021-final/s
hare/texmf/tex/generic/xstring/xstring.sty
(/nix/store/sh2zwza2hn0wwn7in901hvhaicim9ajn-texlive-combined-full-2021-final/s
hare/texmf/tex/generic/xstring/xstring.tex
\integerpart=\count347
\decimalpart=\count348
)
Package: xstring 2021/07/21 v1.84 String manipulations (CT)
)
(/nix/store/sh2zwza2hn0wwn7in901hvhaicim9ajn-texlive-combined-full-2021-final/s
hare/texmf/tex/generic/pgf/frontendlayer/tikz/libraries/tikzlibrarymatrix.code.
tex
File: tikzlibrarymatrix.code.tex 2021/05/15 v3.1.9a (3.1.9a)
)
\@karnaughmap@var@colorindex@=\count349
\@karnaughmap@var@colorindexnext@=\count350
)
(/nix/store/sh2zwza2hn0wwn7in901hvhaicim9ajn-texlive-combined-full-2021-final/s
hare/texmf/tex/latex/circuitikz/circuitikz.sty
Package: circuitikz 2022/02/04{} The CircuiTikz circuit drawing package version
 1.4.6

(/nix/store/sh2zwza2hn0wwn7in901hvhaicim9ajn-texlive-combined-full-2021-final/s
hare/texmf/tex/generic/pgf/libraries/pgflibraryarrows.meta.code.tex
File: pgflibraryarrows.meta.code.tex 2021/05/15 v3.1.9a (3.1.9a)
\pgfarrowinset=\dimen283
\pgfarrowlength=\dimen284
\pgfarrowwidth=\dimen285
\pgfarrowlinewidth=\dimen286
)
(/nix/store/sh2zwza2hn0wwn7in901hvhaicim9ajn-texlive-combined-full-2021-final/s
hare/texmf/tex/generic/pgf/frontendlayer/tikz/libraries/tikzlibrarybending.code
.tex
File: tikzlibrarybending.code.tex 2021/05/15 v3.1.9a (3.1.9a)

(/nix/store/sh2zwza2hn0wwn7in901hvhaicim9ajn-texlive-combined-full-2021-final/s
hare/texmf/tex/generic/pgf/modules/pgfmodulebending.code.tex
File: pgfmodulebending.code.tex 2021/05/15 v3.1.9a (3.1.9a)

(/nix/store/sh2zwza2hn0wwn7in901hvhaicim9ajn-texlive-combined-full-2021-final/s
hare/texmf/tex/generic/pgf/modules/pgfmodulenonlineartransformations.code.tex
File: pgfmodulenonlineartransformations.code.tex 2021/05/15 v3.1.9a (3.1.9a)
\pgftransformnonlinearflatness=\dimen287
)
(/nix/store/sh2zwza2hn0wwn7in901hvhaicim9ajn-texlive-combined-full-2021-final/s
hare/texmf/tex/generic/pgf/libraries/pgflibrarycurvilinear.code.tex
File: pgflibrarycurvilinear.code.tex 2021/05/15 v3.1.9a (3.1.9a)
\pgf@curvilinear@time@a=\dimen288
\pgf@curvilinear@length@a=\dimen289
\pgf@curvilinear@length@b=\dimen290
\pgf@curvilinear@length@c=\dimen291
\pgf@curvilinear@length@d=\dimen292
)
\pgf@arrows@the@rigidity=\dimen293
))
(/nix/store/sh2zwza2hn0wwn7in901hvhaicim9ajn-texlive-combined-full-2021-final/s
hare/texmf/tex/generic/pgf/frontendlayer/tikz/libraries/tikzlibraryfpu.code.tex
)
(/nix/store/sh2zwza2hn0wwn7in901hvhaicim9ajn-texlive-combined-full-2021-final/s
hare/texmf/tex/generic/circuitikz/pgfcirc.defines.tex
\pgf@circ@count@a=\count351
\pgf@circ@count@b=\count352
\pgf@circ@count@c=\count353
\pgf@circ@res@up=\dimen294
\pgf@circ@res@down=\dimen295
\pgf@circ@res@zero=\dimen296
\pgf@circ@res@left=\dimen297
\pgf@circ@res@right=\dimen298
\pgf@circ@res@other=\dimen299
\pgf@circ@res@step=\dimen300
\pgf@circ@res@temp=\dimen301
\pgf@circ@Rlen=\dimen302
\pgf@circ@scaled@Rlen=\dimen303
\pgfstartlinewidth=\dimen304
)
(/nix/store/sh2zwza2hn0wwn7in901hvhaicim9ajn-texlive-combined-full-2021-final/s
hare/texmf/tex/generic/circuitikz/pgfcircutils.tex
\ctikz@scratchbox=\box97
)
(/nix/store/sh2zwza2hn0wwn7in901hvhaicim9ajn-texlive-combined-full-2021-final/s
hare/texmf/tex/generic/circuitikz/pgfcircpath.tex)
(/nix/store/sh2zwza2hn0wwn7in901hvhaicim9ajn-texlive-combined-full-2021-final/s
hare/texmf/tex/generic/circuitikz/pgfcircshapes.tex)
(/nix/store/sh2zwza2hn0wwn7in901hvhaicim9ajn-texlive-combined-full-2021-final/s
hare/texmf/tex/generic/circuitikz/pgfcircmonopoles.tex)
(/nix/store/sh2zwza2hn0wwn7in901hvhaicim9ajn-texlive-combined-full-2021-final/s
hare/texmf/tex/generic/circuitikz/pgfcircbipoles.tex)
(/nix/store/sh2zwza2hn0wwn7in901hvhaicim9ajn-texlive-combined-full-2021-final/s
hare/texmf/tex/generic/circuitikz/pgfcirctripoles.tex
\pgf@circ@res@count=\count354
)
(/nix/store/sh2zwza2hn0wwn7in901hvhaicim9ajn-texlive-combined-full-2021-final/s
hare/texmf/tex/generic/circuitikz/pgfcircquadpoles.tex)
(/nix/store/sh2zwza2hn0wwn7in901hvhaicim9ajn-texlive-combined-full-2021-final/s
hare/texmf/tex/generic/circuitikz/pgfcircmultipoles.tex)
(/nix/store/sh2zwza2hn0wwn7in901hvhaicim9ajn-texlive-combined-full-2021-final/s
hare/texmf/tex/generic/circuitikz/pgfcirclabel.tex)
(/nix/store/sh2zwza2hn0wwn7in901hvhaicim9ajn-texlive-combined-full-2021-final/s
hare/texmf/tex/generic/circuitikz/pgfcircvoltage.tex
\pgfcirc@labelshift=\dimen305
)
(/nix/store/sh2zwza2hn0wwn7in901hvhaicim9ajn-texlive-combined-full-2021-final/s
hare/texmf/tex/generic/circuitikz/pgfcirccurrent.tex)
(/nix/store/sh2zwza2hn0wwn7in901hvhaicim9ajn-texlive-combined-full-2021-final/s
hare/texmf/tex/generic/circuitikz/pgfcircflow.tex))
(/nix/store/sh2zwza2hn0wwn7in901hvhaicim9ajn-texlive-combined-full-2021-final/s
hare/texmf/tex/latex/tikzmark/tikzlibrarytikzmark.code.tex
File: tikzlibrarytikzmark.code.tex 2021/02/16 v1.10 TikZ library for marking po
sitions in a document

(/nix/store/sh2zwza2hn0wwn7in901hvhaicim9ajn-texlive-combined-full-2021-final/s
hare/texmf/tex/latex/l3packages/l3keys2e/l3keys2e.sty
Package: l3keys2e 2022-01-12 LaTeX2e option processing using LaTeX3 keys
)
\l__sn_x_dim=\dimen306
\l__sn_y_dim=\dimen307
\l__sn_xa_dim=\dimen308
\l__sn_ya_dim=\dimen309
)
(/nix/store/sh2zwza2hn0wwn7in901hvhaicim9ajn-texlive-combined-full-2021-final/s
hare/texmf/tex/generic/pgf/frontendlayer/tikz/libraries/tikzlibraryautomata.cod
e.tex
File: tikzlibraryautomata.code.tex 2021/05/15 v3.1.9a (3.1.9a)
)
(/nix/store/sh2zwza2hn0wwn7in901hvhaicim9ajn-texlive-combined-full-2021-final/s
hare/texmf/tex/generic/pgf/frontendlayer/tikz/libraries/tikzlibrarypositioning.
code.tex
File: tikzlibrarypositioning.code.tex 2021/05/15 v3.1.9a (3.1.9a)
)
(/nix/store/sh2zwza2hn0wwn7in901hvhaicim9ajn-texlive-combined-full-2021-final/s
hare/texmf/tex/generic/pgf/frontendlayer/tikz/libraries/tikzlibraryangles.code.
tex
File: tikzlibraryangles.code.tex 2021/05/15 v3.1.9a (3.1.9a)
)
(/nix/store/sh2zwza2hn0wwn7in901hvhaicim9ajn-texlive-combined-full-2021-final/s
hare/texmf/tex/generic/pgf/frontendlayer/tikz/libraries/tikzlibraryquotes.code.
tex
File: tikzlibraryquotes.code.tex 2021/05/15 v3.1.9a (3.1.9a)
)
No file latex-Nxj9fc.aux.
\openout1 = `latex-Nxj9fc.aux'.

LaTeX Font Info:    Checking defaults for OML/cmm/m/it on input line 23.
LaTeX Font Info:    ... okay on input line 23.
LaTeX Font Info:    Checking defaults for OMS/cmsy/m/n on input line 23.
LaTeX Font Info:    ... okay on input line 23.
LaTeX Font Info:    Checking defaults for OT1/cmr/m/n on input line 23.
LaTeX Font Info:    ... okay on input line 23.
LaTeX Font Info:    Checking defaults for T1/cmr/m/n on input line 23.
LaTeX Font Info:    ... okay on input line 23.
LaTeX Font Info:    Checking defaults for TS1/cmr/m/n on input line 23.
LaTeX Font Info:    ... okay on input line 23.
LaTeX Font Info:    Checking defaults for OMX/cmex/m/n on input line 23.
LaTeX Font Info:    ... okay on input line 23.
LaTeX Font Info:    Checking defaults for U/cmr/m/n on input line 23.
LaTeX Font Info:    ... okay on input line 23.

(/nix/store/sh2zwza2hn0wwn7in901hvhaicim9ajn-texlive-combined-full-2021-final/s
hare/texmf/tex/context/base/mkii/supp-pdf.mkii
[Loading MPS to PDF converter (version 2006.09.02).]
\scratchcounter=\count355
\scratchdimen=\dimen310
\scratchbox=\box98
\nofMPsegments=\count356
\nofMParguments=\count357
\everyMPshowfont=\toks59
\MPscratchCnt=\count358
\MPscratchDim=\dimen311
\MPnumerator=\count359
\makeMPintoPDFobject=\count360
\everyMPtoPDFconversion=\toks60
)
(/nix/store/sh2zwza2hn0wwn7in901hvhaicim9ajn-texlive-combined-full-2021-final/s
hare/texmf/tex/latex/epstopdf-pkg/epstopdf-base.sty
Package: epstopdf-base 2020-01-24 v2.11 Base part for package epstopdf
Package epstopdf-base Info: Redefining graphics rule for `.eps' on input line 4
85.

(/nix/store/sh2zwza2hn0wwn7in901hvhaicim9ajn-texlive-combined-full-2021-final/s
hare/texmf/tex/latex/latexconfig/epstopdf-sys.cfg
File: epstopdf-sys.cfg 2010/07/13 v1.3 Configuration of (r)epstopdf for TeX Liv
e
))

Package pgfplots Warning: running in backwards compatibility mode (unsuitable t
ick labels; missing features). Consider writing \pgfplotsset{compat=1.18} into 
your preamble.
 on input line 23.

LaTeX Font Info:    Trying to load font information for U+msa on input line 32.


(/nix/store/sh2zwza2hn0wwn7in901hvhaicim9ajn-texlive-combined-full-2021-final/s
hare/texmf/tex/latex/amsfonts/umsa.fd
File: umsa.fd 2013/01/14 v3.01 AMS symbols A
)
LaTeX Font Info:    Trying to load font information for U+msb on input line 32.


(/nix/store/sh2zwza2hn0wwn7in901hvhaicim9ajn-texlive-combined-full-2021-final/s
hare/texmf/tex/latex/amsfonts/umsb.fd
File: umsb.fd 2013/01/14 v3.01 AMS symbols B
) [1

{/nix/store/sh2zwza2hn0wwn7in901hvhaicim9ajn-texlive-combined-full-2021-final/s
hare/texmf-var/fonts/map/pdftex/updmap/pdftex.map}] [2] (./latex-Nxj9fc.aux) ) 
Here is how much of TeX's memory you used:
 50336 strings out of 478278
 1414520 string characters out of 5819600
 1996629 words of memory out of 5000000
 67942 multiletter control sequences out of 15000+600000
 471827 words of font info for 38 fonts, out of 8000000 for 9000
 1141 hyphenation exceptions out of 8191
 115i,7n,118p,1613b,676s stack positions out of 5000i,500n,10000p,200000b,80000s
<
/nix/store/sh2zwza2hn0wwn7in901hvhaicim9ajn-texlive-combined-full-2021-final/sh
are/texmf/fonts/type1/public/amsfonts/cm/cmmi10.pfb>
Output written on latex-Nxj9fc.pdf (2 pages, 11749 bytes).
PDF statistics:
 19 PDF objects out of 1000 (max. 8388607)
 12 compressed objects within 1 object stream
 0 named destinations out of 1000 (max. 500000)
 13 words of extra memory for PDF output out of 10000 (max. 10000000)

