\BOOKMARK [1][-]{section.1}{\376\377\000f\000i\000e\000l\000d}{}% 1
\BOOKMARK [1][-]{section.2}{\376\377\000m\000a\000t\000r\000i\000x}{}% 2
\BOOKMARK [2][-]{subsection.2.1}{\376\377\000m\000a\000t\000r\000i\000x\000\040\000m\000u\000l\000t\000i\000p\000l\000i\000c\000a\000t\000i\000o\000n}{section.2}% 3
\BOOKMARK [2][-]{subsection.2.2}{\376\377\000m\000a\000t\000r\000i\000x\000\040\000a\000d\000d\000i\000t\000i\000o\000n}{section.2}% 4
\BOOKMARK [2][-]{subsection.2.3}{\376\377\000e\000l\000e\000m\000e\000n\000t\000a\000r\000y\000\040\000r\000o\000w\000\040\000o\000p\000e\000r\000a\000t\000i\000o\000n}{section.2}% 5
\BOOKMARK [2][-]{subsection.2.4}{\376\377\000a\000u\000g\000m\000e\000n\000t\000e\000d\000\040\000m\000a\000t\000r\000i\000x}{section.2}% 6
\BOOKMARK [2][-]{subsection.2.5}{\376\377\000s\000q\000u\000a\000r\000e\000\040\000m\000a\000t\000r\000i\000x}{section.2}% 7
\BOOKMARK [2][-]{subsection.2.6}{\376\377\000i\000d\000e\000n\000t\000i\000t\000y\000\040\000m\000a\000t\000r\000i\000x}{section.2}% 8
\BOOKMARK [2][-]{subsection.2.7}{\376\377\000t\000r\000i\000a\000n\000g\000u\000l\000a\000r\000\040\000m\000a\000t\000r\000i\000x}{section.2}% 9
\BOOKMARK [2][-]{subsection.2.8}{\376\377\000r\000o\000w\000\040\000e\000c\000h\000e\000l\000o\000n\000\040\000f\000o\000r\000m}{section.2}% 10
\BOOKMARK [2][-]{subsection.2.9}{\376\377\000i\000n\000v\000e\000r\000t\000i\000b\000l\000e\000\040\000m\000a\000t\000r\000i\000x}{section.2}% 11
\BOOKMARK [2][-]{subsection.2.10}{\376\377\000t\000r\000a\000n\000s\000p\000o\000s\000e}{section.2}% 12
\BOOKMARK [2][-]{subsection.2.11}{\376\377\000m\000a\000t\000r\000i\000x\000\040\000s\000i\000m\000i\000l\000a\000r\000i\000t\000y}{section.2}% 13
\BOOKMARK [2][-]{subsection.2.12}{\376\377\000d\000e\000t\000e\000r\000m\000i\000n\000a\000n\000t}{section.2}% 14
\BOOKMARK [3][-]{subsubsection.2.12.1}{\376\377\000L\000e\000i\000b\000n\000i\000z\000\040\000f\000o\000r\000m\000u\000l\000a}{subsection.2.12}% 15
\BOOKMARK [3][-]{subsubsection.2.12.2}{\376\377\000r\000u\000l\000e\000\040\000o\000f\000\040\000S\000a\000r\000r\000u\000s}{subsection.2.12}% 16
\BOOKMARK [2][-]{subsection.2.13}{\376\377\000d\000i\000a\000g\000o\000n\000a\000l\000\040\000m\000a\000t\000r\000i\000x}{section.2}% 17
\BOOKMARK [2][-]{subsection.2.14}{\376\377\000d\000i\000a\000g\000o\000n\000a\000l\000i\000z\000a\000b\000l\000e\000\040\000m\000a\000t\000r\000i\000x}{section.2}% 18
\BOOKMARK [3][-]{subsubsection.2.14.1}{\376\377\000d\000i\000a\000g\000o\000n\000a\000l\000i\000z\000a\000t\000i\000o\000n\000\040\000t\000h\000e\000o\000r\000e\000m}{subsection.2.14}% 19
\BOOKMARK [2][-]{subsection.2.15}{\376\377\000m\000i\000n\000o\000r}{section.2}% 20
\BOOKMARK [3][-]{subsubsection.2.15.1}{\376\377\000f\000i\000r\000s\000t\000\040\000m\000i\000n\000o\000r}{subsection.2.15}% 21
\BOOKMARK [2][-]{subsection.2.16}{\376\377\000l\000a\000p\000l\000a\000c\000e\000\040\000e\000x\000p\000a\000n\000s\000i\000o\000n}{section.2}% 22
\BOOKMARK [2][-]{subsection.2.17}{\376\377\000c\000o\000n\000j\000u\000g\000a\000t\000e\000\040\000t\000r\000a\000n\000s\000p\000o\000s\000e}{section.2}% 23
\BOOKMARK [2][-]{subsection.2.18}{\376\377\000c\000o\000f\000a\000c\000t\000o\000r\000\040\000m\000a\000t\000r\000i\000x}{section.2}% 24
\BOOKMARK [3][-]{subsubsection.2.18.1}{\376\377\000c\000o\000f\000a\000c\000t\000o\000r}{subsection.2.18}% 25
\BOOKMARK [2][-]{subsection.2.19}{\376\377\000a\000d\000j\000u\000g\000a\000t\000e\000\040\000m\000a\000t\000r\000i\000x}{section.2}% 26
\BOOKMARK [2][-]{subsection.2.20}{\376\377\000m\000a\000t\000r\000i\000x\000\040\000f\000r\000o\000m\000\040\000t\000h\000e\000\040\000p\000e\000r\000s\000p\000e\000c\000t\000i\000v\000e\000\040\000o\000f\000\040\000v\000e\000c\000t\000o\000r}{section.2}% 27
\BOOKMARK [3][-]{subsubsection.2.20.1}{\376\377\000r\000o\000w\000\040\000s\000p\000a\000c\000e}{subsection.2.20}% 28
\BOOKMARK [3][-]{subsubsection.2.20.2}{\376\377\000c\000o\000l\000u\000m\000n\000\040\000s\000p\000a\000c\000e}{subsection.2.20}% 29
\BOOKMARK [3][-]{subsubsection.2.20.3}{\376\377\000r\000a\000n\000k}{subsection.2.20}% 30
\BOOKMARK [3][-]{subsubsection.2.20.4}{\376\377\000k\000e\000r\000n\000e\000l}{subsection.2.20}% 31
\BOOKMARK [3][-]{subsubsection.2.20.5}{\376\377\000i\000m\000a\000g\000e}{subsection.2.20}% 32
\BOOKMARK [1][-]{section.3}{\376\377\000v\000e\000c\000t\000o\000r}{}% 33
\BOOKMARK [2][-]{subsection.3.1}{\376\377\000m\000a\000g\000n\000i\000t\000u\000d\000e}{section.3}% 34
\BOOKMARK [2][-]{subsection.3.2}{\376\377\000u\000n\000i\000t\000\040\000v\000e\000c\000t\000o\000r}{section.3}% 35
\BOOKMARK [2][-]{subsection.3.3}{\376\377\000v\000e\000c\000t\000o\000r\000\040\000s\000c\000a\000l\000a\000r\000\040\000m\000u\000l\000t\000i\000p\000l\000i\000c\000a\000t\000i\000o\000n}{section.3}% 36
\BOOKMARK [2][-]{subsection.3.4}{\376\377\000v\000e\000c\000t\000o\000r\000\040\000a\000d\000d\000i\000t\000i\000o\000n\000\040\000a\000n\000d\000\040\000s\000u\000b\000t\000r\000a\000c\000t\000i\000o\000n}{section.3}% 37
\BOOKMARK [2][-]{subsection.3.5}{\376\377\000d\000o\000t\000\040\000p\000r\000o\000d\000u\000c\000t}{section.3}% 38
\BOOKMARK [2][-]{subsection.3.6}{\376\377\000c\000r\000o\000s\000s\000\040\000p\000r\000o\000d\000u\000c\000t}{section.3}% 39
\BOOKMARK [2][-]{subsection.3.7}{\376\377\000v\000e\000c\000t\000o\000r\000\040\000s\000p\000a\000c\000e}{section.3}% 40
\BOOKMARK [3][-]{subsubsection.3.7.1}{\376\377\000v\000e\000c\000t\000o\000r\000\040\000s\000u\000b\000s\000p\000a\000c\000e}{subsection.3.7}% 41
\BOOKMARK [3][-]{subsubsection.3.7.2}{\376\377\000l\000i\000n\000e\000a\000r\000\040\000c\000o\000m\000b\000i\000n\000a\000t\000i\000o\000n}{subsection.3.7}% 42
\BOOKMARK [3][-]{subsubsection.3.7.3}{\376\377\000s\000p\000a\000n}{subsection.3.7}% 43
\BOOKMARK [3][-]{subsubsection.3.7.4}{\376\377\000b\000a\000s\000i\000s}{subsection.3.7}% 44
\BOOKMARK [3][-]{subsubsection.3.7.5}{\376\377\000d\000i\000m\000e\000n\000s\000i\000o\000n}{subsection.3.7}% 45
\BOOKMARK [3][-]{subsubsection.3.7.6}{\376\377\000c\000o\000o\000r\000d\000i\000n\000a\000t\000e\000\040\000v\000e\000c\000t\000o\000r}{subsection.3.7}% 46
\BOOKMARK [3][-]{subsubsection.3.7.7}{\376\377\000v\000e\000c\000t\000o\000r\000\040\000s\000p\000a\000c\000e\000\040\000a\000d\000d\000i\000t\000i\000o\000n}{subsection.3.7}% 47
\BOOKMARK [3][-]{subsubsection.3.7.8}{\376\377\000v\000e\000c\000t\000o\000r\000\040\000s\000p\000a\000c\000e\000\040\000i\000n\000t\000e\000r\000s\000e\000c\000t\000i\000o\000n}{subsection.3.7}% 48
\BOOKMARK [3][-]{subsubsection.3.7.9}{\376\377\000v\000e\000c\000t\000o\000r\000\040\000s\000p\000a\000c\000e\000\040\000u\000n\000i\000o\000n}{subsection.3.7}% 49
\BOOKMARK [1][-]{section.4}{\376\377\000l\000i\000n\000e\000a\000r\000\040\000m\000a\000p}{}% 50
\BOOKMARK [2][-]{subsection.4.1}{\376\377\000e\000i\000g\000e\000n\000v\000a\000l\000u\000e\000s\000\040\000a\000n\000d\000\040\000e\000i\000g\000e\000n\000v\000e\000c\000t\000o\000r\000s}{section.4}% 51
\BOOKMARK [3][-]{subsubsection.4.1.1}{\376\377\000c\000h\000a\000r\000a\000c\000t\000e\000r\000i\000s\000t\000i\000c\000\040\000p\000o\000l\000y\000n\000o\000m\000i\000a\000l}{subsection.4.1}% 52
\BOOKMARK [3][-]{subsubsection.4.1.2}{\376\377\000e\000i\000g\000e\000n\000s\000p\000a\000c\000e}{subsection.4.1}% 53
\BOOKMARK [2][-]{subsection.4.2}{\376\377\000l\000i\000n\000e\000a\000r\000\040\000m\000a\000p\000\040\000c\000o\000m\000p\000o\000s\000i\000t\000i\000o\000n}{section.4}% 54
\BOOKMARK [2][-]{subsection.4.3}{\376\377\000l\000i\000n\000e\000a\000r\000\040\000i\000s\000o\000m\000o\000r\000p\000h\000i\000s\000m}{section.4}% 55
