This is pdfTeX, Version 3.141592653-2.6-1.40.22 (TeX Live 2021/nixos.org) (preloaded format=pdflatex 1980.1.1)  11 OCT 2022 10:40
entering extended mode
 \write18 enabled.
 %&-line parsing enabled.
**/home/mahmooz/.emacs.d/latex/networking.tex
(/home/mahmooz/.emacs.d/latex/networking.tex
LaTeX2e <2021-11-15> patch level 1
L3 programming layer <2022-02-24>
(/nix/store/sh2zwza2hn0wwn7in901hvhaicim9ajn-texlive-combined-full-2021-final/s
hare/texmf/tex/latex/base/article.cls
Document Class: article 2021/10/04 v1.4n Standard LaTeX document class

(/nix/store/sh2zwza2hn0wwn7in901hvhaicim9ajn-texlive-combined-full-2021-final/s
hare/texmf/tex/latex/base/size12.clo
File: size12.clo 2021/10/04 v1.4n Standard LaTeX file (size option)
)
\c@part=\count185
\c@section=\count186
\c@subsection=\count187
\c@subsubsection=\count188
\c@paragraph=\count189
\c@subparagraph=\count190
\c@figure=\count191
\c@table=\count192
\abovecaptionskip=\skip47
\belowcaptionskip=\skip48
\bibindent=\dimen138
)
(/nix/store/sh2zwza2hn0wwn7in901hvhaicim9ajn-texlive-combined-full-2021-final/s
hare/texmf/tex/latex/base/inputenc.sty
Package: inputenc 2021/02/14 v1.3d Input encoding file
\inpenc@prehook=\toks16
\inpenc@posthook=\toks17
)
(/nix/store/sh2zwza2hn0wwn7in901hvhaicim9ajn-texlive-combined-full-2021-final/s
hare/texmf/tex/latex/base/fontenc.sty
Package: fontenc 2021/04/29 v2.0v Standard LaTeX package
)
(/nix/store/sh2zwza2hn0wwn7in901hvhaicim9ajn-texlive-combined-full-2021-final/s
hare/texmf/tex/latex/graphics/graphicx.sty
Package: graphicx 2021/09/16 v1.2d Enhanced LaTeX Graphics (DPC,SPQR)

(/nix/store/sh2zwza2hn0wwn7in901hvhaicim9ajn-texlive-combined-full-2021-final/s
hare/texmf/tex/latex/graphics/keyval.sty
Package: keyval 2014/10/28 v1.15 key=value parser (DPC)
\KV@toks@=\toks18
)
(/nix/store/sh2zwza2hn0wwn7in901hvhaicim9ajn-texlive-combined-full-2021-final/s
hare/texmf/tex/latex/graphics/graphics.sty
Package: graphics 2021/03/04 v1.4d Standard LaTeX Graphics (DPC,SPQR)

(/nix/store/sh2zwza2hn0wwn7in901hvhaicim9ajn-texlive-combined-full-2021-final/s
hare/texmf/tex/latex/graphics/trig.sty
Package: trig 2021/08/11 v1.11 sin cos tan (DPC)
)
(/nix/store/sh2zwza2hn0wwn7in901hvhaicim9ajn-texlive-combined-full-2021-final/s
hare/texmf/tex/latex/graphics-cfg/graphics.cfg
File: graphics.cfg 2016/06/04 v1.11 sample graphics configuration
)
Package graphics Info: Driver file: pdftex.def on input line 107.

(/nix/store/sh2zwza2hn0wwn7in901hvhaicim9ajn-texlive-combined-full-2021-final/s
hare/texmf/tex/latex/graphics-def/pdftex.def
File: pdftex.def 2020/10/05 v1.2a Graphics/color driver for pdftex
))
\Gin@req@height=\dimen139
\Gin@req@width=\dimen140
)
(/nix/store/sh2zwza2hn0wwn7in901hvhaicim9ajn-texlive-combined-full-2021-final/s
hare/texmf/tex/latex/tools/longtable.sty
Package: longtable 2021-09-01 v4.17 Multi-page Table package (DPC)
\LTleft=\skip49
\LTright=\skip50
\LTpre=\skip51
\LTpost=\skip52
\LTchunksize=\count193
\LTcapwidth=\dimen141
\LT@head=\box50
\LT@firsthead=\box51
\LT@foot=\box52
\LT@lastfoot=\box53
\LT@gbox=\box54
\LT@cols=\count194
\LT@rows=\count195
\c@LT@tables=\count196
\c@LT@chunks=\count197
\LT@p@ftn=\toks19
)
(/nix/store/sh2zwza2hn0wwn7in901hvhaicim9ajn-texlive-combined-full-2021-final/s
hare/texmf/tex/latex/wrapfig/wrapfig.sty
\wrapoverhang=\dimen142
\WF@size=\dimen143
\c@WF@wrappedlines=\count198
\WF@box=\box55
\WF@everypar=\toks20
Package: wrapfig 2003/01/31  v 3.6
)
(/nix/store/sh2zwza2hn0wwn7in901hvhaicim9ajn-texlive-combined-full-2021-final/s
hare/texmf/tex/latex/graphics/rotating.sty
Package: rotating 2016/08/11 v2.16d rotated objects in LaTeX

(/nix/store/sh2zwza2hn0wwn7in901hvhaicim9ajn-texlive-combined-full-2021-final/s
hare/texmf/tex/latex/base/ifthen.sty
Package: ifthen 2020/11/24 v1.1c Standard LaTeX ifthen package (DPC)
)
\c@r@tfl@t=\count199
\rotFPtop=\skip53
\rotFPbot=\skip54
\rot@float@box=\box56
\rot@mess@toks=\toks21
)
(/nix/store/sh2zwza2hn0wwn7in901hvhaicim9ajn-texlive-combined-full-2021-final/s
hare/texmf/tex/generic/ulem/ulem.sty
\UL@box=\box57
\UL@hyphenbox=\box58
\UL@skip=\skip55
\UL@hook=\toks22
\UL@height=\dimen144
\UL@pe=\count266
\UL@pixel=\dimen145
\ULC@box=\box59
Package: ulem 2019/11/18
\ULdepth=\dimen146
)
(/nix/store/sh2zwza2hn0wwn7in901hvhaicim9ajn-texlive-combined-full-2021-final/s
hare/texmf/tex/latex/amsmath/amsmath.sty
Package: amsmath 2021/10/15 v2.17l AMS math features
\@mathmargin=\skip56

For additional information on amsmath, use the `?' option.

(/nix/store/sh2zwza2hn0wwn7in901hvhaicim9ajn-texlive-combined-full-2021-final/s
hare/texmf/tex/latex/amsmath/amstext.sty
Package: amstext 2021/08/26 v2.01 AMS text

(/nix/store/sh2zwza2hn0wwn7in901hvhaicim9ajn-texlive-combined-full-2021-final/s
hare/texmf/tex/latex/amsmath/amsgen.sty
File: amsgen.sty 1999/11/30 v2.0 generic functions
\@emptytoks=\toks23
\ex@=\dimen147
))
(/nix/store/sh2zwza2hn0wwn7in901hvhaicim9ajn-texlive-combined-full-2021-final/s
hare/texmf/tex/latex/amsmath/amsbsy.sty
Package: amsbsy 1999/11/29 v1.2d Bold Symbols
\pmbraise@=\dimen148
)
(/nix/store/sh2zwza2hn0wwn7in901hvhaicim9ajn-texlive-combined-full-2021-final/s
hare/texmf/tex/latex/amsmath/amsopn.sty
Package: amsopn 2021/08/26 v2.02 operator names
)
\inf@bad=\count267
LaTeX Info: Redefining \frac on input line 234.
\uproot@=\count268
\leftroot@=\count269
LaTeX Info: Redefining \overline on input line 399.
\classnum@=\count270
\DOTSCASE@=\count271
LaTeX Info: Redefining \ldots on input line 496.
LaTeX Info: Redefining \dots on input line 499.
LaTeX Info: Redefining \cdots on input line 620.
\Mathstrutbox@=\box60
\strutbox@=\box61
\big@size=\dimen149
LaTeX Font Info:    Redeclaring font encoding OML on input line 743.
LaTeX Font Info:    Redeclaring font encoding OMS on input line 744.
\macc@depth=\count272
\c@MaxMatrixCols=\count273
\dotsspace@=\muskip16
\c@parentequation=\count274
\dspbrk@lvl=\count275
\tag@help=\toks24
\row@=\count276
\column@=\count277
\maxfields@=\count278
\andhelp@=\toks25
\eqnshift@=\dimen150
\alignsep@=\dimen151
\tagshift@=\dimen152
\tagwidth@=\dimen153
\totwidth@=\dimen154
\lineht@=\dimen155
\@envbody=\toks26
\multlinegap=\skip57
\multlinetaggap=\skip58
\mathdisplay@stack=\toks27
LaTeX Info: Redefining \[ on input line 2938.
LaTeX Info: Redefining \] on input line 2939.
)
(/nix/store/sh2zwza2hn0wwn7in901hvhaicim9ajn-texlive-combined-full-2021-final/s
hare/texmf/tex/latex/amsfonts/amssymb.sty
Package: amssymb 2013/01/14 v3.01 AMS font symbols

(/nix/store/sh2zwza2hn0wwn7in901hvhaicim9ajn-texlive-combined-full-2021-final/s
hare/texmf/tex/latex/amsfonts/amsfonts.sty
Package: amsfonts 2013/01/14 v3.01 Basic AMSFonts support
\symAMSa=\mathgroup4
\symAMSb=\mathgroup5
LaTeX Font Info:    Redeclaring math symbol \hbar on input line 98.
LaTeX Font Info:    Overwriting math alphabet `\mathfrak' in version `bold'
(Font)                  U/euf/m/n --> U/euf/b/n on input line 106.
))
(/nix/store/sh2zwza2hn0wwn7in901hvhaicim9ajn-texlive-combined-full-2021-final/s
hare/texmf/tex/latex/capt-of/capt-of.sty
Package: capt-of 2009/12/29 v0.2 standard captions outside of floats
)
(/nix/store/sh2zwza2hn0wwn7in901hvhaicim9ajn-texlive-combined-full-2021-final/s
hare/texmf/tex/latex/hyperref/hyperref.sty
Package: hyperref 2022-02-21 v7.00n Hypertext links for LaTeX

(/nix/store/sh2zwza2hn0wwn7in901hvhaicim9ajn-texlive-combined-full-2021-final/s
hare/texmf/tex/generic/ltxcmds/ltxcmds.sty
Package: ltxcmds 2020-05-10 v1.25 LaTeX kernel commands for general use (HO)
)
(/nix/store/sh2zwza2hn0wwn7in901hvhaicim9ajn-texlive-combined-full-2021-final/s
hare/texmf/tex/generic/iftex/iftex.sty
Package: iftex 2022/02/03 v1.0f TeX engine tests
)
(/nix/store/sh2zwza2hn0wwn7in901hvhaicim9ajn-texlive-combined-full-2021-final/s
hare/texmf/tex/generic/pdftexcmds/pdftexcmds.sty
Package: pdftexcmds 2020-06-27 v0.33 Utility functions of pdfTeX for LuaTeX (HO
)

(/nix/store/sh2zwza2hn0wwn7in901hvhaicim9ajn-texlive-combined-full-2021-final/s
hare/texmf/tex/generic/infwarerr/infwarerr.sty
Package: infwarerr 2019/12/03 v1.5 Providing info/warning/error messages (HO)
)
Package pdftexcmds Info: \pdf@primitive is available.
Package pdftexcmds Info: \pdf@ifprimitive is available.
Package pdftexcmds Info: \pdfdraftmode found.
)
(/nix/store/sh2zwza2hn0wwn7in901hvhaicim9ajn-texlive-combined-full-2021-final/s
hare/texmf/tex/generic/kvsetkeys/kvsetkeys.sty
Package: kvsetkeys 2019/12/15 v1.18 Key value parser (HO)
)
(/nix/store/sh2zwza2hn0wwn7in901hvhaicim9ajn-texlive-combined-full-2021-final/s
hare/texmf/tex/generic/kvdefinekeys/kvdefinekeys.sty
Package: kvdefinekeys 2019-12-19 v1.6 Define keys (HO)
)
(/nix/store/sh2zwza2hn0wwn7in901hvhaicim9ajn-texlive-combined-full-2021-final/s
hare/texmf/tex/generic/pdfescape/pdfescape.sty
Package: pdfescape 2019/12/09 v1.15 Implements pdfTeX's escape features (HO)
)
(/nix/store/sh2zwza2hn0wwn7in901hvhaicim9ajn-texlive-combined-full-2021-final/s
hare/texmf/tex/latex/hycolor/hycolor.sty
Package: hycolor 2020-01-27 v1.10 Color options for hyperref/bookmark (HO)
)
(/nix/store/sh2zwza2hn0wwn7in901hvhaicim9ajn-texlive-combined-full-2021-final/s
hare/texmf/tex/latex/letltxmacro/letltxmacro.sty
Package: letltxmacro 2019/12/03 v1.6 Let assignment for LaTeX macros (HO)
)
(/nix/store/sh2zwza2hn0wwn7in901hvhaicim9ajn-texlive-combined-full-2021-final/s
hare/texmf/tex/latex/auxhook/auxhook.sty
Package: auxhook 2019-12-17 v1.6 Hooks for auxiliary files (HO)
)
(/nix/store/sh2zwza2hn0wwn7in901hvhaicim9ajn-texlive-combined-full-2021-final/s
hare/texmf/tex/latex/kvoptions/kvoptions.sty
Package: kvoptions 2020-10-07 v3.14 Key value format for package options (HO)
)
\@linkdim=\dimen156
\Hy@linkcounter=\count279
\Hy@pagecounter=\count280

(/nix/store/sh2zwza2hn0wwn7in901hvhaicim9ajn-texlive-combined-full-2021-final/s
hare/texmf/tex/latex/hyperref/pd1enc.def
File: pd1enc.def 2022-02-21 v7.00n Hyperref: PDFDocEncoding definition (HO)
Now handling font encoding PD1 ...
... no UTF-8 mapping file for font encoding PD1
)
(/nix/store/sh2zwza2hn0wwn7in901hvhaicim9ajn-texlive-combined-full-2021-final/s
hare/texmf/tex/generic/intcalc/intcalc.sty
Package: intcalc 2019/12/15 v1.3 Expandable calculations with integers (HO)
)
(/nix/store/sh2zwza2hn0wwn7in901hvhaicim9ajn-texlive-combined-full-2021-final/s
hare/texmf/tex/generic/etexcmds/etexcmds.sty
Package: etexcmds 2019/12/15 v1.7 Avoid name clashes with e-TeX commands (HO)
)
\Hy@SavedSpaceFactor=\count281

(/nix/store/sh2zwza2hn0wwn7in901hvhaicim9ajn-texlive-combined-full-2021-final/s
hare/texmf/tex/latex/hyperref/puenc.def
File: puenc.def 2022-02-21 v7.00n Hyperref: PDF Unicode definition (HO)
Now handling font encoding PU ...
... no UTF-8 mapping file for font encoding PU
)
Package hyperref Info: Hyper figures OFF on input line 4137.
Package hyperref Info: Link nesting OFF on input line 4142.
Package hyperref Info: Hyper index ON on input line 4145.
Package hyperref Info: Plain pages OFF on input line 4152.
Package hyperref Info: Backreferencing OFF on input line 4157.
Package hyperref Info: Implicit mode ON; LaTeX internals redefined.
Package hyperref Info: Bookmarks ON on input line 4390.
\c@Hy@tempcnt=\count282

(/nix/store/sh2zwza2hn0wwn7in901hvhaicim9ajn-texlive-combined-full-2021-final/s
hare/texmf/tex/latex/url/url.sty
\Urlmuskip=\muskip17
Package: url 2013/09/16  ver 3.4  Verb mode for urls, etc.
)
LaTeX Info: Redefining \url on input line 4749.
\XeTeXLinkMargin=\dimen157

(/nix/store/sh2zwza2hn0wwn7in901hvhaicim9ajn-texlive-combined-full-2021-final/s
hare/texmf/tex/generic/bitset/bitset.sty
Package: bitset 2019/12/09 v1.3 Handle bit-vector datatype (HO)

(/nix/store/sh2zwza2hn0wwn7in901hvhaicim9ajn-texlive-combined-full-2021-final/s
hare/texmf/tex/generic/bigintcalc/bigintcalc.sty
Package: bigintcalc 2019/12/15 v1.5 Expandable calculations on big integers (HO
)
))
\Fld@menulength=\count283
\Field@Width=\dimen158
\Fld@charsize=\dimen159
Package hyperref Info: Hyper figures OFF on input line 6027.
Package hyperref Info: Link nesting OFF on input line 6032.
Package hyperref Info: Hyper index ON on input line 6035.
Package hyperref Info: backreferencing OFF on input line 6042.
Package hyperref Info: Link coloring OFF on input line 6047.
Package hyperref Info: Link coloring with OCG OFF on input line 6052.
Package hyperref Info: PDF/A mode OFF on input line 6057.
LaTeX Info: Redefining \ref on input line 6097.
LaTeX Info: Redefining \pageref on input line 6101.

(/nix/store/sh2zwza2hn0wwn7in901hvhaicim9ajn-texlive-combined-full-2021-final/s
hare/texmf/tex/latex/base/atbegshi-ltx.sty
Package: atbegshi-ltx 2021/01/10 v1.0c Emulation of the original atbegshi
package with kernel methods
)
\Hy@abspage=\count284
\c@Item=\count285
\c@Hfootnote=\count286
)
Package hyperref Info: Driver (autodetected): hpdftex.

(/nix/store/sh2zwza2hn0wwn7in901hvhaicim9ajn-texlive-combined-full-2021-final/s
hare/texmf/tex/latex/hyperref/hpdftex.def
File: hpdftex.def 2022-02-21 v7.00n Hyperref driver for pdfTeX

(/nix/store/sh2zwza2hn0wwn7in901hvhaicim9ajn-texlive-combined-full-2021-final/s
hare/texmf/tex/latex/base/atveryend-ltx.sty
Package: atveryend-ltx 2020/08/19 v1.0a Emulation of the original atveryend pac
kage
with kernel methods
)
\Fld@listcount=\count287
\c@bookmark@seq@number=\count288

(/nix/store/sh2zwza2hn0wwn7in901hvhaicim9ajn-texlive-combined-full-2021-final/s
hare/texmf/tex/latex/rerunfilecheck/rerunfilecheck.sty
Package: rerunfilecheck 2019/12/05 v1.9 Rerun checks for auxiliary files (HO)

(/nix/store/sh2zwza2hn0wwn7in901hvhaicim9ajn-texlive-combined-full-2021-final/s
hare/texmf/tex/generic/uniquecounter/uniquecounter.sty
Package: uniquecounter 2019/12/15 v1.4 Provide unlimited unique counter (HO)
)
Package uniquecounter Info: New unique counter `rerunfilecheck' on input line 2
86.
)
\Hy@SectionHShift=\skip59
)
(/nix/store/sh2zwza2hn0wwn7in901hvhaicim9ajn-texlive-combined-full-2021-final/s
hare/texmf/tex/latex/geometry/geometry.sty
Package: geometry 2020/01/02 v5.9 Page Geometry

(/nix/store/sh2zwza2hn0wwn7in901hvhaicim9ajn-texlive-combined-full-2021-final/s
hare/texmf/tex/generic/iftex/ifvtex.sty
Package: ifvtex 2019/10/25 v1.7 ifvtex legacy package. Use iftex instead.
)
\Gm@cnth=\count289
\Gm@cntv=\count290
\c@Gm@tempcnt=\count291
\Gm@bindingoffset=\dimen160
\Gm@wd@mp=\dimen161
\Gm@odd@mp=\dimen162
\Gm@even@mp=\dimen163
\Gm@layoutwidth=\dimen164
\Gm@layoutheight=\dimen165
\Gm@layouthoffset=\dimen166
\Gm@layoutvoffset=\dimen167
\Gm@dimlist=\toks28
)
(/nix/store/sh2zwza2hn0wwn7in901hvhaicim9ajn-texlive-combined-full-2021-final/s
hare/texmf/tex/latex/tools/indentfirst.sty
Package: indentfirst 1995/11/23 v1.03 Indent first paragraph (DPC)
)
(/nix/store/sh2zwza2hn0wwn7in901hvhaicim9ajn-texlive-combined-full-2021-final/s
hare/texmf/tex/latex/pgf/utilities/pgffor.sty
(/nix/store/sh2zwza2hn0wwn7in901hvhaicim9ajn-texlive-combined-full-2021-final/s
hare/texmf/tex/latex/pgf/utilities/pgfrcs.sty
(/nix/store/sh2zwza2hn0wwn7in901hvhaicim9ajn-texlive-combined-full-2021-final/s
hare/texmf/tex/generic/pgf/utilities/pgfutil-common.tex
\pgfutil@everybye=\toks29
\pgfutil@tempdima=\dimen168
\pgfutil@tempdimb=\dimen169

(/nix/store/sh2zwza2hn0wwn7in901hvhaicim9ajn-texlive-combined-full-2021-final/s
hare/texmf/tex/generic/pgf/utilities/pgfutil-common-lists.tex))
(/nix/store/sh2zwza2hn0wwn7in901hvhaicim9ajn-texlive-combined-full-2021-final/s
hare/texmf/tex/generic/pgf/utilities/pgfutil-latex.def
\pgfutil@abb=\box62
)
(/nix/store/sh2zwza2hn0wwn7in901hvhaicim9ajn-texlive-combined-full-2021-final/s
hare/texmf/tex/generic/pgf/utilities/pgfrcs.code.tex
(/nix/store/sh2zwza2hn0wwn7in901hvhaicim9ajn-texlive-combined-full-2021-final/s
hare/texmf/tex/generic/pgf/pgf.revision.tex)
Package: pgfrcs 2021/05/15 v3.1.9a (3.1.9a)
))
(/nix/store/sh2zwza2hn0wwn7in901hvhaicim9ajn-texlive-combined-full-2021-final/s
hare/texmf/tex/latex/pgf/utilities/pgfkeys.sty
(/nix/store/sh2zwza2hn0wwn7in901hvhaicim9ajn-texlive-combined-full-2021-final/s
hare/texmf/tex/generic/pgf/utilities/pgfkeys.code.tex
\pgfkeys@pathtoks=\toks30
\pgfkeys@temptoks=\toks31

(/nix/store/sh2zwza2hn0wwn7in901hvhaicim9ajn-texlive-combined-full-2021-final/s
hare/texmf/tex/generic/pgf/utilities/pgfkeysfiltered.code.tex
\pgfkeys@tmptoks=\toks32
)))
(/nix/store/sh2zwza2hn0wwn7in901hvhaicim9ajn-texlive-combined-full-2021-final/s
hare/texmf/tex/latex/pgf/math/pgfmath.sty
(/nix/store/sh2zwza2hn0wwn7in901hvhaicim9ajn-texlive-combined-full-2021-final/s
hare/texmf/tex/generic/pgf/math/pgfmath.code.tex
(/nix/store/sh2zwza2hn0wwn7in901hvhaicim9ajn-texlive-combined-full-2021-final/s
hare/texmf/tex/generic/pgf/math/pgfmathcalc.code.tex
(/nix/store/sh2zwza2hn0wwn7in901hvhaicim9ajn-texlive-combined-full-2021-final/s
hare/texmf/tex/generic/pgf/math/pgfmathutil.code.tex
\pgf@x=\dimen170
\pgf@xa=\dimen171
\pgf@xb=\dimen172
\pgf@xc=\dimen173
\pgf@y=\dimen174
\pgf@ya=\dimen175
\pgf@yb=\dimen176
\pgf@yc=\dimen177
\c@pgf@counta=\count292
\c@pgf@countb=\count293
\c@pgf@countc=\count294
\c@pgf@countd=\count295
)
(/nix/store/sh2zwza2hn0wwn7in901hvhaicim9ajn-texlive-combined-full-2021-final/s
hare/texmf/tex/generic/pgf/math/pgfmathparser.code.tex
\pgfmath@dimen=\dimen178
\pgfmath@count=\count296
\pgfmath@box=\box63
\pgfmath@toks=\toks33
\pgfmath@stack@operand=\toks34
\pgfmath@stack@operation=\toks35
)
(/nix/store/sh2zwza2hn0wwn7in901hvhaicim9ajn-texlive-combined-full-2021-final/s
hare/texmf/tex/generic/pgf/math/pgfmathfunctions.code.tex
(/nix/store/sh2zwza2hn0wwn7in901hvhaicim9ajn-texlive-combined-full-2021-final/s
hare/texmf/tex/generic/pgf/math/pgfmathfunctions.basic.code.tex)
(/nix/store/sh2zwza2hn0wwn7in901hvhaicim9ajn-texlive-combined-full-2021-final/s
hare/texmf/tex/generic/pgf/math/pgfmathfunctions.trigonometric.code.tex)
(/nix/store/sh2zwza2hn0wwn7in901hvhaicim9ajn-texlive-combined-full-2021-final/s
hare/texmf/tex/generic/pgf/math/pgfmathfunctions.random.code.tex)
(/nix/store/sh2zwza2hn0wwn7in901hvhaicim9ajn-texlive-combined-full-2021-final/s
hare/texmf/tex/generic/pgf/math/pgfmathfunctions.comparison.code.tex)
(/nix/store/sh2zwza2hn0wwn7in901hvhaicim9ajn-texlive-combined-full-2021-final/s
hare/texmf/tex/generic/pgf/math/pgfmathfunctions.base.code.tex)
(/nix/store/sh2zwza2hn0wwn7in901hvhaicim9ajn-texlive-combined-full-2021-final/s
hare/texmf/tex/generic/pgf/math/pgfmathfunctions.round.code.tex)
(/nix/store/sh2zwza2hn0wwn7in901hvhaicim9ajn-texlive-combined-full-2021-final/s
hare/texmf/tex/generic/pgf/math/pgfmathfunctions.misc.code.tex)
(/nix/store/sh2zwza2hn0wwn7in901hvhaicim9ajn-texlive-combined-full-2021-final/s
hare/texmf/tex/generic/pgf/math/pgfmathfunctions.integerarithmetics.code.tex)))

(/nix/store/sh2zwza2hn0wwn7in901hvhaicim9ajn-texlive-combined-full-2021-final/s
hare/texmf/tex/generic/pgf/math/pgfmathfloat.code.tex
\c@pgfmathroundto@lastzeros=\count297
)))
(/nix/store/sh2zwza2hn0wwn7in901hvhaicim9ajn-texlive-combined-full-2021-final/s
hare/texmf/tex/generic/pgf/utilities/pgffor.code.tex
Package: pgffor 2021/05/15 v3.1.9a (3.1.9a)

(/nix/store/sh2zwza2hn0wwn7in901hvhaicim9ajn-texlive-combined-full-2021-final/s
hare/texmf/tex/generic/pgf/math/pgfmath.code.tex)
\pgffor@iter=\dimen179
\pgffor@skip=\dimen180
\pgffor@stack=\toks36
\pgffor@toks=\toks37
))
(/nix/store/sh2zwza2hn0wwn7in901hvhaicim9ajn-texlive-combined-full-2021-final/s
hare/texmf/tex/latex/cancel/cancel.sty
Package: cancel 2013/04/12 v2.2 Cancel math terms
)
(/nix/store/sh2zwza2hn0wwn7in901hvhaicim9ajn-texlive-combined-full-2021-final/s
hare/texmf/tex/latex/amscls/amsthm.sty
Package: amsthm 2020/05/29 v2.20.6
\thm@style=\toks38
\thm@bodyfont=\toks39
\thm@headfont=\toks40
\thm@notefont=\toks41
\thm@headpunct=\toks42
\thm@preskip=\skip60
\thm@postskip=\skip61
\thm@headsep=\skip62
\dth@everypar=\toks43
)
(/nix/store/sh2zwza2hn0wwn7in901hvhaicim9ajn-texlive-combined-full-2021-final/s
hare/texmf/tex/latex/polynom/polynom.sty
Package: polynom 2017/07/17 0.19 (CH,HA)
\pld@currstage=\count298
)
(/nix/store/sh2zwza2hn0wwn7in901hvhaicim9ajn-texlive-combined-full-2021-final/s
hare/texmf/tex/latex/pgf/frontendlayer/tikz.sty
(/nix/store/sh2zwza2hn0wwn7in901hvhaicim9ajn-texlive-combined-full-2021-final/s
hare/texmf/tex/latex/pgf/basiclayer/pgf.sty
Package: pgf 2021/05/15 v3.1.9a (3.1.9a)

(/nix/store/sh2zwza2hn0wwn7in901hvhaicim9ajn-texlive-combined-full-2021-final/s
hare/texmf/tex/latex/pgf/basiclayer/pgfcore.sty
(/nix/store/sh2zwza2hn0wwn7in901hvhaicim9ajn-texlive-combined-full-2021-final/s
hare/texmf/tex/latex/pgf/systemlayer/pgfsys.sty
(/nix/store/sh2zwza2hn0wwn7in901hvhaicim9ajn-texlive-combined-full-2021-final/s
hare/texmf/tex/generic/pgf/systemlayer/pgfsys.code.tex
Package: pgfsys 2021/05/15 v3.1.9a (3.1.9a)

(/nix/store/sh2zwza2hn0wwn7in901hvhaicim9ajn-texlive-combined-full-2021-final/s
hare/texmf/tex/generic/pgf/utilities/pgfkeys.code.tex)
\pgf@x=\dimen181
\pgf@y=\dimen182
\pgf@xa=\dimen183
\pgf@ya=\dimen184
\pgf@xb=\dimen185
\pgf@yb=\dimen186
\pgf@xc=\dimen187
\pgf@yc=\dimen188
\pgf@xd=\dimen189
\pgf@yd=\dimen190
\w@pgf@writea=\write3
\r@pgf@reada=\read2
\c@pgf@counta=\count299
\c@pgf@countb=\count300
\c@pgf@countc=\count301
\c@pgf@countd=\count302
\t@pgf@toka=\toks44
\t@pgf@tokb=\toks45
\t@pgf@tokc=\toks46
\pgf@sys@id@count=\count303

(/nix/store/sh2zwza2hn0wwn7in901hvhaicim9ajn-texlive-combined-full-2021-final/s
hare/texmf/tex/generic/pgf/systemlayer/pgf.cfg
File: pgf.cfg 2021/05/15 v3.1.9a (3.1.9a)
)
Driver file for pgf: pgfsys-pdftex.def

(/nix/store/sh2zwza2hn0wwn7in901hvhaicim9ajn-texlive-combined-full-2021-final/s
hare/texmf/tex/generic/pgf/systemlayer/pgfsys-pdftex.def
File: pgfsys-pdftex.def 2021/05/15 v3.1.9a (3.1.9a)

(/nix/store/sh2zwza2hn0wwn7in901hvhaicim9ajn-texlive-combined-full-2021-final/s
hare/texmf/tex/generic/pgf/systemlayer/pgfsys-common-pdf.def
File: pgfsys-common-pdf.def 2021/05/15 v3.1.9a (3.1.9a)
)))
(/nix/store/sh2zwza2hn0wwn7in901hvhaicim9ajn-texlive-combined-full-2021-final/s
hare/texmf/tex/generic/pgf/systemlayer/pgfsyssoftpath.code.tex
File: pgfsyssoftpath.code.tex 2021/05/15 v3.1.9a (3.1.9a)
\pgfsyssoftpath@smallbuffer@items=\count304
\pgfsyssoftpath@bigbuffer@items=\count305
)
(/nix/store/sh2zwza2hn0wwn7in901hvhaicim9ajn-texlive-combined-full-2021-final/s
hare/texmf/tex/generic/pgf/systemlayer/pgfsysprotocol.code.tex
File: pgfsysprotocol.code.tex 2021/05/15 v3.1.9a (3.1.9a)
))
(/nix/store/sh2zwza2hn0wwn7in901hvhaicim9ajn-texlive-combined-full-2021-final/s
hare/texmf/tex/latex/xcolor/xcolor.sty
Package: xcolor 2021/10/31 v2.13 LaTeX color extensions (UK)

(/nix/store/sh2zwza2hn0wwn7in901hvhaicim9ajn-texlive-combined-full-2021-final/s
hare/texmf/tex/latex/graphics-cfg/color.cfg
File: color.cfg 2016/01/02 v1.6 sample color configuration
)
Package xcolor Info: Driver file: pdftex.def on input line 227.
Package xcolor Info: Model `cmy' substituted by `cmy0' on input line 1352.
Package xcolor Info: Model `hsb' substituted by `rgb' on input line 1356.
Package xcolor Info: Model `RGB' extended on input line 1368.
Package xcolor Info: Model `HTML' substituted by `rgb' on input line 1370.
Package xcolor Info: Model `Hsb' substituted by `hsb' on input line 1371.
Package xcolor Info: Model `tHsb' substituted by `hsb' on input line 1372.
Package xcolor Info: Model `HSB' substituted by `hsb' on input line 1373.
Package xcolor Info: Model `Gray' substituted by `gray' on input line 1374.
Package xcolor Info: Model `wave' substituted by `hsb' on input line 1375.
)
(/nix/store/sh2zwza2hn0wwn7in901hvhaicim9ajn-texlive-combined-full-2021-final/s
hare/texmf/tex/generic/pgf/basiclayer/pgfcore.code.tex
Package: pgfcore 2021/05/15 v3.1.9a (3.1.9a)

(/nix/store/sh2zwza2hn0wwn7in901hvhaicim9ajn-texlive-combined-full-2021-final/s
hare/texmf/tex/generic/pgf/math/pgfmath.code.tex)
(/nix/store/sh2zwza2hn0wwn7in901hvhaicim9ajn-texlive-combined-full-2021-final/s
hare/texmf/tex/generic/pgf/math/pgfint.code.tex)
(/nix/store/sh2zwza2hn0wwn7in901hvhaicim9ajn-texlive-combined-full-2021-final/s
hare/texmf/tex/generic/pgf/basiclayer/pgfcorepoints.code.tex
File: pgfcorepoints.code.tex 2021/05/15 v3.1.9a (3.1.9a)
\pgf@picminx=\dimen191
\pgf@picmaxx=\dimen192
\pgf@picminy=\dimen193
\pgf@picmaxy=\dimen194
\pgf@pathminx=\dimen195
\pgf@pathmaxx=\dimen196
\pgf@pathminy=\dimen197
\pgf@pathmaxy=\dimen198
\pgf@xx=\dimen199
\pgf@xy=\dimen256
\pgf@yx=\dimen257
\pgf@yy=\dimen258
\pgf@zx=\dimen259
\pgf@zy=\dimen260
)
(/nix/store/sh2zwza2hn0wwn7in901hvhaicim9ajn-texlive-combined-full-2021-final/s
hare/texmf/tex/generic/pgf/basiclayer/pgfcorepathconstruct.code.tex
File: pgfcorepathconstruct.code.tex 2021/05/15 v3.1.9a (3.1.9a)
\pgf@path@lastx=\dimen261
\pgf@path@lasty=\dimen262
)
(/nix/store/sh2zwza2hn0wwn7in901hvhaicim9ajn-texlive-combined-full-2021-final/s
hare/texmf/tex/generic/pgf/basiclayer/pgfcorepathusage.code.tex
File: pgfcorepathusage.code.tex 2021/05/15 v3.1.9a (3.1.9a)
\pgf@shorten@end@additional=\dimen263
\pgf@shorten@start@additional=\dimen264
)
(/nix/store/sh2zwza2hn0wwn7in901hvhaicim9ajn-texlive-combined-full-2021-final/s
hare/texmf/tex/generic/pgf/basiclayer/pgfcorescopes.code.tex
File: pgfcorescopes.code.tex 2021/05/15 v3.1.9a (3.1.9a)
\pgfpic=\box64
\pgf@hbox=\box65
\pgf@layerbox@main=\box66
\pgf@picture@serial@count=\count306
)
(/nix/store/sh2zwza2hn0wwn7in901hvhaicim9ajn-texlive-combined-full-2021-final/s
hare/texmf/tex/generic/pgf/basiclayer/pgfcoregraphicstate.code.tex
File: pgfcoregraphicstate.code.tex 2021/05/15 v3.1.9a (3.1.9a)
\pgflinewidth=\dimen265
)
(/nix/store/sh2zwza2hn0wwn7in901hvhaicim9ajn-texlive-combined-full-2021-final/s
hare/texmf/tex/generic/pgf/basiclayer/pgfcoretransformations.code.tex
File: pgfcoretransformations.code.tex 2021/05/15 v3.1.9a (3.1.9a)
\pgf@pt@x=\dimen266
\pgf@pt@y=\dimen267
\pgf@pt@temp=\dimen268
)
(/nix/store/sh2zwza2hn0wwn7in901hvhaicim9ajn-texlive-combined-full-2021-final/s
hare/texmf/tex/generic/pgf/basiclayer/pgfcorequick.code.tex
File: pgfcorequick.code.tex 2021/05/15 v3.1.9a (3.1.9a)
)
(/nix/store/sh2zwza2hn0wwn7in901hvhaicim9ajn-texlive-combined-full-2021-final/s
hare/texmf/tex/generic/pgf/basiclayer/pgfcoreobjects.code.tex
File: pgfcoreobjects.code.tex 2021/05/15 v3.1.9a (3.1.9a)
)
(/nix/store/sh2zwza2hn0wwn7in901hvhaicim9ajn-texlive-combined-full-2021-final/s
hare/texmf/tex/generic/pgf/basiclayer/pgfcorepathprocessing.code.tex
File: pgfcorepathprocessing.code.tex 2021/05/15 v3.1.9a (3.1.9a)
)
(/nix/store/sh2zwza2hn0wwn7in901hvhaicim9ajn-texlive-combined-full-2021-final/s
hare/texmf/tex/generic/pgf/basiclayer/pgfcorearrows.code.tex
File: pgfcorearrows.code.tex 2021/05/15 v3.1.9a (3.1.9a)
\pgfarrowsep=\dimen269
)
(/nix/store/sh2zwza2hn0wwn7in901hvhaicim9ajn-texlive-combined-full-2021-final/s
hare/texmf/tex/generic/pgf/basiclayer/pgfcoreshade.code.tex
File: pgfcoreshade.code.tex 2021/05/15 v3.1.9a (3.1.9a)
\pgf@max=\dimen270
\pgf@sys@shading@range@num=\count307
\pgf@shadingcount=\count308
)
(/nix/store/sh2zwza2hn0wwn7in901hvhaicim9ajn-texlive-combined-full-2021-final/s
hare/texmf/tex/generic/pgf/basiclayer/pgfcoreimage.code.tex
File: pgfcoreimage.code.tex 2021/05/15 v3.1.9a (3.1.9a)

(/nix/store/sh2zwza2hn0wwn7in901hvhaicim9ajn-texlive-combined-full-2021-final/s
hare/texmf/tex/generic/pgf/basiclayer/pgfcoreexternal.code.tex
File: pgfcoreexternal.code.tex 2021/05/15 v3.1.9a (3.1.9a)
\pgfexternal@startupbox=\box67
))
(/nix/store/sh2zwza2hn0wwn7in901hvhaicim9ajn-texlive-combined-full-2021-final/s
hare/texmf/tex/generic/pgf/basiclayer/pgfcorelayers.code.tex
File: pgfcorelayers.code.tex 2021/05/15 v3.1.9a (3.1.9a)
)
(/nix/store/sh2zwza2hn0wwn7in901hvhaicim9ajn-texlive-combined-full-2021-final/s
hare/texmf/tex/generic/pgf/basiclayer/pgfcoretransparency.code.tex
File: pgfcoretransparency.code.tex 2021/05/15 v3.1.9a (3.1.9a)
)
(/nix/store/sh2zwza2hn0wwn7in901hvhaicim9ajn-texlive-combined-full-2021-final/s
hare/texmf/tex/generic/pgf/basiclayer/pgfcorepatterns.code.tex
File: pgfcorepatterns.code.tex 2021/05/15 v3.1.9a (3.1.9a)
)
(/nix/store/sh2zwza2hn0wwn7in901hvhaicim9ajn-texlive-combined-full-2021-final/s
hare/texmf/tex/generic/pgf/basiclayer/pgfcorerdf.code.tex
File: pgfcorerdf.code.tex 2021/05/15 v3.1.9a (3.1.9a)
)))
(/nix/store/sh2zwza2hn0wwn7in901hvhaicim9ajn-texlive-combined-full-2021-final/s
hare/texmf/tex/generic/pgf/modules/pgfmoduleshapes.code.tex
File: pgfmoduleshapes.code.tex 2021/05/15 v3.1.9a (3.1.9a)
\pgfnodeparttextbox=\box68
)
(/nix/store/sh2zwza2hn0wwn7in901hvhaicim9ajn-texlive-combined-full-2021-final/s
hare/texmf/tex/generic/pgf/modules/pgfmoduleplot.code.tex
File: pgfmoduleplot.code.tex 2021/05/15 v3.1.9a (3.1.9a)
)
(/nix/store/sh2zwza2hn0wwn7in901hvhaicim9ajn-texlive-combined-full-2021-final/s
hare/texmf/tex/latex/pgf/compatibility/pgfcomp-version-0-65.sty
Package: pgfcomp-version-0-65 2021/05/15 v3.1.9a (3.1.9a)
\pgf@nodesepstart=\dimen271
\pgf@nodesepend=\dimen272
)
(/nix/store/sh2zwza2hn0wwn7in901hvhaicim9ajn-texlive-combined-full-2021-final/s
hare/texmf/tex/latex/pgf/compatibility/pgfcomp-version-1-18.sty
Package: pgfcomp-version-1-18 2021/05/15 v3.1.9a (3.1.9a)
))
(/nix/store/sh2zwza2hn0wwn7in901hvhaicim9ajn-texlive-combined-full-2021-final/s
hare/texmf/tex/generic/pgf/frontendlayer/tikz/tikz.code.tex
Package: tikz 2021/05/15 v3.1.9a (3.1.9a)

(/nix/store/sh2zwza2hn0wwn7in901hvhaicim9ajn-texlive-combined-full-2021-final/s
hare/texmf/tex/generic/pgf/libraries/pgflibraryplothandlers.code.tex
File: pgflibraryplothandlers.code.tex 2021/05/15 v3.1.9a (3.1.9a)
\pgf@plot@mark@count=\count309
\pgfplotmarksize=\dimen273
)
\tikz@lastx=\dimen274
\tikz@lasty=\dimen275
\tikz@lastxsaved=\dimen276
\tikz@lastysaved=\dimen277
\tikz@lastmovetox=\dimen278
\tikz@lastmovetoy=\dimen279
\tikzleveldistance=\dimen280
\tikzsiblingdistance=\dimen281
\tikz@figbox=\box69
\tikz@figbox@bg=\box70
\tikz@tempbox=\box71
\tikz@tempbox@bg=\box72
\tikztreelevel=\count310
\tikznumberofchildren=\count311
\tikznumberofcurrentchild=\count312
\tikz@fig@count=\count313

(/nix/store/sh2zwza2hn0wwn7in901hvhaicim9ajn-texlive-combined-full-2021-final/s
hare/texmf/tex/generic/pgf/modules/pgfmodulematrix.code.tex
File: pgfmodulematrix.code.tex 2021/05/15 v3.1.9a (3.1.9a)
\pgfmatrixcurrentrow=\count314
\pgfmatrixcurrentcolumn=\count315
\pgf@matrix@numberofcolumns=\count316
)
\tikz@expandcount=\count317

(/nix/store/sh2zwza2hn0wwn7in901hvhaicim9ajn-texlive-combined-full-2021-final/s
hare/texmf/tex/generic/pgf/frontendlayer/tikz/libraries/tikzlibrarytopaths.code
.tex
File: tikzlibrarytopaths.code.tex 2021/05/15 v3.1.9a (3.1.9a)
)))
(/nix/store/sh2zwza2hn0wwn7in901hvhaicim9ajn-texlive-combined-full-2021-final/s
hare/texmf/tex/latex/bclogo/bclogo.sty
Package: bclogo 2016/01/10 v3.1

(/nix/store/sh2zwza2hn0wwn7in901hvhaicim9ajn-texlive-combined-full-2021-final/s
hare/texmf/tex/latex/xkeyval/xkeyval.sty
Package: xkeyval 2020/11/20 v2.8 package option processing (HA)

(/nix/store/sh2zwza2hn0wwn7in901hvhaicim9ajn-texlive-combined-full-2021-final/s
hare/texmf/tex/generic/xkeyval/xkeyval.tex
(/nix/store/sh2zwza2hn0wwn7in901hvhaicim9ajn-texlive-combined-full-2021-final/s
hare/texmf/tex/generic/xkeyval/xkvutils.tex
\XKV@toks=\toks47
\XKV@tempa@toks=\toks48
)
\XKV@depth=\count318
File: xkeyval.tex 2014/12/03 v2.7a key=value parser (HA)
))
\bc@invboxh=\skip63
\bc@invboxd=\skip64
\bc@titleLength=\skip65
\logowidth=\skip66

(/nix/store/sh2zwza2hn0wwn7in901hvhaicim9ajn-texlive-combined-full-2021-final/s
hare/texmf/tex/latex/mdframed/mdframed.sty
Package: mdframed 2013/07/01 1.9b: mdframed

(/nix/store/sh2zwza2hn0wwn7in901hvhaicim9ajn-texlive-combined-full-2021-final/s
hare/texmf/tex/latex/l3packages/xparse/xparse.sty
(/nix/store/sh2zwza2hn0wwn7in901hvhaicim9ajn-texlive-combined-full-2021-final/s
hare/texmf/tex/latex/l3kernel/expl3.sty
Package: expl3 2022-02-24 L3 programming layer (loader) 

(/nix/store/sh2zwza2hn0wwn7in901hvhaicim9ajn-texlive-combined-full-2021-final/s
hare/texmf/tex/latex/l3backend/l3backend-pdftex.def
File: l3backend-pdftex.def 2022-02-07 L3 backend support: PDF output (pdfTeX)
\l__color_backend_stack_int=\count319
\l__pdf_internal_box=\box73
))
Package: xparse 2022-01-12 L3 Experimental document command parser
)
(/nix/store/sh2zwza2hn0wwn7in901hvhaicim9ajn-texlive-combined-full-2021-final/s
hare/texmf/tex/latex/etoolbox/etoolbox.sty
Package: etoolbox 2020/10/05 v2.5k e-TeX tools for LaTeX (JAW)
\etb@tempcnta=\count320
)
(/nix/store/sh2zwza2hn0wwn7in901hvhaicim9ajn-texlive-combined-full-2021-final/s
hare/texmf/tex/latex/zref/zref-abspage.sty
Package: zref-abspage 2020-07-03 v2.32 Module abspage for zref (HO)

(/nix/store/sh2zwza2hn0wwn7in901hvhaicim9ajn-texlive-combined-full-2021-final/s
hare/texmf/tex/latex/zref/zref-base.sty
Package: zref-base 2020-07-03 v2.32 Module base for zref (HO)
Package zref Info: New property list: main on input line 764.
Package zref Info: New property: default on input line 765.
Package zref Info: New property: page on input line 766.
)
\c@abspage=\count321
Package zref Info: New property: abspage on input line 66.
)
(/nix/store/sh2zwza2hn0wwn7in901hvhaicim9ajn-texlive-combined-full-2021-final/s
hare/texmf/tex/latex/needspace/needspace.sty
Package: needspace 2010/09/12 v1.3d reserve vertical space
)
\mdf@templength=\skip67
\c@mdf@globalstyle@cnt=\count322
\mdf@skipabove@length=\skip68
\mdf@skipbelow@length=\skip69
\mdf@leftmargin@length=\skip70
\mdf@rightmargin@length=\skip71
\mdf@innerleftmargin@length=\skip72
\mdf@innerrightmargin@length=\skip73
\mdf@innertopmargin@length=\skip74
\mdf@innerbottommargin@length=\skip75
\mdf@splittopskip@length=\skip76
\mdf@splitbottomskip@length=\skip77
\mdf@outermargin@length=\skip78
\mdf@innermargin@length=\skip79
\mdf@linewidth@length=\skip80
\mdf@innerlinewidth@length=\skip81
\mdf@middlelinewidth@length=\skip82
\mdf@outerlinewidth@length=\skip83
\mdf@roundcorner@length=\skip84
\mdf@footenotedistance@length=\skip85
\mdf@userdefinedwidth@length=\skip86
\mdf@needspace@length=\skip87
\mdf@frametitleaboveskip@length=\skip88
\mdf@frametitlebelowskip@length=\skip89
\mdf@frametitlerulewidth@length=\skip90
\mdf@frametitleleftmargin@length=\skip91
\mdf@frametitlerightmargin@length=\skip92
\mdf@shadowsize@length=\skip93
\mdf@extratopheight@length=\skip94
\mdf@subtitleabovelinewidth@length=\skip95
\mdf@subtitlebelowlinewidth@length=\skip96
\mdf@subtitleaboveskip@length=\skip97
\mdf@subtitlebelowskip@length=\skip98
\mdf@subtitleinneraboveskip@length=\skip99
\mdf@subtitleinnerbelowskip@length=\skip100
\mdf@subsubtitleabovelinewidth@length=\skip101
\mdf@subsubtitlebelowlinewidth@length=\skip102
\mdf@subsubtitleaboveskip@length=\skip103
\mdf@subsubtitlebelowskip@length=\skip104
\mdf@subsubtitleinneraboveskip@length=\skip105
\mdf@subsubtitleinnerbelowskip@length=\skip106

(/nix/store/sh2zwza2hn0wwn7in901hvhaicim9ajn-texlive-combined-full-2021-final/s
hare/texmf/tex/latex/mdframed/md-frame-1.mdf
File: md-frame-1.mdf 2013/07/01\ 1.9b: md-frame-1
)
\mdf@frametitlebox=\box74
\mdf@footnotebox=\box75
\mdf@splitbox@one=\box76
\mdf@splitbox@two=\box77
\mdf@splitbox@save=\box78
\mdfsplitboxwidth=\skip107
\mdfsplitboxtotalwidth=\skip108
\mdfsplitboxheight=\skip109
\mdfsplitboxdepth=\skip110
\mdfsplitboxtotalheight=\skip111
\mdfframetitleboxwidth=\skip112
\mdfframetitleboxtotalwidth=\skip113
\mdfframetitleboxheight=\skip114
\mdfframetitleboxdepth=\skip115
\mdfframetitleboxtotalheight=\skip116
\mdffootnoteboxwidth=\skip117
\mdffootnoteboxtotalwidth=\skip118
\mdffootnoteboxheight=\skip119
\mdffootnoteboxdepth=\skip120
\mdffootnoteboxtotalheight=\skip121
\mdftotallinewidth=\skip122
\mdfboundingboxwidth=\skip123
\mdfboundingboxtotalwidth=\skip124
\mdfboundingboxheight=\skip125
\mdfboundingboxdepth=\skip126
\mdfboundingboxtotalheight=\skip127
\mdf@freevspace@length=\skip128
\mdf@horizontalwidthofbox@length=\skip129
\mdf@verticalmarginwhole@length=\skip130
\mdf@horizontalspaceofbox=\skip131
\mdfsubtitleheight=\skip132
\mdfsubsubtitleheight=\skip133
\c@mdfcountframes=\count323

****** mdframed patching \endmdf@trivlist

****** -- success******

\mdf@envdepth=\count324
\c@mdf@env@i=\count325
\c@mdf@env@ii=\count326
\c@mdf@zref@counter=\count327
Package zref Info: New property: mdf@pagevalue on input line 895.
)
(/nix/store/sh2zwza2hn0wwn7in901hvhaicim9ajn-texlive-combined-full-2021-final/s
hare/texmf/tex/generic/pgf/frontendlayer/tikz/libraries/tikzlibraryshadows.code
.tex
File: tikzlibraryshadows.code.tex 2021/05/15 v3.1.9a (3.1.9a)

(/nix/store/sh2zwza2hn0wwn7in901hvhaicim9ajn-texlive-combined-full-2021-final/s
hare/texmf/tex/generic/pgf/frontendlayer/tikz/libraries/tikzlibraryfadings.code
.tex
File: tikzlibraryfadings.code.tex 2021/05/15 v3.1.9a (3.1.9a)

(/nix/store/sh2zwza2hn0wwn7in901hvhaicim9ajn-texlive-combined-full-2021-final/s
hare/texmf/tex/generic/pgf/libraries/pgflibraryfadings.code.tex
File: pgflibraryfadings.code.tex 2021/05/15 v3.1.9a (3.1.9a)
)))
(/nix/store/sh2zwza2hn0wwn7in901hvhaicim9ajn-texlive-combined-full-2021-final/s
hare/texmf/tex/generic/pgf/frontendlayer/tikz/libraries/tikzlibrarydecorations.
pathmorphing.code.tex
(/nix/store/sh2zwza2hn0wwn7in901hvhaicim9ajn-texlive-combined-full-2021-final/s
hare/texmf/tex/generic/pgf/frontendlayer/tikz/libraries/tikzlibrarydecorations.
code.tex
(/nix/store/sh2zwza2hn0wwn7in901hvhaicim9ajn-texlive-combined-full-2021-final/s
hare/texmf/tex/generic/pgf/modules/pgfmoduledecorations.code.tex
\pgfdecoratedcompleteddistance=\dimen282
\pgfdecoratedremainingdistance=\dimen283
\pgfdecoratedinputsegmentcompleteddistance=\dimen284
\pgfdecoratedinputsegmentremainingdistance=\dimen285
\pgf@decorate@distancetomove=\dimen286
\pgf@decorate@repeatstate=\count328
\pgfdecorationsegmentamplitude=\dimen287
\pgfdecorationsegmentlength=\dimen288
)
\tikz@lib@dec@box=\box79
)
(/nix/store/sh2zwza2hn0wwn7in901hvhaicim9ajn-texlive-combined-full-2021-final/s
hare/texmf/tex/generic/pgf/libraries/decorations/pgflibrarydecorations.pathmorp
hing.code.tex))
(/nix/store/sh2zwza2hn0wwn7in901hvhaicim9ajn-texlive-combined-full-2021-final/s
hare/texmf/tex/generic/iftex/ifpdf.sty
Package: ifpdf 2019/10/25 v3.4 ifpdf legacy package. Use iftex instead.
)
\c@bclogocompteur=\count329
\bcval@epBarre=\skip134
\bcval@framesep=\skip135
\bcval@tailleOndu=\skip136
\bcval@borderWidth=\skip137
\bcval@margeG=\skip138
\bcval@margeD=\skip139
\bc@envbox=\box80
)
(/nix/store/sh2zwza2hn0wwn7in901hvhaicim9ajn-texlive-combined-full-2021-final/s
hare/texmf/tex/latex/listings/listings.sty
\lst@mode=\count330
\lst@gtempboxa=\box81
\lst@token=\toks49
\lst@length=\count331
\lst@currlwidth=\dimen289
\lst@column=\count332
\lst@pos=\count333
\lst@lostspace=\dimen290
\lst@width=\dimen291
\lst@newlines=\count334
\lst@lineno=\count335
\lst@maxwidth=\dimen292

(/nix/store/sh2zwza2hn0wwn7in901hvhaicim9ajn-texlive-combined-full-2021-final/s
hare/texmf/tex/latex/listings/lstmisc.sty
File: lstmisc.sty 2020/03/24 1.8d (Carsten Heinz)
\c@lstnumber=\count336
\lst@skipnumbers=\count337
\lst@framebox=\box82
)
(/nix/store/sh2zwza2hn0wwn7in901hvhaicim9ajn-texlive-combined-full-2021-final/s
hare/texmf/tex/latex/listings/listings.cfg
File: listings.cfg 2020/03/24 1.8d listings configuration
))
Package: listings 2020/03/24 1.8d (Carsten Heinz)

(/nix/store/sh2zwza2hn0wwn7in901hvhaicim9ajn-texlive-combined-full-2021-final/s
hare/texmf/tex/latex/tcolorbox/tcolorbox.sty
Package: tcolorbox 2022/01/07 version 5.0.2 text color boxes

(/nix/store/sh2zwza2hn0wwn7in901hvhaicim9ajn-texlive-combined-full-2021-final/s
hare/texmf/tex/latex/tools/verbatim.sty
Package: verbatim 2020-07-07 v1.5u LaTeX2e package for verbatim enhancements
\every@verbatim=\toks50
\verbatim@line=\toks51
\verbatim@in@stream=\read3
)
(/nix/store/sh2zwza2hn0wwn7in901hvhaicim9ajn-texlive-combined-full-2021-final/s
hare/texmf/tex/latex/environ/environ.sty
Package: environ 2014/05/04 v0.3 A new way to define environments

(/nix/store/sh2zwza2hn0wwn7in901hvhaicim9ajn-texlive-combined-full-2021-final/s
hare/texmf/tex/latex/trimspaces/trimspaces.sty
Package: trimspaces 2009/09/17 v1.1 Trim spaces around a token list
))
\tcb@titlebox=\box83
\tcb@upperbox=\box84
\tcb@lowerbox=\box85
\tcb@phantombox=\box86
\c@tcbbreakpart=\count338
\c@tcblayer=\count339
\c@tcolorbox@number=\count340
\tcb@temp=\box87
\tcb@temp=\box88
\tcb@temp=\box89
\tcb@temp=\box90

(/nix/store/sh2zwza2hn0wwn7in901hvhaicim9ajn-texlive-combined-full-2021-final/s
hare/texmf/tex/latex/tcolorbox/tcbraster.code.tex
Library (tcolorbox): 'tcbraster.code.tex' version '5.0.2'
\c@tcbrastercolumn=\count341
\c@tcbrasterrow=\count342
\c@tcbrasternum=\count343
\c@tcbraster=\count344
)
(/nix/store/sh2zwza2hn0wwn7in901hvhaicim9ajn-texlive-combined-full-2021-final/s
hare/texmf/tex/latex/tcolorbox/tcbskins.code.tex
Library (tcolorbox): 'tcbskins.code.tex' version '5.0.2'
\tcb@waterbox=\box91

(/nix/store/sh2zwza2hn0wwn7in901hvhaicim9ajn-texlive-combined-full-2021-final/s
hare/texmf/tex/latex/tcolorbox/tcbskinsjigsaw.code.tex
Library (tcolorbox): 'tcbskinsjigsaw.code.tex' version '5.0.2'
))
(/nix/store/sh2zwza2hn0wwn7in901hvhaicim9ajn-texlive-combined-full-2021-final/s
hare/texmf/tex/latex/tcolorbox/tcbbreakable.code.tex
Library (tcolorbox): 'tcbbreakable.code.tex' version '5.0.2'

(/nix/store/sh2zwza2hn0wwn7in901hvhaicim9ajn-texlive-combined-full-2021-final/s
hare/texmf/tex/generic/oberdiek/pdfcol.sty
Package: pdfcol 2019/12/29 v1.6 Handle new color stacks for pdfTeX (HO)
)
Package pdfcol Info: New color stack `tcb@breakable' = 1 on input line 23.
\tcb@testbox=\box92
\tcb@totalupperbox=\box93
\tcb@totallowerbox=\box94
)
(/nix/store/sh2zwza2hn0wwn7in901hvhaicim9ajn-texlive-combined-full-2021-final/s
hare/texmf/tex/latex/tcolorbox/tcbhooks.code.tex
Library (tcolorbox): 'tcbhooks.code.tex' version '5.0.2'
)
(/nix/store/sh2zwza2hn0wwn7in901hvhaicim9ajn-texlive-combined-full-2021-final/s
hare/texmf/tex/latex/tcolorbox/tcbtheorems.code.tex
Library (tcolorbox): 'tcbtheorems.code.tex' version '5.0.2'
)
(/nix/store/sh2zwza2hn0wwn7in901hvhaicim9ajn-texlive-combined-full-2021-final/s
hare/texmf/tex/latex/tcolorbox/tcbfitting.code.tex
Library (tcolorbox): 'tcbfitting.code.tex' version '5.0.2'
\tcbfitdim=\dimen293
\tcb@lowerfitdim=\dimen294
\tcb@upperfitdim=\dimen295
\tcb@cur@hbadness=\count345
)
(/nix/store/sh2zwza2hn0wwn7in901hvhaicim9ajn-texlive-combined-full-2021-final/s
hare/texmf/tex/latex/tcolorbox/tcbxparse.code.tex
Library (tcolorbox): 'tcbxparse.code.tex' version '5.0.2'
)
(/nix/store/sh2zwza2hn0wwn7in901hvhaicim9ajn-texlive-combined-full-2021-final/s
hare/texmf/tex/latex/tcolorbox/tcblistingsutf8.code.tex
Library (tcolorbox): 'tcblistingsutf8.code.tex' version '5.0.2'

(/nix/store/sh2zwza2hn0wwn7in901hvhaicim9ajn-texlive-combined-full-2021-final/s
hare/texmf/tex/latex/tcolorbox/tcblistings.code.tex
Library (tcolorbox): 'tcblistings.code.tex' version '5.0.2'

(/nix/store/sh2zwza2hn0wwn7in901hvhaicim9ajn-texlive-combined-full-2021-final/s
hare/texmf/tex/latex/tcolorbox/tcblistingscore.code.tex
Library (tcolorbox): 'tcblistingscore.code.tex' version '5.0.2'

(/nix/store/sh2zwza2hn0wwn7in901hvhaicim9ajn-texlive-combined-full-2021-final/s
hare/texmf/tex/latex/tcolorbox/tcbprocessing.code.tex
Library (tcolorbox): 'tcbprocessing.code.tex' version '5.0.2'

(/nix/store/sh2zwza2hn0wwn7in901hvhaicim9ajn-texlive-combined-full-2021-final/s
hare/texmf/tex/latex/tools/shellesc.sty
Package: shellesc 2019/11/08 v1.0c unified shell escape interface for LaTeX
Package shellesc Info: Unrestricted shell escape enabled on input line 75.
))
\c@tcblisting=\count346
))
(/nix/store/sh2zwza2hn0wwn7in901hvhaicim9ajn-texlive-combined-full-2021-final/s
hare/texmf/tex/latex/listingsutf8/listingsutf8.sty
Package: listingsutf8 2019-12-10 v1.5 Allow UTF-8 in listings input (HO)

(/nix/store/sh2zwza2hn0wwn7in901hvhaicim9ajn-texlive-combined-full-2021-final/s
hare/texmf/tex/generic/stringenc/stringenc.sty
Package: stringenc 2019/11/29 v1.12 Convert strings between diff. encodings (HO
)
)))
(/nix/store/sh2zwza2hn0wwn7in901hvhaicim9ajn-texlive-combined-full-2021-final/s
hare/texmf/tex/latex/tcolorbox/tcbexternal.code.tex
Library (tcolorbox): 'tcbexternal.code.tex' version '5.0.2'
)
(/nix/store/sh2zwza2hn0wwn7in901hvhaicim9ajn-texlive-combined-full-2021-final/s
hare/texmf/tex/latex/tcolorbox/tcbmagazine.code.tex
Library (tcolorbox): 'tcbmagazine.code.tex' version '5.0.2'
)
(/nix/store/sh2zwza2hn0wwn7in901hvhaicim9ajn-texlive-combined-full-2021-final/s
hare/texmf/tex/latex/tcolorbox/tcbvignette.code.tex
Library (tcolorbox): 'tcbvignette.code.tex' version '5.0.2'
)
(/nix/store/sh2zwza2hn0wwn7in901hvhaicim9ajn-texlive-combined-full-2021-final/s
hare/texmf/tex/latex/tcolorbox/tcbposter.code.tex
Library (tcolorbox): 'tcbposter.code.tex' version '5.0.2'
))
(/nix/store/sh2zwza2hn0wwn7in901hvhaicim9ajn-texlive-combined-full-2021-final/s
hare/texmf/tex/latex/forest/forest.sty
Package: forest 2017/07/14 v2.1.5 Drawing (linguistic) trees

(/nix/store/sh2zwza2hn0wwn7in901hvhaicim9ajn-texlive-combined-full-2021-final/s
hare/texmf/tex/generic/pgf/frontendlayer/tikz/libraries/tikzlibraryshapes.code.
tex
File: tikzlibraryshapes.code.tex 2021/05/15 v3.1.9a (3.1.9a)

(/nix/store/sh2zwza2hn0wwn7in901hvhaicim9ajn-texlive-combined-full-2021-final/s
hare/texmf/tex/generic/pgf/frontendlayer/tikz/libraries/tikzlibraryshapes.geome
tric.code.tex
File: tikzlibraryshapes.geometric.code.tex 2021/05/15 v3.1.9a (3.1.9a)

(/nix/store/sh2zwza2hn0wwn7in901hvhaicim9ajn-texlive-combined-full-2021-final/s
hare/texmf/tex/generic/pgf/libraries/shapes/pgflibraryshapes.geometric.code.tex
File: pgflibraryshapes.geometric.code.tex 2021/05/15 v3.1.9a (3.1.9a)
))
(/nix/store/sh2zwza2hn0wwn7in901hvhaicim9ajn-texlive-combined-full-2021-final/s
hare/texmf/tex/generic/pgf/frontendlayer/tikz/libraries/tikzlibraryshapes.misc.
code.tex
File: tikzlibraryshapes.misc.code.tex 2021/05/15 v3.1.9a (3.1.9a)

(/nix/store/sh2zwza2hn0wwn7in901hvhaicim9ajn-texlive-combined-full-2021-final/s
hare/texmf/tex/generic/pgf/libraries/shapes/pgflibraryshapes.misc.code.tex
File: pgflibraryshapes.misc.code.tex 2021/05/15 v3.1.9a (3.1.9a)
))
(/nix/store/sh2zwza2hn0wwn7in901hvhaicim9ajn-texlive-combined-full-2021-final/s
hare/texmf/tex/generic/pgf/frontendlayer/tikz/libraries/tikzlibraryshapes.symbo
ls.code.tex
File: tikzlibraryshapes.symbols.code.tex 2021/05/15 v3.1.9a (3.1.9a)

(/nix/store/sh2zwza2hn0wwn7in901hvhaicim9ajn-texlive-combined-full-2021-final/s
hare/texmf/tex/generic/pgf/libraries/shapes/pgflibraryshapes.symbols.code.tex
File: pgflibraryshapes.symbols.code.tex 2021/05/15 v3.1.9a (3.1.9a)
))
(/nix/store/sh2zwza2hn0wwn7in901hvhaicim9ajn-texlive-combined-full-2021-final/s
hare/texmf/tex/generic/pgf/frontendlayer/tikz/libraries/tikzlibraryshapes.arrow
s.code.tex
File: tikzlibraryshapes.arrows.code.tex 2021/05/15 v3.1.9a (3.1.9a)

(/nix/store/sh2zwza2hn0wwn7in901hvhaicim9ajn-texlive-combined-full-2021-final/s
hare/texmf/tex/generic/pgf/libraries/shapes/pgflibraryshapes.arrows.code.tex
File: pgflibraryshapes.arrows.code.tex 2021/05/15 v3.1.9a (3.1.9a)
))
(/nix/store/sh2zwza2hn0wwn7in901hvhaicim9ajn-texlive-combined-full-2021-final/s
hare/texmf/tex/generic/pgf/frontendlayer/tikz/libraries/tikzlibraryshapes.callo
uts.code.tex
(/nix/store/sh2zwza2hn0wwn7in901hvhaicim9ajn-texlive-combined-full-2021-final/s
hare/texmf/tex/generic/pgf/libraries/shapes/pgflibraryshapes.callouts.code.tex)
)
(/nix/store/sh2zwza2hn0wwn7in901hvhaicim9ajn-texlive-combined-full-2021-final/s
hare/texmf/tex/generic/pgf/frontendlayer/tikz/libraries/tikzlibraryshapes.multi
part.code.tex
File: tikzlibraryshapes.multipart.code.tex 2021/05/15 v3.1.9a (3.1.9a)

(/nix/store/sh2zwza2hn0wwn7in901hvhaicim9ajn-texlive-combined-full-2021-final/s
hare/texmf/tex/generic/pgf/libraries/shapes/pgflibraryshapes.multipart.code.tex
File: pgflibraryshapes.multipart.code.tex 2021/05/15 v3.1.9a (3.1.9a)
\pgfnodepartlowerbox=\box95
\pgfnodeparttwobox=\box96
\pgfnodepartthreebox=\box97
\pgfnodepartfourbox=\box98
\pgfnodeparttwentybox=\box99
\pgfnodepartnineteenbox=\box100
\pgfnodeparteighteenbox=\box101
\pgfnodepartseventeenbox=\box102
\pgfnodepartsixteenbox=\box103
\pgfnodepartfifteenbox=\box104
\pgfnodepartfourteenbox=\box105
\pgfnodepartthirteenbox=\box106
\pgfnodeparttwelvebox=\box107
\pgfnodepartelevenbox=\box108
\pgfnodeparttenbox=\box109
\pgfnodepartninebox=\box110
\pgfnodeparteightbox=\box111
\pgfnodepartsevenbox=\box112
\pgfnodepartsixbox=\box113
\pgfnodepartfivebox=\box114
)))
(/nix/store/sh2zwza2hn0wwn7in901hvhaicim9ajn-texlive-combined-full-2021-final/s
hare/texmf/tex/generic/pgf/frontendlayer/tikz/libraries/tikzlibraryfit.code.tex
File: tikzlibraryfit.code.tex 2021/05/15 v3.1.9a (3.1.9a)
)
(/nix/store/sh2zwza2hn0wwn7in901hvhaicim9ajn-texlive-combined-full-2021-final/s
hare/texmf/tex/generic/pgf/frontendlayer/tikz/libraries/tikzlibrarycalc.code.te
x
File: tikzlibrarycalc.code.tex 2021/05/15 v3.1.9a (3.1.9a)
)
(/nix/store/sh2zwza2hn0wwn7in901hvhaicim9ajn-texlive-combined-full-2021-final/s
hare/texmf/tex/generic/pgf/libraries/pgflibraryintersections.code.tex
(/nix/store/sh2zwza2hn0wwn7in901hvhaicim9ajn-texlive-combined-full-2021-final/s
hare/texmf/tex/generic/pgf/libraries/pgflibraryfpu.code.tex)
\pgf@intersect@solutions=\count347
)
(/nix/store/sh2zwza2hn0wwn7in901hvhaicim9ajn-texlive-combined-full-2021-final/s
hare/texmf/tex/latex/pgfopts/pgfopts.sty
Package: pgfopts 2014/07/10 v2.1a LaTeX package options with pgfkeys
\pgfopts@list@add@a@toks=\toks52
\pgfopts@list@add@b@toks=\toks53
)
(/nix/store/sh2zwza2hn0wwn7in901hvhaicim9ajn-texlive-combined-full-2021-final/s
hare/texmf/tex/latex/elocalloc/elocalloc.sty
Package: elocalloc 2016/12/15 v0.03 local allocation for LaTeX 2015+ (DPC)
)
(/nix/store/sh2zwza2hn0wwn7in901hvhaicim9ajn-texlive-combined-full-2021-final/s
hare/texmf/tex/latex/inlinedef/inlinedef.sty
Package: inlinedef 2008/07/10 v1.0 Inlined expansions within definitions
\ID@toks=\toks54
\ID@count=\count348
)
\ID@usercommands=\toks55
\safeloop@depth=\count349
\safeRKloop@depth=\count350
\forest@temp@dimen=\dimen296
\forest@temp@count=\count351
\forest@n=\count352
\forest@temp@global@count=\count353
\forest@temp@toks=\toks56
\forest@temparray@M=\count354
\forest@temparray@N=\count355
\forest@global@temparray@M=\count356
\forest@global@temparray@N=\count357
\forest@isnum@count=\count358
\forest@isdim@nonintpart=\count359
\forest@isdim@dimen=\dimen297
\forest@sort@m=\count360
\forest@sort@k=\count361
\forest@sort@p=\count362
\bracket@content=\toks57
\bracket@afterthought=\toks58
\forest@node@maxid=\count363
\forest@process@left@M=\count364
\forest@process@left@N=\count365
\forest@process@right@M=\count366
\forest@process@right@N=\count367
\forest@process@saved@M=\count368
\forest@process@saved@N=\count369
\forest@process@result@M=\count370
\forest@process@result@N=\count371
\forest@process@n=\count372
\forest@nodewalk@branch@toks=\toks59
\forest@nodewalk@shortsteps@resolution=\toks60
\forest@do@dynamics=\toks61
\forest@box=\box115
\forest@xg=\dimen298
\forest@yg=\dimen299
\forest@xs=\dimen300
\forest@ys=\dimen301
\forest@pi@toks=\toks62
\forest@segment@toks=\toks63
\forest@PIi@toks=\toks64
\forest@PIii@toks=\toks65
\forest@copy@in=\read4
\forest@copy@out=\write4
\forest@externalize@max@outer@n=\count373
\forest@externalize@inner@n=\count374
)
(/nix/store/sh2zwza2hn0wwn7in901hvhaicim9ajn-texlive-combined-full-2021-final/s
hare/texmf/tex/latex/adjustbox/adjustbox.sty
Package: adjustbox 2020/08/19 v1.3 Adjusting TeX boxes (trim, clip, ...)

(/nix/store/sh2zwza2hn0wwn7in901hvhaicim9ajn-texlive-combined-full-2021-final/s
hare/texmf/tex/latex/adjustbox/adjcalc.sty
Package: adjcalc 2012/05/16 v1.1 Provides advanced setlength with multiple back
-ends (calc, etex, pgfmath)
)
(/nix/store/sh2zwza2hn0wwn7in901hvhaicim9ajn-texlive-combined-full-2021-final/s
hare/texmf/tex/latex/adjustbox/trimclip.sty
Package: trimclip 2020/08/19 v1.2 Trim and clip general TeX material

(/nix/store/sh2zwza2hn0wwn7in901hvhaicim9ajn-texlive-combined-full-2021-final/s
hare/texmf/tex/latex/collectbox/collectbox.sty
Package: collectbox 2012/05/17 v0.4b Collect macro arguments as boxes
\collectedbox=\box116
)
\tc@llx=\dimen302
\tc@lly=\dimen303
\tc@urx=\dimen304
\tc@ury=\dimen305
Package trimclip Info: Using driver 'tc-pdftex.def'.

(/nix/store/sh2zwza2hn0wwn7in901hvhaicim9ajn-texlive-combined-full-2021-final/s
hare/texmf/tex/latex/adjustbox/tc-pdftex.def
File: tc-pdftex.def 2019/01/04 v2.2 Clipping driver for pdftex
))
\adjbox@Width=\dimen306
\adjbox@Height=\dimen307
\adjbox@Depth=\dimen308
\adjbox@Totalheight=\dimen309
\adjbox@pwidth=\dimen310
\adjbox@pheight=\dimen311
\adjbox@pdepth=\dimen312
\adjbox@ptotalheight=\dimen313

(/nix/store/sh2zwza2hn0wwn7in901hvhaicim9ajn-texlive-combined-full-2021-final/s
hare/texmf/tex/latex/ifoddpage/ifoddpage.sty
Package: ifoddpage 2016/04/23 v1.1 Conditionals for odd/even page detection
\c@checkoddpage=\count375
)
(/nix/store/sh2zwza2hn0wwn7in901hvhaicim9ajn-texlive-combined-full-2021-final/s
hare/texmf/tex/latex/varwidth/varwidth.sty
Package: varwidth 2009/03/30 ver 0.92;  Variable-width minipages
\@vwid@box=\box117
\sift@deathcycles=\count376
\@vwid@loff=\dimen314
\@vwid@roff=\dimen315
))
(/nix/store/sh2zwza2hn0wwn7in901hvhaicim9ajn-texlive-combined-full-2021-final/s
hare/texmf/tex/latex/tikz-3dplot/tikz-3dplot.sty
(/nix/store/sh2zwza2hn0wwn7in901hvhaicim9ajn-texlive-combined-full-2021-final/s
hare/texmf/tex/generic/pgf/frontendlayer/tikz/libraries/tikzlibrary3d.code.tex
File: tikzlibrary3d.code.tex 2021/05/15 v3.1.9a (3.1.9a)
)
(/nix/store/sh2zwza2hn0wwn7in901hvhaicim9ajn-texlive-combined-full-2021-final/s
hare/texmf/tex/generic/pgf/frontendlayer/tikz/libraries/tikzlibraryarrows.code.
tex
File: tikzlibraryarrows.code.tex 2021/05/15 v3.1.9a (3.1.9a)

(/nix/store/sh2zwza2hn0wwn7in901hvhaicim9ajn-texlive-combined-full-2021-final/s
hare/texmf/tex/generic/pgf/libraries/pgflibraryarrows.code.tex
File: pgflibraryarrows.code.tex 2021/05/15 v3.1.9a (3.1.9a)
\arrowsize=\dimen316
)))
(/nix/store/sh2zwza2hn0wwn7in901hvhaicim9ajn-texlive-combined-full-2021-final/s
hare/texmf/tex/latex/mathtools/mathtools.sty
Package: mathtools 2022/02/07 v1.28a mathematical typesetting tools

(/nix/store/sh2zwza2hn0wwn7in901hvhaicim9ajn-texlive-combined-full-2021-final/s
hare/texmf/tex/latex/tools/calc.sty
Package: calc 2017/05/25 v4.3 Infix arithmetic (KKT,FJ)
\calc@Acount=\count377
\calc@Bcount=\count378
\calc@Adimen=\dimen317
\calc@Bdimen=\dimen318
\calc@Askip=\skip140
\calc@Bskip=\skip141
LaTeX Info: Redefining \setlength on input line 80.
LaTeX Info: Redefining \addtolength on input line 81.
\calc@Ccount=\count379
\calc@Cskip=\skip142
)
(/nix/store/sh2zwza2hn0wwn7in901hvhaicim9ajn-texlive-combined-full-2021-final/s
hare/texmf/tex/latex/mathtools/mhsetup.sty
Package: mhsetup 2021/03/18 v1.4 programming setup (MH)
)
\g_MT_multlinerow_int=\count380
\l_MT_multwidth_dim=\dimen319
\origjot=\skip143
\l_MT_shortvdotswithinadjustabove_dim=\dimen320
\l_MT_shortvdotswithinadjustbelow_dim=\dimen321
\l_MT_above_intertext_sep=\dimen322
\l_MT_below_intertext_sep=\dimen323
\l_MT_above_shortintertext_sep=\dimen324
\l_MT_below_shortintertext_sep=\dimen325
\xmathstrut@box=\box118
\xmathstrut@dim=\dimen326
)
(/nix/store/sh2zwza2hn0wwn7in901hvhaicim9ajn-texlive-combined-full-2021-final/s
hare/texmf/tex/latex/pgfplots/pgfplots.sty
(/nix/store/sh2zwza2hn0wwn7in901hvhaicim9ajn-texlive-combined-full-2021-final/s
hare/texmf/tex/generic/pgfplots/pgfplots.revision.tex)
Package: pgfplots 2021/05/15 v1.18.1 Data Visualization (1.18.1)

(/nix/store/sh2zwza2hn0wwn7in901hvhaicim9ajn-texlive-combined-full-2021-final/s
hare/texmf/tex/generic/pgfplots/pgfplots.code.tex
(/nix/store/sh2zwza2hn0wwn7in901hvhaicim9ajn-texlive-combined-full-2021-final/s
hare/texmf/tex/generic/pgfplots/pgfplotscore.code.tex
\t@pgfplots@toka=\toks66
\t@pgfplots@tokb=\toks67
\t@pgfplots@tokc=\toks68
\pgfplots@tmpa=\dimen327
\c@pgfplots@coordindex=\count381
\c@pgfplots@scanlineindex=\count382

(/nix/store/sh2zwza2hn0wwn7in901hvhaicim9ajn-texlive-combined-full-2021-final/s
hare/texmf/tex/generic/pgfplots/sys/pgfplotssysgeneric.code.tex))
(/nix/store/sh2zwza2hn0wwn7in901hvhaicim9ajn-texlive-combined-full-2021-final/s
hare/texmf/tex/generic/pgfplots/libs/pgfplotslibrary.code.tex)
(/nix/store/sh2zwza2hn0wwn7in901hvhaicim9ajn-texlive-combined-full-2021-final/s
hare/texmf/tex/generic/pgfplots/oldpgfcompatib/pgfplotsoldpgfsupp_loader.code.t
ex)
(/nix/store/sh2zwza2hn0wwn7in901hvhaicim9ajn-texlive-combined-full-2021-final/s
hare/texmf/tex/generic/pgfplots/util/pgfplotsutil.code.tex
(/nix/store/sh2zwza2hn0wwn7in901hvhaicim9ajn-texlive-combined-full-2021-final/s
hare/texmf/tex/generic/pgfplots/liststructure/pgfplotsliststructure.code.tex)
(/nix/store/sh2zwza2hn0wwn7in901hvhaicim9ajn-texlive-combined-full-2021-final/s
hare/texmf/tex/generic/pgfplots/liststructure/pgfplotsliststructureext.code.tex
)
(/nix/store/sh2zwza2hn0wwn7in901hvhaicim9ajn-texlive-combined-full-2021-final/s
hare/texmf/tex/generic/pgfplots/liststructure/pgfplotsarray.code.tex
\c@pgfplotsarray@tmp=\count383
)
(/nix/store/sh2zwza2hn0wwn7in901hvhaicim9ajn-texlive-combined-full-2021-final/s
hare/texmf/tex/generic/pgfplots/liststructure/pgfplotsmatrix.code.tex)
(/nix/store/sh2zwza2hn0wwn7in901hvhaicim9ajn-texlive-combined-full-2021-final/s
hare/texmf/tex/generic/pgfplots/numtable/pgfplotstableshared.code.tex
\c@pgfplotstable@counta=\count384
\t@pgfplotstable@a=\toks69
)
(/nix/store/sh2zwza2hn0wwn7in901hvhaicim9ajn-texlive-combined-full-2021-final/s
hare/texmf/tex/generic/pgfplots/liststructure/pgfplotsdeque.code.tex)
(/nix/store/sh2zwza2hn0wwn7in901hvhaicim9ajn-texlive-combined-full-2021-final/s
hare/texmf/tex/generic/pgfplots/util/pgfplotsbinary.code.tex
(/nix/store/sh2zwza2hn0wwn7in901hvhaicim9ajn-texlive-combined-full-2021-final/s
hare/texmf/tex/generic/pgfplots/util/pgfplotsbinary.data.code.tex))
(/nix/store/sh2zwza2hn0wwn7in901hvhaicim9ajn-texlive-combined-full-2021-final/s
hare/texmf/tex/generic/pgfplots/util/pgfplotsutil.verb.code.tex)
(/nix/store/sh2zwza2hn0wwn7in901hvhaicim9ajn-texlive-combined-full-2021-final/s
hare/texmf/tex/generic/pgfplots/libs/pgflibrarypgfplots.surfshading.code.tex
\c@pgfplotslibrarysurf@no=\count385

(/nix/store/sh2zwza2hn0wwn7in901hvhaicim9ajn-texlive-combined-full-2021-final/s
hare/texmf/tex/generic/pgfplots/sys/pgflibrarypgfplots.surfshading.pgfsys-pdfte
x.def)))
(/nix/store/sh2zwza2hn0wwn7in901hvhaicim9ajn-texlive-combined-full-2021-final/s
hare/texmf/tex/generic/pgfplots/util/pgfplotscolormap.code.tex
(/nix/store/sh2zwza2hn0wwn7in901hvhaicim9ajn-texlive-combined-full-2021-final/s
hare/texmf/tex/generic/pgfplots/util/pgfplotscolor.code.tex))
(/nix/store/sh2zwza2hn0wwn7in901hvhaicim9ajn-texlive-combined-full-2021-final/s
hare/texmf/tex/generic/pgfplots/pgfplotsstackedplots.code.tex)
(/nix/store/sh2zwza2hn0wwn7in901hvhaicim9ajn-texlive-combined-full-2021-final/s
hare/texmf/tex/generic/pgfplots/pgfplotsplothandlers.code.tex
(/nix/store/sh2zwza2hn0wwn7in901hvhaicim9ajn-texlive-combined-full-2021-final/s
hare/texmf/tex/generic/pgfplots/pgfplotsmeshplothandler.code.tex
(/nix/store/sh2zwza2hn0wwn7in901hvhaicim9ajn-texlive-combined-full-2021-final/s
hare/texmf/tex/generic/pgfplots/pgfplotsmeshplotimage.code.tex)))
(/nix/store/sh2zwza2hn0wwn7in901hvhaicim9ajn-texlive-combined-full-2021-final/s
hare/texmf/tex/generic/pgfplots/pgfplots.scaling.code.tex)
(/nix/store/sh2zwza2hn0wwn7in901hvhaicim9ajn-texlive-combined-full-2021-final/s
hare/texmf/tex/generic/pgfplots/pgfplotscoordprocessing.code.tex)
(/nix/store/sh2zwza2hn0wwn7in901hvhaicim9ajn-texlive-combined-full-2021-final/s
hare/texmf/tex/generic/pgfplots/pgfplots.errorbars.code.tex)
(/nix/store/sh2zwza2hn0wwn7in901hvhaicim9ajn-texlive-combined-full-2021-final/s
hare/texmf/tex/generic/pgfplots/pgfplots.markers.code.tex)
(/nix/store/sh2zwza2hn0wwn7in901hvhaicim9ajn-texlive-combined-full-2021-final/s
hare/texmf/tex/generic/pgfplots/pgfplotsticks.code.tex)
(/nix/store/sh2zwza2hn0wwn7in901hvhaicim9ajn-texlive-combined-full-2021-final/s
hare/texmf/tex/generic/pgfplots/pgfplots.paths.code.tex)
(/nix/store/sh2zwza2hn0wwn7in901hvhaicim9ajn-texlive-combined-full-2021-final/s
hare/texmf/tex/generic/pgf/frontendlayer/tikz/libraries/tikzlibrarydecorations.
pathreplacing.code.tex
(/nix/store/sh2zwza2hn0wwn7in901hvhaicim9ajn-texlive-combined-full-2021-final/s
hare/texmf/tex/generic/pgf/libraries/decorations/pgflibrarydecorations.pathrepl
acing.code.tex))
(/nix/store/sh2zwza2hn0wwn7in901hvhaicim9ajn-texlive-combined-full-2021-final/s
hare/texmf/tex/generic/pgfplots/libs/tikzlibrarypgfplots.contourlua.code.tex)
\pgfplots@numplots=\count386
\pgfplots@xmin@reg=\dimen328
\pgfplots@xmax@reg=\dimen329
\pgfplots@ymin@reg=\dimen330
\pgfplots@ymax@reg=\dimen331
\pgfplots@zmin@reg=\dimen332
\pgfplots@zmax@reg=\dimen333
)
(/nix/store/sh2zwza2hn0wwn7in901hvhaicim9ajn-texlive-combined-full-2021-final/s
hare/texmf/tex/generic/pgf/frontendlayer/tikz/libraries/tikzlibraryplotmarks.co
de.tex
File: tikzlibraryplotmarks.code.tex 2021/05/15 v3.1.9a (3.1.9a)

(/nix/store/sh2zwza2hn0wwn7in901hvhaicim9ajn-texlive-combined-full-2021-final/s
hare/texmf/tex/generic/pgf/libraries/pgflibraryplotmarks.code.tex
File: pgflibraryplotmarks.code.tex 2021/05/15 v3.1.9a (3.1.9a)
)))
(/nix/store/sh2zwza2hn0wwn7in901hvhaicim9ajn-texlive-combined-full-2021-final/s
hare/texmf/tex/latex/tikzmark/tikzlibrarytikzmark.code.tex
File: tikzlibrarytikzmark.code.tex 2021/02/16 v1.10 TikZ library for marking po
sitions in a document

(/nix/store/sh2zwza2hn0wwn7in901hvhaicim9ajn-texlive-combined-full-2021-final/s
hare/texmf/tex/latex/l3packages/l3keys2e/l3keys2e.sty
Package: l3keys2e 2022-01-12 LaTeX2e option processing using LaTeX3 keys
)
\l__sn_x_dim=\dimen334
\l__sn_y_dim=\dimen335
\l__sn_xa_dim=\dimen336
\l__sn_ya_dim=\dimen337
)
(/nix/store/sh2zwza2hn0wwn7in901hvhaicim9ajn-texlive-combined-full-2021-final/s
hare/texmf/tex/generic/pgf/frontendlayer/tikz/libraries/tikzlibrarymatrix.code.
tex
File: tikzlibrarymatrix.code.tex 2021/05/15 v3.1.9a (3.1.9a)
)
(/nix/store/sh2zwza2hn0wwn7in901hvhaicim9ajn-texlive-combined-full-2021-final/s
hare/texmf/tex/generic/pgf/frontendlayer/tikz/libraries/tikzlibraryautomata.cod
e.tex
File: tikzlibraryautomata.code.tex 2021/05/15 v3.1.9a (3.1.9a)
)
(/nix/store/sh2zwza2hn0wwn7in901hvhaicim9ajn-texlive-combined-full-2021-final/s
hare/texmf/tex/generic/pgf/frontendlayer/tikz/libraries/tikzlibrarypositioning.
code.tex
File: tikzlibrarypositioning.code.tex 2021/05/15 v3.1.9a (3.1.9a)
)
(/nix/store/sh2zwza2hn0wwn7in901hvhaicim9ajn-texlive-combined-full-2021-final/s
hare/texmf/tex/latex/oberdiek/centernot.sty
Package: centernot 2016/05/16 v1.4 Centers the not symbol horizontally (HO)
)
(/nix/store/sh2zwza2hn0wwn7in901hvhaicim9ajn-texlive-combined-full-2021-final/s
hare/texmf/tex/latex/lm/lmodern.sty
Package: lmodern 2015/05/01 v1.6.1 Latin Modern Fonts
LaTeX Font Info:    Overwriting symbol font `operators' in version `normal'
(Font)                  OT1/cmr/m/n --> OT1/lmr/m/n on input line 22.
LaTeX Font Info:    Overwriting symbol font `letters' in version `normal'
(Font)                  OML/cmm/m/it --> OML/lmm/m/it on input line 23.
LaTeX Font Info:    Overwriting symbol font `symbols' in version `normal'
(Font)                  OMS/cmsy/m/n --> OMS/lmsy/m/n on input line 24.
LaTeX Font Info:    Overwriting symbol font `largesymbols' in version `normal'
(Font)                  OMX/cmex/m/n --> OMX/lmex/m/n on input line 25.
LaTeX Font Info:    Overwriting symbol font `operators' in version `bold'
(Font)                  OT1/cmr/bx/n --> OT1/lmr/bx/n on input line 26.
LaTeX Font Info:    Overwriting symbol font `letters' in version `bold'
(Font)                  OML/cmm/b/it --> OML/lmm/b/it on input line 27.
LaTeX Font Info:    Overwriting symbol font `symbols' in version `bold'
(Font)                  OMS/cmsy/b/n --> OMS/lmsy/b/n on input line 28.
LaTeX Font Info:    Overwriting symbol font `largesymbols' in version `bold'
(Font)                  OMX/cmex/m/n --> OMX/lmex/m/n on input line 29.
LaTeX Font Info:    Overwriting math alphabet `\mathbf' in version `normal'
(Font)                  OT1/cmr/bx/n --> OT1/lmr/bx/n on input line 31.
LaTeX Font Info:    Overwriting math alphabet `\mathsf' in version `normal'
(Font)                  OT1/cmss/m/n --> OT1/lmss/m/n on input line 32.
LaTeX Font Info:    Overwriting math alphabet `\mathit' in version `normal'
(Font)                  OT1/cmr/m/it --> OT1/lmr/m/it on input line 33.
LaTeX Font Info:    Overwriting math alphabet `\mathtt' in version `normal'
(Font)                  OT1/cmtt/m/n --> OT1/lmtt/m/n on input line 34.
LaTeX Font Info:    Overwriting math alphabet `\mathbf' in version `bold'
(Font)                  OT1/cmr/bx/n --> OT1/lmr/bx/n on input line 35.
LaTeX Font Info:    Overwriting math alphabet `\mathsf' in version `bold'
(Font)                  OT1/cmss/bx/n --> OT1/lmss/bx/n on input line 36.
LaTeX Font Info:    Overwriting math alphabet `\mathit' in version `bold'
(Font)                  OT1/cmr/bx/it --> OT1/lmr/bx/it on input line 37.
LaTeX Font Info:    Overwriting math alphabet `\mathtt' in version `bold'
(Font)                  OT1/cmtt/m/n --> OT1/lmtt/m/n on input line 38.
)
(/nix/store/sh2zwza2hn0wwn7in901hvhaicim9ajn-texlive-combined-full-2021-final/s
hare/texmf/tex/latex/physics/physics.sty
Package: physics 
)
(/nix/store/sh2zwza2hn0wwn7in901hvhaicim9ajn-texlive-combined-full-2021-final/s
hare/texmf/tex/latex/algorithmicx/algpseudocode.sty
Package: algpseudocode 

(/nix/store/sh2zwza2hn0wwn7in901hvhaicim9ajn-texlive-combined-full-2021-final/s
hare/texmf/tex/latex/algorithmicx/algorithmicx.sty
Package: algorithmicx 2005/04/27 v1.2 Algorithmicx

Document Style algorithmicx 1.2 - a greatly improved `algorithmic' style
\c@ALG@line=\count387
\c@ALG@rem=\count388
\c@ALG@nested=\count389
\ALG@tlm=\skip144
\ALG@thistlm=\skip145
\c@ALG@Lnr=\count390
\c@ALG@blocknr=\count391
\c@ALG@storecount=\count392
\c@ALG@tmpcounter=\count393
\ALG@tmplength=\skip146
)
Document Style - pseudocode environments for use with the `algorithmicx' style
)
(/nix/store/sh2zwza2hn0wwn7in901hvhaicim9ajn-texlive-combined-full-2021-final/s
hare/texmf/tex/latex/svg/svg.sty
Package: svg 2020/11/26 v2.02k (include SVG pictures)

(/nix/store/sh2zwza2hn0wwn7in901hvhaicim9ajn-texlive-combined-full-2021-final/s
hare/texmf/tex/latex/koma-script/scrbase.sty
Package: scrbase 2021/11/13 v3.35 KOMA-Script package (KOMA-Script-independent 
basics and keyval usage)

(/nix/store/sh2zwza2hn0wwn7in901hvhaicim9ajn-texlive-combined-full-2021-final/s
hare/texmf/tex/latex/koma-script/scrlfile.sty
Package: scrlfile 2021/11/13 v3.35 KOMA-Script package (file load hooks)

(/nix/store/sh2zwza2hn0wwn7in901hvhaicim9ajn-texlive-combined-full-2021-final/s
hare/texmf/tex/latex/koma-script/scrlfile-hook.sty
Package: scrlfile-hook 2021/11/13 v3.35 KOMA-Script package (using LaTeX hooks)


(/nix/store/sh2zwza2hn0wwn7in901hvhaicim9ajn-texlive-combined-full-2021-final/s
hare/texmf/tex/latex/koma-script/scrlogo.sty
Package: scrlogo 2021/11/13 v3.35 KOMA-Script package (logo)
)))
Applying: [2021/05/01] Usage of raw or classic option list on input line 252.
Already applied: [0000/00/00] Usage of raw or classic option list on input line
 368.
)
(/nix/store/sh2zwza2hn0wwn7in901hvhaicim9ajn-texlive-combined-full-2021-final/s
hare/texmf/tex/latex/ifplatform/ifplatform.sty
Package: ifplatform 2017/10/13 v0.4a Testing for the operating system

(/nix/store/sh2zwza2hn0wwn7in901hvhaicim9ajn-texlive-combined-full-2021-final/s
hare/texmf/tex/generic/catchfile/catchfile.sty
Package: catchfile 2019/12/09 v1.8 Catch the contents of a file (HO)
)
(/nix/store/sh2zwza2hn0wwn7in901hvhaicim9ajn-texlive-combined-full-2021-final/s
hare/texmf/tex/generic/iftex/ifluatex.sty
Package: ifluatex 2019/10/25 v1.5 ifluatex legacy package. Use iftex instead.
)
runsystem(uname -s > "networking.w18")...executed.

 (./networking.w18)
runsystem(rm -- "networking.w18")...executed.

)
\c@svg@param@lastpage=\count394
\svg@box=\box119
\c@svg@param@currpage=\count395
)
(/nix/store/sh2zwza2hn0wwn7in901hvhaicim9ajn-texlive-combined-full-2021-final/s
hare/texmf/tex/latex/transparent/transparent.sty
Package: transparent 2019/11/29 v1.4 Transparency via pdfTeX's color stack (HO)

)
LaTeX Font Info:    Trying to load font information for T1+lmr on input line 63
.

(/nix/store/sh2zwza2hn0wwn7in901hvhaicim9ajn-texlive-combined-full-2021-final/s
hare/texmf/tex/latex/lm/t1lmr.fd
File: t1lmr.fd 2015/05/01 v1.6.1 Font defs for Latin Modern
)
No file networking.aux.
\openout1 = `networking.aux'.

LaTeX Font Info:    Checking defaults for OML/cmm/m/it on input line 63.
LaTeX Font Info:    ... okay on input line 63.
LaTeX Font Info:    Checking defaults for OMS/cmsy/m/n on input line 63.
LaTeX Font Info:    ... okay on input line 63.
LaTeX Font Info:    Checking defaults for OT1/cmr/m/n on input line 63.
LaTeX Font Info:    ... okay on input line 63.
LaTeX Font Info:    Checking defaults for T1/cmr/m/n on input line 63.
LaTeX Font Info:    ... okay on input line 63.
LaTeX Font Info:    Checking defaults for TS1/cmr/m/n on input line 63.
LaTeX Font Info:    ... okay on input line 63.
LaTeX Font Info:    Checking defaults for OMX/cmex/m/n on input line 63.
LaTeX Font Info:    ... okay on input line 63.
LaTeX Font Info:    Checking defaults for U/cmr/m/n on input line 63.
LaTeX Font Info:    ... okay on input line 63.
LaTeX Font Info:    Checking defaults for PD1/pdf/m/n on input line 63.
LaTeX Font Info:    ... okay on input line 63.
LaTeX Font Info:    Checking defaults for PU/pdf/m/n on input line 63.
LaTeX Font Info:    ... okay on input line 63.

(/nix/store/sh2zwza2hn0wwn7in901hvhaicim9ajn-texlive-combined-full-2021-final/s
hare/texmf/tex/context/base/mkii/supp-pdf.mkii
[Loading MPS to PDF converter (version 2006.09.02).]
\scratchcounter=\count396
\scratchdimen=\dimen338
\scratchbox=\box120
\nofMPsegments=\count397
\nofMParguments=\count398
\everyMPshowfont=\toks70
\MPscratchCnt=\count399
\MPscratchDim=\dimen339
\MPnumerator=\count400
\makeMPintoPDFobject=\count401
\everyMPtoPDFconversion=\toks71
)
(/nix/store/sh2zwza2hn0wwn7in901hvhaicim9ajn-texlive-combined-full-2021-final/s
hare/texmf/tex/latex/epstopdf-pkg/epstopdf-base.sty
Package: epstopdf-base 2020-01-24 v2.11 Base part for package epstopdf
Package epstopdf-base Info: Redefining graphics rule for `.eps' on input line 4
85.

(/nix/store/sh2zwza2hn0wwn7in901hvhaicim9ajn-texlive-combined-full-2021-final/s
hare/texmf/tex/latex/latexconfig/epstopdf-sys.cfg
File: epstopdf-sys.cfg 2010/07/13 v1.3 Configuration of (r)epstopdf for TeX Liv
e
))
Package hyperref Info: Link coloring OFF on input line 63.

(/nix/store/sh2zwza2hn0wwn7in901hvhaicim9ajn-texlive-combined-full-2021-final/s
hare/texmf/tex/latex/hyperref/nameref.sty
Package: nameref 2021-04-02 v2.47 Cross-referencing by name of section

(/nix/store/sh2zwza2hn0wwn7in901hvhaicim9ajn-texlive-combined-full-2021-final/s
hare/texmf/tex/latex/refcount/refcount.sty
Package: refcount 2019/12/15 v3.6 Data extraction from label references (HO)
)
(/nix/store/sh2zwza2hn0wwn7in901hvhaicim9ajn-texlive-combined-full-2021-final/s
hare/texmf/tex/generic/gettitlestring/gettitlestring.sty
Package: gettitlestring 2019/12/15 v1.6 Cleanup title references (HO)
)
\c@section@level=\count402
)
LaTeX Info: Redefining \ref on input line 63.
LaTeX Info: Redefining \pageref on input line 63.
LaTeX Info: Redefining \nameref on input line 63.
\@outlinefile=\write5
\openout5 = `networking.out'.


*geometry* driver: auto-detecting
*geometry* detected driver: pdftex
*geometry* verbose mode - [ preamble ] result:
* driver: pdftex
* paper: a4paper
* layout: <same size as paper>
* layoutoffset:(h,v)=(0.0pt,0.0pt)
* modes: 
* h-part:(L,W,R)=(14.45377pt, 568.60034pt, 14.45377pt)
* v-part:(T,H,B)=(14.45377pt, 816.13931pt, 14.45377pt)
* \paperwidth=597.50787pt
* \paperheight=845.04684pt
* \textwidth=568.60034pt
* \textheight=816.13931pt
* \oddsidemargin=-57.81622pt
* \evensidemargin=-57.81622pt
* \topmargin=-94.81622pt
* \headheight=12.0pt
* \headsep=25.0pt
* \topskip=12.0pt
* \footskip=30.0pt
* \marginparwidth=35.0pt
* \marginparsep=10.0pt
* \columnsep=10.0pt
* \skip\footins=10.8pt plus 4.0pt minus 2.0pt
* \hoffset=0.0pt
* \voffset=0.0pt
* \mag=1000
* \@twocolumnfalse
* \@twosidefalse
* \@mparswitchfalse
* \@reversemarginfalse
* (1in=72.27pt=25.4mm, 1cm=28.453pt)

\c@lstlisting=\count403

Package pgfplots Warning: running in backwards compatibility mode (unsuitable t
ick labels; missing features). Consider writing \pgfplotsset{compat=1.18} into 
your preamble.
 on input line 63.

(|'inkscape' -V )
LaTeX Font Info:    Trying to load font information for OT1+lmr on input line 6
6.

(/nix/store/sh2zwza2hn0wwn7in901hvhaicim9ajn-texlive-combined-full-2021-final/s
hare/texmf/tex/latex/lm/ot1lmr.fd
File: ot1lmr.fd 2015/05/01 v1.6.1 Font defs for Latin Modern
)
LaTeX Font Info:    Trying to load font information for OML+lmm on input line 6
6.

(/nix/store/sh2zwza2hn0wwn7in901hvhaicim9ajn-texlive-combined-full-2021-final/s
hare/texmf/tex/latex/lm/omllmm.fd
File: omllmm.fd 2015/05/01 v1.6.1 Font defs for Latin Modern
)
LaTeX Font Info:    Trying to load font information for OMS+lmsy on input line 
66.

(/nix/store/sh2zwza2hn0wwn7in901hvhaicim9ajn-texlive-combined-full-2021-final/s
hare/texmf/tex/latex/lm/omslmsy.fd
File: omslmsy.fd 2015/05/01 v1.6.1 Font defs for Latin Modern
)
LaTeX Font Info:    Trying to load font information for OMX+lmex on input line 
66.

(/nix/store/sh2zwza2hn0wwn7in901hvhaicim9ajn-texlive-combined-full-2021-final/s
hare/texmf/tex/latex/lm/omxlmex.fd
File: omxlmex.fd 2015/05/01 v1.6.1 Font defs for Latin Modern
)
LaTeX Font Info:    External font `lmex10' loaded for size
(Font)              <14.4> on input line 66.
LaTeX Font Info:    External font `lmex10' loaded for size
(Font)              <10> on input line 66.
LaTeX Font Info:    External font `lmex10' loaded for size
(Font)              <7> on input line 66.
LaTeX Font Info:    Trying to load font information for U+msa on input line 66.


(/nix/store/sh2zwza2hn0wwn7in901hvhaicim9ajn-texlive-combined-full-2021-final/s
hare/texmf/tex/latex/amsfonts/umsa.fd
File: umsa.fd 2013/01/14 v3.01 AMS