\BOOKMARK [1][-]{section.1}{\376\377\000p\000l\000o\000t\000t\000i\000n\000g}{}% 1
\BOOKMARK [2][-]{subsection.1.1}{\376\377\000a\000r\000e\000a\000\040\000b\000e\000l\000o\000w\000\040\000f\000u\000n\000c\000t\000i\000o\000n\000s}{section.1}% 2
\BOOKMARK [2][-]{subsection.1.2}{\376\377\000s\000o\000l\000i\000d\000\040\000o\000f\000\040\000r\000e\000v\000o\000l\000u\000t\000i\000o\000n}{section.1}% 3
\BOOKMARK [2][-]{subsection.1.3}{\376\377\000p\000a\000r\000a\000m\000e\000t\000r\000i\000c\000\040\0003\000d\000\040\000p\000l\000o\000t}{section.1}% 4
\BOOKMARK [2][-]{subsection.1.4}{\376\377\000m\000o\000r\000e}{section.1}% 5
\BOOKMARK [2][-]{subsection.1.5}{\376\377\000a\000n\000i\000m\000a\000t\000i\000o\000n}{section.1}% 6
\BOOKMARK [2][-]{subsection.1.6}{\376\377\000a\000r\000e\000a\000\040\000b\000e\000t\000w\000e\000e\000n\000\040\000f\000u\000n\000c\000t\000i\000o\000n\000s}{section.1}% 7
\BOOKMARK [2][-]{subsection.1.7}{\376\377\000m\000o\000r\000e\000\040\000f\000i\000l\000l\000i\000n\000g}{section.1}% 8
\BOOKMARK [1][-]{section.2}{\376\377\000e\000x\000a\000m\000p\000l\000e\000s}{}% 9
\BOOKMARK [2][-]{subsection.2.1}{\376\377\000r\000e\000c\000u\000r\000s\000i\000v\000e\000\040\000s\000u\000m\000\040\000w\000i\000t\000h\000\040\000s\000a\000g\000e}{section.2}% 10
\BOOKMARK [2][-]{subsection.2.2}{\376\377\000r\000e\000c\000u\000r\000s\000i\000v\000e\000\040\000s\000u\000m\000\040\000b\000u\000t\000\040\000p\000u\000r\000e\000\040\000p\000y\000t\000h\000o\000n}{section.2}% 11
\BOOKMARK [2][-]{subsection.2.3}{\376\377\000v\000e\000c\000t\000o\000r\000s\000\040\000o\000f\000\040\000v\000a\000r\000i\000a\000b\000l\000e\000s}{section.2}% 12
\BOOKMARK [2][-]{subsection.2.4}{\376\377\000i\000n\000d\000e\000x\000e\000d\000\040\000v\000a\000r\000i\000a\000b\000l\000e\000s}{section.2}% 13
\BOOKMARK [2][-]{subsection.2.5}{\376\377\000s\000y\000m\000b\000o\000l\000i\000c\000\040\000f\000u\000n\000c\000t\000i\000o\000n\000s}{section.2}% 14
\BOOKMARK [2][-]{subsection.2.6}{\376\377\000b\000o\000o\000l\000e\000a\000n\000\040\000f\000u\000n\000c\000t\000i\000o\000n\000s}{section.2}% 15
\BOOKMARK [1][-]{section.3}{\376\377\000l\000i\000m\000i\000t\000a\000t\000i\000o\000n\000s}{}% 16
\BOOKMARK [2][-]{subsection.3.1}{\376\377\000w\000r\000o\000n\000g\000\040\000l\000i\000m\000i\000t}{section.3}% 17
\BOOKMARK [2][-]{subsection.3.2}{\376\377\000i\000\040\000f\000o\000u\000n\000d\000\040\000t\000h\000i\000s\000\040\000p\000r\000o\000b\000l\000e\000m\000\040\000o\000n\000\040\000a\000\040\000d\000i\000s\000c\000o\000r\000d\000\040\000s\000e\000r\000v\000e\000r\000\040\000d\000e\000d\000i\000c\000a\000t\000e\000d\000\040\000t\000o\000\040\000m\000a\000t\000h\000s}{section.3}% 18
\BOOKMARK [2][-]{subsection.3.3}{\376\377\000l\000i\000m\000i\000t\000\040\000o\000f\000\040\000s\000e\000q\000u\000e\000n\000c\000e}{section.3}% 19
\BOOKMARK [1][-]{section.4}{\376\377\000d\000i\000s\000c\000r\000e\000t\000e\000\040\000m\000a\000t\000h}{}% 20
\BOOKMARK [2][-]{subsection.4.1}{\376\377\000d\000e\000f\000i\000n\000i\000n\000g\000\040\000s\000e\000t\000s}{section.4}% 21
\BOOKMARK [1][-]{section.5}{\376\377\000l\000i\000n\000e\000a\000r\000\040\000a\000l\000g\000e\000b\000r\000a}{}% 22
\BOOKMARK [2][-]{subsection.5.1}{\376\377\000m\000a\000t\000r\000i\000c\000e\000s}{section.5}% 23
\BOOKMARK [3][-]{subsubsection.5.1.1}{\376\377\000g\000u\000a\000s\000s\000i\000a\000n\000\040\000e\000l\000i\000m\000i\000n\000a\000t\000i\000o\000n}{subsection.5.1}% 24
\BOOKMARK [3][-]{subsubsection.5.1.2}{\376\377\000m\000a\000t\000r\000i\000c\000e\000s\000\040\000w\000i\000t\000h\000\040\000v\000a\000r\000i\000a\000b\000l\000e\000s}{subsection.5.1}% 25
\BOOKMARK [2][-]{subsection.5.2}{\376\377\000v\000e\000c\000t\000o\000r\000\040\000s\000p\000a\000c\000e\000s}{section.5}% 26
\BOOKMARK [1][-]{section.6}{\376\377\000b\000o\000o\000l\000e\000a\000n\000\040\000a\000l\000g\000e\000b\000r\000a}{}% 27
\BOOKMARK [1][-]{section.7}{\376\377\000l\000a\000t\000e\000x\000\040\000p\000a\000r\000s\000i\000n\000g\000\040\000a\000n\000d\000\040\000i\000n\000t\000e\000g\000r\000a\000t\000i\000o\000n\000\040\000w\000i\000t\000h\000\040\000e\000m\000a\000c\000s}{}% 28
\BOOKMARK [1][-]{section.8}{\376\377\000m\000o\000r\000e\000\040\000r\000e\000s\000o\000u\000r\000c\000e\000s}{}% 29
