Info 0    [18:08:58.442] Starting TS Server
Info 1    [18:08:58.447] Version: 4.8.3
Info 2    [18:08:58.447] Arguments: /usr/local/Cellar/node/18.8.0/bin/node /Users/user/.emacs.d/.cache/lsp/npm/typescript/lib/node_modules/typescript/lib/tsserver.js --useInferredProjectPerProjectRoot --cancellationPipeName /private/var/folders/5h/xvv2j6pd67n99h1pbtq4bs2c0000gp/T/31d88eb30635379875916155bb61e466/tscancellation* --logFile /Users/user/blog/.log/tsserver.log --logVerbosity info --locale en --validateDefaultNpmLocation --useNodeIpc
Info 3    [18:08:58.447] Platform: darwin NodeVersion: 18 CaseSensitive: false
Info 4    [18:08:58.447] ServerMode: undefined syntaxOnly: false hasUnknownServerMode: undefined
Info 5    [18:08:58.471] Format host information updated
Info 6    [18:08:58.587] Search path: /Users/user/blog/public
Info 7    [18:08:58.588] For info: /Users/user/blog/public/graph.json :: No config files found.
Info 8    [18:08:58.593] Starting updateGraphWorker: Project: /dev/null/inferredProject1*
Info 9    [18:08:59.810] Finishing updateGraphWorker: Project: /dev/null/inferredProject1* Version: 1 structureChanged: true structureIsReused:: Not Elapsed: 1215.7256249785423ms
Info 10   [18:08:59.810] Project '/dev/null/inferredProject1*' (Inferred)
Info 11   [18:08:59.810] 	Files (19)

Info 12   [18:08:59.810] -----------------------------------------------
Info 13   [18:11:33.255] Starting updateGraphWorker: Project: /dev/null/inferredProject1*
Info 14   [18:11:33.364] Finishing updateGraphWorker: Project: /dev/null/inferredProject1* Version: 2 structureChanged: false structureIsReused:: Completely Elapsed: 108.74522799253464ms
Info 15   [18:11:33.364] Different program with same set of files
Info 16   [18:11:34.512] Starting updateGraphWorker: Project: /dev/null/inferredProject1*
Info 17   [18:11:34.565] Finishing updateGraphWorker: Project: /dev/null/inferredProject1* Version: 3 structureChanged: false structureIsReused:: Completely Elapsed: 52.259410977363586ms
Info 18   [18:11:34.565] Different program with same set of files
Info 19   [18:17:20.764] FileWatcher:: Triggered with /Users/user/blog/public/graph.json 1:: WatchInfo: /Users/user/blog/public/graph.json 500 undefined WatchType: Closed Script info
Info 20   [18:17:20.765] Elapsed:: 1.2646140456199646ms FileWatcher:: Triggered with /Users/user/blog/public/graph.json 1:: WatchInfo: /Users/user/blog/public/graph.json 500 undefined WatchType: Closed Script info
Info 21   [18:17:23.045] Search path: /Users/user/blog/public
Info 22   [18:17:23.046] For info: /Users/user/blog/public/graph.json :: No config files found.
Info 23   [18:17:23.048] Starting updateGraphWorker: Project: /dev/null/inferredProject1*
Info 24   [18:17:23.106] Finishing updateGraphWorker: Project: /dev/null/inferredProject1* Version: 4 structureChanged: false structureIsReused:: Completely Elapsed: 57.72777098417282ms
Info 25   [18:17:23.107] Project '/dev/null/inferredProject1*' (Inferred)
Info 26   [18:17:23.107] 	Files (19)

Info 27   [18:17:23.107] -----------------------------------------------
Info 28   [18:17:47.671] Starting updateGraphWorker: Project: /dev/null/inferredProject1*
Info 29   [18:17:47.779] Finishing updateGraphWorker: Project: /dev/null/inferredProject1* Version: 5 structureChanged: false structureIsReused:: Completely Elapsed: 107.98887294530869ms
Info 30   [18:17:47.779] Different program with same set of files
Info 31   [18:18:09.048] Search path: /Users/user/blog/public
Info 32   [18:18:09.048] For info: /Users/user/blog/public/graph.json :: No config files found.
Info 33   [18:18:09.049] Starting updateGraphWorker: Project: /dev/null/inferredProject1*
Info 34   [18:18:09.108] Finishing updateGraphWorker: Project: /dev/null/inferredProject1* Version: 6 structureChanged: false structureIsReused:: Completely Elapsed: 58.64397597312927ms
Info 35   [18:18:09.108] Project '/dev/null/inferredProject1*' (Inferred)
Info 36   [18:18:09.119] 	Files (19)

Info 37   [18:18:09.119] -----------------------------------------------
Info 38   [18:18:20.141] Search path: /Users/user/blog/public
Info 39   [18:18:20.141] For info: /Users/user/blog/public/graph.json :: No config files found.
Info 40   [18:18:20.142] Starting updateGraphWorker: Project: /dev/null/inferredProject1*
Info 41   [18:18:20.142] Finishing updateGraphWorker: Project: /dev/null/inferredProject1* Version: 7 structureChanged: false structureIsReused:: Completely Elapsed: 0.2655259966850281ms
Info 42   [18:18:20.142] Project '/dev/null/inferredProject1*' (Inferred)
Info 43   [18:18:20.142] 	Files (19)

Info 44   [18:18:20.142] -----------------------------------------------
Info 45   [18:20:32.926] FileWatcher:: Triggered with /Users/user/blog/public/graph.json 1:: WatchInfo: /Users/user/blog/public/graph.json 500 undefined WatchType: Closed Script info
Info 46   [18:20:32.926] Elapsed:: 0.20822304487228394ms FileWatcher:: Triggered with /Users/user/blog/public/graph.json 1:: WatchInfo: /Users/user/blog/public/graph.json 500 undefined WatchType: Closed Script info
Info 47   [18:20:36.626] Search path: /Users/user/blog/public
Info 48   [18:20:36.626] For info: /Users/user/blog/public/graph.json :: No config files found.
Info 49   [18:20:36.627] Starting updateGraphWorker: Project: /dev/null/inferredProject1*
Info 50   [18:20:36.627] Finishing updateGraphWorker: Project: /dev/null/inferredProject1* Version: 8 structureChanged: false structureIsReused:: Completely Elapsed: 0.15818899869918823ms
Info 51   [18:20:36.627] Project '/dev/null/inferredProject1*' (Inferred)
Info 52   [18:20:36.627] 	Files (19)

Info 53   [18:20:36.627] -----------------------------------------------
Info 54   [18:20:44.933] FileWatcher:: Triggered with /Users/user/blog/public/graph.json 1:: WatchInfo: /Users/user/blog/public/graph.json 500 undefined WatchType: Closed Script info
Info 55   [18:20:44.933] Elapsed:: 0.03198099136352539ms FileWatcher:: Triggered with /Users/user/blog/public/graph.json 1:: WatchInfo: /Users/user/blog/public/graph.json 500 undefined WatchType: Closed Script info
Info 56   [18:20:48.970] Search path: /Users/user/blog/public
Info 57   [18:20:48.970] For info: /Users/user/blog/public/graph.json :: No config files found.
Info 58   [18:20:48.971] Starting updateGraphWorker: Project: /dev/null/inferredProject1*
Info 59   [18:20:48.971] Finishing updateGraphWorker: Project: /dev/null/inferredProject1* Version: 9 structureChanged: false structureIsReused:: Completely Elapsed: 0.26773297786712646ms
Info 60   [18:20:48.972] Project '/dev/null/inferredProject1*' (Inferred)
Info 61   [18:20:48.972] 	Files (19)

Info 62   [18:20:48.972] -----------------------------------------------
Info 63   [18:26:41.060] FileWatcher:: Triggered with /Users/user/blog/public/graph.json 1:: WatchInfo: /Users/user/blog/public/graph.json 500 undefined WatchType: Closed Script info
Info 64   [18:26:41.060] Elapsed:: 0.02762502431869507ms FileWatcher:: Triggered with /Users/user/blog/public/graph.json 1:: WatchInfo: /Users/user/blog/public/graph.json 500 undefined WatchType: Closed Script info
Info 65   [18:26:51.207] Search path: /Users/user/blog/public
Info 66   [18:26:51.207] For info: /Users/user/blog/public/graph.json :: No config files found.
Info 67   [18:26:51.208] Starting updateGraphWorker: Project: /dev/null/inferredProject1*
Info 68   [18:26:51.208] Finishing updateGraphWorker: Project: /dev/null/inferredProject1* Version: 10 structureChanged: false structureIsReused:: Completely Elapsed: 0.1761299967765808ms
Info 69   [18:26:51.208] Project '/dev/null/inferredProject1*' (Inferred)
Info 70   [18:26:51.208] 	Files (19)

Info 71   [18:26:51.208] -----------------------------------------------
Info 72   [18:27:21.077] FileWatcher:: Triggered with /Users/user/blog/public/graph.json 1:: WatchInfo: /Users/user/blog/public/graph.json 500 undefined WatchType: Closed Script info
Info 73   [18:27:21.077] Elapsed:: 0.024618029594421387ms FileWatcher:: Triggered with /Users/user/blog/public/graph.json 1:: WatchInfo: /Users/user/blog/public/graph.json 500 undefined WatchType: Closed Script info
Info 74   [18:27:24.784] Search path: /Users/user/blog/public
Info 75   [18:27:24.784] For info: /Users/user/blog/public/graph.json :: No config files found.
Info 76   [18:27:24.784] Starting updateGraphWorker: Project: /dev/null/inferredProject1*
Info 77   [18:27:24.789] Finishing updateGraphWorker: Project: /dev/null/inferredProject1* Version: 11 structureChanged: false structureIsReused:: Completely Elapsed: 5.038591027259827ms
Info 78   [18:27:24.789] Project '/dev/null/inferredProject1*' (Inferred)
Info 79   [18:27:24.789] 	Files (19)

Info 80   [18:27:24.789] -----------------------------------------------
Info 81   [18:27:33.023] Search path: /Users/user/blog/public
Info 82   [18:27:33.023] For info: /Users/user/blog/public/graph.json :: No config files found.
Info 83   [18:27:33.023] Starting updateGraphWorker: Project: /dev/null/inferredProject1*
Info 84   [18:27:33.027] Finishing updateGraphWorker: Project: /dev/null/inferredProject1* Version: 12 structureChanged: false structureIsReused:: Completely Elapsed: 4.250369012355804ms
Info 85   [18:27:33.028] Project '/dev/null/inferredProject1*' (Inferred)
Info 86   [18:27:33.028] 	Files (19)

Info 87   [18:27:33.028] -----------------------------------------------
Info 88   [18:27:39.086] FileWatcher:: Triggered with /Users/user/blog/public/graph.json 1:: WatchInfo: /Users/user/blog/public/graph.json 500 undefined WatchType: Closed Script info
Info 89   [18:27:39.086] Elapsed:: 0.0250929594039917ms FileWatcher:: Triggered with /Users/user/blog/public/graph.json 1:: WatchInfo: /Users/user/blog/public/graph.json 500 undefined WatchType: Closed Script info
Info 90   [18:27:40.030] Search path: /Users/user/blog/public
Info 91   [18:27:40.030] For info: /Users/user/blog/public/graph.json :: No config files found.
Info 92   [18:27:40.031] Starting updateGraphWorker: Project: /dev/null/inferredProject1*
Info 93   [18:27:40.078] Finishing updateGraphWorker: Project: /dev/null/inferredProject1* Version: 13 structureChanged: false structureIsReused:: Completely Elapsed: 47.49023002386093ms
Info 94   [18:27:40.079] Project '/dev/null/inferredProject1*' (Inferred)
Info 95   [18:27:40.079] 	Files (19)

Info 96   [18:27:40.079] -----------------------------------------------
Info 97   [18:28:15.959] Search path: /Users/user/blog/public
Info 98   [18:28:15.959] For info: /Users/user/blog/public/graph.json :: No config files found.
Info 99   [18:28:15.959] Starting updateGraphWorker: Project: /dev/null/inferredProject1*
Info 100  [18:28:15.960] Finishing updateGraphWorker: Project: /dev/null/inferredProject1* Version: 14 structureChanged: false structureIsReused:: Completely Elapsed: 0.18430602550506592ms
Info 101  [18:28:15.960] Project '/dev/null/inferredProject1*' (Inferred)
Info 102  [18:28:15.960] 	Files (19)

Info 103  [18:28:15.960] -----------------------------------------------
Info 104  [18:41:51.413] FileWatcher:: Triggered with /Users/user/blog/public/graph.json 1:: WatchInfo: /Users/user/blog/public/graph.json 500 undefined WatchType: Closed Script info
Info 105  [18:41:51.413] Elapsed:: 0.04373598098754883ms FileWatcher:: Triggered with /Users/user/blog/public/graph.json 1:: WatchInfo: /Users/user/blog/public/graph.json 500 undefined WatchType: Closed Script info
Info 106  [18:41:54.665] Search path: /Users/user/blog/public
Info 107  [18:41:54.665] For info: /Users/user/blog/public/graph.json :: No config files found.
Info 108  [18:41:54.665] Starting updateGraphWorker: Project: /dev/null/inferredProject1*
Info 109  [18:41:54.714] Finishing updateGraphWorker: Project: /dev/null/inferredProject1* Version: 15 structureChanged: false structureIsReused:: Completely Elapsed: 49.10013699531555ms
Info 110  [18:41:54.714] Project '/dev/null/inferredProject1*' (Inferred)
Info 111  [18:41:54.715] 	Files (19)

Info 112  [18:41:54.715] -----------------------------------------------
Info 113  [18:42:00.838] Search path: /Users/user/blog/public
Info 114  [18:42:00.838] For info: /Users/user/blog/public/graph.json :: No config files found.
Info 115  [18:42:00.838] Starting updateGraphWorker: Project: /dev/null/inferredProject1*
Info 116  [18:42:00.838] Finishing updateGraphWorker: Project: /dev/null/inferredProject1* Version: 16 structureChanged: false structureIsReused:: Completely Elapsed: 0.14900296926498413ms
Info 117  [18:42:00.838] Project '/dev/null/inferredProject1*' (Inferred)
Info 118  [18:42:00.838] 	Files (19)

Info 119  [18:42:00.838] -----------------------------------------------
Info 120  [18:42:41.716] Search path: /Users/user/blog/public
Info 121  [18:42:41.716] For info: /Users/user/blog/public/graph.json :: No config files found.
Info 122  [18:42:41.717] Starting updateGraphWorker: Project: /dev/null/inferredProject1*
Info 123  [18:42:41.717] Finishing updateGraphWorker: Project: /dev/null/inferredProject1* Version: 17 structureChanged: false structureIsReused:: Completely Elapsed: 0.18796396255493164ms
Info 124  [18:42:41.717] Project '/dev/null/inferredProject1*' (Inferred)
Info 125  [18:42:41.717] 	Files (19)

Info 126  [18:42:41.717] -----------------------------------------------
